[2025-04-23T07:00:49.992+0000] {local_task_job_runner.py:123} INFO - ::group::Pre task execution logs
[2025-04-23T07:00:50.011+0000] {taskinstance.py:2614} INFO - Dependencies all met for dep_context=non-requeueable deps ti=<TaskInstance: lstm_stock_prediction_refactored.train_final_model manual__2025-04-23T07:00:32.573742+00:00 [queued]>
[2025-04-23T07:00:50.018+0000] {taskinstance.py:2614} INFO - Dependencies all met for dep_context=requeueable deps ti=<TaskInstance: lstm_stock_prediction_refactored.train_final_model manual__2025-04-23T07:00:32.573742+00:00 [queued]>
[2025-04-23T07:00:50.019+0000] {taskinstance.py:2867} INFO - Starting attempt 1 of 2
[2025-04-23T07:00:50.028+0000] {taskinstance.py:2890} INFO - Executing <Task(BashOperator): train_final_model> on 2025-04-23 07:00:32.573742+00:00
[2025-04-23T07:00:50.032+0000] {standard_task_runner.py:72} INFO - Started process 401 to run task
[2025-04-23T07:00:50.035+0000] {standard_task_runner.py:104} INFO - Running: ['***', 'tasks', 'run', 'lstm_stock_prediction_refactored', 'train_final_model', 'manual__2025-04-23T07:00:32.573742+00:00', '--job-id', '101', '--raw', '--subdir', 'DAGS_FOLDER/lstm_refactored_dag.py', '--cfg-path', '/tmp/tmp5_qgbsa5']
[2025-04-23T07:00:50.037+0000] {standard_task_runner.py:105} INFO - Job 101: Subtask train_final_model
[2025-04-23T07:00:50.069+0000] {task_command.py:467} INFO - Running <TaskInstance: lstm_stock_prediction_refactored.train_final_model manual__2025-04-23T07:00:32.573742+00:00 [running]> on host 7f98232cb4c4
[2025-04-23T07:00:50.133+0000] {taskinstance.py:3134} INFO - Exporting env vars: AIRFLOW_CTX_DAG_OWNER='***_team' AIRFLOW_CTX_DAG_ID='lstm_stock_prediction_refactored' AIRFLOW_CTX_TASK_ID='train_final_model' AIRFLOW_CTX_EXECUTION_DATE='2025-04-23T07:00:32.573742+00:00' AIRFLOW_CTX_TRY_NUMBER='1' AIRFLOW_CTX_DAG_RUN_ID='manual__2025-04-23T07:00:32.573742+00:00'
[2025-04-23T07:00:50.135+0000] {taskinstance.py:732} INFO - ::endgroup::
[2025-04-23T07:00:50.145+0000] {subprocess.py:78} INFO - Tmp dir root location: /tmp
[2025-04-23T07:00:50.147+0000] {subprocess.py:88} INFO - Running command: ['/usr/bin/bash', '-c', 'python /opt/***/src/models/train_model.py --config /opt/***/config/params.yaml']
[2025-04-23T07:00:50.153+0000] {subprocess.py:99} INFO - Output:
[2025-04-23T07:00:55.185+0000] {subprocess.py:106} INFO - 2025/04/23 07:00:55 WARNING mlflow.utils.git_utils: Failed to import Git (the Git executable is probably not on your PATH), so Git SHA is not available. Error: Failed to initialize: Bad git executable.
[2025-04-23T07:00:55.186+0000] {subprocess.py:106} INFO - The git executable must be specified in one of the following ways:
[2025-04-23T07:00:55.187+0000] {subprocess.py:106} INFO -     - be included in your $PATH
[2025-04-23T07:00:55.187+0000] {subprocess.py:106} INFO -     - be set via $GIT_PYTHON_GIT_EXECUTABLE
[2025-04-23T07:00:55.189+0000] {subprocess.py:106} INFO -     - explicitly set via git.refresh(<full-path-to-git-executable>)
[2025-04-23T07:00:55.189+0000] {subprocess.py:106} INFO - 
[2025-04-23T07:00:55.190+0000] {subprocess.py:106} INFO - All git commands will error until this is rectified.
[2025-04-23T07:00:55.190+0000] {subprocess.py:106} INFO - 
[2025-04-23T07:00:55.191+0000] {subprocess.py:106} INFO - This initial message can be silenced or aggravated in the future by setting the
[2025-04-23T07:00:55.191+0000] {subprocess.py:106} INFO - $GIT_PYTHON_REFRESH environment variable. Use one of the following values:
[2025-04-23T07:00:55.192+0000] {subprocess.py:106} INFO -     - quiet|q|silence|s|silent|none|n|0: for no message or exception
[2025-04-23T07:00:55.193+0000] {subprocess.py:106} INFO -     - warn|w|warning|log|l|1: for a warning message (logging level CRITICAL, displayed by default)
[2025-04-23T07:00:55.193+0000] {subprocess.py:106} INFO -     - error|e|exception|raise|r|2: for a raised exception
[2025-04-23T07:00:55.193+0000] {subprocess.py:106} INFO - 
[2025-04-23T07:00:55.194+0000] {subprocess.py:106} INFO - Example:
[2025-04-23T07:00:55.194+0000] {subprocess.py:106} INFO -     export GIT_PYTHON_REFRESH=quiet
[2025-04-23T07:00:55.195+0000] {subprocess.py:106} INFO - 
[2025-04-23T07:01:00.397+0000] {subprocess.py:106} INFO - [31m2025/04/23 07:01:00 WARNING mlflow.models.model: Model logged without a signature and input example. Please set `input_example` parameter when logging the model to auto infer the model signature.[0m
[2025-04-23T07:01:01.155+0000] {subprocess.py:106} INFO - Using device: cpu
[2025-04-23T07:01:01.156+0000] {subprocess.py:106} INFO - --- Loading Scaled Data from /opt/***/data/features/split_scaled_data.npz ---
[2025-04-23T07:01:01.157+0000] {subprocess.py:106} INFO - --- Finished Loading Scaled Data ---
[2025-04-23T07:01:01.157+0000] {subprocess.py:106} INFO - --- Loading Scalers from /opt/***/data/processed/scalers.pkl ---
[2025-04-23T07:01:01.158+0000] {subprocess.py:106} INFO - --- Finished Loading Scalers ---
[2025-04-23T07:01:01.158+0000] {subprocess.py:106} INFO - --- Loading Tickers from /opt/***/data/processed/all_processed_data.npz ---
[2025-04-23T07:01:01.158+0000] {subprocess.py:106} INFO - Tickers: ['AAPL', 'MA', 'CSCO', 'MSFT', 'AMZN', 'GOOG', 'IBM']
[2025-04-23T07:01:01.159+0000] {subprocess.py:106} INFO - --- Finished Loading Tickers ---
[2025-04-23T07:01:01.160+0000] {subprocess.py:106} INFO - --- Loading Best Hyperparameters from /opt/***/config/best_params.json ---
[2025-04-23T07:01:01.160+0000] {subprocess.py:106} INFO - Best parameters loaded: {'batch_size': 80, 'hidden_size': 64, 'num_layers': 2, 'dropout_rate': 0.1, 'learning_rate': 0.0006170548444111131, 'model_type': 'lstm'}
[2025-04-23T07:01:01.161+0000] {subprocess.py:106} INFO - --- Finished Loading Best Hyperparameters ---
[2025-04-23T07:01:01.162+0000] {subprocess.py:106} INFO - --- Setting MLflow Experiment: Stock_Price_Prediction_LSTM_Refactored ---
[2025-04-23T07:01:01.162+0000] {subprocess.py:106} INFO - Using MLflow Tracking URI: http://mlflow-server:5000
[2025-04-23T07:01:01.162+0000] {subprocess.py:106} INFO - --- Starting Final Model Training ---
[2025-04-23T07:01:01.166+0000] {subprocess.py:106} INFO - --- MLflow Run Started for Final Training ---
[2025-04-23T07:01:01.166+0000] {subprocess.py:106} INFO - Epoch [1/5], Train Loss: 0.2364, Test Loss: 0.7795
[2025-04-23T07:01:01.167+0000] {subprocess.py:106} INFO - Epoch [2/5], Train Loss: 0.0953, Test Loss: 0.3289
[2025-04-23T07:01:01.167+0000] {subprocess.py:106} INFO - Epoch [3/5], Train Loss: 0.0686, Test Loss: 0.2984
[2025-04-23T07:01:01.168+0000] {subprocess.py:106} INFO - Epoch [4/5], Train Loss: 0.0598, Test Loss: 0.3938
[2025-04-23T07:01:01.168+0000] {subprocess.py:106} INFO - Epoch [5/5], Train Loss: 0.0541, Test Loss: 0.3475
[2025-04-23T07:01:01.169+0000] {subprocess.py:106} INFO - Loaded best model state_dict from training run.
[2025-04-23T07:01:01.169+0000] {subprocess.py:106} INFO - Final model metrics logged to MLflow.
[2025-04-23T07:01:01.169+0000] {subprocess.py:106} INFO - Logging PyTorch model to MLflow...
[2025-04-23T07:01:01.170+0000] {subprocess.py:106} INFO - Model logged.
[2025-04-23T07:01:01.171+0000] {subprocess.py:106} INFO - Generating prediction visualizations...
[2025-04-23T07:01:01.171+0000] {subprocess.py:106} INFO - Visualizations generated and logged.
[2025-04-23T07:01:01.172+0000] {subprocess.py:106} INFO - --- MLflow Run Finished ---
[2025-04-23T07:01:01.172+0000] {subprocess.py:106} INFO - 🏃 View run final_model_training at: http://mlflow-server:5000/#/experiments/469555157888134183/runs/2b2f7d46c75d4904ac475cf62f912bdf
[2025-04-23T07:01:01.173+0000] {subprocess.py:106} INFO - 🧪 View experiment at: http://mlflow-server:5000/#/experiments/469555157888134183
[2025-04-23T07:01:01.173+0000] {subprocess.py:106} INFO - --- Finished Final Model Training ---
[2025-04-23T07:01:01.174+0000] {subprocess.py:106} INFO - 
[2025-04-23T07:01:01.174+0000] {subprocess.py:106} INFO - Final Training Summary:
[2025-04-23T07:01:01.175+0000] {subprocess.py:106} INFO - ========================
[2025-04-23T07:01:01.175+0000] {subprocess.py:106} INFO - test_loss: 0.3475
[2025-04-23T07:01:01.177+0000] {subprocess.py:106} INFO - avg_mse: 5478.7783
[2025-04-23T07:01:01.177+0000] {subprocess.py:106} INFO - avg_mape: 0.2506
[2025-04-23T07:01:01.178+0000] {subprocess.py:106} INFO - avg_direction_accuracy: 0.5129
[2025-04-23T07:01:01.179+0000] {subprocess.py:106} INFO - ========================
[2025-04-23T07:01:02.070+0000] {subprocess.py:110} INFO - Command exited with return code 0
[2025-04-23T07:01:02.087+0000] {taskinstance.py:341} INFO - ::group::Post task execution logs
[2025-04-23T07:01:02.089+0000] {taskinstance.py:353} INFO - Marking task as SUCCESS. dag_id=lstm_stock_prediction_refactored, task_id=train_final_model, run_id=manual__2025-04-23T07:00:32.573742+00:00, execution_date=20250423T070032, start_date=20250423T070050, end_date=20250423T070102
[2025-04-23T07:01:02.145+0000] {local_task_job_runner.py:266} INFO - Task exited with return code 0
[2025-04-23T07:01:02.159+0000] {taskinstance.py:3901} INFO - 1 downstream tasks scheduled from follow-on schedule check
[2025-04-23T07:01:02.163+0000] {local_task_job_runner.py:245} INFO - ::endgroup::
