[2025-04-10T06:13:11.006+0000] {manager.py:483} INFO - Processing files using up to 2 processes at a time 
[2025-04-10T06:13:11.007+0000] {manager.py:484} INFO - Process each file at most once every 30 seconds
[2025-04-10T06:13:11.010+0000] {manager.py:485} INFO - Checking for new files in /opt/airflow/dags every 300 seconds
[2025-04-10T06:13:11.011+0000] {manager.py:821} INFO - Searching for files in /opt/airflow/dags
[2025-04-10T06:13:11.035+0000] {manager.py:824} INFO - There are 1 files in /opt/airflow/dags
[2025-04-10T06:13:11.235+0000] {manager.py:997} INFO - 
================================================================================
DAG File Processing Stats

File Path                                   PID  Runtime      # DAGs    # Errors  Last Runtime    Last Run      Last # of DB Queries
----------------------------------------  -----  ---------  --------  ----------  --------------  ----------  ----------------------
/opt/airflow/dags/lstm_refactored_dag.py    180  0.02s             0           0                                                   0
================================================================================
[2025-04-10T06:13:41.388+0000] {manager.py:997} INFO - 
================================================================================
DAG File Processing Stats

File Path                                 PID    Runtime      # DAGs    # Errors  Last Runtime    Last Run               Last # of DB Queries
----------------------------------------  -----  ---------  --------  ----------  --------------  -------------------  ----------------------
/opt/airflow/dags/lstm_refactored_dag.py                           1           0  0.28s           2025-04-10T06:13:11                      45
================================================================================
[2025-04-10T06:14:11.938+0000] {manager.py:997} INFO - 
================================================================================
DAG File Processing Stats

File Path                                   PID  Runtime      # DAGs    # Errors  Last Runtime    Last Run               Last # of DB Queries
----------------------------------------  -----  ---------  --------  ----------  --------------  -------------------  ----------------------
/opt/airflow/dags/lstm_refactored_dag.py    222  0.00s             1           0  0.13s           2025-04-10T06:13:41                      12
================================================================================
[2025-04-10T06:14:42.195+0000] {manager.py:997} INFO - 
================================================================================
DAG File Processing Stats

File Path                                   PID  Runtime      # DAGs    # Errors  Last Runtime    Last Run               Last # of DB Queries
----------------------------------------  -----  ---------  --------  ----------  --------------  -------------------  ----------------------
/opt/airflow/dags/lstm_refactored_dag.py    227  0.00s             1           0  0.12s           2025-04-10T06:14:12                      12
================================================================================
[2025-04-10T06:15:12.418+0000] {manager.py:997} INFO - 
================================================================================
DAG File Processing Stats

File Path                                   PID  Runtime      # DAGs    # Errors  Last Runtime    Last Run               Last # of DB Queries
----------------------------------------  -----  ---------  --------  ----------  --------------  -------------------  ----------------------
/opt/airflow/dags/lstm_refactored_dag.py    240  0.00s             1           0  0.08s           2025-04-10T06:14:42                      12
================================================================================
[2025-04-10T06:15:42.606+0000] {manager.py:997} INFO - 
================================================================================
DAG File Processing Stats

File Path                                   PID  Runtime      # DAGs    # Errors  Last Runtime    Last Run               Last # of DB Queries
----------------------------------------  -----  ---------  --------  ----------  --------------  -------------------  ----------------------
/opt/airflow/dags/lstm_refactored_dag.py    245  0.00s             1           0  0.10s           2025-04-10T06:15:12                      12
================================================================================
[2025-04-10T06:16:12.815+0000] {manager.py:997} INFO - 
================================================================================
DAG File Processing Stats

File Path                                   PID  Runtime      # DAGs    # Errors  Last Runtime    Last Run               Last # of DB Queries
----------------------------------------  -----  ---------  --------  ----------  --------------  -------------------  ----------------------
/opt/airflow/dags/lstm_refactored_dag.py    306  0.00s             1           0  0.09s           2025-04-10T06:15:42                      12
================================================================================
[2025-04-10T06:16:43.000+0000] {manager.py:997} INFO - 
================================================================================
DAG File Processing Stats

File Path                                   PID  Runtime      # DAGs    # Errors  Last Runtime    Last Run               Last # of DB Queries
----------------------------------------  -----  ---------  --------  ----------  --------------  -------------------  ----------------------
/opt/airflow/dags/lstm_refactored_dag.py    311  0.00s             1           0  0.08s           2025-04-10T06:16:12                      12
================================================================================
[2025-04-10T06:17:13.215+0000] {manager.py:997} INFO - 
================================================================================
DAG File Processing Stats

File Path                                   PID  Runtime      # DAGs    # Errors  Last Runtime    Last Run               Last # of DB Queries
----------------------------------------  -----  ---------  --------  ----------  --------------  -------------------  ----------------------
/opt/airflow/dags/lstm_refactored_dag.py    324  0.00s             1           0  0.08s           2025-04-10T06:16:43                      12
================================================================================
[2025-04-10T06:17:43.497+0000] {manager.py:997} INFO - 
================================================================================
DAG File Processing Stats

File Path                                   PID  Runtime      # DAGs    # Errors  Last Runtime    Last Run               Last # of DB Queries
----------------------------------------  -----  ---------  --------  ----------  --------------  -------------------  ----------------------
/opt/airflow/dags/lstm_refactored_dag.py    329  0.00s             1           0  0.08s           2025-04-10T06:17:13                      12
================================================================================
[2025-04-10T06:18:11.677+0000] {manager.py:821} INFO - Searching for files in /opt/airflow/dags
[2025-04-10T06:18:11.707+0000] {manager.py:824} INFO - There are 1 files in /opt/airflow/dags
[2025-04-10T06:18:13.735+0000] {manager.py:997} INFO - 
================================================================================
DAG File Processing Stats

File Path                                   PID  Runtime      # DAGs    # Errors  Last Runtime    Last Run               Last # of DB Queries
----------------------------------------  -----  ---------  --------  ----------  --------------  -------------------  ----------------------
/opt/airflow/dags/lstm_refactored_dag.py    366  0.00s             1           0  0.07s           2025-04-10T06:17:43                      12
================================================================================
[2025-04-10T06:18:43.980+0000] {manager.py:997} INFO - 
================================================================================
DAG File Processing Stats

File Path                                   PID  Runtime      # DAGs    # Errors  Last Runtime    Last Run               Last # of DB Queries
----------------------------------------  -----  ---------  --------  ----------  --------------  -------------------  ----------------------
/opt/airflow/dags/lstm_refactored_dag.py    371  0.01s             1           0  0.08s           2025-04-10T06:18:13                      12
================================================================================
[2025-04-10T06:19:14.262+0000] {manager.py:997} INFO - 
================================================================================
DAG File Processing Stats

File Path                                   PID  Runtime      # DAGs    # Errors  Last Runtime    Last Run               Last # of DB Queries
----------------------------------------  -----  ---------  --------  ----------  --------------  -------------------  ----------------------
/opt/airflow/dags/lstm_refactored_dag.py    389  0.00s             1           0  0.12s           2025-04-10T06:18:44                      12
================================================================================
[2025-04-10T06:19:44.437+0000] {manager.py:997} INFO - 
================================================================================
DAG File Processing Stats

File Path                                 PID    Runtime      # DAGs    # Errors  Last Runtime    Last Run               Last # of DB Queries
----------------------------------------  -----  ---------  --------  ----------  --------------  -------------------  ----------------------
/opt/airflow/dags/lstm_refactored_dag.py                           1           0  0.19s           2025-04-10T06:19:14                      12
================================================================================
[2025-04-10T06:20:14.848+0000] {manager.py:997} INFO - 
================================================================================
DAG File Processing Stats

File Path                                   PID  Runtime      # DAGs    # Errors  Last Runtime    Last Run               Last # of DB Queries
----------------------------------------  -----  ---------  --------  ----------  --------------  -------------------  ----------------------
/opt/airflow/dags/lstm_refactored_dag.py    400  0.00s             1           0  0.08s           2025-04-10T06:19:44                      12
================================================================================
[2025-04-10T06:20:45.042+0000] {manager.py:997} INFO - 
================================================================================
DAG File Processing Stats

File Path                                   PID  Runtime      # DAGs    # Errors  Last Runtime    Last Run               Last # of DB Queries
----------------------------------------  -----  ---------  --------  ----------  --------------  -------------------  ----------------------
/opt/airflow/dags/lstm_refactored_dag.py    413  0.00s             1           0  0.08s           2025-04-10T06:20:14                      12
================================================================================
[2025-04-10T06:21:15.258+0000] {manager.py:997} INFO - 
================================================================================
DAG File Processing Stats

File Path                                   PID  Runtime      # DAGs    # Errors  Last Runtime    Last Run               Last # of DB Queries
----------------------------------------  -----  ---------  --------  ----------  --------------  -------------------  ----------------------
/opt/airflow/dags/lstm_refactored_dag.py    418  0.00s             1           0  0.09s           2025-04-10T06:20:45                      12
================================================================================
[2025-04-10T06:21:45.504+0000] {manager.py:997} INFO - 
================================================================================
DAG File Processing Stats

File Path                                   PID  Runtime      # DAGs    # Errors  Last Runtime    Last Run               Last # of DB Queries
----------------------------------------  -----  ---------  --------  ----------  --------------  -------------------  ----------------------
/opt/airflow/dags/lstm_refactored_dag.py    431  0.00s             1           0  0.14s           2025-04-10T06:21:15                      12
================================================================================
[2025-04-10T06:22:15.813+0000] {manager.py:997} INFO - 
================================================================================
DAG File Processing Stats

File Path                                   PID  Runtime      # DAGs    # Errors  Last Runtime    Last Run               Last # of DB Queries
----------------------------------------  -----  ---------  --------  ----------  --------------  -------------------  ----------------------
/opt/airflow/dags/lstm_refactored_dag.py    458  0.00s             1           0  0.10s           2025-04-10T06:21:45                      12
================================================================================
[2025-04-10T06:22:45.983+0000] {manager.py:997} INFO - 
================================================================================
DAG File Processing Stats

File Path                                 PID    Runtime      # DAGs    # Errors  Last Runtime    Last Run               Last # of DB Queries
----------------------------------------  -----  ---------  --------  ----------  --------------  -------------------  ----------------------
/opt/airflow/dags/lstm_refactored_dag.py                           1           0  0.24s           2025-04-10T06:22:16                      12
================================================================================
[2025-04-10T06:23:12.388+0000] {manager.py:821} INFO - Searching for files in /opt/airflow/dags
[2025-04-10T06:23:12.402+0000] {manager.py:824} INFO - There are 1 files in /opt/airflow/dags
[2025-04-10T06:23:16.483+0000] {manager.py:997} INFO - 
================================================================================
DAG File Processing Stats

File Path                                   PID  Runtime      # DAGs    # Errors  Last Runtime    Last Run               Last # of DB Queries
----------------------------------------  -----  ---------  --------  ----------  --------------  -------------------  ----------------------
/opt/airflow/dags/lstm_refactored_dag.py    476  0.00s             1           0  0.09s           2025-04-10T06:22:46                      12
================================================================================
[2025-04-10T06:23:46.687+0000] {manager.py:997} INFO - 
================================================================================
DAG File Processing Stats

File Path                                 PID    Runtime      # DAGs    # Errors  Last Runtime    Last Run               Last # of DB Queries
----------------------------------------  -----  ---------  --------  ----------  --------------  -------------------  ----------------------
/opt/airflow/dags/lstm_refactored_dag.py                           1           0  0.27s           2025-04-10T06:23:16                      12
================================================================================
[2025-04-10T06:24:17.124+0000] {manager.py:997} INFO - 
================================================================================
DAG File Processing Stats

File Path                                   PID  Runtime      # DAGs    # Errors  Last Runtime    Last Run               Last # of DB Queries
----------------------------------------  -----  ---------  --------  ----------  --------------  -------------------  ----------------------
/opt/airflow/dags/lstm_refactored_dag.py    494  0.00s             1           0  0.10s           2025-04-10T06:23:47                      12
================================================================================
[2025-04-10T06:24:47.403+0000] {manager.py:997} INFO - 
================================================================================
DAG File Processing Stats

File Path                                   PID  Runtime      # DAGs    # Errors  Last Runtime    Last Run               Last # of DB Queries
----------------------------------------  -----  ---------  --------  ----------  --------------  -------------------  ----------------------
/opt/airflow/dags/lstm_refactored_dag.py    507  0.00s             1           0  0.10s           2025-04-10T06:24:17                      12
================================================================================
[2025-04-10T06:25:17.628+0000] {manager.py:997} INFO - 
================================================================================
DAG File Processing Stats

File Path                                   PID  Runtime      # DAGs    # Errors  Last Runtime    Last Run               Last # of DB Queries
----------------------------------------  -----  ---------  --------  ----------  --------------  -------------------  ----------------------
/opt/airflow/dags/lstm_refactored_dag.py    512  0.00s             1           0  0.08s           2025-04-10T06:24:47                      12
================================================================================
[2025-04-10T06:25:45.080+0000] {manager.py:465} INFO - Exiting gracefully upon receiving signal 15
