[2025-04-11T07:34:50.889+0000] {local_task_job_runner.py:123} INFO - ::group::Pre task execution logs
[2025-04-11T07:34:50.900+0000] {taskinstance.py:2614} INFO - Dependencies all met for dep_context=non-requeueable deps ti=<TaskInstance: lstm_stock_prediction_refactored.process_data manual__2025-04-11T07:34:50.523738+00:00 [queued]>
[2025-04-11T07:34:50.905+0000] {taskinstance.py:2614} INFO - Dependencies all met for dep_context=requeueable deps ti=<TaskInstance: lstm_stock_prediction_refactored.process_data manual__2025-04-11T07:34:50.523738+00:00 [queued]>
[2025-04-11T07:34:50.906+0000] {taskinstance.py:2867} INFO - Starting attempt 1 of 2
[2025-04-11T07:34:50.913+0000] {taskinstance.py:2890} INFO - Executing <Task(BashOperator): process_data> on 2025-04-11 07:34:50.523738+00:00
[2025-04-11T07:34:50.917+0000] {standard_task_runner.py:72} INFO - Started process 186 to run task
[2025-04-11T07:34:50.919+0000] {standard_task_runner.py:104} INFO - Running: ['***', 'tasks', 'run', 'lstm_stock_prediction_refactored', 'process_data', 'manual__2025-04-11T07:34:50.523738+00:00', '--job-id', '21', '--raw', '--subdir', 'DAGS_FOLDER/lstm_refactored_dag.py', '--cfg-path', '/tmp/tmpdlqvv5gz']
[2025-04-11T07:34:50.921+0000] {standard_task_runner.py:105} INFO - Job 21: Subtask process_data
[2025-04-11T07:34:50.965+0000] {task_command.py:467} INFO - Running <TaskInstance: lstm_stock_prediction_refactored.process_data manual__2025-04-11T07:34:50.523738+00:00 [running]> on host e3a30e77acd1
[2025-04-11T07:34:51.030+0000] {taskinstance.py:3134} INFO - Exporting env vars: AIRFLOW_CTX_DAG_OWNER='***_team' AIRFLOW_CTX_DAG_ID='lstm_stock_prediction_refactored' AIRFLOW_CTX_TASK_ID='process_data' AIRFLOW_CTX_EXECUTION_DATE='2025-04-11T07:34:50.523738+00:00' AIRFLOW_CTX_TRY_NUMBER='1' AIRFLOW_CTX_DAG_RUN_ID='manual__2025-04-11T07:34:50.523738+00:00'
[2025-04-11T07:34:51.031+0000] {taskinstance.py:732} INFO - ::endgroup::
[2025-04-11T07:34:51.042+0000] {subprocess.py:78} INFO - Tmp dir root location: /tmp
[2025-04-11T07:34:51.043+0000] {subprocess.py:88} INFO - Running command: ['/usr/bin/bash', '-c', 'python /opt/***/src/data/make_dataset.py --config /opt/***/config/params.yaml']
[2025-04-11T07:34:51.050+0000] {subprocess.py:99} INFO - Output:
[2025-04-11T07:34:51.808+0000] {subprocess.py:106} INFO - 2025-04-11 07:34:51,808 - __main__ - INFO - Starting data processing script with config: /opt/***/config/params.yaml
[2025-04-11T07:34:51.812+0000] {subprocess.py:106} INFO - 2025-04-11 07:34:51,812 - __main__ - INFO - Raw data directory: /opt/***/data/raw
[2025-04-11T07:34:51.813+0000] {subprocess.py:106} INFO - 2025-04-11 07:34:51,812 - __main__ - INFO - Processed data output path: /opt/***/data/processed/all_processed_data.npz
[2025-04-11T07:34:51.813+0000] {subprocess.py:106} INFO - 2025-04-11 07:34:51,812 - __main__ - INFO - --- Starting Data Loading ---
[2025-04-11T07:34:51.814+0000] {subprocess.py:106} INFO - 2025-04-11 07:34:51,813 - __main__ - INFO - Attempting to use RELATIVE output dir: /opt/***/data/raw
[2025-04-11T07:34:51.815+0000] {subprocess.py:106} INFO - 2025-04-11 07:34:51,813 - __main__ - INFO - Attempting to use ABSOLUTE output dir: /opt/***/data/raw
[2025-04-11T07:34:51.815+0000] {subprocess.py:106} INFO - 2025-04-11 07:34:51,813 - __main__ - INFO - Current Working Directory inside container: /tmp/***tmpzcu2sg95
[2025-04-11T07:34:51.816+0000] {subprocess.py:106} INFO - 2025-04-11 07:34:51,813 - __main__ - INFO - Attempting to create directory: /opt/***/data/raw
[2025-04-11T07:34:51.816+0000] {subprocess.py:106} INFO - 2025-04-11 07:34:51,815 - __main__ - INFO - Successfully called mkdir for: /opt/***/data/raw (might not indicate success if permissions are wrong)
[2025-04-11T07:34:51.817+0000] {subprocess.py:106} INFO - 2025-04-11 07:34:51,815 - __main__ - INFO - Saving raw data to: /opt/***/data/raw
[2025-04-11T07:34:51.817+0000] {subprocess.py:106} INFO - 2025-04-11 07:34:51,816 - __main__ - INFO - Skipping download for AAPL, file exists: /opt/***/data/raw/AAPL_raw.pkl
[2025-04-11T07:34:51.818+0000] {subprocess.py:106} INFO - 2025-04-11 07:34:51,816 - __main__ - INFO - Skipping download for MA, file exists: /opt/***/data/raw/MA_raw.pkl
[2025-04-11T07:34:51.818+0000] {subprocess.py:106} INFO - 2025-04-11 07:34:51,817 - __main__ - INFO - Skipping download for CSCO, file exists: /opt/***/data/raw/CSCO_raw.pkl
[2025-04-11T07:34:51.819+0000] {subprocess.py:106} INFO - 2025-04-11 07:34:51,818 - __main__ - INFO - Skipping download for MSFT, file exists: /opt/***/data/raw/MSFT_raw.pkl
[2025-04-11T07:34:51.819+0000] {subprocess.py:106} INFO - 2025-04-11 07:34:51,819 - __main__ - INFO - Skipping download for AMZN, file exists: /opt/***/data/raw/AMZN_raw.pkl
[2025-04-11T07:34:51.821+0000] {subprocess.py:106} INFO - 2025-04-11 07:34:51,819 - __main__ - INFO - Skipping download for GOOG, file exists: /opt/***/data/raw/GOOG_raw.pkl
[2025-04-11T07:34:51.821+0000] {subprocess.py:106} INFO - 2025-04-11 07:34:51,821 - __main__ - INFO - Skipping download for IBM, file exists: /opt/***/data/raw/IBM_raw.pkl
[2025-04-11T07:34:51.822+0000] {subprocess.py:106} INFO - 2025-04-11 07:34:51,821 - __main__ - INFO - --- Finished Data Loading ---
[2025-04-11T07:34:51.846+0000] {subprocess.py:106} INFO - 2025-04-11 07:34:51,845 - __main__ - INFO - --- Starting Feature Engineering (Indicators) ---
[2025-04-11T07:34:51.874+0000] {subprocess.py:106} INFO - /home/***/.local/lib/python3.11/site-packages/ta/trend.py:1030: FutureWarning: Series.__setitem__ treating keys as positions is deprecated. In a future version, integer keys will always be treated as labels (consistent with DataFrame behavior). To set a value by position, use `ser.iloc[pos] = value`
[2025-04-11T07:34:51.875+0000] {subprocess.py:106} INFO -   self._psar[i] = high2
[2025-04-11T07:34:51.976+0000] {subprocess.py:106} INFO - /home/***/.local/lib/python3.11/site-packages/ta/trend.py:1030: FutureWarning: Series.__setitem__ treating keys as positions is deprecated. In a future version, integer keys will always be treated as labels (consistent with DataFrame behavior). To set a value by position, use `ser.iloc[pos] = value`
[2025-04-11T07:34:51.977+0000] {subprocess.py:106} INFO -   self._psar[i] = high2
[2025-04-11T07:34:52.067+0000] {subprocess.py:106} INFO - /home/***/.local/lib/python3.11/site-packages/ta/trend.py:1030: FutureWarning: Series.__setitem__ treating keys as positions is deprecated. In a future version, integer keys will always be treated as labels (consistent with DataFrame behavior). To set a value by position, use `ser.iloc[pos] = value`
[2025-04-11T07:34:52.068+0000] {subprocess.py:106} INFO -   self._psar[i] = high2
[2025-04-11T07:34:52.147+0000] {subprocess.py:106} INFO - /home/***/.local/lib/python3.11/site-packages/ta/trend.py:1030: FutureWarning: Series.__setitem__ treating keys as positions is deprecated. In a future version, integer keys will always be treated as labels (consistent with DataFrame behavior). To set a value by position, use `ser.iloc[pos] = value`
[2025-04-11T07:34:52.148+0000] {subprocess.py:106} INFO -   self._psar[i] = high2
[2025-04-11T07:34:52.239+0000] {subprocess.py:106} INFO - /home/***/.local/lib/python3.11/site-packages/ta/trend.py:1030: FutureWarning: Series.__setitem__ treating keys as positions is deprecated. In a future version, integer keys will always be treated as labels (consistent with DataFrame behavior). To set a value by position, use `ser.iloc[pos] = value`
[2025-04-11T07:34:52.240+0000] {subprocess.py:106} INFO -   self._psar[i] = high2
[2025-04-11T07:34:52.323+0000] {subprocess.py:106} INFO - /home/***/.local/lib/python3.11/site-packages/ta/trend.py:1030: FutureWarning: Series.__setitem__ treating keys as positions is deprecated. In a future version, integer keys will always be treated as labels (consistent with DataFrame behavior). To set a value by position, use `ser.iloc[pos] = value`
[2025-04-11T07:34:52.324+0000] {subprocess.py:106} INFO -   self._psar[i] = high2
[2025-04-11T07:34:52.425+0000] {subprocess.py:106} INFO - /home/***/.local/lib/python3.11/site-packages/ta/trend.py:1030: FutureWarning: Series.__setitem__ treating keys as positions is deprecated. In a future version, integer keys will always be treated as labels (consistent with DataFrame behavior). To set a value by position, use `ser.iloc[pos] = value`
[2025-04-11T07:34:52.425+0000] {subprocess.py:106} INFO -   self._psar[i] = high2
[2025-04-11T07:34:52.480+0000] {subprocess.py:106} INFO - 2025-04-11 07:34:52,480 - __main__ - INFO - --- Finished Feature Engineering (Indicators) ---
[2025-04-11T07:34:52.481+0000] {subprocess.py:106} INFO - 2025-04-11 07:34:52,480 - __main__ - INFO - --- Starting Feature Filtering ---
[2025-04-11T07:34:52.491+0000] {subprocess.py:106} INFO - 2025-04-11 07:34:52,491 - __main__ - INFO - Features remaining after filtering: 16
[2025-04-11T07:34:52.492+0000] {subprocess.py:106} INFO - 2025-04-11 07:34:52,491 - __main__ - INFO - --- Finished Feature Filtering ---
[2025-04-11T07:34:52.493+0000] {subprocess.py:106} INFO - 2025-04-11 07:34:52,491 - __main__ - INFO - --- Starting Data Alignment & Processing ---
[2025-04-11T07:34:52.534+0000] {subprocess.py:106} INFO - /opt/***/src/data/make_dataset.py:144: FutureWarning: DataFrame.fillna with 'method' is deprecated and will raise in a future version. Use obj.ffill() or obj.bfill() instead.
[2025-04-11T07:34:52.535+0000] {subprocess.py:106} INFO -   df = aligned_data[ticker][feature_columns + ['Target']].fillna(method='ffill').fillna(method='bfill')
[2025-04-11T07:34:52.536+0000] {subprocess.py:106} INFO - /opt/***/src/data/make_dataset.py:144: FutureWarning: DataFrame.fillna with 'method' is deprecated and will raise in a future version. Use obj.ffill() or obj.bfill() instead.
[2025-04-11T07:34:52.537+0000] {subprocess.py:106} INFO -   df = aligned_data[ticker][feature_columns + ['Target']].fillna(method='ffill').fillna(method='bfill')
[2025-04-11T07:34:52.538+0000] {subprocess.py:106} INFO - /opt/***/src/data/make_dataset.py:144: FutureWarning: DataFrame.fillna with 'method' is deprecated and will raise in a future version. Use obj.ffill() or obj.bfill() instead.
[2025-04-11T07:34:52.538+0000] {subprocess.py:106} INFO -   df = aligned_data[ticker][feature_columns + ['Target']].fillna(method='ffill').fillna(method='bfill')
[2025-04-11T07:34:52.539+0000] {subprocess.py:106} INFO - /opt/***/src/data/make_dataset.py:144: FutureWarning: DataFrame.fillna with 'method' is deprecated and will raise in a future version. Use obj.ffill() or obj.bfill() instead.
[2025-04-11T07:34:52.539+0000] {subprocess.py:106} INFO -   df = aligned_data[ticker][feature_columns + ['Target']].fillna(method='ffill').fillna(method='bfill')
[2025-04-11T07:34:52.540+0000] {subprocess.py:106} INFO - /opt/***/src/data/make_dataset.py:144: FutureWarning: DataFrame.fillna with 'method' is deprecated and will raise in a future version. Use obj.ffill() or obj.bfill() instead.
[2025-04-11T07:34:52.540+0000] {subprocess.py:106} INFO -   df = aligned_data[ticker][feature_columns + ['Target']].fillna(method='ffill').fillna(method='bfill')
[2025-04-11T07:34:52.541+0000] {subprocess.py:106} INFO - /opt/***/src/data/make_dataset.py:144: FutureWarning: DataFrame.fillna with 'method' is deprecated and will raise in a future version. Use obj.ffill() or obj.bfill() instead.
[2025-04-11T07:34:52.542+0000] {subprocess.py:106} INFO -   df = aligned_data[ticker][feature_columns + ['Target']].fillna(method='ffill').fillna(method='bfill')
[2025-04-11T07:34:52.542+0000] {subprocess.py:106} INFO - /opt/***/src/data/make_dataset.py:144: FutureWarning: DataFrame.fillna with 'method' is deprecated and will raise in a future version. Use obj.ffill() or obj.bfill() instead.
[2025-04-11T07:34:52.543+0000] {subprocess.py:106} INFO -   df = aligned_data[ticker][feature_columns + ['Target']].fillna(method='ffill').fillna(method='bfill')
[2025-04-11T07:34:52.544+0000] {subprocess.py:106} INFO - 2025-04-11 07:34:52,544 - __main__ - INFO - Processed data shape: (752, 7, 16)
[2025-04-11T07:34:52.544+0000] {subprocess.py:106} INFO - 2025-04-11 07:34:52,544 - __main__ - INFO - Targets shape: (752, 7)
[2025-04-11T07:34:52.545+0000] {subprocess.py:106} INFO - 2025-04-11 07:34:52,544 - __main__ - INFO - Final tickers in order: ['AAPL', 'MA', 'CSCO', 'MSFT', 'AMZN', 'GOOG', 'IBM']
[2025-04-11T07:34:52.545+0000] {subprocess.py:106} INFO - 2025-04-11 07:34:52,544 - __main__ - INFO - --- Finished Data Alignment & Processing ---
[2025-04-11T07:34:52.546+0000] {subprocess.py:106} INFO - 2025-04-11 07:34:52,546 - __main__ - INFO - Attempting to save to absolute path: /opt/***/data/processed/all_processed_data.npz
[2025-04-11T07:34:52.553+0000] {subprocess.py:106} INFO - 2025-04-11 07:34:52,553 - __main__ - INFO - Successfully saved processed data to /opt/***/data/processed/all_processed_data.npz
[2025-04-11T07:34:52.554+0000] {subprocess.py:106} INFO - 2025-04-11 07:34:52,554 - __main__ - INFO - Verified file exists at: /opt/***/data/processed/all_processed_data.npz
[2025-04-11T07:34:52.555+0000] {subprocess.py:106} INFO - 2025-04-11 07:34:52,555 - __main__ - INFO - Data processing script finished.
[2025-04-11T07:34:52.555+0000] {subprocess.py:106} INFO - --- PRINT TEST: Starting Data Loading ---
[2025-04-11T07:34:52.556+0000] {subprocess.py:106} INFO - Filtering highly correlated features with threshold 0.9
[2025-04-11T07:34:52.556+0000] {subprocess.py:106} INFO - Identified 20 highly correlated features to remove: ['High', 'Low', 'Close', 'EMA_50', 'EMA_200', 'BB_High', 'BB_Low', 'OBV', 'SMA_50', 'VWAP', 'PSAR', 'Stochastic_D', 'CCI', 'Williams_R', 'Donchian_High', 'Donchian_Low', 'Keltner_High', 'Keltner_Low', 'DI_Positive', 'DI_Negative']
[2025-04-11T07:34:52.557+0000] {subprocess.py:106} INFO - Excluding 'Close' column from removal list.
[2025-04-11T07:34:52.557+0000] {subprocess.py:106} INFO - Final list of 19 features to remove: ['High', 'Low', 'EMA_50', 'EMA_200', 'BB_High', 'BB_Low', 'OBV', 'SMA_50', 'VWAP', 'PSAR', 'Stochastic_D', 'CCI', 'Williams_R', 'Donchian_High', 'Donchian_Low', 'Keltner_High', 'Keltner_Low', 'DI_Positive', 'DI_Negative']
[2025-04-11T07:34:52.636+0000] {subprocess.py:110} INFO - Command exited with return code 0
[2025-04-11T07:34:52.666+0000] {taskinstance.py:341} INFO - ::group::Post task execution logs
[2025-04-11T07:34:52.668+0000] {taskinstance.py:353} INFO - Marking task as SUCCESS. dag_id=lstm_stock_prediction_refactored, task_id=process_data, run_id=manual__2025-04-11T07:34:50.523738+00:00, execution_date=20250411T073450, start_date=20250411T073450, end_date=20250411T073452
[2025-04-11T07:34:52.702+0000] {local_task_job_runner.py:266} INFO - Task exited with return code 0
[2025-04-11T07:34:52.732+0000] {taskinstance.py:3901} INFO - 1 downstream tasks scheduled from follow-on schedule check
[2025-04-11T07:34:52.737+0000] {local_task_job_runner.py:245} INFO - ::endgroup::
