[2025-04-22T08:25:34.971+0000] {local_task_job_runner.py:123} INFO - ::group::Pre task execution logs
[2025-04-22T08:25:35.053+0000] {taskinstance.py:2614} INFO - Dependencies all met for dep_context=non-requeueable deps ti=<TaskInstance: lstm_stock_prediction_refactored.process_data manual__2025-04-22T08:25:31.917598+00:00 [queued]>
[2025-04-22T08:25:35.076+0000] {taskinstance.py:2614} INFO - Dependencies all met for dep_context=requeueable deps ti=<TaskInstance: lstm_stock_prediction_refactored.process_data manual__2025-04-22T08:25:31.917598+00:00 [queued]>
[2025-04-22T08:25:35.077+0000] {taskinstance.py:2867} INFO - Starting attempt 1 of 2
[2025-04-22T08:25:35.112+0000] {taskinstance.py:2890} INFO - Executing <Task(BashOperator): process_data> on 2025-04-22 08:25:31.917598+00:00
[2025-04-22T08:25:35.122+0000] {standard_task_runner.py:72} INFO - Started process 452 to run task
[2025-04-22T08:25:35.130+0000] {standard_task_runner.py:104} INFO - Running: ['***', 'tasks', 'run', 'lstm_stock_prediction_refactored', 'process_data', 'manual__2025-04-22T08:25:31.917598+00:00', '--job-id', '18', '--raw', '--subdir', 'DAGS_FOLDER/lstm_refactored_dag.py', '--cfg-path', '/tmp/tmp6vjwl0kx']
[2025-04-22T08:25:35.142+0000] {standard_task_runner.py:105} INFO - Job 18: Subtask process_data
[2025-04-22T08:25:35.335+0000] {task_command.py:467} INFO - Running <TaskInstance: lstm_stock_prediction_refactored.process_data manual__2025-04-22T08:25:31.917598+00:00 [running]> on host a528bcf7a8c9
[2025-04-22T08:25:35.620+0000] {taskinstance.py:3134} INFO - Exporting env vars: AIRFLOW_CTX_DAG_OWNER='***_team' AIRFLOW_CTX_DAG_ID='lstm_stock_prediction_refactored' AIRFLOW_CTX_TASK_ID='process_data' AIRFLOW_CTX_EXECUTION_DATE='2025-04-22T08:25:31.917598+00:00' AIRFLOW_CTX_TRY_NUMBER='1' AIRFLOW_CTX_DAG_RUN_ID='manual__2025-04-22T08:25:31.917598+00:00'
[2025-04-22T08:25:35.627+0000] {taskinstance.py:732} INFO - ::endgroup::
[2025-04-22T08:25:35.748+0000] {subprocess.py:78} INFO - Tmp dir root location: /tmp
[2025-04-22T08:25:35.755+0000] {subprocess.py:88} INFO - Running command: ['/usr/bin/bash', '-c', 'python /opt/***/src/data/make_dataset.py --config /opt/***/config/params.yaml']
[2025-04-22T08:25:35.790+0000] {subprocess.py:99} INFO - Output:
[2025-04-22T08:25:39.547+0000] {subprocess.py:106} INFO - 2025-04-22 08:25:39,547 - __main__ - INFO - Starting data processing script with config: /opt/***/config/params.yaml
[2025-04-22T08:25:39.555+0000] {subprocess.py:106} INFO - 2025-04-22 08:25:39,555 - __main__ - INFO - Raw data directory: /opt/***/data/raw
[2025-04-22T08:25:39.556+0000] {subprocess.py:106} INFO - 2025-04-22 08:25:39,555 - __main__ - INFO - Processed data output path: /opt/***/data/processed/all_processed_data.npz
[2025-04-22T08:25:39.557+0000] {subprocess.py:106} INFO - 2025-04-22 08:25:39,555 - __main__ - INFO - --- Starting Data Loading ---
[2025-04-22T08:25:39.558+0000] {subprocess.py:106} INFO - 2025-04-22 08:25:39,556 - __main__ - INFO - Attempting to use RELATIVE output dir: /opt/***/data/raw
[2025-04-22T08:25:39.559+0000] {subprocess.py:106} INFO - 2025-04-22 08:25:39,557 - __main__ - INFO - Attempting to use ABSOLUTE output dir: /opt/***/data/raw
[2025-04-22T08:25:39.560+0000] {subprocess.py:106} INFO - 2025-04-22 08:25:39,557 - __main__ - INFO - Current Working Directory inside container: /tmp/***tmpzqwpgyip
[2025-04-22T08:25:39.560+0000] {subprocess.py:106} INFO - 2025-04-22 08:25:39,557 - __main__ - INFO - Attempting to create directory: /opt/***/data/raw
[2025-04-22T08:25:39.561+0000] {subprocess.py:106} INFO - 2025-04-22 08:25:39,558 - __main__ - INFO - Successfully called mkdir for: /opt/***/data/raw (might not indicate success if permissions are wrong)
[2025-04-22T08:25:39.562+0000] {subprocess.py:106} INFO - 2025-04-22 08:25:39,558 - __main__ - INFO - Saving raw data to: /opt/***/data/raw
[2025-04-22T08:25:39.563+0000] {subprocess.py:106} INFO - 2025-04-22 08:25:39,560 - __main__ - INFO - Skipping download for AAPL, file exists: /opt/***/data/raw/AAPL_raw.pkl
[2025-04-22T08:25:39.564+0000] {subprocess.py:106} INFO - 2025-04-22 08:25:39,562 - __main__ - INFO - Skipping download for MA, file exists: /opt/***/data/raw/MA_raw.pkl
[2025-04-22T08:25:39.565+0000] {subprocess.py:106} INFO - 2025-04-22 08:25:39,563 - __main__ - INFO - Skipping download for CSCO, file exists: /opt/***/data/raw/CSCO_raw.pkl
[2025-04-22T08:25:39.565+0000] {subprocess.py:106} INFO - 2025-04-22 08:25:39,565 - __main__ - INFO - Skipping download for MSFT, file exists: /opt/***/data/raw/MSFT_raw.pkl
[2025-04-22T08:25:39.567+0000] {subprocess.py:106} INFO - 2025-04-22 08:25:39,567 - __main__ - INFO - Skipping download for AMZN, file exists: /opt/***/data/raw/AMZN_raw.pkl
[2025-04-22T08:25:39.568+0000] {subprocess.py:106} INFO - 2025-04-22 08:25:39,568 - __main__ - INFO - Skipping download for GOOG, file exists: /opt/***/data/raw/GOOG_raw.pkl
[2025-04-22T08:25:39.569+0000] {subprocess.py:106} INFO - 2025-04-22 08:25:39,569 - __main__ - INFO - Skipping download for IBM, file exists: /opt/***/data/raw/IBM_raw.pkl
[2025-04-22T08:25:39.570+0000] {subprocess.py:106} INFO - 2025-04-22 08:25:39,569 - __main__ - INFO - --- Finished Data Loading ---
[2025-04-22T08:25:39.632+0000] {subprocess.py:106} INFO - 2025-04-22 08:25:39,632 - __main__ - INFO - --- Starting Feature Engineering (Indicators) ---
[2025-04-22T08:25:39.760+0000] {subprocess.py:106} INFO - /home/***/.local/lib/python3.11/site-packages/ta/trend.py:1030: FutureWarning: Series.__setitem__ treating keys as positions is deprecated. In a future version, integer keys will always be treated as labels (consistent with DataFrame behavior). To set a value by position, use `ser.iloc[pos] = value`
[2025-04-22T08:25:39.761+0000] {subprocess.py:106} INFO -   self._psar[i] = high2
[2025-04-22T08:25:39.959+0000] {subprocess.py:106} INFO - /home/***/.local/lib/python3.11/site-packages/ta/trend.py:1030: FutureWarning: Series.__setitem__ treating keys as positions is deprecated. In a future version, integer keys will always be treated as labels (consistent with DataFrame behavior). To set a value by position, use `ser.iloc[pos] = value`
[2025-04-22T08:25:39.960+0000] {subprocess.py:106} INFO -   self._psar[i] = high2
[2025-04-22T08:25:40.193+0000] {subprocess.py:106} INFO - /home/***/.local/lib/python3.11/site-packages/ta/trend.py:1030: FutureWarning: Series.__setitem__ treating keys as positions is deprecated. In a future version, integer keys will always be treated as labels (consistent with DataFrame behavior). To set a value by position, use `ser.iloc[pos] = value`
[2025-04-22T08:25:40.194+0000] {subprocess.py:106} INFO -   self._psar[i] = high2
[2025-04-22T08:25:40.388+0000] {subprocess.py:106} INFO - /home/***/.local/lib/python3.11/site-packages/ta/trend.py:1030: FutureWarning: Series.__setitem__ treating keys as positions is deprecated. In a future version, integer keys will always be treated as labels (consistent with DataFrame behavior). To set a value by position, use `ser.iloc[pos] = value`
[2025-04-22T08:25:40.389+0000] {subprocess.py:106} INFO -   self._psar[i] = high2
[2025-04-22T08:25:40.572+0000] {subprocess.py:106} INFO - /home/***/.local/lib/python3.11/site-packages/ta/trend.py:1030: FutureWarning: Series.__setitem__ treating keys as positions is deprecated. In a future version, integer keys will always be treated as labels (consistent with DataFrame behavior). To set a value by position, use `ser.iloc[pos] = value`
[2025-04-22T08:25:40.573+0000] {subprocess.py:106} INFO -   self._psar[i] = high2
[2025-04-22T08:25:40.750+0000] {subprocess.py:106} INFO - /home/***/.local/lib/python3.11/site-packages/ta/trend.py:1030: FutureWarning: Series.__setitem__ treating keys as positions is deprecated. In a future version, integer keys will always be treated as labels (consistent with DataFrame behavior). To set a value by position, use `ser.iloc[pos] = value`
[2025-04-22T08:25:40.751+0000] {subprocess.py:106} INFO -   self._psar[i] = high2
[2025-04-22T08:25:40.915+0000] {subprocess.py:106} INFO - /home/***/.local/lib/python3.11/site-packages/ta/trend.py:1030: FutureWarning: Series.__setitem__ treating keys as positions is deprecated. In a future version, integer keys will always be treated as labels (consistent with DataFrame behavior). To set a value by position, use `ser.iloc[pos] = value`
[2025-04-22T08:25:40.916+0000] {subprocess.py:106} INFO -   self._psar[i] = high2
[2025-04-22T08:25:41.048+0000] {subprocess.py:106} INFO - 2025-04-22 08:25:41,048 - __main__ - INFO - --- Finished Feature Engineering (Indicators) ---
[2025-04-22T08:25:41.050+0000] {subprocess.py:106} INFO - 2025-04-22 08:25:41,048 - __main__ - INFO - --- Starting Feature Filtering ---
[2025-04-22T08:25:41.084+0000] {subprocess.py:106} INFO - 2025-04-22 08:25:41,084 - __main__ - INFO - Features remaining after filtering: 16
[2025-04-22T08:25:41.086+0000] {subprocess.py:106} INFO - 2025-04-22 08:25:41,084 - __main__ - INFO - --- Finished Feature Filtering ---
[2025-04-22T08:25:41.086+0000] {subprocess.py:106} INFO - 2025-04-22 08:25:41,084 - __main__ - INFO - --- Starting Data Alignment & Processing ---
[2025-04-22T08:25:41.176+0000] {subprocess.py:106} INFO - /opt/***/src/data/make_dataset.py:144: FutureWarning: DataFrame.fillna with 'method' is deprecated and will raise in a future version. Use obj.ffill() or obj.bfill() instead.
[2025-04-22T08:25:41.177+0000] {subprocess.py:106} INFO -   df = aligned_data[ticker][feature_columns + ['Target']].fillna(method='ffill').fillna(method='bfill')
[2025-04-22T08:25:41.183+0000] {subprocess.py:106} INFO - /opt/***/src/data/make_dataset.py:144: FutureWarning: DataFrame.fillna with 'method' is deprecated and will raise in a future version. Use obj.ffill() or obj.bfill() instead.
[2025-04-22T08:25:41.184+0000] {subprocess.py:106} INFO -   df = aligned_data[ticker][feature_columns + ['Target']].fillna(method='ffill').fillna(method='bfill')
[2025-04-22T08:25:41.188+0000] {subprocess.py:106} INFO - /opt/***/src/data/make_dataset.py:144: FutureWarning: DataFrame.fillna with 'method' is deprecated and will raise in a future version. Use obj.ffill() or obj.bfill() instead.
[2025-04-22T08:25:41.189+0000] {subprocess.py:106} INFO -   df = aligned_data[ticker][feature_columns + ['Target']].fillna(method='ffill').fillna(method='bfill')
[2025-04-22T08:25:41.192+0000] {subprocess.py:106} INFO - /opt/***/src/data/make_dataset.py:144: FutureWarning: DataFrame.fillna with 'method' is deprecated and will raise in a future version. Use obj.ffill() or obj.bfill() instead.
[2025-04-22T08:25:41.193+0000] {subprocess.py:106} INFO -   df = aligned_data[ticker][feature_columns + ['Target']].fillna(method='ffill').fillna(method='bfill')
[2025-04-22T08:25:41.196+0000] {subprocess.py:106} INFO - /opt/***/src/data/make_dataset.py:144: FutureWarning: DataFrame.fillna with 'method' is deprecated and will raise in a future version. Use obj.ffill() or obj.bfill() instead.
[2025-04-22T08:25:41.197+0000] {subprocess.py:106} INFO -   df = aligned_data[ticker][feature_columns + ['Target']].fillna(method='ffill').fillna(method='bfill')
[2025-04-22T08:25:41.200+0000] {subprocess.py:106} INFO - /opt/***/src/data/make_dataset.py:144: FutureWarning: DataFrame.fillna with 'method' is deprecated and will raise in a future version. Use obj.ffill() or obj.bfill() instead.
[2025-04-22T08:25:41.201+0000] {subprocess.py:106} INFO -   df = aligned_data[ticker][feature_columns + ['Target']].fillna(method='ffill').fillna(method='bfill')
[2025-04-22T08:25:41.202+0000] {subprocess.py:106} INFO - /opt/***/src/data/make_dataset.py:144: FutureWarning: DataFrame.fillna with 'method' is deprecated and will raise in a future version. Use obj.ffill() or obj.bfill() instead.
[2025-04-22T08:25:41.203+0000] {subprocess.py:106} INFO -   df = aligned_data[ticker][feature_columns + ['Target']].fillna(method='ffill').fillna(method='bfill')
[2025-04-22T08:25:41.208+0000] {subprocess.py:106} INFO - 2025-04-22 08:25:41,207 - __main__ - INFO - Processed data shape: (751, 7, 16)
[2025-04-22T08:25:41.208+0000] {subprocess.py:106} INFO - 2025-04-22 08:25:41,208 - __main__ - INFO - Targets shape: (751, 7)
[2025-04-22T08:25:41.209+0000] {subprocess.py:106} INFO - 2025-04-22 08:25:41,208 - __main__ - INFO - Final tickers in order: ['AAPL', 'MA', 'CSCO', 'MSFT', 'AMZN', 'GOOG', 'IBM']
[2025-04-22T08:25:41.210+0000] {subprocess.py:106} INFO - 2025-04-22 08:25:41,208 - __main__ - INFO - --- Finished Data Alignment & Processing ---
[2025-04-22T08:25:41.211+0000] {subprocess.py:106} INFO - 2025-04-22 08:25:41,211 - __main__ - INFO - Attempting to save to absolute path: /opt/***/data/processed/all_processed_data.npz
[2025-04-22T08:25:41.229+0000] {subprocess.py:106} INFO - 2025-04-22 08:25:41,229 - __main__ - INFO - Successfully saved processed data to /opt/***/data/processed/all_processed_data.npz
[2025-04-22T08:25:41.230+0000] {subprocess.py:106} INFO - 2025-04-22 08:25:41,230 - __main__ - INFO - Verified file exists at: /opt/***/data/processed/all_processed_data.npz
[2025-04-22T08:25:41.231+0000] {subprocess.py:106} INFO - 2025-04-22 08:25:41,231 - __main__ - INFO - Data processing script finished.
[2025-04-22T08:25:41.232+0000] {subprocess.py:106} INFO - --- PRINT TEST: Starting Data Loading ---
[2025-04-22T08:25:41.233+0000] {subprocess.py:106} INFO - Filtering highly correlated features with threshold 0.9
[2025-04-22T08:25:41.233+0000] {subprocess.py:106} INFO - Identified 20 highly correlated features to remove: ['High', 'Low', 'Close', 'EMA_50', 'EMA_200', 'BB_High', 'BB_Low', 'OBV', 'SMA_50', 'VWAP', 'PSAR', 'Stochastic_D', 'CCI', 'Williams_R', 'Donchian_High', 'Donchian_Low', 'Keltner_High', 'Keltner_Low', 'DI_Positive', 'DI_Negative']
[2025-04-22T08:25:41.234+0000] {subprocess.py:106} INFO - Excluding 'Close' column from removal list.
[2025-04-22T08:25:41.234+0000] {subprocess.py:106} INFO - Final list of 19 features to remove: ['High', 'Low', 'EMA_50', 'EMA_200', 'BB_High', 'BB_Low', 'OBV', 'SMA_50', 'VWAP', 'PSAR', 'Stochastic_D', 'CCI', 'Williams_R', 'Donchian_High', 'Donchian_Low', 'Keltner_High', 'Keltner_Low', 'DI_Positive', 'DI_Negative']
[2025-04-22T08:25:41.425+0000] {subprocess.py:110} INFO - Command exited with return code 0
[2025-04-22T08:25:41.492+0000] {taskinstance.py:341} INFO - ::group::Post task execution logs
[2025-04-22T08:25:41.493+0000] {taskinstance.py:353} INFO - Marking task as SUCCESS. dag_id=lstm_stock_prediction_refactored, task_id=process_data, run_id=manual__2025-04-22T08:25:31.917598+00:00, execution_date=20250422T082531, start_date=20250422T082535, end_date=20250422T082541
[2025-04-22T08:25:41.591+0000] {local_task_job_runner.py:266} INFO - Task exited with return code 0
[2025-04-22T08:25:41.630+0000] {taskinstance.py:3901} INFO - 1 downstream tasks scheduled from follow-on schedule check
[2025-04-22T08:25:41.632+0000] {local_task_job_runner.py:245} INFO - ::endgroup::
