[2025-04-11T05:43:41.453+0000] {local_task_job_runner.py:123} INFO - ::group::Pre task execution logs
[2025-04-11T05:43:41.496+0000] {taskinstance.py:2614} INFO - Dependencies all met for dep_context=non-requeueable deps ti=<TaskInstance: lstm_stock_prediction_refactored.process_data manual__2025-04-11T05:43:40.699561+00:00 [queued]>
[2025-04-11T05:43:41.518+0000] {taskinstance.py:2614} INFO - Dependencies all met for dep_context=requeueable deps ti=<TaskInstance: lstm_stock_prediction_refactored.process_data manual__2025-04-11T05:43:40.699561+00:00 [queued]>
[2025-04-11T05:43:41.520+0000] {taskinstance.py:2867} INFO - Starting attempt 1 of 2
[2025-04-11T05:43:41.537+0000] {taskinstance.py:2890} INFO - Executing <Task(BashOperator): process_data> on 2025-04-11 05:43:40.699561+00:00
[2025-04-11T05:43:41.549+0000] {standard_task_runner.py:72} INFO - Started process 213 to run task
[2025-04-11T05:43:41.553+0000] {standard_task_runner.py:104} INFO - Running: ['***', 'tasks', 'run', 'lstm_stock_prediction_refactored', 'process_data', 'manual__2025-04-11T05:43:40.699561+00:00', '--job-id', '2', '--raw', '--subdir', 'DAGS_FOLDER/lstm_refactored_dag.py', '--cfg-path', '/tmp/tmpxt1nf5pf']
[2025-04-11T05:43:41.559+0000] {standard_task_runner.py:105} INFO - Job 2: Subtask process_data
[2025-04-11T05:43:41.626+0000] {task_command.py:467} INFO - Running <TaskInstance: lstm_stock_prediction_refactored.process_data manual__2025-04-11T05:43:40.699561+00:00 [running]> on host 162c7a94827e
[2025-04-11T05:43:41.752+0000] {taskinstance.py:3134} INFO - Exporting env vars: AIRFLOW_CTX_DAG_OWNER='***_team' AIRFLOW_CTX_DAG_ID='lstm_stock_prediction_refactored' AIRFLOW_CTX_TASK_ID='process_data' AIRFLOW_CTX_EXECUTION_DATE='2025-04-11T05:43:40.699561+00:00' AIRFLOW_CTX_TRY_NUMBER='1' AIRFLOW_CTX_DAG_RUN_ID='manual__2025-04-11T05:43:40.699561+00:00'
[2025-04-11T05:43:41.754+0000] {taskinstance.py:732} INFO - ::endgroup::
[2025-04-11T05:43:41.778+0000] {subprocess.py:78} INFO - Tmp dir root location: /tmp
[2025-04-11T05:43:41.780+0000] {subprocess.py:88} INFO - Running command: ['/usr/bin/bash', '-c', 'python /opt/***/src/data/make_dataset.py --config /opt/***/config/params.yaml']
[2025-04-11T05:43:41.790+0000] {subprocess.py:99} INFO - Output:
[2025-04-11T05:43:43.336+0000] {subprocess.py:106} INFO - 2025-04-11 05:43:43,336 - __main__ - INFO - Starting data processing script with config: /opt/***/config/params.yaml
[2025-04-11T05:43:43.341+0000] {subprocess.py:106} INFO - 2025-04-11 05:43:43,341 - __main__ - INFO - Raw data directory: data/raw
[2025-04-11T05:43:43.342+0000] {subprocess.py:106} INFO - 2025-04-11 05:43:43,341 - __main__ - INFO - Processed data output path: data/processed/all_processed_data.npz
[2025-04-11T05:43:43.343+0000] {subprocess.py:106} INFO - 2025-04-11 05:43:43,341 - __main__ - INFO - --- Starting Data Loading ---
[2025-04-11T05:43:43.344+0000] {subprocess.py:106} INFO - 2025-04-11 05:43:43,341 - __main__ - INFO - Saving raw data to: data/raw
[2025-04-11T05:43:45.999+0000] {subprocess.py:106} INFO - 2025-04-11 05:43:45,999 - __main__ - INFO - Loaded and saved raw data for AAPL to data/raw/AAPL_raw.pkl
[2025-04-11T05:43:51.941+0000] {subprocess.py:106} INFO - 2025-04-11 05:43:51,941 - __main__ - INFO - Loaded and saved raw data for MA to data/raw/MA_raw.pkl
[2025-04-11T05:43:57.908+0000] {subprocess.py:106} INFO - 2025-04-11 05:43:57,907 - __main__ - INFO - Loaded and saved raw data for CSCO to data/raw/CSCO_raw.pkl
[2025-04-11T05:44:03.877+0000] {subprocess.py:106} INFO - 2025-04-11 05:44:03,877 - __main__ - INFO - Loaded and saved raw data for MSFT to data/raw/MSFT_raw.pkl
[2025-04-11T05:44:09.791+0000] {subprocess.py:106} INFO - 2025-04-11 05:44:09,791 - __main__ - INFO - Loaded and saved raw data for AMZN to data/raw/AMZN_raw.pkl
[2025-04-11T05:44:15.718+0000] {subprocess.py:106} INFO - 2025-04-11 05:44:15,718 - __main__ - INFO - Loaded and saved raw data for GOOG to data/raw/GOOG_raw.pkl
[2025-04-11T05:44:21.928+0000] {subprocess.py:106} INFO - 2025-04-11 05:44:21,927 - __main__ - INFO - Loaded and saved raw data for IBM to data/raw/IBM_raw.pkl
[2025-04-11T05:44:26.928+0000] {subprocess.py:106} INFO - 2025-04-11 05:44:26,928 - __main__ - INFO - --- Finished Data Loading ---
[2025-04-11T05:44:26.931+0000] {subprocess.py:106} INFO - 2025-04-11 05:44:26,931 - __main__ - INFO - --- Starting Feature Engineering (Indicators) ---
[2025-04-11T05:44:26.999+0000] {subprocess.py:106} INFO - /home/***/.local/lib/python3.11/site-packages/ta/trend.py:1030: FutureWarning: Series.__setitem__ treating keys as positions is deprecated. In a future version, integer keys will always be treated as labels (consistent with DataFrame behavior). To set a value by position, use `ser.iloc[pos] = value`
[2025-04-11T05:44:27.000+0000] {subprocess.py:106} INFO -   self._psar[i] = high2
[2025-04-11T05:44:27.361+0000] {subprocess.py:106} INFO - /home/***/.local/lib/python3.11/site-packages/ta/trend.py:1030: FutureWarning: Series.__setitem__ treating keys as positions is deprecated. In a future version, integer keys will always be treated as labels (consistent with DataFrame behavior). To set a value by position, use `ser.iloc[pos] = value`
[2025-04-11T05:44:27.363+0000] {subprocess.py:106} INFO -   self._psar[i] = high2
[2025-04-11T05:44:27.699+0000] {subprocess.py:106} INFO - /home/***/.local/lib/python3.11/site-packages/ta/trend.py:1030: FutureWarning: Series.__setitem__ treating keys as positions is deprecated. In a future version, integer keys will always be treated as labels (consistent with DataFrame behavior). To set a value by position, use `ser.iloc[pos] = value`
[2025-04-11T05:44:27.701+0000] {subprocess.py:106} INFO -   self._psar[i] = high2
[2025-04-11T05:44:27.958+0000] {subprocess.py:106} INFO - /home/***/.local/lib/python3.11/site-packages/ta/trend.py:1030: FutureWarning: Series.__setitem__ treating keys as positions is deprecated. In a future version, integer keys will always be treated as labels (consistent with DataFrame behavior). To set a value by position, use `ser.iloc[pos] = value`
[2025-04-11T05:44:27.959+0000] {subprocess.py:106} INFO -   self._psar[i] = high2
[2025-04-11T05:44:28.139+0000] {subprocess.py:106} INFO - /home/***/.local/lib/python3.11/site-packages/ta/trend.py:1030: FutureWarning: Series.__setitem__ treating keys as positions is deprecated. In a future version, integer keys will always be treated as labels (consistent with DataFrame behavior). To set a value by position, use `ser.iloc[pos] = value`
[2025-04-11T05:44:28.140+0000] {subprocess.py:106} INFO -   self._psar[i] = high2
[2025-04-11T05:44:28.360+0000] {subprocess.py:106} INFO - /home/***/.local/lib/python3.11/site-packages/ta/trend.py:1030: FutureWarning: Series.__setitem__ treating keys as positions is deprecated. In a future version, integer keys will always be treated as labels (consistent with DataFrame behavior). To set a value by position, use `ser.iloc[pos] = value`
[2025-04-11T05:44:28.362+0000] {subprocess.py:106} INFO -   self._psar[i] = high2
[2025-04-11T05:44:28.630+0000] {subprocess.py:106} INFO - /home/***/.local/lib/python3.11/site-packages/ta/trend.py:1030: FutureWarning: Series.__setitem__ treating keys as positions is deprecated. In a future version, integer keys will always be treated as labels (consistent with DataFrame behavior). To set a value by position, use `ser.iloc[pos] = value`
[2025-04-11T05:44:28.631+0000] {subprocess.py:106} INFO -   self._psar[i] = high2
[2025-04-11T05:44:28.756+0000] {subprocess.py:106} INFO - 2025-04-11 05:44:28,755 - __main__ - INFO - --- Finished Feature Engineering (Indicators) ---
[2025-04-11T05:44:28.757+0000] {subprocess.py:106} INFO - 2025-04-11 05:44:28,756 - __main__ - INFO - --- Starting Feature Filtering ---
[2025-04-11T05:44:28.774+0000] {subprocess.py:106} INFO - 2025-04-11 05:44:28,773 - __main__ - INFO - Features remaining after filtering: 16
[2025-04-11T05:44:28.776+0000] {subprocess.py:106} INFO - 2025-04-11 05:44:28,774 - __main__ - INFO - --- Finished Feature Filtering ---
[2025-04-11T05:44:28.778+0000] {subprocess.py:106} INFO - 2025-04-11 05:44:28,775 - __main__ - INFO - --- Starting Data Alignment & Processing ---
[2025-04-11T05:44:28.906+0000] {subprocess.py:106} INFO - /opt/***/src/data/make_dataset.py:133: FutureWarning: DataFrame.fillna with 'method' is deprecated and will raise in a future version. Use obj.ffill() or obj.bfill() instead.
[2025-04-11T05:44:28.908+0000] {subprocess.py:106} INFO -   df = aligned_data[ticker][feature_columns + ['Target']].fillna(method='ffill').fillna(method='bfill')
[2025-04-11T05:44:28.916+0000] {subprocess.py:106} INFO - /opt/***/src/data/make_dataset.py:133: FutureWarning: DataFrame.fillna with 'method' is deprecated and will raise in a future version. Use obj.ffill() or obj.bfill() instead.
[2025-04-11T05:44:28.917+0000] {subprocess.py:106} INFO -   df = aligned_data[ticker][feature_columns + ['Target']].fillna(method='ffill').fillna(method='bfill')
[2025-04-11T05:44:28.919+0000] {subprocess.py:106} INFO - /opt/***/src/data/make_dataset.py:133: FutureWarning: DataFrame.fillna with 'method' is deprecated and will raise in a future version. Use obj.ffill() or obj.bfill() instead.
[2025-04-11T05:44:28.920+0000] {subprocess.py:106} INFO -   df = aligned_data[ticker][feature_columns + ['Target']].fillna(method='ffill').fillna(method='bfill')
[2025-04-11T05:44:28.921+0000] {subprocess.py:106} INFO - /opt/***/src/data/make_dataset.py:133: FutureWarning: DataFrame.fillna with 'method' is deprecated and will raise in a future version. Use obj.ffill() or obj.bfill() instead.
[2025-04-11T05:44:28.922+0000] {subprocess.py:106} INFO -   df = aligned_data[ticker][feature_columns + ['Target']].fillna(method='ffill').fillna(method='bfill')
[2025-04-11T05:44:28.924+0000] {subprocess.py:106} INFO - /opt/***/src/data/make_dataset.py:133: FutureWarning: DataFrame.fillna with 'method' is deprecated and will raise in a future version. Use obj.ffill() or obj.bfill() instead.
[2025-04-11T05:44:28.925+0000] {subprocess.py:106} INFO -   df = aligned_data[ticker][feature_columns + ['Target']].fillna(method='ffill').fillna(method='bfill')
[2025-04-11T05:44:28.936+0000] {subprocess.py:106} INFO - /opt/***/src/data/make_dataset.py:133: FutureWarning: DataFrame.fillna with 'method' is deprecated and will raise in a future version. Use obj.ffill() or obj.bfill() instead.
[2025-04-11T05:44:28.937+0000] {subprocess.py:106} INFO -   df = aligned_data[ticker][feature_columns + ['Target']].fillna(method='ffill').fillna(method='bfill')
[2025-04-11T05:44:28.938+0000] {subprocess.py:106} INFO - /opt/***/src/data/make_dataset.py:133: FutureWarning: DataFrame.fillna with 'method' is deprecated and will raise in a future version. Use obj.ffill() or obj.bfill() instead.
[2025-04-11T05:44:28.939+0000] {subprocess.py:106} INFO -   df = aligned_data[ticker][feature_columns + ['Target']].fillna(method='ffill').fillna(method='bfill')
[2025-04-11T05:44:28.940+0000] {subprocess.py:106} INFO - 2025-04-11 05:44:28,940 - __main__ - INFO - Processed data shape: (752, 7, 16)
[2025-04-11T05:44:28.941+0000] {subprocess.py:106} INFO - 2025-04-11 05:44:28,940 - __main__ - INFO - Targets shape: (752, 7)
[2025-04-11T05:44:28.942+0000] {subprocess.py:106} INFO - 2025-04-11 05:44:28,940 - __main__ - INFO - Final tickers in order: ['AAPL', 'MA', 'CSCO', 'MSFT', 'AMZN', 'GOOG', 'IBM']
[2025-04-11T05:44:28.942+0000] {subprocess.py:106} INFO - 2025-04-11 05:44:28,940 - __main__ - INFO - --- Finished Data Alignment & Processing ---
[2025-04-11T05:44:28.943+0000] {subprocess.py:106} INFO - 2025-04-11 05:44:28,940 - __main__ - INFO - Attempting to save to absolute path: /tmp/***tmp81vz7f4o/data/processed/all_processed_data.npz
[2025-04-11T05:44:28.944+0000] {subprocess.py:106} INFO - 2025-04-11 05:44:28,942 - __main__ - INFO - Successfully saved processed data to data/processed/all_processed_data.npz
[2025-04-11T05:44:28.944+0000] {subprocess.py:106} INFO - 2025-04-11 05:44:28,942 - __main__ - INFO - Verified file exists at: /tmp/***tmp81vz7f4o/data/processed/all_processed_data.npz
[2025-04-11T05:44:28.945+0000] {subprocess.py:106} INFO - 2025-04-11 05:44:28,942 - __main__ - INFO - Data processing script finished.
[2025-04-11T05:44:28.946+0000] {subprocess.py:106} INFO - --- PRINT TEST: Starting Data Loading ---
[2025-04-11T05:44:28.947+0000] {subprocess.py:106} INFO - Filtering highly correlated features with threshold 0.9
[2025-04-11T05:44:28.947+0000] {subprocess.py:106} INFO - Identified 20 highly correlated features to remove: ['High', 'Low', 'Close', 'EMA_50', 'EMA_200', 'BB_High', 'BB_Low', 'OBV', 'SMA_50', 'VWAP', 'PSAR', 'Stochastic_D', 'CCI', 'Williams_R', 'Donchian_High', 'Donchian_Low', 'Keltner_High', 'Keltner_Low', 'DI_Positive', 'DI_Negative']
[2025-04-11T05:44:28.948+0000] {subprocess.py:106} INFO - Excluding 'Close' column from removal list.
[2025-04-11T05:44:28.948+0000] {subprocess.py:106} INFO - Final list of 19 features to remove: ['High', 'Low', 'EMA_50', 'EMA_200', 'BB_High', 'BB_Low', 'OBV', 'SMA_50', 'VWAP', 'PSAR', 'Stochastic_D', 'CCI', 'Williams_R', 'Donchian_High', 'Donchian_Low', 'Keltner_High', 'Keltner_Low', 'DI_Positive', 'DI_Negative']
[2025-04-11T05:44:29.172+0000] {subprocess.py:110} INFO - Command exited with return code 0
[2025-04-11T05:44:29.205+0000] {taskinstance.py:341} INFO - ::group::Post task execution logs
[2025-04-11T05:44:29.206+0000] {taskinstance.py:353} INFO - Marking task as SUCCESS. dag_id=lstm_stock_prediction_refactored, task_id=process_data, run_id=manual__2025-04-11T05:43:40.699561+00:00, execution_date=20250411T054340, start_date=20250411T054341, end_date=20250411T054429
[2025-04-11T05:44:29.273+0000] {local_task_job_runner.py:266} INFO - Task exited with return code 0
[2025-04-11T05:44:29.310+0000] {taskinstance.py:3901} INFO - 1 downstream tasks scheduled from follow-on schedule check
[2025-04-11T05:44:29.315+0000] {local_task_job_runner.py:245} INFO - ::endgroup::
