[2025-04-11T09:38:52.210+0000] {local_task_job_runner.py:123} INFO - ::group::Pre task execution logs
[2025-04-11T09:38:52.230+0000] {taskinstance.py:2614} INFO - Dependencies all met for dep_context=non-requeueable deps ti=<TaskInstance: lstm_stock_prediction_refactored.optimize_hyperparams manual__2025-04-11T09:38:46.502188+00:00 [queued]>
[2025-04-11T09:38:52.240+0000] {taskinstance.py:2614} INFO - Dependencies all met for dep_context=requeueable deps ti=<TaskInstance: lstm_stock_prediction_refactored.optimize_hyperparams manual__2025-04-11T09:38:46.502188+00:00 [queued]>
[2025-04-11T09:38:52.241+0000] {taskinstance.py:2867} INFO - Starting attempt 1 of 2
[2025-04-11T09:38:52.256+0000] {taskinstance.py:2890} INFO - Executing <Task(BashOperator): optimize_hyperparams> on 2025-04-11 09:38:46.502188+00:00
[2025-04-11T09:38:52.260+0000] {standard_task_runner.py:72} INFO - Started process 258 to run task
[2025-04-11T09:38:52.263+0000] {standard_task_runner.py:104} INFO - Running: ['***', 'tasks', 'run', 'lstm_stock_prediction_refactored', 'optimize_hyperparams', 'manual__2025-04-11T09:38:46.502188+00:00', '--job-id', '64', '--raw', '--subdir', 'DAGS_FOLDER/lstm_refactored_dag.py', '--cfg-path', '/tmp/tmppi7afqr_']
[2025-04-11T09:38:52.265+0000] {standard_task_runner.py:105} INFO - Job 64: Subtask optimize_hyperparams
[2025-04-11T09:38:52.308+0000] {task_command.py:467} INFO - Running <TaskInstance: lstm_stock_prediction_refactored.optimize_hyperparams manual__2025-04-11T09:38:46.502188+00:00 [running]> on host 299156154de8
[2025-04-11T09:38:52.393+0000] {taskinstance.py:3134} INFO - Exporting env vars: AIRFLOW_CTX_DAG_OWNER='***_team' AIRFLOW_CTX_DAG_ID='lstm_stock_prediction_refactored' AIRFLOW_CTX_TASK_ID='optimize_hyperparams' AIRFLOW_CTX_EXECUTION_DATE='2025-04-11T09:38:46.502188+00:00' AIRFLOW_CTX_TRY_NUMBER='1' AIRFLOW_CTX_DAG_RUN_ID='manual__2025-04-11T09:38:46.502188+00:00'
[2025-04-11T09:38:52.394+0000] {taskinstance.py:732} INFO - ::endgroup::
[2025-04-11T09:38:52.406+0000] {subprocess.py:78} INFO - Tmp dir root location: /tmp
[2025-04-11T09:38:52.407+0000] {subprocess.py:88} INFO - Running command: ['/usr/bin/bash', '-c', 'python /opt/***/src/models/optimize_hyperparams.py --config /opt/***/config/params.yaml']
[2025-04-11T09:38:52.418+0000] {subprocess.py:99} INFO - Output:
[2025-04-11T09:38:54.133+0000] {subprocess.py:106} INFO - mkdir -p failed for path /home/***/.cache/matplotlib: [Errno 13] Permission denied: '/home/***/.cache/matplotlib'
[2025-04-11T09:38:54.140+0000] {subprocess.py:106} INFO - Matplotlib created a temporary cache directory at /tmp/matplotlib-_3iz888n because there was an issue with the default path (/home/***/.cache/matplotlib); it is highly recommended to set the MPLCONFIGDIR environment variable to a writable directory, in particular to speed up the import of Matplotlib and to better support multiprocessing.
[2025-04-11T09:38:57.000+0000] {subprocess.py:106} INFO - [I 2025-04-11 09:38:56,999] A new study created in memory with name: no-name-2e246b74-9902-4f4a-b04d-18c3253fd28d
[2025-04-11T09:39:06.513+0000] {subprocess.py:106} INFO - [I 2025-04-11 09:39:06,513] Trial 0 finished with value: 0.0889709023758769 and parameters: {'batch_size': 48, 'hidden_size': 224, 'num_layers': 3, 'dropout_rate': 0.5, 'learning_rate': 0.0052057929707301515, 'model_type': 'lstm'}. Best is trial 0 with value: 0.0889709023758769.
[2025-04-11T09:39:06.517+0000] {subprocess.py:106} INFO - Using device: cpu
[2025-04-11T09:39:06.518+0000] {subprocess.py:106} INFO - --- Loading Scaled Data from /opt/***/data/features/split_scaled_data.npz ---
[2025-04-11T09:39:06.519+0000] {subprocess.py:106} INFO - --- Finished Loading Scaled Data ---
[2025-04-11T09:39:06.520+0000] {subprocess.py:106} INFO - --- Loading Scalers from /opt/***/data/processed/scalers.pkl ---
[2025-04-11T09:39:06.520+0000] {subprocess.py:106} INFO - --- Finished Loading Scalers ---
[2025-04-11T09:39:06.521+0000] {subprocess.py:106} INFO - --- Starting Optuna Optimization (1 trials) ---
[2025-04-11T09:39:06.521+0000] {subprocess.py:106} INFO - Early stopping at epoch 10
[2025-04-11T09:39:06.522+0000] {subprocess.py:106} INFO - --- Finished Optuna Optimization ---
[2025-04-11T09:39:06.522+0000] {subprocess.py:106} INFO - Best trial value (loss): 0.0889709023758769
[2025-04-11T09:39:06.523+0000] {subprocess.py:106} INFO - Best parameters: {'batch_size': 48, 'hidden_size': 224, 'num_layers': 3, 'dropout_rate': 0.5, 'learning_rate': 0.0052057929707301515, 'model_type': 'lstm'}
[2025-04-11T09:39:06.523+0000] {subprocess.py:106} INFO - --- Saving Best Parameters to /opt/***/config/best_params.json ---
[2025-04-11T09:39:06.523+0000] {subprocess.py:106} INFO - --- Finished Saving Best Parameters ---
[2025-04-11T09:39:07.676+0000] {subprocess.py:110} INFO - Command exited with return code 0
[2025-04-11T09:39:07.700+0000] {taskinstance.py:341} INFO - ::group::Post task execution logs
[2025-04-11T09:39:07.705+0000] {taskinstance.py:353} INFO - Marking task as SUCCESS. dag_id=lstm_stock_prediction_refactored, task_id=optimize_hyperparams, run_id=manual__2025-04-11T09:38:46.502188+00:00, execution_date=20250411T093846, start_date=20250411T093852, end_date=20250411T093907
[2025-04-11T09:39:07.738+0000] {local_task_job_runner.py:266} INFO - Task exited with return code 0
[2025-04-11T09:39:07.754+0000] {taskinstance.py:3901} INFO - 1 downstream tasks scheduled from follow-on schedule check
[2025-04-11T09:39:07.760+0000] {local_task_job_runner.py:245} INFO - ::endgroup::
