[2025-04-20T03:37:24.151+0000] {local_task_job_runner.py:123} INFO - ::group::Pre task execution logs
[2025-04-20T03:37:24.280+0000] {taskinstance.py:2614} INFO - Dependencies all met for dep_context=non-requeueable deps ti=<TaskInstance: lstm_stock_prediction_refactored.generate_predictions manual__2025-04-20T03:13:45.671446+00:00 [queued]>
[2025-04-20T03:37:24.319+0000] {taskinstance.py:2614} INFO - Dependencies all met for dep_context=requeueable deps ti=<TaskInstance: lstm_stock_prediction_refactored.generate_predictions manual__2025-04-20T03:13:45.671446+00:00 [queued]>
[2025-04-20T03:37:24.322+0000] {taskinstance.py:2867} INFO - Starting attempt 2 of 3
[2025-04-20T03:37:24.385+0000] {taskinstance.py:2890} INFO - Executing <Task(BashOperator): generate_predictions> on 2025-04-20 03:13:45.671446+00:00
[2025-04-20T03:37:24.415+0000] {standard_task_runner.py:72} INFO - Started process 883 to run task
[2025-04-20T03:37:24.423+0000] {standard_task_runner.py:104} INFO - Running: ['***', 'tasks', 'run', 'lstm_stock_prediction_refactored', 'generate_predictions', 'manual__2025-04-20T03:13:45.671446+00:00', '--job-id', '38', '--raw', '--subdir', 'DAGS_FOLDER/lstm_refactored_dag.py', '--cfg-path', '/tmp/tmp01d_exhk']
[2025-04-20T03:37:24.429+0000] {standard_task_runner.py:105} INFO - Job 38: Subtask generate_predictions
[2025-04-20T03:37:24.556+0000] {task_command.py:467} INFO - Running <TaskInstance: lstm_stock_prediction_refactored.generate_predictions manual__2025-04-20T03:13:45.671446+00:00 [running]> on host 3d47c2da8b29
[2025-04-20T03:37:24.904+0000] {taskinstance.py:3134} INFO - Exporting env vars: AIRFLOW_CTX_DAG_OWNER='***_team' AIRFLOW_CTX_DAG_ID='lstm_stock_prediction_refactored' AIRFLOW_CTX_TASK_ID='generate_predictions' AIRFLOW_CTX_EXECUTION_DATE='2025-04-20T03:13:45.671446+00:00' AIRFLOW_CTX_TRY_NUMBER='2' AIRFLOW_CTX_DAG_RUN_ID='manual__2025-04-20T03:13:45.671446+00:00'
[2025-04-20T03:37:24.911+0000] {taskinstance.py:732} INFO - ::endgroup::
[2025-04-20T03:37:25.103+0000] {subprocess.py:78} INFO - Tmp dir root location: /tmp
[2025-04-20T03:37:25.127+0000] {subprocess.py:88} INFO - Running command: ['/usr/bin/bash', '-c', 'python /opt/***/src/models/predict_model.py --config /opt/***/config/params.yaml']
[2025-04-20T03:37:25.188+0000] {subprocess.py:99} INFO - Output:
[2025-04-20T03:37:57.052+0000] {subprocess.py:106} INFO - Downloading artifacts:   0%|          | 0/6 [00:00<?, ?it/s]Downloading artifacts:  17%|█▋        | 1/6 [00:00<00:00, 11.80it/s]Downloading artifacts:  33%|███▎      | 2/6 [00:00<00:00, 23.13it/s]Downloading artifacts:  50%|█████     | 3/6 [00:00<00:00, 27.20it/s]Downloading artifacts:  50%|█████     | 3/6 [00:00<00:00, 27.20it/s]Downloading artifacts:  67%|██████▋   | 4/6 [00:00<00:00, 27.20it/s]Downloading artifacts:  83%|████████▎ | 5/6 [00:00<00:00, 27.20it/s]Downloading artifacts: 100%|██████████| 6/6 [00:01<00:00,  3.01it/s]Downloading artifacts: 100%|██████████| 6/6 [00:01<00:00,  3.01it/s]Downloading artifacts: 100%|██████████| 6/6 [00:01<00:00,  3.47it/s]
[2025-04-20T03:37:57.415+0000] {subprocess.py:106} INFO - Saved latest predictions to /opt/***/data/predictions/latest_predictions.json
[2025-04-20T03:37:59.906+0000] {subprocess.py:110} INFO - Command exited with return code 0
[2025-04-20T03:38:00.255+0000] {taskinstance.py:341} INFO - ::group::Post task execution logs
[2025-04-20T03:38:00.261+0000] {taskinstance.py:353} INFO - Marking task as SUCCESS. dag_id=lstm_stock_prediction_refactored, task_id=generate_predictions, run_id=manual__2025-04-20T03:13:45.671446+00:00, execution_date=20250420T031345, start_date=20250420T033724, end_date=20250420T033800
[2025-04-20T03:38:00.471+0000] {local_task_job_runner.py:266} INFO - Task exited with return code 0
[2025-04-20T03:38:00.696+0000] {taskinstance.py:3901} INFO - 0 downstream tasks scheduled from follow-on schedule check
[2025-04-20T03:38:00.705+0000] {local_task_job_runner.py:245} INFO - ::endgroup::
