[2025-04-14T08:00:00.450+0000] {local_task_job_runner.py:123} INFO - ::group::Pre task execution logs
[2025-04-14T08:00:00.464+0000] {taskinstance.py:2614} INFO - Dependencies all met for dep_context=non-requeueable deps ti=<TaskInstance: lstm_stock_prediction_refactored.process_data scheduled__2025-04-07T08:00:00+00:00 [queued]>
[2025-04-14T08:00:00.470+0000] {taskinstance.py:2614} INFO - Dependencies all met for dep_context=requeueable deps ti=<TaskInstance: lstm_stock_prediction_refactored.process_data scheduled__2025-04-07T08:00:00+00:00 [queued]>
[2025-04-14T08:00:00.471+0000] {taskinstance.py:2867} INFO - Starting attempt 1 of 2
[2025-04-14T08:00:00.481+0000] {taskinstance.py:2890} INFO - Executing <Task(BashOperator): process_data> on 2025-04-07 08:00:00+00:00
[2025-04-14T08:00:00.487+0000] {standard_task_runner.py:72} INFO - Started process 63118 to run task
[2025-04-14T08:00:00.489+0000] {standard_task_runner.py:104} INFO - Running: ['***', 'tasks', 'run', 'lstm_stock_prediction_refactored', 'process_data', 'scheduled__2025-04-07T08:00:00+00:00', '--job-id', '87', '--raw', '--subdir', 'DAGS_FOLDER/lstm_refactored_dag.py', '--cfg-path', '/tmp/tmp18cglbsg']
[2025-04-14T08:00:00.491+0000] {standard_task_runner.py:105} INFO - Job 87: Subtask process_data
[2025-04-14T08:00:00.522+0000] {task_command.py:467} INFO - Running <TaskInstance: lstm_stock_prediction_refactored.process_data scheduled__2025-04-07T08:00:00+00:00 [running]> on host 38686bf18545
[2025-04-14T08:00:00.585+0000] {taskinstance.py:3134} INFO - Exporting env vars: AIRFLOW_CTX_DAG_OWNER='***_team' AIRFLOW_CTX_DAG_ID='lstm_stock_prediction_refactored' AIRFLOW_CTX_TASK_ID='process_data' AIRFLOW_CTX_EXECUTION_DATE='2025-04-07T08:00:00+00:00' AIRFLOW_CTX_TRY_NUMBER='1' AIRFLOW_CTX_DAG_RUN_ID='scheduled__2025-04-07T08:00:00+00:00'
[2025-04-14T08:00:00.586+0000] {taskinstance.py:732} INFO - ::endgroup::
[2025-04-14T08:00:00.602+0000] {subprocess.py:78} INFO - Tmp dir root location: /tmp
[2025-04-14T08:00:00.604+0000] {subprocess.py:88} INFO - Running command: ['/usr/bin/bash', '-c', 'python /opt/***/src/data/make_dataset.py --config /opt/***/config/params.yaml']
[2025-04-14T08:00:00.613+0000] {subprocess.py:99} INFO - Output:
[2025-04-14T08:00:01.476+0000] {subprocess.py:106} INFO - 2025-04-14 08:00:01,476 - __main__ - INFO - Starting data processing script with config: /opt/***/config/params.yaml
[2025-04-14T08:00:01.480+0000] {subprocess.py:106} INFO - 2025-04-14 08:00:01,480 - __main__ - INFO - Raw data directory: /opt/***/data/raw
[2025-04-14T08:00:01.481+0000] {subprocess.py:106} INFO - 2025-04-14 08:00:01,480 - __main__ - INFO - Processed data output path: /opt/***/data/processed/all_processed_data.npz
[2025-04-14T08:00:01.482+0000] {subprocess.py:106} INFO - 2025-04-14 08:00:01,480 - __main__ - INFO - --- Starting Data Loading ---
[2025-04-14T08:00:01.482+0000] {subprocess.py:106} INFO - 2025-04-14 08:00:01,481 - __main__ - INFO - Attempting to use RELATIVE output dir: /opt/***/data/raw
[2025-04-14T08:00:01.483+0000] {subprocess.py:106} INFO - 2025-04-14 08:00:01,481 - __main__ - INFO - Attempting to use ABSOLUTE output dir: /opt/***/data/raw
[2025-04-14T08:00:01.484+0000] {subprocess.py:106} INFO - 2025-04-14 08:00:01,482 - __main__ - INFO - Current Working Directory inside container: /tmp/***tmpry85a8om
[2025-04-14T08:00:01.484+0000] {subprocess.py:106} INFO - 2025-04-14 08:00:01,482 - __main__ - INFO - Attempting to create directory: /opt/***/data/raw
[2025-04-14T08:00:01.484+0000] {subprocess.py:106} INFO - 2025-04-14 08:00:01,482 - __main__ - INFO - Successfully called mkdir for: /opt/***/data/raw (might not indicate success if permissions are wrong)
[2025-04-14T08:00:01.485+0000] {subprocess.py:106} INFO - 2025-04-14 08:00:01,482 - __main__ - INFO - Saving raw data to: /opt/***/data/raw
[2025-04-14T08:00:01.485+0000] {subprocess.py:106} INFO - 2025-04-14 08:00:01,483 - __main__ - INFO - Skipping download for AAPL, file exists: /opt/***/data/raw/AAPL_raw.pkl
[2025-04-14T08:00:01.486+0000] {subprocess.py:106} INFO - 2025-04-14 08:00:01,484 - __main__ - INFO - Skipping download for MA, file exists: /opt/***/data/raw/MA_raw.pkl
[2025-04-14T08:00:01.486+0000] {subprocess.py:106} INFO - 2025-04-14 08:00:01,485 - __main__ - INFO - Skipping download for CSCO, file exists: /opt/***/data/raw/CSCO_raw.pkl
[2025-04-14T08:00:01.487+0000] {subprocess.py:106} INFO - 2025-04-14 08:00:01,485 - __main__ - INFO - Skipping download for MSFT, file exists: /opt/***/data/raw/MSFT_raw.pkl
[2025-04-14T08:00:01.487+0000] {subprocess.py:106} INFO - 2025-04-14 08:00:01,486 - __main__ - INFO - Skipping download for AMZN, file exists: /opt/***/data/raw/AMZN_raw.pkl
[2025-04-14T08:00:01.487+0000] {subprocess.py:106} INFO - 2025-04-14 08:00:01,487 - __main__ - INFO - Skipping download for GOOG, file exists: /opt/***/data/raw/GOOG_raw.pkl
[2025-04-14T08:00:01.488+0000] {subprocess.py:106} INFO - 2025-04-14 08:00:01,487 - __main__ - INFO - Skipping download for IBM, file exists: /opt/***/data/raw/IBM_raw.pkl
[2025-04-14T08:00:01.488+0000] {subprocess.py:106} INFO - 2025-04-14 08:00:01,487 - __main__ - INFO - --- Finished Data Loading ---
[2025-04-14T08:00:01.550+0000] {subprocess.py:106} INFO - 2025-04-14 08:00:01,549 - __main__ - INFO - --- Starting Feature Engineering (Indicators) ---
[2025-04-14T08:00:01.590+0000] {subprocess.py:106} INFO - /home/***/.local/lib/python3.11/site-packages/ta/trend.py:1030: FutureWarning: Series.__setitem__ treating keys as positions is deprecated. In a future version, integer keys will always be treated as labels (consistent with DataFrame behavior). To set a value by position, use `ser.iloc[pos] = value`
[2025-04-14T08:00:01.591+0000] {subprocess.py:106} INFO -   self._psar[i] = high2
[2025-04-14T08:00:01.692+0000] {subprocess.py:106} INFO - /home/***/.local/lib/python3.11/site-packages/ta/trend.py:1030: FutureWarning: Series.__setitem__ treating keys as positions is deprecated. In a future version, integer keys will always be treated as labels (consistent with DataFrame behavior). To set a value by position, use `ser.iloc[pos] = value`
[2025-04-14T08:00:01.693+0000] {subprocess.py:106} INFO -   self._psar[i] = high2
[2025-04-14T08:00:01.783+0000] {subprocess.py:106} INFO - /home/***/.local/lib/python3.11/site-packages/ta/trend.py:1030: FutureWarning: Series.__setitem__ treating keys as positions is deprecated. In a future version, integer keys will always be treated as labels (consistent with DataFrame behavior). To set a value by position, use `ser.iloc[pos] = value`
[2025-04-14T08:00:01.783+0000] {subprocess.py:106} INFO -   self._psar[i] = high2
[2025-04-14T08:00:01.868+0000] {subprocess.py:106} INFO - /home/***/.local/lib/python3.11/site-packages/ta/trend.py:1030: FutureWarning: Series.__setitem__ treating keys as positions is deprecated. In a future version, integer keys will always be treated as labels (consistent with DataFrame behavior). To set a value by position, use `ser.iloc[pos] = value`
[2025-04-14T08:00:01.869+0000] {subprocess.py:106} INFO -   self._psar[i] = high2
[2025-04-14T08:00:01.964+0000] {subprocess.py:106} INFO - /home/***/.local/lib/python3.11/site-packages/ta/trend.py:1030: FutureWarning: Series.__setitem__ treating keys as positions is deprecated. In a future version, integer keys will always be treated as labels (consistent with DataFrame behavior). To set a value by position, use `ser.iloc[pos] = value`
[2025-04-14T08:00:01.966+0000] {subprocess.py:106} INFO -   self._psar[i] = high2
[2025-04-14T08:00:02.043+0000] {subprocess.py:106} INFO - /home/***/.local/lib/python3.11/site-packages/ta/trend.py:1030: FutureWarning: Series.__setitem__ treating keys as positions is deprecated. In a future version, integer keys will always be treated as labels (consistent with DataFrame behavior). To set a value by position, use `ser.iloc[pos] = value`
[2025-04-14T08:00:02.044+0000] {subprocess.py:106} INFO -   self._psar[i] = high2
[2025-04-14T08:00:02.141+0000] {subprocess.py:106} INFO - /home/***/.local/lib/python3.11/site-packages/ta/trend.py:1030: FutureWarning: Series.__setitem__ treating keys as positions is deprecated. In a future version, integer keys will always be treated as labels (consistent with DataFrame behavior). To set a value by position, use `ser.iloc[pos] = value`
[2025-04-14T08:00:02.141+0000] {subprocess.py:106} INFO -   self._psar[i] = high2
[2025-04-14T08:00:02.193+0000] {subprocess.py:106} INFO - 2025-04-14 08:00:02,193 - __main__ - INFO - --- Finished Feature Engineering (Indicators) ---
[2025-04-14T08:00:02.194+0000] {subprocess.py:106} INFO - 2025-04-14 08:00:02,193 - __main__ - INFO - --- Starting Feature Filtering ---
[2025-04-14T08:00:02.204+0000] {subprocess.py:106} INFO - 2025-04-14 08:00:02,204 - __main__ - INFO - Features remaining after filtering: 16
[2025-04-14T08:00:02.205+0000] {subprocess.py:106} INFO - 2025-04-14 08:00:02,204 - __main__ - INFO - --- Finished Feature Filtering ---
[2025-04-14T08:00:02.205+0000] {subprocess.py:106} INFO - 2025-04-14 08:00:02,204 - __main__ - INFO - --- Starting Data Alignment & Processing ---
[2025-04-14T08:00:02.241+0000] {subprocess.py:106} INFO - /opt/***/src/data/make_dataset.py:144: FutureWarning: DataFrame.fillna with 'method' is deprecated and will raise in a future version. Use obj.ffill() or obj.bfill() instead.
[2025-04-14T08:00:02.242+0000] {subprocess.py:106} INFO -   df = aligned_data[ticker][feature_columns + ['Target']].fillna(method='ffill').fillna(method='bfill')
[2025-04-14T08:00:02.243+0000] {subprocess.py:106} INFO - /opt/***/src/data/make_dataset.py:144: FutureWarning: DataFrame.fillna with 'method' is deprecated and will raise in a future version. Use obj.ffill() or obj.bfill() instead.
[2025-04-14T08:00:02.243+0000] {subprocess.py:106} INFO -   df = aligned_data[ticker][feature_columns + ['Target']].fillna(method='ffill').fillna(method='bfill')
[2025-04-14T08:00:02.244+0000] {subprocess.py:106} INFO - /opt/***/src/data/make_dataset.py:144: FutureWarning: DataFrame.fillna with 'method' is deprecated and will raise in a future version. Use obj.ffill() or obj.bfill() instead.
[2025-04-14T08:00:02.245+0000] {subprocess.py:106} INFO -   df = aligned_data[ticker][feature_columns + ['Target']].fillna(method='ffill').fillna(method='bfill')
[2025-04-14T08:00:02.245+0000] {subprocess.py:106} INFO - /opt/***/src/data/make_dataset.py:144: FutureWarning: DataFrame.fillna with 'method' is deprecated and will raise in a future version. Use obj.ffill() or obj.bfill() instead.
[2025-04-14T08:00:02.246+0000] {subprocess.py:106} INFO -   df = aligned_data[ticker][feature_columns + ['Target']].fillna(method='ffill').fillna(method='bfill')
[2025-04-14T08:00:02.247+0000] {subprocess.py:106} INFO - /opt/***/src/data/make_dataset.py:144: FutureWarning: DataFrame.fillna with 'method' is deprecated and will raise in a future version. Use obj.ffill() or obj.bfill() instead.
[2025-04-14T08:00:02.247+0000] {subprocess.py:106} INFO -   df = aligned_data[ticker][feature_columns + ['Target']].fillna(method='ffill').fillna(method='bfill')
[2025-04-14T08:00:02.248+0000] {subprocess.py:106} INFO - /opt/***/src/data/make_dataset.py:144: FutureWarning: DataFrame.fillna with 'method' is deprecated and will raise in a future version. Use obj.ffill() or obj.bfill() instead.
[2025-04-14T08:00:02.248+0000] {subprocess.py:106} INFO -   df = aligned_data[ticker][feature_columns + ['Target']].fillna(method='ffill').fillna(method='bfill')
[2025-04-14T08:00:02.249+0000] {subprocess.py:106} INFO - /opt/***/src/data/make_dataset.py:144: FutureWarning: DataFrame.fillna with 'method' is deprecated and will raise in a future version. Use obj.ffill() or obj.bfill() instead.
[2025-04-14T08:00:02.249+0000] {subprocess.py:106} INFO -   df = aligned_data[ticker][feature_columns + ['Target']].fillna(method='ffill').fillna(method='bfill')
[2025-04-14T08:00:02.250+0000] {subprocess.py:106} INFO - 2025-04-14 08:00:02,250 - __main__ - INFO - Processed data shape: (752, 7, 16)
[2025-04-14T08:00:02.251+0000] {subprocess.py:106} INFO - 2025-04-14 08:00:02,250 - __main__ - INFO - Targets shape: (752, 7)
[2025-04-14T08:00:02.251+0000] {subprocess.py:106} INFO - 2025-04-14 08:00:02,250 - __main__ - INFO - Final tickers in order: ['AAPL', 'MA', 'CSCO', 'MSFT', 'AMZN', 'GOOG', 'IBM']
[2025-04-14T08:00:02.251+0000] {subprocess.py:106} INFO - 2025-04-14 08:00:02,250 - __main__ - INFO - --- Finished Data Alignment & Processing ---
[2025-04-14T08:00:02.252+0000] {subprocess.py:106} INFO - 2025-04-14 08:00:02,252 - __main__ - INFO - Attempting to save to absolute path: /opt/***/data/processed/all_processed_data.npz
[2025-04-14T08:00:02.267+0000] {subprocess.py:106} INFO - 2025-04-14 08:00:02,267 - __main__ - INFO - Successfully saved processed data to /opt/***/data/processed/all_processed_data.npz
[2025-04-14T08:00:02.269+0000] {subprocess.py:106} INFO - 2025-04-14 08:00:02,269 - __main__ - INFO - Verified file exists at: /opt/***/data/processed/all_processed_data.npz
[2025-04-14T08:00:02.271+0000] {subprocess.py:106} INFO - 2025-04-14 08:00:02,269 - __main__ - INFO - Data processing script finished.
[2025-04-14T08:00:02.277+0000] {subprocess.py:106} INFO - --- PRINT TEST: Starting Data Loading ---
[2025-04-14T08:00:02.282+0000] {subprocess.py:106} INFO - Filtering highly correlated features with threshold 0.9
[2025-04-14T08:00:02.282+0000] {subprocess.py:106} INFO - Identified 20 highly correlated features to remove: ['High', 'Low', 'Close', 'EMA_50', 'EMA_200', 'BB_High', 'BB_Low', 'OBV', 'SMA_50', 'VWAP', 'PSAR', 'Stochastic_D', 'CCI', 'Williams_R', 'Donchian_High', 'Donchian_Low', 'Keltner_High', 'Keltner_Low', 'DI_Positive', 'DI_Negative']
[2025-04-14T08:00:02.283+0000] {subprocess.py:106} INFO - Excluding 'Close' column from removal list.
[2025-04-14T08:00:02.283+0000] {subprocess.py:106} INFO - Final list of 19 features to remove: ['High', 'Low', 'EMA_50', 'EMA_200', 'BB_High', 'BB_Low', 'OBV', 'SMA_50', 'VWAP', 'PSAR', 'Stochastic_D', 'CCI', 'Williams_R', 'Donchian_High', 'Donchian_Low', 'Keltner_High', 'Keltner_Low', 'DI_Positive', 'DI_Negative']
[2025-04-14T08:00:02.369+0000] {subprocess.py:110} INFO - Command exited with return code 0
[2025-04-14T08:00:02.386+0000] {taskinstance.py:341} INFO - ::group::Post task execution logs
[2025-04-14T08:00:02.386+0000] {taskinstance.py:353} INFO - Marking task as SUCCESS. dag_id=lstm_stock_prediction_refactored, task_id=process_data, run_id=scheduled__2025-04-07T08:00:00+00:00, execution_date=20250407T080000, start_date=20250414T080000, end_date=20250414T080002
[2025-04-14T08:00:02.428+0000] {local_task_job_runner.py:266} INFO - Task exited with return code 0
[2025-04-14T08:00:02.448+0000] {taskinstance.py:3901} INFO - 1 downstream tasks scheduled from follow-on schedule check
[2025-04-14T08:00:02.450+0000] {local_task_job_runner.py:245} INFO - ::endgroup::
