[2025-04-23T07:04:03.222+0000] {local_task_job_runner.py:123} INFO - ::group::Pre task execution logs
[2025-04-23T07:04:03.234+0000] {taskinstance.py:2614} INFO - Dependencies all met for dep_context=non-requeueable deps ti=<TaskInstance: lstm_stock_prediction_refactored.process_data manual__2025-04-23T07:04:02.258514+00:00 [queued]>
[2025-04-23T07:04:03.242+0000] {taskinstance.py:2614} INFO - Dependencies all met for dep_context=requeueable deps ti=<TaskInstance: lstm_stock_prediction_refactored.process_data manual__2025-04-23T07:04:02.258514+00:00 [queued]>
[2025-04-23T07:04:03.244+0000] {taskinstance.py:2867} INFO - Starting attempt 1 of 2
[2025-04-23T07:04:03.255+0000] {taskinstance.py:2890} INFO - Executing <Task(BashOperator): process_data> on 2025-04-23 07:04:02.258514+00:00
[2025-04-23T07:04:03.261+0000] {standard_task_runner.py:72} INFO - Started process 608 to run task
[2025-04-23T07:04:03.265+0000] {standard_task_runner.py:104} INFO - Running: ['***', 'tasks', 'run', 'lstm_stock_prediction_refactored', 'process_data', 'manual__2025-04-23T07:04:02.258514+00:00', '--job-id', '103', '--raw', '--subdir', 'DAGS_FOLDER/lstm_refactored_dag.py', '--cfg-path', '/tmp/tmp6g_3mgr6']
[2025-04-23T07:04:03.268+0000] {standard_task_runner.py:105} INFO - Job 103: Subtask process_data
[2025-04-23T07:04:03.326+0000] {task_command.py:467} INFO - Running <TaskInstance: lstm_stock_prediction_refactored.process_data manual__2025-04-23T07:04:02.258514+00:00 [running]> on host 7f98232cb4c4
[2025-04-23T07:04:03.419+0000] {taskinstance.py:3134} INFO - Exporting env vars: AIRFLOW_CTX_DAG_OWNER='***_team' AIRFLOW_CTX_DAG_ID='lstm_stock_prediction_refactored' AIRFLOW_CTX_TASK_ID='process_data' AIRFLOW_CTX_EXECUTION_DATE='2025-04-23T07:04:02.258514+00:00' AIRFLOW_CTX_TRY_NUMBER='1' AIRFLOW_CTX_DAG_RUN_ID='manual__2025-04-23T07:04:02.258514+00:00'
[2025-04-23T07:04:03.421+0000] {taskinstance.py:732} INFO - ::endgroup::
[2025-04-23T07:04:03.433+0000] {subprocess.py:78} INFO - Tmp dir root location: /tmp
[2025-04-23T07:04:03.435+0000] {subprocess.py:88} INFO - Running command: ['/usr/bin/bash', '-c', 'python /opt/***/src/data/make_dataset.py --config /opt/***/config/params.yaml']
[2025-04-23T07:04:03.446+0000] {subprocess.py:99} INFO - Output:
[2025-04-23T07:04:04.188+0000] {subprocess.py:106} INFO - 2025-04-23 07:04:04,188 - __main__ - INFO - Starting data processing script with config: /opt/***/config/params.yaml
[2025-04-23T07:04:04.195+0000] {subprocess.py:106} INFO - 2025-04-23 07:04:04,194 - __main__ - INFO - Raw data directory: /opt/***/data/raw
[2025-04-23T07:04:04.195+0000] {subprocess.py:106} INFO - 2025-04-23 07:04:04,195 - __main__ - INFO - Processed data output path: /opt/***/data/processed/all_processed_data.npz
[2025-04-23T07:04:04.196+0000] {subprocess.py:106} INFO - 2025-04-23 07:04:04,195 - __main__ - INFO - --- Starting Data Loading ---
[2025-04-23T07:04:04.197+0000] {subprocess.py:106} INFO - 2025-04-23 07:04:04,196 - __main__ - INFO - Attempting to use RELATIVE output dir: /opt/***/data/raw
[2025-04-23T07:04:04.197+0000] {subprocess.py:106} INFO - 2025-04-23 07:04:04,196 - __main__ - INFO - Attempting to use ABSOLUTE output dir: /opt/***/data/raw
[2025-04-23T07:04:04.198+0000] {subprocess.py:106} INFO - 2025-04-23 07:04:04,196 - __main__ - INFO - Current Working Directory inside container: /tmp/***tmpwfw7fa4z
[2025-04-23T07:04:04.198+0000] {subprocess.py:106} INFO - 2025-04-23 07:04:04,196 - __main__ - INFO - Attempting to create directory: /opt/***/data/raw
[2025-04-23T07:04:04.199+0000] {subprocess.py:106} INFO - 2025-04-23 07:04:04,197 - __main__ - INFO - Successfully called mkdir for: /opt/***/data/raw (might not indicate success if permissions are wrong)
[2025-04-23T07:04:04.200+0000] {subprocess.py:106} INFO - 2025-04-23 07:04:04,197 - __main__ - INFO - Saving raw data to: /opt/***/data/raw
[2025-04-23T07:04:04.201+0000] {subprocess.py:106} INFO - 2025-04-23 07:04:04,198 - __main__ - INFO - Skipping download for AAPL, file exists: /opt/***/data/raw/AAPL_raw.pkl
[2025-04-23T07:04:04.202+0000] {subprocess.py:106} INFO - 2025-04-23 07:04:04,200 - __main__ - INFO - Skipping download for MA, file exists: /opt/***/data/raw/MA_raw.pkl
[2025-04-23T07:04:04.202+0000] {subprocess.py:106} INFO - 2025-04-23 07:04:04,201 - __main__ - INFO - Skipping download for CSCO, file exists: /opt/***/data/raw/CSCO_raw.pkl
[2025-04-23T07:04:04.203+0000] {subprocess.py:106} INFO - 2025-04-23 07:04:04,202 - __main__ - INFO - Skipping download for MSFT, file exists: /opt/***/data/raw/MSFT_raw.pkl
[2025-04-23T07:04:04.204+0000] {subprocess.py:106} INFO - 2025-04-23 07:04:04,203 - __main__ - INFO - Skipping download for AMZN, file exists: /opt/***/data/raw/AMZN_raw.pkl
[2025-04-23T07:04:04.204+0000] {subprocess.py:106} INFO - 2025-04-23 07:04:04,204 - __main__ - INFO - Skipping download for GOOG, file exists: /opt/***/data/raw/GOOG_raw.pkl
[2025-04-23T07:04:04.205+0000] {subprocess.py:106} INFO - 2025-04-23 07:04:04,205 - __main__ - INFO - Skipping download for IBM, file exists: /opt/***/data/raw/IBM_raw.pkl
[2025-04-23T07:04:04.206+0000] {subprocess.py:106} INFO - 2025-04-23 07:04:04,205 - __main__ - INFO - --- Finished Data Loading ---
[2025-04-23T07:04:04.231+0000] {subprocess.py:106} INFO - 2025-04-23 07:04:04,231 - __main__ - INFO - --- Starting Feature Engineering (Indicators) ---
[2025-04-23T07:04:04.254+0000] {subprocess.py:106} INFO - /home/***/.local/lib/python3.11/site-packages/ta/trend.py:1030: FutureWarning: Series.__setitem__ treating keys as positions is deprecated. In a future version, integer keys will always be treated as labels (consistent with DataFrame behavior). To set a value by position, use `ser.iloc[pos] = value`
[2025-04-23T07:04:04.255+0000] {subprocess.py:106} INFO -   self._psar[i] = high2
[2025-04-23T07:04:04.353+0000] {subprocess.py:106} INFO - /home/***/.local/lib/python3.11/site-packages/ta/trend.py:1030: FutureWarning: Series.__setitem__ treating keys as positions is deprecated. In a future version, integer keys will always be treated as labels (consistent with DataFrame behavior). To set a value by position, use `ser.iloc[pos] = value`
[2025-04-23T07:04:04.354+0000] {subprocess.py:106} INFO -   self._psar[i] = high2
[2025-04-23T07:04:04.453+0000] {subprocess.py:106} INFO - /home/***/.local/lib/python3.11/site-packages/ta/trend.py:1030: FutureWarning: Series.__setitem__ treating keys as positions is deprecated. In a future version, integer keys will always be treated as labels (consistent with DataFrame behavior). To set a value by position, use `ser.iloc[pos] = value`
[2025-04-23T07:04:04.455+0000] {subprocess.py:106} INFO -   self._psar[i] = high2
[2025-04-23T07:04:04.543+0000] {subprocess.py:106} INFO - /home/***/.local/lib/python3.11/site-packages/ta/trend.py:1030: FutureWarning: Series.__setitem__ treating keys as positions is deprecated. In a future version, integer keys will always be treated as labels (consistent with DataFrame behavior). To set a value by position, use `ser.iloc[pos] = value`
[2025-04-23T07:04:04.544+0000] {subprocess.py:106} INFO -   self._psar[i] = high2
[2025-04-23T07:04:04.646+0000] {subprocess.py:106} INFO - /home/***/.local/lib/python3.11/site-packages/ta/trend.py:1030: FutureWarning: Series.__setitem__ treating keys as positions is deprecated. In a future version, integer keys will always be treated as labels (consistent with DataFrame behavior). To set a value by position, use `ser.iloc[pos] = value`
[2025-04-23T07:04:04.648+0000] {subprocess.py:106} INFO -   self._psar[i] = high2
[2025-04-23T07:04:04.740+0000] {subprocess.py:106} INFO - /home/***/.local/lib/python3.11/site-packages/ta/trend.py:1030: FutureWarning: Series.__setitem__ treating keys as positions is deprecated. In a future version, integer keys will always be treated as labels (consistent with DataFrame behavior). To set a value by position, use `ser.iloc[pos] = value`
[2025-04-23T07:04:04.742+0000] {subprocess.py:106} INFO -   self._psar[i] = high2
[2025-04-23T07:04:04.878+0000] {subprocess.py:106} INFO - /home/***/.local/lib/python3.11/site-packages/ta/trend.py:1030: FutureWarning: Series.__setitem__ treating keys as positions is deprecated. In a future version, integer keys will always be treated as labels (consistent with DataFrame behavior). To set a value by position, use `ser.iloc[pos] = value`
[2025-04-23T07:04:04.880+0000] {subprocess.py:106} INFO -   self._psar[i] = high2
[2025-04-23T07:04:04.947+0000] {subprocess.py:106} INFO - 2025-04-23 07:04:04,947 - __main__ - INFO - --- Finished Feature Engineering (Indicators) ---
[2025-04-23T07:04:04.948+0000] {subprocess.py:106} INFO - 2025-04-23 07:04:04,947 - __main__ - INFO - --- Starting Feature Filtering ---
[2025-04-23T07:04:04.956+0000] {subprocess.py:106} INFO - 2025-04-23 07:04:04,956 - __main__ - INFO - Features remaining after filtering: 16
[2025-04-23T07:04:04.958+0000] {subprocess.py:106} INFO - 2025-04-23 07:04:04,956 - __main__ - INFO - --- Finished Feature Filtering ---
[2025-04-23T07:04:04.958+0000] {subprocess.py:106} INFO - 2025-04-23 07:04:04,956 - __main__ - INFO - --- Starting Data Alignment & Processing ---
[2025-04-23T07:04:04.996+0000] {subprocess.py:106} INFO - /opt/***/src/data/make_dataset.py:144: FutureWarning: DataFrame.fillna with 'method' is deprecated and will raise in a future version. Use obj.ffill() or obj.bfill() instead.
[2025-04-23T07:04:04.997+0000] {subprocess.py:106} INFO -   df = aligned_data[ticker][feature_columns + ['Target']].fillna(method='ffill').fillna(method='bfill')
[2025-04-23T07:04:04.999+0000] {subprocess.py:106} INFO - /opt/***/src/data/make_dataset.py:144: FutureWarning: DataFrame.fillna with 'method' is deprecated and will raise in a future version. Use obj.ffill() or obj.bfill() instead.
[2025-04-23T07:04:05.000+0000] {subprocess.py:106} INFO -   df = aligned_data[ticker][feature_columns + ['Target']].fillna(method='ffill').fillna(method='bfill')
[2025-04-23T07:04:05.000+0000] {subprocess.py:106} INFO - /opt/***/src/data/make_dataset.py:144: FutureWarning: DataFrame.fillna with 'method' is deprecated and will raise in a future version. Use obj.ffill() or obj.bfill() instead.
[2025-04-23T07:04:05.001+0000] {subprocess.py:106} INFO -   df = aligned_data[ticker][feature_columns + ['Target']].fillna(method='ffill').fillna(method='bfill')
[2025-04-23T07:04:05.002+0000] {subprocess.py:106} INFO - /opt/***/src/data/make_dataset.py:144: FutureWarning: DataFrame.fillna with 'method' is deprecated and will raise in a future version. Use obj.ffill() or obj.bfill() instead.
[2025-04-23T07:04:05.003+0000] {subprocess.py:106} INFO -   df = aligned_data[ticker][feature_columns + ['Target']].fillna(method='ffill').fillna(method='bfill')
[2025-04-23T07:04:05.004+0000] {subprocess.py:106} INFO - /opt/***/src/data/make_dataset.py:144: FutureWarning: DataFrame.fillna with 'method' is deprecated and will raise in a future version. Use obj.ffill() or obj.bfill() instead.
[2025-04-23T07:04:05.004+0000] {subprocess.py:106} INFO -   df = aligned_data[ticker][feature_columns + ['Target']].fillna(method='ffill').fillna(method='bfill')
[2025-04-23T07:04:05.005+0000] {subprocess.py:106} INFO - /opt/***/src/data/make_dataset.py:144: FutureWarning: DataFrame.fillna with 'method' is deprecated and will raise in a future version. Use obj.ffill() or obj.bfill() instead.
[2025-04-23T07:04:05.006+0000] {subprocess.py:106} INFO -   df = aligned_data[ticker][feature_columns + ['Target']].fillna(method='ffill').fillna(method='bfill')
[2025-04-23T07:04:05.007+0000] {subprocess.py:106} INFO - /opt/***/src/data/make_dataset.py:144: FutureWarning: DataFrame.fillna with 'method' is deprecated and will raise in a future version. Use obj.ffill() or obj.bfill() instead.
[2025-04-23T07:04:05.008+0000] {subprocess.py:106} INFO -   df = aligned_data[ticker][feature_columns + ['Target']].fillna(method='ffill').fillna(method='bfill')
[2025-04-23T07:04:05.009+0000] {subprocess.py:106} INFO - 2025-04-23 07:04:05,009 - __main__ - INFO - Processed data shape: (752, 7, 16)
[2025-04-23T07:04:05.009+0000] {subprocess.py:106} INFO - 2025-04-23 07:04:05,009 - __main__ - INFO - Targets shape: (752, 7)
[2025-04-23T07:04:05.010+0000] {subprocess.py:106} INFO - 2025-04-23 07:04:05,009 - __main__ - INFO - Final tickers in order: ['AAPL', 'MA', 'CSCO', 'MSFT', 'AMZN', 'GOOG', 'IBM']
[2025-04-23T07:04:05.011+0000] {subprocess.py:106} INFO - 2025-04-23 07:04:05,009 - __main__ - INFO - --- Finished Data Alignment & Processing ---
[2025-04-23T07:04:05.012+0000] {subprocess.py:106} INFO - 2025-04-23 07:04:05,012 - __main__ - INFO - Attempting to save to absolute path: /opt/***/data/processed/all_processed_data.npz
[2025-04-23T07:04:05.020+0000] {subprocess.py:106} INFO - 2025-04-23 07:04:05,020 - __main__ - INFO - Successfully saved processed data to /opt/***/data/processed/all_processed_data.npz
[2025-04-23T07:04:05.021+0000] {subprocess.py:106} INFO - 2025-04-23 07:04:05,021 - __main__ - INFO - Verified file exists at: /opt/***/data/processed/all_processed_data.npz
[2025-04-23T07:04:05.022+0000] {subprocess.py:106} INFO - 2025-04-23 07:04:05,022 - __main__ - INFO - Data processing script finished.
[2025-04-23T07:04:05.023+0000] {subprocess.py:106} INFO - --- PRINT TEST: Starting Data Loading ---
[2025-04-23T07:04:05.024+0000] {subprocess.py:106} INFO - Filtering highly correlated features with threshold 0.9
[2025-04-23T07:04:05.024+0000] {subprocess.py:106} INFO - Identified 20 highly correlated features to remove: ['High', 'Low', 'Close', 'EMA_50', 'EMA_200', 'BB_High', 'BB_Low', 'OBV', 'SMA_50', 'VWAP', 'PSAR', 'Stochastic_D', 'CCI', 'Williams_R', 'Donchian_High', 'Donchian_Low', 'Keltner_High', 'Keltner_Low', 'DI_Positive', 'DI_Negative']
[2025-04-23T07:04:05.025+0000] {subprocess.py:106} INFO - Excluding 'Close' column from removal list.
[2025-04-23T07:04:05.026+0000] {subprocess.py:106} INFO - Final list of 19 features to remove: ['High', 'Low', 'EMA_50', 'EMA_200', 'BB_High', 'BB_Low', 'OBV', 'SMA_50', 'VWAP', 'PSAR', 'Stochastic_D', 'CCI', 'Williams_R', 'Donchian_High', 'Donchian_Low', 'Keltner_High', 'Keltner_Low', 'DI_Positive', 'DI_Negative']
[2025-04-23T07:04:05.120+0000] {subprocess.py:110} INFO - Command exited with return code 0
[2025-04-23T07:04:05.139+0000] {taskinstance.py:341} INFO - ::group::Post task execution logs
[2025-04-23T07:04:05.140+0000] {taskinstance.py:353} INFO - Marking task as SUCCESS. dag_id=lstm_stock_prediction_refactored, task_id=process_data, run_id=manual__2025-04-23T07:04:02.258514+00:00, execution_date=20250423T070402, start_date=20250423T070403, end_date=20250423T070405
[2025-04-23T07:04:05.169+0000] {local_task_job_runner.py:266} INFO - Task exited with return code 0
[2025-04-23T07:04:05.192+0000] {taskinstance.py:3901} INFO - 1 downstream tasks scheduled from follow-on schedule check
[2025-04-23T07:04:05.194+0000] {local_task_job_runner.py:245} INFO - ::endgroup::
