[2025-04-22T08:25:47.407+0000] {local_task_job_runner.py:123} INFO - ::group::Pre task execution logs
[2025-04-22T08:25:47.427+0000] {taskinstance.py:2614} INFO - Dependencies all met for dep_context=non-requeueable deps ti=<TaskInstance: lstm_stock_prediction_refactored.optimize_hyperparams manual__2025-04-22T08:25:31.917598+00:00 [queued]>
[2025-04-22T08:25:47.443+0000] {taskinstance.py:2614} INFO - Dependencies all met for dep_context=requeueable deps ti=<TaskInstance: lstm_stock_prediction_refactored.optimize_hyperparams manual__2025-04-22T08:25:31.917598+00:00 [queued]>
[2025-04-22T08:25:47.444+0000] {taskinstance.py:2867} INFO - Starting attempt 1 of 2
[2025-04-22T08:25:47.460+0000] {taskinstance.py:2890} INFO - Executing <Task(BashOperator): optimize_hyperparams> on 2025-04-22 08:25:31.917598+00:00
[2025-04-22T08:25:47.468+0000] {standard_task_runner.py:72} INFO - Started process 558 to run task
[2025-04-22T08:25:47.470+0000] {standard_task_runner.py:104} INFO - Running: ['***', 'tasks', 'run', 'lstm_stock_prediction_refactored', 'optimize_hyperparams', 'manual__2025-04-22T08:25:31.917598+00:00', '--job-id', '23', '--raw', '--subdir', 'DAGS_FOLDER/lstm_refactored_dag.py', '--cfg-path', '/tmp/tmpe8tb6v_f']
[2025-04-22T08:25:47.472+0000] {standard_task_runner.py:105} INFO - Job 23: Subtask optimize_hyperparams
[2025-04-22T08:25:47.513+0000] {task_command.py:467} INFO - Running <TaskInstance: lstm_stock_prediction_refactored.optimize_hyperparams manual__2025-04-22T08:25:31.917598+00:00 [running]> on host a528bcf7a8c9
[2025-04-22T08:25:47.602+0000] {taskinstance.py:3134} INFO - Exporting env vars: AIRFLOW_CTX_DAG_OWNER='***_team' AIRFLOW_CTX_DAG_ID='lstm_stock_prediction_refactored' AIRFLOW_CTX_TASK_ID='optimize_hyperparams' AIRFLOW_CTX_EXECUTION_DATE='2025-04-22T08:25:31.917598+00:00' AIRFLOW_CTX_TRY_NUMBER='1' AIRFLOW_CTX_DAG_RUN_ID='manual__2025-04-22T08:25:31.917598+00:00'
[2025-04-22T08:25:47.604+0000] {taskinstance.py:732} INFO - ::endgroup::
[2025-04-22T08:25:47.625+0000] {subprocess.py:78} INFO - Tmp dir root location: /tmp
[2025-04-22T08:25:47.627+0000] {subprocess.py:88} INFO - Running command: ['/usr/bin/bash', '-c', 'python /opt/***/src/models/optimize_hyperparams.py --config /opt/***/config/params.yaml']
[2025-04-22T08:25:47.642+0000] {subprocess.py:99} INFO - Output:
[2025-04-22T08:25:52.336+0000] {subprocess.py:106} INFO - mkdir -p failed for path /home/***/.cache/matplotlib: [Errno 13] Permission denied: '/home/***/.cache/matplotlib'
[2025-04-22T08:25:52.337+0000] {subprocess.py:106} INFO - Matplotlib created a temporary cache directory at /tmp/matplotlib-usdkoohw because there was an issue with the default path (/home/***/.cache/matplotlib); it is highly recommended to set the MPLCONFIGDIR environment variable to a writable directory, in particular to speed up the import of Matplotlib and to better support multiprocessing.
[2025-04-22T08:25:58.608+0000] {subprocess.py:106} INFO - [I 2025-04-22 08:25:58,608] A new study created in memory with name: no-name-385af777-a91f-4503-b45c-a70b652317f1
[2025-04-22T08:26:08.994+0000] {subprocess.py:106} INFO - [I 2025-04-22 08:26:08,994] Trial 0 finished with value: 0.09803723134100437 and parameters: {'batch_size': 16, 'hidden_size': 64, 'num_layers': 3, 'dropout_rate': 0.1, 'learning_rate': 0.0007513969784398326, 'model_type': 'lstm_attention'}. Best is trial 0 with value: 0.09803723134100437.
[2025-04-22T08:26:09.001+0000] {subprocess.py:106} INFO - Using device: cpu
[2025-04-22T08:26:09.002+0000] {subprocess.py:106} INFO - --- Loading Scaled Data from /opt/***/data/features/split_scaled_data.npz ---
[2025-04-22T08:26:09.003+0000] {subprocess.py:106} INFO - --- Finished Loading Scaled Data ---
[2025-04-22T08:26:09.003+0000] {subprocess.py:106} INFO - --- Loading Scalers from /opt/***/data/processed/scalers.pkl ---
[2025-04-22T08:26:09.004+0000] {subprocess.py:106} INFO - --- Finished Loading Scalers ---
[2025-04-22T08:26:09.004+0000] {subprocess.py:106} INFO - --- Starting Optuna Optimization (1 trials) ---
[2025-04-22T08:26:09.005+0000] {subprocess.py:106} INFO - Early stopping at epoch 9
[2025-04-22T08:26:09.006+0000] {subprocess.py:106} INFO - --- Finished Optuna Optimization ---
[2025-04-22T08:26:09.006+0000] {subprocess.py:106} INFO - Best trial value (loss): 0.09803723134100437
[2025-04-22T08:26:09.007+0000] {subprocess.py:106} INFO - Best parameters: {'batch_size': 16, 'hidden_size': 64, 'num_layers': 3, 'dropout_rate': 0.1, 'learning_rate': 0.0007513969784398326, 'model_type': 'lstm_attention'}
[2025-04-22T08:26:09.007+0000] {subprocess.py:106} INFO - --- Saving Best Parameters to /opt/***/config/best_params.json ---
[2025-04-22T08:26:09.008+0000] {subprocess.py:106} INFO - --- Finished Saving Best Parameters ---
[2025-04-22T08:26:10.148+0000] {subprocess.py:110} INFO - Command exited with return code 0
[2025-04-22T08:26:10.206+0000] {taskinstance.py:341} INFO - ::group::Post task execution logs
[2025-04-22T08:26:10.207+0000] {taskinstance.py:353} INFO - Marking task as SUCCESS. dag_id=lstm_stock_prediction_refactored, task_id=optimize_hyperparams, run_id=manual__2025-04-22T08:25:31.917598+00:00, execution_date=20250422T082531, start_date=20250422T082547, end_date=20250422T082610
[2025-04-22T08:26:10.264+0000] {local_task_job_runner.py:266} INFO - Task exited with return code 0
[2025-04-22T08:26:10.294+0000] {taskinstance.py:3901} INFO - 1 downstream tasks scheduled from follow-on schedule check
[2025-04-22T08:26:10.297+0000] {local_task_job_runner.py:245} INFO - ::endgroup::
