[2025-04-22T08:26:10.891+0000] {local_task_job_runner.py:123} INFO - ::group::Pre task execution logs
[2025-04-22T08:26:10.927+0000] {taskinstance.py:2614} INFO - Dependencies all met for dep_context=non-requeueable deps ti=<TaskInstance: lstm_stock_prediction_refactored.train_final_model manual__2025-04-22T08:25:31.917598+00:00 [queued]>
[2025-04-22T08:26:10.952+0000] {taskinstance.py:2614} INFO - Dependencies all met for dep_context=requeueable deps ti=<TaskInstance: lstm_stock_prediction_refactored.train_final_model manual__2025-04-22T08:25:31.917598+00:00 [queued]>
[2025-04-22T08:26:10.954+0000] {taskinstance.py:2867} INFO - Starting attempt 1 of 2
[2025-04-22T08:26:10.969+0000] {taskinstance.py:2890} INFO - Executing <Task(BashOperator): train_final_model> on 2025-04-22 08:25:31.917598+00:00
[2025-04-22T08:26:10.976+0000] {standard_task_runner.py:72} INFO - Started process 633 to run task
[2025-04-22T08:26:10.979+0000] {standard_task_runner.py:104} INFO - Running: ['***', 'tasks', 'run', 'lstm_stock_prediction_refactored', 'train_final_model', 'manual__2025-04-22T08:25:31.917598+00:00', '--job-id', '25', '--raw', '--subdir', 'DAGS_FOLDER/lstm_refactored_dag.py', '--cfg-path', '/tmp/tmp67pn_jbk']
[2025-04-22T08:26:10.982+0000] {standard_task_runner.py:105} INFO - Job 25: Subtask train_final_model
[2025-04-22T08:26:11.029+0000] {task_command.py:467} INFO - Running <TaskInstance: lstm_stock_prediction_refactored.train_final_model manual__2025-04-22T08:25:31.917598+00:00 [running]> on host a528bcf7a8c9
[2025-04-22T08:26:11.136+0000] {taskinstance.py:3134} INFO - Exporting env vars: AIRFLOW_CTX_DAG_OWNER='***_team' AIRFLOW_CTX_DAG_ID='lstm_stock_prediction_refactored' AIRFLOW_CTX_TASK_ID='train_final_model' AIRFLOW_CTX_EXECUTION_DATE='2025-04-22T08:25:31.917598+00:00' AIRFLOW_CTX_TRY_NUMBER='1' AIRFLOW_CTX_DAG_RUN_ID='manual__2025-04-22T08:25:31.917598+00:00'
[2025-04-22T08:26:11.137+0000] {taskinstance.py:732} INFO - ::endgroup::
[2025-04-22T08:26:11.155+0000] {subprocess.py:78} INFO - Tmp dir root location: /tmp
[2025-04-22T08:26:11.158+0000] {subprocess.py:88} INFO - Running command: ['/usr/bin/bash', '-c', 'python /opt/***/src/models/train_model.py --config /opt/***/config/params.yaml']
[2025-04-22T08:26:11.170+0000] {subprocess.py:99} INFO - Output:
[2025-04-22T08:26:20.628+0000] {subprocess.py:106} INFO - 2025/04/22 08:26:20 WARNING mlflow.utils.git_utils: Failed to import Git (the Git executable is probably not on your PATH), so Git SHA is not available. Error: Failed to initialize: Bad git executable.
[2025-04-22T08:26:20.629+0000] {subprocess.py:106} INFO - The git executable must be specified in one of the following ways:
[2025-04-22T08:26:20.630+0000] {subprocess.py:106} INFO -     - be included in your $PATH
[2025-04-22T08:26:20.630+0000] {subprocess.py:106} INFO -     - be set via $GIT_PYTHON_GIT_EXECUTABLE
[2025-04-22T08:26:20.631+0000] {subprocess.py:106} INFO -     - explicitly set via git.refresh(<full-path-to-git-executable>)
[2025-04-22T08:26:20.632+0000] {subprocess.py:106} INFO - 
[2025-04-22T08:26:20.632+0000] {subprocess.py:106} INFO - All git commands will error until this is rectified.
[2025-04-22T08:26:20.633+0000] {subprocess.py:106} INFO - 
[2025-04-22T08:26:20.634+0000] {subprocess.py:106} INFO - This initial message can be silenced or aggravated in the future by setting the
[2025-04-22T08:26:20.634+0000] {subprocess.py:106} INFO - $GIT_PYTHON_REFRESH environment variable. Use one of the following values:
[2025-04-22T08:26:20.635+0000] {subprocess.py:106} INFO -     - quiet|q|silence|s|silent|none|n|0: for no message or exception
[2025-04-22T08:26:20.636+0000] {subprocess.py:106} INFO -     - warn|w|warning|log|l|1: for a warning message (logging level CRITICAL, displayed by default)
[2025-04-22T08:26:20.636+0000] {subprocess.py:106} INFO -     - error|e|exception|raise|r|2: for a raised exception
[2025-04-22T08:26:20.637+0000] {subprocess.py:106} INFO - 
[2025-04-22T08:26:20.638+0000] {subprocess.py:106} INFO - Example:
[2025-04-22T08:26:20.638+0000] {subprocess.py:106} INFO -     export GIT_PYTHON_REFRESH=quiet
[2025-04-22T08:26:20.639+0000] {subprocess.py:106} INFO - 
[2025-04-22T08:27:03.192+0000] {job.py:229} INFO - Heartbeat recovered after 32.00 seconds
[2025-04-22T08:27:05.430+0000] {subprocess.py:106} INFO - [31m2025/04/22 08:27:05 WARNING mlflow.models.model: Model logged without a signature and input example. Please set `input_example` parameter when logging the model to auto infer the model signature.[0m
[2025-04-22T08:27:07.741+0000] {subprocess.py:106} INFO - Using device: cpu
[2025-04-22T08:27:07.742+0000] {subprocess.py:106} INFO - --- Loading Scaled Data from /opt/***/data/features/split_scaled_data.npz ---
[2025-04-22T08:27:07.743+0000] {subprocess.py:106} INFO - --- Finished Loading Scaled Data ---
[2025-04-22T08:27:07.744+0000] {subprocess.py:106} INFO - --- Loading Scalers from /opt/***/data/processed/scalers.pkl ---
[2025-04-22T08:27:07.745+0000] {subprocess.py:106} INFO - --- Finished Loading Scalers ---
[2025-04-22T08:27:07.746+0000] {subprocess.py:106} INFO - --- Loading Tickers from /opt/***/data/processed/all_processed_data.npz ---
[2025-04-22T08:27:07.747+0000] {subprocess.py:106} INFO - Tickers: ['AAPL', 'MA', 'CSCO', 'MSFT', 'AMZN', 'GOOG', 'IBM']
[2025-04-22T08:27:07.748+0000] {subprocess.py:106} INFO - --- Finished Loading Tickers ---
[2025-04-22T08:27:07.749+0000] {subprocess.py:106} INFO - --- Loading Best Hyperparameters from /opt/***/config/best_params.json ---
[2025-04-22T08:27:07.750+0000] {subprocess.py:106} INFO - Best parameters loaded: {'batch_size': 16, 'hidden_size': 64, 'num_layers': 3, 'dropout_rate': 0.1, 'learning_rate': 0.0007513969784398326, 'model_type': 'lstm_attention'}
[2025-04-22T08:27:07.751+0000] {subprocess.py:106} INFO - --- Finished Loading Best Hyperparameters ---
[2025-04-22T08:27:07.752+0000] {subprocess.py:106} INFO - --- Setting MLflow Experiment: Stock_Price_Prediction_LSTM_Refactored ---
[2025-04-22T08:27:07.753+0000] {subprocess.py:106} INFO - Using MLflow Tracking URI: http://mlflow-server:5000
[2025-04-22T08:27:07.753+0000] {subprocess.py:106} INFO - --- Starting Final Model Training ---
[2025-04-22T08:27:07.754+0000] {subprocess.py:106} INFO - --- MLflow Run Started for Final Training ---
[2025-04-22T08:27:07.755+0000] {subprocess.py:106} INFO - Epoch [1/5], Train Loss: 0.1522, Test Loss: 0.4176
[2025-04-22T08:27:07.755+0000] {subprocess.py:106} INFO - Epoch [2/5], Train Loss: 0.0361, Test Loss: 0.1228
[2025-04-22T08:27:07.756+0000] {subprocess.py:106} INFO - Epoch [3/5], Train Loss: 0.0192, Test Loss: 0.1075
[2025-04-22T08:27:07.757+0000] {subprocess.py:106} INFO - Epoch [4/5], Train Loss: 0.0158, Test Loss: 0.1074
[2025-04-22T08:27:07.757+0000] {subprocess.py:106} INFO - Epoch [5/5], Train Loss: 0.0127, Test Loss: 0.1129
[2025-04-22T08:27:07.758+0000] {subprocess.py:106} INFO - Loaded best model state_dict from training run.
[2025-04-22T08:27:07.759+0000] {subprocess.py:106} INFO - Final model metrics logged to MLflow.
[2025-04-22T08:27:07.759+0000] {subprocess.py:106} INFO - Logging PyTorch model to MLflow...
[2025-04-22T08:27:07.760+0000] {subprocess.py:106} INFO - Model logged.
[2025-04-22T08:27:07.760+0000] {subprocess.py:106} INFO - Generating prediction visualizations...
[2025-04-22T08:27:07.761+0000] {subprocess.py:106} INFO - Visualizations generated and logged.
[2025-04-22T08:27:07.762+0000] {subprocess.py:106} INFO - --- MLflow Run Finished ---
[2025-04-22T08:27:07.762+0000] {subprocess.py:106} INFO - 🏃 View run final_model_training at: http://mlflow-server:5000/#/experiments/568957040361338495/runs/13a0607b22f544a188a5b7d9ac3e8c68
[2025-04-22T08:27:07.763+0000] {subprocess.py:106} INFO - 🧪 View experiment at: http://mlflow-server:5000/#/experiments/568957040361338495
[2025-04-22T08:27:07.764+0000] {subprocess.py:106} INFO - --- Finished Final Model Training ---
[2025-04-22T08:27:07.765+0000] {subprocess.py:106} INFO - 
[2025-04-22T08:27:07.765+0000] {subprocess.py:106} INFO - Final Training Summary:
[2025-04-22T08:27:07.766+0000] {subprocess.py:106} INFO - ========================
[2025-04-22T08:27:07.766+0000] {subprocess.py:106} INFO - test_loss: 0.1129
[2025-04-22T08:27:07.767+0000] {subprocess.py:106} INFO - avg_mse: 1248.7941
[2025-04-22T08:27:07.767+0000] {subprocess.py:106} INFO - avg_mape: 0.1165
[2025-04-22T08:27:07.768+0000] {subprocess.py:106} INFO - avg_direction_accuracy: 0.5228
[2025-04-22T08:27:07.768+0000] {subprocess.py:106} INFO - ========================
[2025-04-22T08:27:10.932+0000] {subprocess.py:110} INFO - Command exited with return code 0
[2025-04-22T08:27:11.080+0000] {taskinstance.py:341} INFO - ::group::Post task execution logs
[2025-04-22T08:27:11.083+0000] {taskinstance.py:353} INFO - Marking task as SUCCESS. dag_id=lstm_stock_prediction_refactored, task_id=train_final_model, run_id=manual__2025-04-22T08:25:31.917598+00:00, execution_date=20250422T082531, start_date=20250422T082610, end_date=20250422T082711
[2025-04-22T08:27:11.185+0000] {local_task_job_runner.py:266} INFO - Task exited with return code 0
[2025-04-22T08:27:11.245+0000] {taskinstance.py:3901} INFO - 1 downstream tasks scheduled from follow-on schedule check
[2025-04-22T08:27:11.248+0000] {local_task_job_runner.py:245} INFO - ::endgroup::
