[2025-04-11T09:38:47.198+0000] {local_task_job_runner.py:123} INFO - ::group::Pre task execution logs
[2025-04-11T09:38:47.218+0000] {taskinstance.py:2614} INFO - Dependencies all met for dep_context=non-requeueable deps ti=<TaskInstance: lstm_stock_prediction_refactored.process_data manual__2025-04-11T09:38:46.502188+00:00 [queued]>
[2025-04-11T09:38:47.232+0000] {taskinstance.py:2614} INFO - Dependencies all met for dep_context=requeueable deps ti=<TaskInstance: lstm_stock_prediction_refactored.process_data manual__2025-04-11T09:38:46.502188+00:00 [queued]>
[2025-04-11T09:38:47.240+0000] {taskinstance.py:2867} INFO - Starting attempt 1 of 2
[2025-04-11T09:38:47.261+0000] {taskinstance.py:2890} INFO - Executing <Task(BashOperator): process_data> on 2025-04-11 09:38:46.502188+00:00
[2025-04-11T09:38:47.269+0000] {standard_task_runner.py:72} INFO - Started process 186 to run task
[2025-04-11T09:38:47.275+0000] {standard_task_runner.py:104} INFO - Running: ['***', 'tasks', 'run', 'lstm_stock_prediction_refactored', 'process_data', 'manual__2025-04-11T09:38:46.502188+00:00', '--job-id', '62', '--raw', '--subdir', 'DAGS_FOLDER/lstm_refactored_dag.py', '--cfg-path', '/tmp/tmpgjcp50iu']
[2025-04-11T09:38:47.278+0000] {standard_task_runner.py:105} INFO - Job 62: Subtask process_data
[2025-04-11T09:38:47.333+0000] {task_command.py:467} INFO - Running <TaskInstance: lstm_stock_prediction_refactored.process_data manual__2025-04-11T09:38:46.502188+00:00 [running]> on host 299156154de8
[2025-04-11T09:38:47.402+0000] {taskinstance.py:3134} INFO - Exporting env vars: AIRFLOW_CTX_DAG_OWNER='***_team' AIRFLOW_CTX_DAG_ID='lstm_stock_prediction_refactored' AIRFLOW_CTX_TASK_ID='process_data' AIRFLOW_CTX_EXECUTION_DATE='2025-04-11T09:38:46.502188+00:00' AIRFLOW_CTX_TRY_NUMBER='1' AIRFLOW_CTX_DAG_RUN_ID='manual__2025-04-11T09:38:46.502188+00:00'
[2025-04-11T09:38:47.403+0000] {taskinstance.py:732} INFO - ::endgroup::
[2025-04-11T09:38:47.413+0000] {subprocess.py:78} INFO - Tmp dir root location: /tmp
[2025-04-11T09:38:47.414+0000] {subprocess.py:88} INFO - Running command: ['/usr/bin/bash', '-c', 'python /opt/***/src/data/make_dataset.py --config /opt/***/config/params.yaml']
[2025-04-11T09:38:47.420+0000] {subprocess.py:99} INFO - Output:
[2025-04-11T09:38:48.265+0000] {subprocess.py:106} INFO - 2025-04-11 09:38:48,265 - __main__ - INFO - Starting data processing script with config: /opt/***/config/params.yaml
[2025-04-11T09:38:48.275+0000] {subprocess.py:106} INFO - 2025-04-11 09:38:48,275 - __main__ - INFO - Raw data directory: /opt/***/data/raw
[2025-04-11T09:38:48.276+0000] {subprocess.py:106} INFO - 2025-04-11 09:38:48,275 - __main__ - INFO - Processed data output path: /opt/***/data/processed/all_processed_data.npz
[2025-04-11T09:38:48.278+0000] {subprocess.py:106} INFO - 2025-04-11 09:38:48,275 - __main__ - INFO - --- Starting Data Loading ---
[2025-04-11T09:38:48.279+0000] {subprocess.py:106} INFO - 2025-04-11 09:38:48,277 - __main__ - INFO - Attempting to use RELATIVE output dir: /opt/***/data/raw
[2025-04-11T09:38:48.279+0000] {subprocess.py:106} INFO - 2025-04-11 09:38:48,277 - __main__ - INFO - Attempting to use ABSOLUTE output dir: /opt/***/data/raw
[2025-04-11T09:38:48.280+0000] {subprocess.py:106} INFO - 2025-04-11 09:38:48,277 - __main__ - INFO - Current Working Directory inside container: /tmp/***tmpmuh7ssrl
[2025-04-11T09:38:48.281+0000] {subprocess.py:106} INFO - 2025-04-11 09:38:48,277 - __main__ - INFO - Attempting to create directory: /opt/***/data/raw
[2025-04-11T09:38:48.281+0000] {subprocess.py:106} INFO - 2025-04-11 09:38:48,278 - __main__ - INFO - Successfully called mkdir for: /opt/***/data/raw (might not indicate success if permissions are wrong)
[2025-04-11T09:38:48.282+0000] {subprocess.py:106} INFO - 2025-04-11 09:38:48,278 - __main__ - INFO - Saving raw data to: /opt/***/data/raw
[2025-04-11T09:38:48.283+0000] {subprocess.py:106} INFO - 2025-04-11 09:38:48,280 - __main__ - INFO - Skipping download for AAPL, file exists: /opt/***/data/raw/AAPL_raw.pkl
[2025-04-11T09:38:48.284+0000] {subprocess.py:106} INFO - 2025-04-11 09:38:48,281 - __main__ - INFO - Skipping download for MA, file exists: /opt/***/data/raw/MA_raw.pkl
[2025-04-11T09:38:48.285+0000] {subprocess.py:106} INFO - 2025-04-11 09:38:48,282 - __main__ - INFO - Skipping download for CSCO, file exists: /opt/***/data/raw/CSCO_raw.pkl
[2025-04-11T09:38:48.285+0000] {subprocess.py:106} INFO - 2025-04-11 09:38:48,284 - __main__ - INFO - Skipping download for MSFT, file exists: /opt/***/data/raw/MSFT_raw.pkl
[2025-04-11T09:38:48.286+0000] {subprocess.py:106} INFO - 2025-04-11 09:38:48,285 - __main__ - INFO - Skipping download for AMZN, file exists: /opt/***/data/raw/AMZN_raw.pkl
[2025-04-11T09:38:48.287+0000] {subprocess.py:106} INFO - 2025-04-11 09:38:48,286 - __main__ - INFO - Skipping download for GOOG, file exists: /opt/***/data/raw/GOOG_raw.pkl
[2025-04-11T09:38:48.287+0000] {subprocess.py:106} INFO - 2025-04-11 09:38:48,287 - __main__ - INFO - Skipping download for IBM, file exists: /opt/***/data/raw/IBM_raw.pkl
[2025-04-11T09:38:48.288+0000] {subprocess.py:106} INFO - 2025-04-11 09:38:48,287 - __main__ - INFO - --- Finished Data Loading ---
[2025-04-11T09:38:48.317+0000] {subprocess.py:106} INFO - 2025-04-11 09:38:48,317 - __main__ - INFO - --- Starting Feature Engineering (Indicators) ---
[2025-04-11T09:38:48.343+0000] {subprocess.py:106} INFO - /home/***/.local/lib/python3.11/site-packages/ta/trend.py:1030: FutureWarning: Series.__setitem__ treating keys as positions is deprecated. In a future version, integer keys will always be treated as labels (consistent with DataFrame behavior). To set a value by position, use `ser.iloc[pos] = value`
[2025-04-11T09:38:48.344+0000] {subprocess.py:106} INFO -   self._psar[i] = high2
[2025-04-11T09:38:48.436+0000] {subprocess.py:106} INFO - /home/***/.local/lib/python3.11/site-packages/ta/trend.py:1030: FutureWarning: Series.__setitem__ treating keys as positions is deprecated. In a future version, integer keys will always be treated as labels (consistent with DataFrame behavior). To set a value by position, use `ser.iloc[pos] = value`
[2025-04-11T09:38:48.438+0000] {subprocess.py:106} INFO -   self._psar[i] = high2
[2025-04-11T09:38:48.525+0000] {subprocess.py:106} INFO - /home/***/.local/lib/python3.11/site-packages/ta/trend.py:1030: FutureWarning: Series.__setitem__ treating keys as positions is deprecated. In a future version, integer keys will always be treated as labels (consistent with DataFrame behavior). To set a value by position, use `ser.iloc[pos] = value`
[2025-04-11T09:38:48.533+0000] {subprocess.py:106} INFO -   self._psar[i] = high2
[2025-04-11T09:38:48.605+0000] {subprocess.py:106} INFO - /home/***/.local/lib/python3.11/site-packages/ta/trend.py:1030: FutureWarning: Series.__setitem__ treating keys as positions is deprecated. In a future version, integer keys will always be treated as labels (consistent with DataFrame behavior). To set a value by position, use `ser.iloc[pos] = value`
[2025-04-11T09:38:48.610+0000] {subprocess.py:106} INFO -   self._psar[i] = high2
[2025-04-11T09:38:48.695+0000] {subprocess.py:106} INFO - /home/***/.local/lib/python3.11/site-packages/ta/trend.py:1030: FutureWarning: Series.__setitem__ treating keys as positions is deprecated. In a future version, integer keys will always be treated as labels (consistent with DataFrame behavior). To set a value by position, use `ser.iloc[pos] = value`
[2025-04-11T09:38:48.696+0000] {subprocess.py:106} INFO -   self._psar[i] = high2
[2025-04-11T09:38:48.775+0000] {subprocess.py:106} INFO - /home/***/.local/lib/python3.11/site-packages/ta/trend.py:1030: FutureWarning: Series.__setitem__ treating keys as positions is deprecated. In a future version, integer keys will always be treated as labels (consistent with DataFrame behavior). To set a value by position, use `ser.iloc[pos] = value`
[2025-04-11T09:38:48.776+0000] {subprocess.py:106} INFO -   self._psar[i] = high2
[2025-04-11T09:38:48.877+0000] {subprocess.py:106} INFO - /home/***/.local/lib/python3.11/site-packages/ta/trend.py:1030: FutureWarning: Series.__setitem__ treating keys as positions is deprecated. In a future version, integer keys will always be treated as labels (consistent with DataFrame behavior). To set a value by position, use `ser.iloc[pos] = value`
[2025-04-11T09:38:48.880+0000] {subprocess.py:106} INFO -   self._psar[i] = high2
[2025-04-11T09:38:48.931+0000] {subprocess.py:106} INFO - 2025-04-11 09:38:48,931 - __main__ - INFO - --- Finished Feature Engineering (Indicators) ---
[2025-04-11T09:38:48.933+0000] {subprocess.py:106} INFO - 2025-04-11 09:38:48,931 - __main__ - INFO - --- Starting Feature Filtering ---
[2025-04-11T09:38:48.938+0000] {subprocess.py:106} INFO - 2025-04-11 09:38:48,938 - __main__ - INFO - Features remaining after filtering: 16
[2025-04-11T09:38:48.939+0000] {subprocess.py:106} INFO - 2025-04-11 09:38:48,938 - __main__ - INFO - --- Finished Feature Filtering ---
[2025-04-11T09:38:48.940+0000] {subprocess.py:106} INFO - 2025-04-11 09:38:48,938 - __main__ - INFO - --- Starting Data Alignment & Processing ---
[2025-04-11T09:38:48.976+0000] {subprocess.py:106} INFO - /opt/***/src/data/make_dataset.py:144: FutureWarning: DataFrame.fillna with 'method' is deprecated and will raise in a future version. Use obj.ffill() or obj.bfill() instead.
[2025-04-11T09:38:48.977+0000] {subprocess.py:106} INFO -   df = aligned_data[ticker][feature_columns + ['Target']].fillna(method='ffill').fillna(method='bfill')
[2025-04-11T09:38:48.978+0000] {subprocess.py:106} INFO - /opt/***/src/data/make_dataset.py:144: FutureWarning: DataFrame.fillna with 'method' is deprecated and will raise in a future version. Use obj.ffill() or obj.bfill() instead.
[2025-04-11T09:38:48.978+0000] {subprocess.py:106} INFO -   df = aligned_data[ticker][feature_columns + ['Target']].fillna(method='ffill').fillna(method='bfill')
[2025-04-11T09:38:48.979+0000] {subprocess.py:106} INFO - /opt/***/src/data/make_dataset.py:144: FutureWarning: DataFrame.fillna with 'method' is deprecated and will raise in a future version. Use obj.ffill() or obj.bfill() instead.
[2025-04-11T09:38:48.980+0000] {subprocess.py:106} INFO -   df = aligned_data[ticker][feature_columns + ['Target']].fillna(method='ffill').fillna(method='bfill')
[2025-04-11T09:38:48.983+0000] {subprocess.py:106} INFO - /opt/***/src/data/make_dataset.py:144: FutureWarning: DataFrame.fillna with 'method' is deprecated and will raise in a future version. Use obj.ffill() or obj.bfill() instead.
[2025-04-11T09:38:48.984+0000] {subprocess.py:106} INFO -   df = aligned_data[ticker][feature_columns + ['Target']].fillna(method='ffill').fillna(method='bfill')
[2025-04-11T09:38:48.984+0000] {subprocess.py:106} INFO - /opt/***/src/data/make_dataset.py:144: FutureWarning: DataFrame.fillna with 'method' is deprecated and will raise in a future version. Use obj.ffill() or obj.bfill() instead.
[2025-04-11T09:38:48.985+0000] {subprocess.py:106} INFO -   df = aligned_data[ticker][feature_columns + ['Target']].fillna(method='ffill').fillna(method='bfill')
[2025-04-11T09:38:48.985+0000] {subprocess.py:106} INFO - /opt/***/src/data/make_dataset.py:144: FutureWarning: DataFrame.fillna with 'method' is deprecated and will raise in a future version. Use obj.ffill() or obj.bfill() instead.
[2025-04-11T09:38:48.986+0000] {subprocess.py:106} INFO -   df = aligned_data[ticker][feature_columns + ['Target']].fillna(method='ffill').fillna(method='bfill')
[2025-04-11T09:38:48.987+0000] {subprocess.py:106} INFO - /opt/***/src/data/make_dataset.py:144: FutureWarning: DataFrame.fillna with 'method' is deprecated and will raise in a future version. Use obj.ffill() or obj.bfill() instead.
[2025-04-11T09:38:48.988+0000] {subprocess.py:106} INFO -   df = aligned_data[ticker][feature_columns + ['Target']].fillna(method='ffill').fillna(method='bfill')
[2025-04-11T09:38:48.988+0000] {subprocess.py:106} INFO - 2025-04-11 09:38:48,986 - __main__ - INFO - Processed data shape: (752, 7, 16)
[2025-04-11T09:38:48.989+0000] {subprocess.py:106} INFO - 2025-04-11 09:38:48,986 - __main__ - INFO - Targets shape: (752, 7)
[2025-04-11T09:38:48.989+0000] {subprocess.py:106} INFO - 2025-04-11 09:38:48,986 - __main__ - INFO - Final tickers in order: ['AAPL', 'MA', 'CSCO', 'MSFT', 'AMZN', 'GOOG', 'IBM']
[2025-04-11T09:38:48.990+0000] {subprocess.py:106} INFO - 2025-04-11 09:38:48,986 - __main__ - INFO - --- Finished Data Alignment & Processing ---
[2025-04-11T09:38:48.991+0000] {subprocess.py:106} INFO - 2025-04-11 09:38:48,989 - __main__ - INFO - Attempting to save to absolute path: /opt/***/data/processed/all_processed_data.npz
[2025-04-11T09:38:48.997+0000] {subprocess.py:106} INFO - 2025-04-11 09:38:48,997 - __main__ - INFO - Successfully saved processed data to /opt/***/data/processed/all_processed_data.npz
[2025-04-11T09:38:48.998+0000] {subprocess.py:106} INFO - 2025-04-11 09:38:48,998 - __main__ - INFO - Verified file exists at: /opt/***/data/processed/all_processed_data.npz
[2025-04-11T09:38:48.999+0000] {subprocess.py:106} INFO - 2025-04-11 09:38:48,998 - __main__ - INFO - Data processing script finished.
[2025-04-11T09:38:49.003+0000] {subprocess.py:106} INFO - --- PRINT TEST: Starting Data Loading ---
[2025-04-11T09:38:49.005+0000] {subprocess.py:106} INFO - Filtering highly correlated features with threshold 0.9
[2025-04-11T09:38:49.007+0000] {subprocess.py:106} INFO - Identified 20 highly correlated features to remove: ['High', 'Low', 'Close', 'EMA_50', 'EMA_200', 'BB_High', 'BB_Low', 'OBV', 'SMA_50', 'VWAP', 'PSAR', 'Stochastic_D', 'CCI', 'Williams_R', 'Donchian_High', 'Donchian_Low', 'Keltner_High', 'Keltner_Low', 'DI_Positive', 'DI_Negative']
[2025-04-11T09:38:49.009+0000] {subprocess.py:106} INFO - Excluding 'Close' column from removal list.
[2025-04-11T09:38:49.010+0000] {subprocess.py:106} INFO - Final list of 19 features to remove: ['High', 'Low', 'EMA_50', 'EMA_200', 'BB_High', 'BB_Low', 'OBV', 'SMA_50', 'VWAP', 'PSAR', 'Stochastic_D', 'CCI', 'Williams_R', 'Donchian_High', 'Donchian_Low', 'Keltner_High', 'Keltner_Low', 'DI_Positive', 'DI_Negative']
[2025-04-11T09:38:49.118+0000] {subprocess.py:110} INFO - Command exited with return code 0
[2025-04-11T09:38:49.138+0000] {taskinstance.py:341} INFO - ::group::Post task execution logs
[2025-04-11T09:38:49.140+0000] {taskinstance.py:353} INFO - Marking task as SUCCESS. dag_id=lstm_stock_prediction_refactored, task_id=process_data, run_id=manual__2025-04-11T09:38:46.502188+00:00, execution_date=20250411T093846, start_date=20250411T093847, end_date=20250411T093849
[2025-04-11T09:38:49.178+0000] {local_task_job_runner.py:266} INFO - Task exited with return code 0
[2025-04-11T09:38:49.201+0000] {taskinstance.py:3901} INFO - 1 downstream tasks scheduled from follow-on schedule check
[2025-04-11T09:38:49.204+0000] {local_task_job_runner.py:245} INFO - ::endgroup::
