[2025-04-11T09:47:29.113+0000] {local_task_job_runner.py:123} INFO - ::group::Pre task execution logs
[2025-04-11T09:47:29.134+0000] {taskinstance.py:2614} INFO - Dependencies all met for dep_context=non-requeueable deps ti=<TaskInstance: lstm_stock_prediction_refactored.build_features manual__2025-04-11T09:47:25.185569+00:00 [queued]>
[2025-04-11T09:47:29.144+0000] {taskinstance.py:2614} INFO - Dependencies all met for dep_context=requeueable deps ti=<TaskInstance: lstm_stock_prediction_refactored.build_features manual__2025-04-11T09:47:25.185569+00:00 [queued]>
[2025-04-11T09:47:29.147+0000] {taskinstance.py:2867} INFO - Starting attempt 1 of 2
[2025-04-11T09:47:29.159+0000] {taskinstance.py:2890} INFO - Executing <Task(BashOperator): build_features> on 2025-04-11 09:47:25.185569+00:00
[2025-04-11T09:47:29.165+0000] {standard_task_runner.py:72} INFO - Started process 210 to run task
[2025-04-11T09:47:29.167+0000] {standard_task_runner.py:104} INFO - Running: ['***', 'tasks', 'run', 'lstm_stock_prediction_refactored', 'build_features', 'manual__2025-04-11T09:47:25.185569+00:00', '--job-id', '69', '--raw', '--subdir', 'DAGS_FOLDER/lstm_refactored_dag.py', '--cfg-path', '/tmp/tmpnj6djobc']
[2025-04-11T09:47:29.171+0000] {standard_task_runner.py:105} INFO - Job 69: Subtask build_features
[2025-04-11T09:47:29.203+0000] {task_command.py:467} INFO - Running <TaskInstance: lstm_stock_prediction_refactored.build_features manual__2025-04-11T09:47:25.185569+00:00 [running]> on host bf4b1d1f8db5
[2025-04-11T09:47:29.260+0000] {taskinstance.py:3134} INFO - Exporting env vars: AIRFLOW_CTX_DAG_OWNER='***_team' AIRFLOW_CTX_DAG_ID='lstm_stock_prediction_refactored' AIRFLOW_CTX_TASK_ID='build_features' AIRFLOW_CTX_EXECUTION_DATE='2025-04-11T09:47:25.185569+00:00' AIRFLOW_CTX_TRY_NUMBER='1' AIRFLOW_CTX_DAG_RUN_ID='manual__2025-04-11T09:47:25.185569+00:00'
[2025-04-11T09:47:29.261+0000] {taskinstance.py:732} INFO - ::endgroup::
[2025-04-11T09:47:29.271+0000] {subprocess.py:78} INFO - Tmp dir root location: /tmp
[2025-04-11T09:47:29.273+0000] {subprocess.py:88} INFO - Running command: ['/usr/bin/bash', '-c', 'python /opt/***/src/features/build_features.py --config /opt/***/config/params.yaml']
[2025-04-11T09:47:29.281+0000] {subprocess.py:99} INFO - Output:
[2025-04-11T09:47:30.773+0000] {subprocess.py:106} INFO - --- Loading Processed Data from /opt/***/data/processed/all_processed_data.npz ---
[2025-04-11T09:47:30.773+0000] {subprocess.py:106} INFO - --- Finished Loading Processed Data ---
[2025-04-11T09:47:30.774+0000] {subprocess.py:106} INFO - --- Creating Sequences ---
[2025-04-11T09:47:30.775+0000] {subprocess.py:106} INFO - X sequences shape: (722, 30, 7, 16)
[2025-04-11T09:47:30.778+0000] {subprocess.py:106} INFO - y sequences shape: (722, 1, 7)
[2025-04-11T09:47:30.780+0000] {subprocess.py:106} INFO - --- Finished Creating Sequences ---
[2025-04-11T09:47:30.781+0000] {subprocess.py:106} INFO - --- Splitting Data ---
[2025-04-11T09:47:30.782+0000] {subprocess.py:106} INFO - Train shapes: X=(577, 30, 7, 16), y=(577, 1, 7)
[2025-04-11T09:47:30.782+0000] {subprocess.py:106} INFO - Test shapes: X=(145, 30, 7, 16), y=(145, 1, 7)
[2025-04-11T09:47:30.783+0000] {subprocess.py:106} INFO - --- Finished Splitting Data ---
[2025-04-11T09:47:30.784+0000] {subprocess.py:106} INFO - --- Scaling Data ---
[2025-04-11T09:47:30.784+0000] {subprocess.py:106} INFO - --- Finished Scaling Data ---
[2025-04-11T09:47:30.785+0000] {subprocess.py:106} INFO - --- Saving Scaled Data to /opt/***/data/features/split_scaled_data.npz ---
[2025-04-11T09:47:30.786+0000] {subprocess.py:106} INFO - --- Finished Saving Scaled Data ---
[2025-04-11T09:47:30.786+0000] {subprocess.py:106} INFO - --- Saving Scalers to /opt/***/data/processed/scalers.pkl ---
[2025-04-11T09:47:30.787+0000] {subprocess.py:106} INFO - --- Finished Saving Scalers ---
[2025-04-11T09:47:30.900+0000] {subprocess.py:110} INFO - Command exited with return code 0
[2025-04-11T09:47:30.921+0000] {taskinstance.py:341} INFO - ::group::Post task execution logs
[2025-04-11T09:47:30.924+0000] {taskinstance.py:353} INFO - Marking task as SUCCESS. dag_id=lstm_stock_prediction_refactored, task_id=build_features, run_id=manual__2025-04-11T09:47:25.185569+00:00, execution_date=20250411T094725, start_date=20250411T094729, end_date=20250411T094730
[2025-04-11T09:47:30.951+0000] {local_task_job_runner.py:266} INFO - Task exited with return code 0
[2025-04-11T09:47:30.970+0000] {taskinstance.py:3901} INFO - 1 downstream tasks scheduled from follow-on schedule check
[2025-04-11T09:47:30.975+0000] {local_task_job_runner.py:245} INFO - ::endgroup::
