[2025-04-21T17:26:49.875+0000] {local_task_job_runner.py:123} INFO - ::group::Pre task execution logs
[2025-04-21T17:26:49.901+0000] {taskinstance.py:2614} INFO - Dependencies all met for dep_context=non-requeueable deps ti=<TaskInstance: lstm_stock_prediction_refactored.build_features scheduled__2025-04-14T08:00:00+00:00 [queued]>
[2025-04-21T17:26:49.912+0000] {taskinstance.py:2614} INFO - Dependencies all met for dep_context=requeueable deps ti=<TaskInstance: lstm_stock_prediction_refactored.build_features scheduled__2025-04-14T08:00:00+00:00 [queued]>
[2025-04-21T17:26:49.913+0000] {taskinstance.py:2867} INFO - Starting attempt 1 of 2
[2025-04-21T17:26:49.928+0000] {taskinstance.py:2890} INFO - Executing <Task(BashOperator): build_features> on 2025-04-14 08:00:00+00:00
[2025-04-21T17:26:49.934+0000] {standard_task_runner.py:72} INFO - Started process 491 to run task
[2025-04-21T17:26:49.937+0000] {standard_task_runner.py:104} INFO - Running: ['***', 'tasks', 'run', 'lstm_stock_prediction_refactored', 'build_features', 'scheduled__2025-04-14T08:00:00+00:00', '--job-id', '5', '--raw', '--subdir', 'DAGS_FOLDER/lstm_refactored_dag.py', '--cfg-path', '/tmp/tmpcjlfsefc']
[2025-04-21T17:26:49.940+0000] {standard_task_runner.py:105} INFO - Job 5: Subtask build_features
[2025-04-21T17:26:49.987+0000] {task_command.py:467} INFO - Running <TaskInstance: lstm_stock_prediction_refactored.build_features scheduled__2025-04-14T08:00:00+00:00 [running]> on host a528bcf7a8c9
[2025-04-21T17:26:50.068+0000] {taskinstance.py:3134} INFO - Exporting env vars: AIRFLOW_CTX_DAG_OWNER='***_team' AIRFLOW_CTX_DAG_ID='lstm_stock_prediction_refactored' AIRFLOW_CTX_TASK_ID='build_features' AIRFLOW_CTX_EXECUTION_DATE='2025-04-14T08:00:00+00:00' AIRFLOW_CTX_TRY_NUMBER='1' AIRFLOW_CTX_DAG_RUN_ID='scheduled__2025-04-14T08:00:00+00:00'
[2025-04-21T17:26:50.070+0000] {taskinstance.py:732} INFO - ::endgroup::
[2025-04-21T17:26:50.086+0000] {subprocess.py:78} INFO - Tmp dir root location: /tmp
[2025-04-21T17:26:50.088+0000] {subprocess.py:88} INFO - Running command: ['/usr/bin/bash', '-c', 'python /opt/***/src/features/build_features.py --config /opt/***/config/params.yaml']
[2025-04-21T17:26:50.100+0000] {subprocess.py:99} INFO - Output:
[2025-04-21T17:26:52.634+0000] {subprocess.py:106} INFO - --- Loading Processed Data from /opt/***/data/processed/all_processed_data.npz ---
[2025-04-21T17:26:52.635+0000] {subprocess.py:106} INFO - --- Finished Loading Processed Data ---
[2025-04-21T17:26:52.636+0000] {subprocess.py:106} INFO - --- Creating Sequences ---
[2025-04-21T17:26:52.637+0000] {subprocess.py:106} INFO - X sequences shape: (721, 30, 7, 16)
[2025-04-21T17:26:52.638+0000] {subprocess.py:106} INFO - y sequences shape: (721, 1, 7)
[2025-04-21T17:26:52.639+0000] {subprocess.py:106} INFO - --- Finished Creating Sequences ---
[2025-04-21T17:26:52.640+0000] {subprocess.py:106} INFO - --- Splitting Data ---
[2025-04-21T17:26:52.640+0000] {subprocess.py:106} INFO - Train shapes: X=(576, 30, 7, 16), y=(576, 1, 7)
[2025-04-21T17:26:52.641+0000] {subprocess.py:106} INFO - Test shapes: X=(145, 30, 7, 16), y=(145, 1, 7)
[2025-04-21T17:26:52.642+0000] {subprocess.py:106} INFO - --- Finished Splitting Data ---
[2025-04-21T17:26:52.643+0000] {subprocess.py:106} INFO - --- Scaling Data ---
[2025-04-21T17:26:52.643+0000] {subprocess.py:106} INFO - --- Finished Scaling Data ---
[2025-04-21T17:26:52.644+0000] {subprocess.py:106} INFO - --- Saving Scaled Data to /opt/***/data/features/split_scaled_data.npz ---
[2025-04-21T17:26:52.645+0000] {subprocess.py:106} INFO - --- Finished Saving Scaled Data ---
[2025-04-21T17:26:52.645+0000] {subprocess.py:106} INFO - --- Saving Scalers to /opt/***/data/processed/scalers.pkl ---
[2025-04-21T17:26:52.646+0000] {subprocess.py:106} INFO - --- Finished Saving Scalers ---
[2025-04-21T17:26:52.878+0000] {subprocess.py:110} INFO - Command exited with return code 0
[2025-04-21T17:26:53.041+0000] {taskinstance.py:341} INFO - ::group::Post task execution logs
[2025-04-21T17:26:53.042+0000] {taskinstance.py:353} INFO - Marking task as SUCCESS. dag_id=lstm_stock_prediction_refactored, task_id=build_features, run_id=scheduled__2025-04-14T08:00:00+00:00, execution_date=20250414T080000, start_date=20250421T172649, end_date=20250421T172653
[2025-04-21T17:26:53.116+0000] {local_task_job_runner.py:266} INFO - Task exited with return code 0
[2025-04-21T17:26:53.145+0000] {taskinstance.py:3901} INFO - 1 downstream tasks scheduled from follow-on schedule check
[2025-04-21T17:26:53.147+0000] {local_task_job_runner.py:245} INFO - ::endgroup::
[2025-04-23T06:43:30.156+0000] {local_task_job_runner.py:123} INFO - ::group::Pre task execution logs
[2025-04-23T06:43:30.171+0000] {taskinstance.py:2614} INFO - Dependencies all met for dep_context=non-requeueable deps ti=<TaskInstance: lstm_stock_prediction_refactored.build_features scheduled__2025-04-14T08:00:00+00:00 [queued]>
[2025-04-23T06:43:30.180+0000] {taskinstance.py:2614} INFO - Dependencies all met for dep_context=requeueable deps ti=<TaskInstance: lstm_stock_prediction_refactored.build_features scheduled__2025-04-14T08:00:00+00:00 [queued]>
[2025-04-23T06:43:30.181+0000] {taskinstance.py:2867} INFO - Starting attempt 1 of 2
[2025-04-23T06:43:30.197+0000] {taskinstance.py:2890} INFO - Executing <Task(BashOperator): build_features> on 2025-04-14 08:00:00+00:00
[2025-04-23T06:43:30.201+0000] {standard_task_runner.py:72} INFO - Started process 209 to run task
[2025-04-23T06:43:30.203+0000] {standard_task_runner.py:104} INFO - Running: ['***', 'tasks', 'run', 'lstm_stock_prediction_refactored', 'build_features', 'scheduled__2025-04-14T08:00:00+00:00', '--job-id', '94', '--raw', '--subdir', 'DAGS_FOLDER/lstm_refactored_dag.py', '--cfg-path', '/tmp/tmpo3_3k_68']
[2025-04-23T06:43:30.205+0000] {standard_task_runner.py:105} INFO - Job 94: Subtask build_features
[2025-04-23T06:43:30.237+0000] {task_command.py:467} INFO - Running <TaskInstance: lstm_stock_prediction_refactored.build_features scheduled__2025-04-14T08:00:00+00:00 [running]> on host 7f98232cb4c4
[2025-04-23T06:43:30.301+0000] {taskinstance.py:3134} INFO - Exporting env vars: AIRFLOW_CTX_DAG_OWNER='***_team' AIRFLOW_CTX_DAG_ID='lstm_stock_prediction_refactored' AIRFLOW_CTX_TASK_ID='build_features' AIRFLOW_CTX_EXECUTION_DATE='2025-04-14T08:00:00+00:00' AIRFLOW_CTX_TRY_NUMBER='1' AIRFLOW_CTX_DAG_RUN_ID='scheduled__2025-04-14T08:00:00+00:00'
[2025-04-23T06:43:30.303+0000] {taskinstance.py:732} INFO - ::endgroup::
[2025-04-23T06:43:30.316+0000] {subprocess.py:78} INFO - Tmp dir root location: /tmp
[2025-04-23T06:43:30.317+0000] {subprocess.py:88} INFO - Running command: ['/usr/bin/bash', '-c', 'python /opt/***/src/features/build_features.py --config /opt/***/config/params.yaml']
[2025-04-23T06:43:30.327+0000] {subprocess.py:99} INFO - Output:
[2025-04-23T06:43:31.986+0000] {subprocess.py:106} INFO - --- Loading Processed Data from /opt/***/data/processed/all_processed_data.npz ---
[2025-04-23T06:43:31.991+0000] {subprocess.py:106} INFO - --- Finished Loading Processed Data ---
[2025-04-23T06:43:31.996+0000] {subprocess.py:106} INFO - --- Creating Sequences ---
[2025-04-23T06:43:31.997+0000] {subprocess.py:106} INFO - X sequences shape: (722, 30, 7, 16)
[2025-04-23T06:43:32.000+0000] {subprocess.py:106} INFO - y sequences shape: (722, 1, 7)
[2025-04-23T06:43:32.001+0000] {subprocess.py:106} INFO - --- Finished Creating Sequences ---
[2025-04-23T06:43:32.002+0000] {subprocess.py:106} INFO - --- Splitting Data ---
[2025-04-23T06:43:32.003+0000] {subprocess.py:106} INFO - Train shapes: X=(577, 30, 7, 16), y=(577, 1, 7)
[2025-04-23T06:43:32.004+0000] {subprocess.py:106} INFO - Test shapes: X=(145, 30, 7, 16), y=(145, 1, 7)
[2025-04-23T06:43:32.004+0000] {subprocess.py:106} INFO - --- Finished Splitting Data ---
[2025-04-23T06:43:32.005+0000] {subprocess.py:106} INFO - --- Scaling Data ---
[2025-04-23T06:43:32.006+0000] {subprocess.py:106} INFO - --- Finished Scaling Data ---
[2025-04-23T06:43:32.007+0000] {subprocess.py:106} INFO - --- Saving Scaled Data to /opt/***/data/features/split_scaled_data.npz ---
[2025-04-23T06:43:32.007+0000] {subprocess.py:106} INFO - --- Finished Saving Scaled Data ---
[2025-04-23T06:43:32.008+0000] {subprocess.py:106} INFO - --- Saving Scalers to /opt/***/data/processed/scalers.pkl ---
[2025-04-23T06:43:32.008+0000] {subprocess.py:106} INFO - --- Finished Saving Scalers ---
[2025-04-23T06:43:32.107+0000] {subprocess.py:110} INFO - Command exited with return code 0
[2025-04-23T06:43:32.122+0000] {taskinstance.py:341} INFO - ::group::Post task execution logs
[2025-04-23T06:43:32.123+0000] {taskinstance.py:353} INFO - Marking task as SUCCESS. dag_id=lstm_stock_prediction_refactored, task_id=build_features, run_id=scheduled__2025-04-14T08:00:00+00:00, execution_date=20250414T080000, start_date=20250423T064330, end_date=20250423T064332
[2025-04-23T06:43:32.184+0000] {local_task_job_runner.py:266} INFO - Task exited with return code 0
[2025-04-23T06:43:32.203+0000] {taskinstance.py:3901} INFO - 1 downstream tasks scheduled from follow-on schedule check
[2025-04-23T06:43:32.209+0000] {local_task_job_runner.py:245} INFO - ::endgroup::
