[2025-04-11T09:47:26.273+0000] {local_task_job_runner.py:123} INFO - ::group::Pre task execution logs
[2025-04-11T09:47:26.305+0000] {taskinstance.py:2614} INFO - Dependencies all met for dep_context=non-requeueable deps ti=<TaskInstance: lstm_stock_prediction_refactored.process_data manual__2025-04-11T09:47:25.185569+00:00 [queued]>
[2025-04-11T09:47:26.317+0000] {taskinstance.py:2614} INFO - Dependencies all met for dep_context=requeueable deps ti=<TaskInstance: lstm_stock_prediction_refactored.process_data manual__2025-04-11T09:47:25.185569+00:00 [queued]>
[2025-04-11T09:47:26.318+0000] {taskinstance.py:2867} INFO - Starting attempt 1 of 2
[2025-04-11T09:47:26.338+0000] {taskinstance.py:2890} INFO - Executing <Task(BashOperator): process_data> on 2025-04-11 09:47:25.185569+00:00
[2025-04-11T09:47:26.347+0000] {standard_task_runner.py:72} INFO - Started process 186 to run task
[2025-04-11T09:47:26.352+0000] {standard_task_runner.py:104} INFO - Running: ['***', 'tasks', 'run', 'lstm_stock_prediction_refactored', 'process_data', 'manual__2025-04-11T09:47:25.185569+00:00', '--job-id', '68', '--raw', '--subdir', 'DAGS_FOLDER/lstm_refactored_dag.py', '--cfg-path', '/tmp/tmplfnpw17k']
[2025-04-11T09:47:26.356+0000] {standard_task_runner.py:105} INFO - Job 68: Subtask process_data
[2025-04-11T09:47:26.407+0000] {task_command.py:467} INFO - Running <TaskInstance: lstm_stock_prediction_refactored.process_data manual__2025-04-11T09:47:25.185569+00:00 [running]> on host bf4b1d1f8db5
[2025-04-11T09:47:26.483+0000] {taskinstance.py:3134} INFO - Exporting env vars: AIRFLOW_CTX_DAG_OWNER='***_team' AIRFLOW_CTX_DAG_ID='lstm_stock_prediction_refactored' AIRFLOW_CTX_TASK_ID='process_data' AIRFLOW_CTX_EXECUTION_DATE='2025-04-11T09:47:25.185569+00:00' AIRFLOW_CTX_TRY_NUMBER='1' AIRFLOW_CTX_DAG_RUN_ID='manual__2025-04-11T09:47:25.185569+00:00'
[2025-04-11T09:47:26.484+0000] {taskinstance.py:732} INFO - ::endgroup::
[2025-04-11T09:47:26.497+0000] {subprocess.py:78} INFO - Tmp dir root location: /tmp
[2025-04-11T09:47:26.498+0000] {subprocess.py:88} INFO - Running command: ['/usr/bin/bash', '-c', 'python /opt/***/src/data/make_dataset.py --config /opt/***/config/params.yaml']
[2025-04-11T09:47:26.505+0000] {subprocess.py:99} INFO - Output:
[2025-04-11T09:47:27.397+0000] {subprocess.py:106} INFO - 2025-04-11 09:47:27,397 - __main__ - INFO - Starting data processing script with config: /opt/***/config/params.yaml
[2025-04-11T09:47:27.403+0000] {subprocess.py:106} INFO - 2025-04-11 09:47:27,403 - __main__ - INFO - Raw data directory: /opt/***/data/raw
[2025-04-11T09:47:27.404+0000] {subprocess.py:106} INFO - 2025-04-11 09:47:27,403 - __main__ - INFO - Processed data output path: /opt/***/data/processed/all_processed_data.npz
[2025-04-11T09:47:27.405+0000] {subprocess.py:106} INFO - 2025-04-11 09:47:27,403 - __main__ - INFO - --- Starting Data Loading ---
[2025-04-11T09:47:27.405+0000] {subprocess.py:106} INFO - 2025-04-11 09:47:27,405 - __main__ - INFO - Attempting to use RELATIVE output dir: /opt/***/data/raw
[2025-04-11T09:47:27.406+0000] {subprocess.py:106} INFO - 2025-04-11 09:47:27,405 - __main__ - INFO - Attempting to use ABSOLUTE output dir: /opt/***/data/raw
[2025-04-11T09:47:27.407+0000] {subprocess.py:106} INFO - 2025-04-11 09:47:27,405 - __main__ - INFO - Current Working Directory inside container: /tmp/***tmpx67fec72
[2025-04-11T09:47:27.407+0000] {subprocess.py:106} INFO - 2025-04-11 09:47:27,405 - __main__ - INFO - Attempting to create directory: /opt/***/data/raw
[2025-04-11T09:47:27.408+0000] {subprocess.py:106} INFO - 2025-04-11 09:47:27,406 - __main__ - INFO - Successfully called mkdir for: /opt/***/data/raw (might not indicate success if permissions are wrong)
[2025-04-11T09:47:27.408+0000] {subprocess.py:106} INFO - 2025-04-11 09:47:27,406 - __main__ - INFO - Saving raw data to: /opt/***/data/raw
[2025-04-11T09:47:27.409+0000] {subprocess.py:106} INFO - 2025-04-11 09:47:27,407 - __main__ - INFO - Skipping download for AAPL, file exists: /opt/***/data/raw/AAPL_raw.pkl
[2025-04-11T09:47:27.410+0000] {subprocess.py:106} INFO - 2025-04-11 09:47:27,408 - __main__ - INFO - Skipping download for MA, file exists: /opt/***/data/raw/MA_raw.pkl
[2025-04-11T09:47:27.410+0000] {subprocess.py:106} INFO - 2025-04-11 09:47:27,409 - __main__ - INFO - Skipping download for CSCO, file exists: /opt/***/data/raw/CSCO_raw.pkl
[2025-04-11T09:47:27.411+0000] {subprocess.py:106} INFO - 2025-04-11 09:47:27,410 - __main__ - INFO - Skipping download for MSFT, file exists: /opt/***/data/raw/MSFT_raw.pkl
[2025-04-11T09:47:27.411+0000] {subprocess.py:106} INFO - 2025-04-11 09:47:27,410 - __main__ - INFO - Skipping download for AMZN, file exists: /opt/***/data/raw/AMZN_raw.pkl
[2025-04-11T09:47:27.412+0000] {subprocess.py:106} INFO - 2025-04-11 09:47:27,411 - __main__ - INFO - Skipping download for GOOG, file exists: /opt/***/data/raw/GOOG_raw.pkl
[2025-04-11T09:47:27.413+0000] {subprocess.py:106} INFO - 2025-04-11 09:47:27,413 - __main__ - INFO - Skipping download for IBM, file exists: /opt/***/data/raw/IBM_raw.pkl
[2025-04-11T09:47:27.413+0000] {subprocess.py:106} INFO - 2025-04-11 09:47:27,413 - __main__ - INFO - --- Finished Data Loading ---
[2025-04-11T09:47:27.447+0000] {subprocess.py:106} INFO - 2025-04-11 09:47:27,447 - __main__ - INFO - --- Starting Feature Engineering (Indicators) ---
[2025-04-11T09:47:27.471+0000] {subprocess.py:106} INFO - /home/***/.local/lib/python3.11/site-packages/ta/trend.py:1030: FutureWarning: Series.__setitem__ treating keys as positions is deprecated. In a future version, integer keys will always be treated as labels (consistent with DataFrame behavior). To set a value by position, use `ser.iloc[pos] = value`
[2025-04-11T09:47:27.472+0000] {subprocess.py:106} INFO -   self._psar[i] = high2
[2025-04-11T09:47:27.566+0000] {subprocess.py:106} INFO - /home/***/.local/lib/python3.11/site-packages/ta/trend.py:1030: FutureWarning: Series.__setitem__ treating keys as positions is deprecated. In a future version, integer keys will always be treated as labels (consistent with DataFrame behavior). To set a value by position, use `ser.iloc[pos] = value`
[2025-04-11T09:47:27.567+0000] {subprocess.py:106} INFO -   self._psar[i] = high2
[2025-04-11T09:47:27.684+0000] {subprocess.py:106} INFO - /home/***/.local/lib/python3.11/site-packages/ta/trend.py:1030: FutureWarning: Series.__setitem__ treating keys as positions is deprecated. In a future version, integer keys will always be treated as labels (consistent with DataFrame behavior). To set a value by position, use `ser.iloc[pos] = value`
[2025-04-11T09:47:27.686+0000] {subprocess.py:106} INFO -   self._psar[i] = high2
[2025-04-11T09:47:27.815+0000] {subprocess.py:106} INFO - /home/***/.local/lib/python3.11/site-packages/ta/trend.py:1030: FutureWarning: Series.__setitem__ treating keys as positions is deprecated. In a future version, integer keys will always be treated as labels (consistent with DataFrame behavior). To set a value by position, use `ser.iloc[pos] = value`
[2025-04-11T09:47:27.816+0000] {subprocess.py:106} INFO -   self._psar[i] = high2
[2025-04-11T09:47:27.917+0000] {subprocess.py:106} INFO - /home/***/.local/lib/python3.11/site-packages/ta/trend.py:1030: FutureWarning: Series.__setitem__ treating keys as positions is deprecated. In a future version, integer keys will always be treated as labels (consistent with DataFrame behavior). To set a value by position, use `ser.iloc[pos] = value`
[2025-04-11T09:47:27.918+0000] {subprocess.py:106} INFO -   self._psar[i] = high2
[2025-04-11T09:47:28.001+0000] {subprocess.py:106} INFO - /home/***/.local/lib/python3.11/site-packages/ta/trend.py:1030: FutureWarning: Series.__setitem__ treating keys as positions is deprecated. In a future version, integer keys will always be treated as labels (consistent with DataFrame behavior). To set a value by position, use `ser.iloc[pos] = value`
[2025-04-11T09:47:28.002+0000] {subprocess.py:106} INFO -   self._psar[i] = high2
[2025-04-11T09:47:28.109+0000] {subprocess.py:106} INFO - /home/***/.local/lib/python3.11/site-packages/ta/trend.py:1030: FutureWarning: Series.__setitem__ treating keys as positions is deprecated. In a future version, integer keys will always be treated as labels (consistent with DataFrame behavior). To set a value by position, use `ser.iloc[pos] = value`
[2025-04-11T09:47:28.110+0000] {subprocess.py:106} INFO -   self._psar[i] = high2
[2025-04-11T09:47:28.163+0000] {subprocess.py:106} INFO - 2025-04-11 09:47:28,162 - __main__ - INFO - --- Finished Feature Engineering (Indicators) ---
[2025-04-11T09:47:28.165+0000] {subprocess.py:106} INFO - 2025-04-11 09:47:28,162 - __main__ - INFO - --- Starting Feature Filtering ---
[2025-04-11T09:47:28.170+0000] {subprocess.py:106} INFO - 2025-04-11 09:47:28,170 - __main__ - INFO - Features remaining after filtering: 16
[2025-04-11T09:47:28.171+0000] {subprocess.py:106} INFO - 2025-04-11 09:47:28,170 - __main__ - INFO - --- Finished Feature Filtering ---
[2025-04-11T09:47:28.172+0000] {subprocess.py:106} INFO - 2025-04-11 09:47:28,170 - __main__ - INFO - --- Starting Data Alignment & Processing ---
[2025-04-11T09:47:28.209+0000] {subprocess.py:106} INFO - /opt/***/src/data/make_dataset.py:144: FutureWarning: DataFrame.fillna with 'method' is deprecated and will raise in a future version. Use obj.ffill() or obj.bfill() instead.
[2025-04-11T09:47:28.210+0000] {subprocess.py:106} INFO -   df = aligned_data[ticker][feature_columns + ['Target']].fillna(method='ffill').fillna(method='bfill')
[2025-04-11T09:47:28.212+0000] {subprocess.py:106} INFO - /opt/***/src/data/make_dataset.py:144: FutureWarning: DataFrame.fillna with 'method' is deprecated and will raise in a future version. Use obj.ffill() or obj.bfill() instead.
[2025-04-11T09:47:28.212+0000] {subprocess.py:106} INFO -   df = aligned_data[ticker][feature_columns + ['Target']].fillna(method='ffill').fillna(method='bfill')
[2025-04-11T09:47:28.214+0000] {subprocess.py:106} INFO - /opt/***/src/data/make_dataset.py:144: FutureWarning: DataFrame.fillna with 'method' is deprecated and will raise in a future version. Use obj.ffill() or obj.bfill() instead.
[2025-04-11T09:47:28.215+0000] {subprocess.py:106} INFO -   df = aligned_data[ticker][feature_columns + ['Target']].fillna(method='ffill').fillna(method='bfill')
[2025-04-11T09:47:28.216+0000] {subprocess.py:106} INFO - /opt/***/src/data/make_dataset.py:144: FutureWarning: DataFrame.fillna with 'method' is deprecated and will raise in a future version. Use obj.ffill() or obj.bfill() instead.
[2025-04-11T09:47:28.217+0000] {subprocess.py:106} INFO -   df = aligned_data[ticker][feature_columns + ['Target']].fillna(method='ffill').fillna(method='bfill')
[2025-04-11T09:47:28.217+0000] {subprocess.py:106} INFO - /opt/***/src/data/make_dataset.py:144: FutureWarning: DataFrame.fillna with 'method' is deprecated and will raise in a future version. Use obj.ffill() or obj.bfill() instead.
[2025-04-11T09:47:28.222+0000] {subprocess.py:106} INFO -   df = aligned_data[ticker][feature_columns + ['Target']].fillna(method='ffill').fillna(method='bfill')
[2025-04-11T09:47:28.222+0000] {subprocess.py:106} INFO - /opt/***/src/data/make_dataset.py:144: FutureWarning: DataFrame.fillna with 'method' is deprecated and will raise in a future version. Use obj.ffill() or obj.bfill() instead.
[2025-04-11T09:47:28.223+0000] {subprocess.py:106} INFO -   df = aligned_data[ticker][feature_columns + ['Target']].fillna(method='ffill').fillna(method='bfill')
[2025-04-11T09:47:28.224+0000] {subprocess.py:106} INFO - /opt/***/src/data/make_dataset.py:144: FutureWarning: DataFrame.fillna with 'method' is deprecated and will raise in a future version. Use obj.ffill() or obj.bfill() instead.
[2025-04-11T09:47:28.224+0000] {subprocess.py:106} INFO -   df = aligned_data[ticker][feature_columns + ['Target']].fillna(method='ffill').fillna(method='bfill')
[2025-04-11T09:47:28.225+0000] {subprocess.py:106} INFO - 2025-04-11 09:47:28,222 - __main__ - INFO - Processed data shape: (752, 7, 16)
[2025-04-11T09:47:28.226+0000] {subprocess.py:106} INFO - 2025-04-11 09:47:28,222 - __main__ - INFO - Targets shape: (752, 7)
[2025-04-11T09:47:28.227+0000] {subprocess.py:106} INFO - 2025-04-11 09:47:28,222 - __main__ - INFO - Final tickers in order: ['AAPL', 'MA', 'CSCO', 'MSFT', 'AMZN', 'GOOG', 'IBM']
[2025-04-11T09:47:28.228+0000] {subprocess.py:106} INFO - 2025-04-11 09:47:28,222 - __main__ - INFO - --- Finished Data Alignment & Processing ---
[2025-04-11T09:47:28.229+0000] {subprocess.py:106} INFO - 2025-04-11 09:47:28,225 - __main__ - INFO - Attempting to save to absolute path: /opt/***/data/processed/all_processed_data.npz
[2025-04-11T09:47:28.236+0000] {subprocess.py:106} INFO - 2025-04-11 09:47:28,236 - __main__ - INFO - Successfully saved processed data to /opt/***/data/processed/all_processed_data.npz
[2025-04-11T09:47:28.237+0000] {subprocess.py:106} INFO - 2025-04-11 09:47:28,237 - __main__ - INFO - Verified file exists at: /opt/***/data/processed/all_processed_data.npz
[2025-04-11T09:47:28.238+0000] {subprocess.py:106} INFO - 2025-04-11 09:47:28,237 - __main__ - INFO - Data processing script finished.
[2025-04-11T09:47:28.238+0000] {subprocess.py:106} INFO - --- PRINT TEST: Starting Data Loading ---
[2025-04-11T09:47:28.239+0000] {subprocess.py:106} INFO - Filtering highly correlated features with threshold 0.9
[2025-04-11T09:47:28.240+0000] {subprocess.py:106} INFO - Identified 20 highly correlated features to remove: ['High', 'Low', 'Close', 'EMA_50', 'EMA_200', 'BB_High', 'BB_Low', 'OBV', 'SMA_50', 'VWAP', 'PSAR', 'Stochastic_D', 'CCI', 'Williams_R', 'Donchian_High', 'Donchian_Low', 'Keltner_High', 'Keltner_Low', 'DI_Positive', 'DI_Negative']
[2025-04-11T09:47:28.240+0000] {subprocess.py:106} INFO - Excluding 'Close' column from removal list.
[2025-04-11T09:47:28.241+0000] {subprocess.py:106} INFO - Final list of 19 features to remove: ['High', 'Low', 'EMA_50', 'EMA_200', 'BB_High', 'BB_Low', 'OBV', 'SMA_50', 'VWAP', 'PSAR', 'Stochastic_D', 'CCI', 'Williams_R', 'Donchian_High', 'Donchian_Low', 'Keltner_High', 'Keltner_Low', 'DI_Positive', 'DI_Negative']
[2025-04-11T09:47:28.368+0000] {subprocess.py:110} INFO - Command exited with return code 0
[2025-04-11T09:47:28.393+0000] {taskinstance.py:341} INFO - ::group::Post task execution logs
[2025-04-11T09:47:28.394+0000] {taskinstance.py:353} INFO - Marking task as SUCCESS. dag_id=lstm_stock_prediction_refactored, task_id=process_data, run_id=manual__2025-04-11T09:47:25.185569+00:00, execution_date=20250411T094725, start_date=20250411T094726, end_date=20250411T094728
[2025-04-11T09:47:28.456+0000] {local_task_job_runner.py:266} INFO - Task exited with return code 0
[2025-04-11T09:47:28.481+0000] {taskinstance.py:3901} INFO - 1 downstream tasks scheduled from follow-on schedule check
[2025-04-11T09:47:28.483+0000] {local_task_job_runner.py:245} INFO - ::endgroup::
