[2025-04-11T08:47:20.505+0000] {local_task_job_runner.py:123} INFO - ::group::Pre task execution logs
[2025-04-11T08:47:20.522+0000] {taskinstance.py:2614} INFO - Dependencies all met for dep_context=non-requeueable deps ti=<TaskInstance: lstm_stock_prediction_refactored.build_features manual__2025-04-11T08:47:17.882347+00:00 [queued]>
[2025-04-11T08:47:20.530+0000] {taskinstance.py:2614} INFO - Dependencies all met for dep_context=requeueable deps ti=<TaskInstance: lstm_stock_prediction_refactored.build_features manual__2025-04-11T08:47:17.882347+00:00 [queued]>
[2025-04-11T08:47:20.541+0000] {taskinstance.py:2867} INFO - Starting attempt 1 of 2
[2025-04-11T08:47:20.552+0000] {taskinstance.py:2890} INFO - Executing <Task(BashOperator): build_features> on 2025-04-11 08:47:17.882347+00:00
[2025-04-11T08:47:20.557+0000] {standard_task_runner.py:72} INFO - Started process 399 to run task
[2025-04-11T08:47:20.559+0000] {standard_task_runner.py:104} INFO - Running: ['***', 'tasks', 'run', 'lstm_stock_prediction_refactored', 'build_features', 'manual__2025-04-11T08:47:17.882347+00:00', '--job-id', '37', '--raw', '--subdir', 'DAGS_FOLDER/lstm_refactored_dag.py', '--cfg-path', '/tmp/tmphde_6zka']
[2025-04-11T08:47:20.562+0000] {standard_task_runner.py:105} INFO - Job 37: Subtask build_features
[2025-04-11T08:47:20.594+0000] {task_command.py:467} INFO - Running <TaskInstance: lstm_stock_prediction_refactored.build_features manual__2025-04-11T08:47:17.882347+00:00 [running]> on host 7ae89ba79527
[2025-04-11T08:47:20.649+0000] {taskinstance.py:3134} INFO - Exporting env vars: AIRFLOW_CTX_DAG_OWNER='***_team' AIRFLOW_CTX_DAG_ID='lstm_stock_prediction_refactored' AIRFLOW_CTX_TASK_ID='build_features' AIRFLOW_CTX_EXECUTION_DATE='2025-04-11T08:47:17.882347+00:00' AIRFLOW_CTX_TRY_NUMBER='1' AIRFLOW_CTX_DAG_RUN_ID='manual__2025-04-11T08:47:17.882347+00:00'
[2025-04-11T08:47:20.650+0000] {taskinstance.py:732} INFO - ::endgroup::
[2025-04-11T08:47:20.659+0000] {subprocess.py:78} INFO - Tmp dir root location: /tmp
[2025-04-11T08:47:20.659+0000] {subprocess.py:88} INFO - Running command: ['/usr/bin/bash', '-c', 'python /opt/***/src/features/build_features.py --config /opt/***/config/params.yaml']
[2025-04-11T08:47:20.666+0000] {subprocess.py:99} INFO - Output:
[2025-04-11T08:47:21.861+0000] {subprocess.py:106} INFO - --- Loading Processed Data from /opt/***/data/processed/all_processed_data.npz ---
[2025-04-11T08:47:21.862+0000] {subprocess.py:106} INFO - --- Finished Loading Processed Data ---
[2025-04-11T08:47:21.863+0000] {subprocess.py:106} INFO - --- Creating Sequences ---
[2025-04-11T08:47:21.863+0000] {subprocess.py:106} INFO - X sequences shape: (722, 30, 7, 16)
[2025-04-11T08:47:21.866+0000] {subprocess.py:106} INFO - y sequences shape: (722, 1, 7)
[2025-04-11T08:47:21.867+0000] {subprocess.py:106} INFO - --- Finished Creating Sequences ---
[2025-04-11T08:47:21.868+0000] {subprocess.py:106} INFO - --- Splitting Data ---
[2025-04-11T08:47:21.868+0000] {subprocess.py:106} INFO - Train shapes: X=(577, 30, 7, 16), y=(577, 1, 7)
[2025-04-11T08:47:21.869+0000] {subprocess.py:106} INFO - Test shapes: X=(145, 30, 7, 16), y=(145, 1, 7)
[2025-04-11T08:47:21.869+0000] {subprocess.py:106} INFO - --- Finished Splitting Data ---
[2025-04-11T08:47:21.869+0000] {subprocess.py:106} INFO - --- Scaling Data ---
[2025-04-11T08:47:21.870+0000] {subprocess.py:106} INFO - --- Finished Scaling Data ---
[2025-04-11T08:47:21.870+0000] {subprocess.py:106} INFO - --- Saving Scaled Data to /opt/***/data/features/split_scaled_data.npz ---
[2025-04-11T08:47:21.871+0000] {subprocess.py:106} INFO - --- Finished Saving Scaled Data ---
[2025-04-11T08:47:21.871+0000] {subprocess.py:106} INFO - --- Saving Scalers to /opt/***/data/processed/scalers.pkl ---
[2025-04-11T08:47:21.871+0000] {subprocess.py:106} INFO - --- Finished Saving Scalers ---
[2025-04-11T08:47:21.971+0000] {subprocess.py:110} INFO - Command exited with return code 0
[2025-04-11T08:47:21.991+0000] {taskinstance.py:341} INFO - ::group::Post task execution logs
[2025-04-11T08:47:21.992+0000] {taskinstance.py:353} INFO - Marking task as SUCCESS. dag_id=lstm_stock_prediction_refactored, task_id=build_features, run_id=manual__2025-04-11T08:47:17.882347+00:00, execution_date=20250411T084717, start_date=20250411T084720, end_date=20250411T084721
[2025-04-11T08:47:22.020+0000] {local_task_job_runner.py:266} INFO - Task exited with return code 0
[2025-04-11T08:47:22.038+0000] {taskinstance.py:3901} INFO - 1 downstream tasks scheduled from follow-on schedule check
[2025-04-11T08:47:22.040+0000] {local_task_job_runner.py:245} INFO - ::endgroup::
