[2025-04-11T07:34:55.111+0000] {local_task_job_runner.py:123} INFO - ::group::Pre task execution logs
[2025-04-11T07:34:55.126+0000] {taskinstance.py:2614} INFO - Dependencies all met for dep_context=non-requeueable deps ti=<TaskInstance: lstm_stock_prediction_refactored.optimize_hyperparams manual__2025-04-11T07:34:50.523738+00:00 [queued]>
[2025-04-11T07:34:55.133+0000] {taskinstance.py:2614} INFO - Dependencies all met for dep_context=requeueable deps ti=<TaskInstance: lstm_stock_prediction_refactored.optimize_hyperparams manual__2025-04-11T07:34:50.523738+00:00 [queued]>
[2025-04-11T07:34:55.134+0000] {taskinstance.py:2867} INFO - Starting attempt 1 of 2
[2025-04-11T07:34:55.142+0000] {taskinstance.py:2890} INFO - Executing <Task(BashOperator): optimize_hyperparams> on 2025-04-11 07:34:50.523738+00:00
[2025-04-11T07:34:55.145+0000] {standard_task_runner.py:72} INFO - Started process 253 to run task
[2025-04-11T07:34:55.148+0000] {standard_task_runner.py:104} INFO - Running: ['***', 'tasks', 'run', 'lstm_stock_prediction_refactored', 'optimize_hyperparams', 'manual__2025-04-11T07:34:50.523738+00:00', '--job-id', '23', '--raw', '--subdir', 'DAGS_FOLDER/lstm_refactored_dag.py', '--cfg-path', '/tmp/tmpjd_s3_s0']
[2025-04-11T07:34:55.150+0000] {standard_task_runner.py:105} INFO - Job 23: Subtask optimize_hyperparams
[2025-04-11T07:34:55.180+0000] {task_command.py:467} INFO - Running <TaskInstance: lstm_stock_prediction_refactored.optimize_hyperparams manual__2025-04-11T07:34:50.523738+00:00 [running]> on host e3a30e77acd1
[2025-04-11T07:34:55.235+0000] {taskinstance.py:3134} INFO - Exporting env vars: AIRFLOW_CTX_DAG_OWNER='***_team' AIRFLOW_CTX_DAG_ID='lstm_stock_prediction_refactored' AIRFLOW_CTX_TASK_ID='optimize_hyperparams' AIRFLOW_CTX_EXECUTION_DATE='2025-04-11T07:34:50.523738+00:00' AIRFLOW_CTX_TRY_NUMBER='1' AIRFLOW_CTX_DAG_RUN_ID='manual__2025-04-11T07:34:50.523738+00:00'
[2025-04-11T07:34:55.236+0000] {taskinstance.py:732} INFO - ::endgroup::
[2025-04-11T07:34:55.247+0000] {subprocess.py:78} INFO - Tmp dir root location: /tmp
[2025-04-11T07:34:55.249+0000] {subprocess.py:88} INFO - Running command: ['/usr/bin/bash', '-c', 'python /opt/***/src/models/optimize_hyperparams.py --config /opt/***/config/params.yaml']
[2025-04-11T07:34:55.257+0000] {subprocess.py:99} INFO - Output:
[2025-04-11T07:34:56.797+0000] {subprocess.py:106} INFO - mkdir -p failed for path /home/***/.cache/matplotlib: [Errno 13] Permission denied: '/home/***/.cache/matplotlib'
[2025-04-11T07:34:56.806+0000] {subprocess.py:106} INFO - Matplotlib created a temporary cache directory at /tmp/matplotlib-f5sfxndj because there was an issue with the default path (/home/***/.cache/matplotlib); it is highly recommended to set the MPLCONFIGDIR environment variable to a writable directory, in particular to speed up the import of Matplotlib and to better support multiprocessing.
[2025-04-11T07:34:58.907+0000] {subprocess.py:106} INFO - [I 2025-04-11 07:34:58,907] A new study created in memory with name: no-name-97fb2386-879e-47f1-a2dc-088e041e29c2
[2025-04-11T07:35:10.135+0000] {subprocess.py:106} INFO - [I 2025-04-11 07:35:10,135] Trial 0 finished with value: 0.12000266090035439 and parameters: {'batch_size': 80, 'hidden_size': 64, 'num_layers': 2, 'dropout_rate': 0.4, 'learning_rate': 0.00010587273351810358, 'model_type': 'lstm_cross_attention'}. Best is trial 0 with value: 0.12000266090035439.
[2025-04-11T07:35:10.139+0000] {subprocess.py:106} INFO - Using device: cpu
[2025-04-11T07:35:10.140+0000] {subprocess.py:106} INFO - --- Loading Scaled Data from /opt/***/data/features/split_scaled_data.npz ---
[2025-04-11T07:35:10.141+0000] {subprocess.py:106} INFO - --- Finished Loading Scaled Data ---
[2025-04-11T07:35:10.141+0000] {subprocess.py:106} INFO - --- Loading Scalers from /opt/***/data/processed/scalers.pkl ---
[2025-04-11T07:35:10.142+0000] {subprocess.py:106} INFO - --- Finished Loading Scalers ---
[2025-04-11T07:35:10.142+0000] {subprocess.py:106} INFO - --- Starting Optuna Optimization (1 trials) ---
[2025-04-11T07:35:10.143+0000] {subprocess.py:106} INFO - --- Finished Optuna Optimization ---
[2025-04-11T07:35:10.143+0000] {subprocess.py:106} INFO - Best trial value (loss): 0.12000266090035439
[2025-04-11T07:35:10.144+0000] {subprocess.py:106} INFO - Best parameters: {'batch_size': 80, 'hidden_size': 64, 'num_layers': 2, 'dropout_rate': 0.4, 'learning_rate': 0.00010587273351810358, 'model_type': 'lstm_cross_attention'}
[2025-04-11T07:35:10.144+0000] {subprocess.py:106} INFO - --- Saving Best Parameters to /opt/***/config/best_params.json ---
[2025-04-11T07:35:10.144+0000] {subprocess.py:106} INFO - --- Finished Saving Best Parameters ---
[2025-04-11T07:35:10.942+0000] {subprocess.py:110} INFO - Command exited with return code 0
[2025-04-11T07:35:10.962+0000] {taskinstance.py:341} INFO - ::group::Post task execution logs
[2025-04-11T07:35:10.963+0000] {taskinstance.py:353} INFO - Marking task as SUCCESS. dag_id=lstm_stock_prediction_refactored, task_id=optimize_hyperparams, run_id=manual__2025-04-11T07:34:50.523738+00:00, execution_date=20250411T073450, start_date=20250411T073455, end_date=20250411T073510
[2025-04-11T07:35:10.996+0000] {local_task_job_runner.py:266} INFO - Task exited with return code 0
[2025-04-11T07:35:11.024+0000] {taskinstance.py:3901} INFO - 1 downstream tasks scheduled from follow-on schedule check
[2025-04-11T07:35:11.027+0000] {local_task_job_runner.py:245} INFO - ::endgroup::
