[2025-04-23T07:00:33.695+0000] {local_task_job_runner.py:123} INFO - ::group::Pre task execution logs
[2025-04-23T07:00:33.706+0000] {taskinstance.py:2614} INFO - Dependencies all met for dep_context=non-requeueable deps ti=<TaskInstance: lstm_stock_prediction_refactored.process_data manual__2025-04-23T07:00:32.573742+00:00 [queued]>
[2025-04-23T07:00:33.712+0000] {taskinstance.py:2614} INFO - Dependencies all met for dep_context=requeueable deps ti=<TaskInstance: lstm_stock_prediction_refactored.process_data manual__2025-04-23T07:00:32.573742+00:00 [queued]>
[2025-04-23T07:00:33.713+0000] {taskinstance.py:2867} INFO - Starting attempt 1 of 2
[2025-04-23T07:00:33.721+0000] {taskinstance.py:2890} INFO - Executing <Task(BashOperator): process_data> on 2025-04-23 07:00:32.573742+00:00
[2025-04-23T07:00:33.726+0000] {standard_task_runner.py:72} INFO - Started process 275 to run task
[2025-04-23T07:00:33.728+0000] {standard_task_runner.py:104} INFO - Running: ['***', 'tasks', 'run', 'lstm_stock_prediction_refactored', 'process_data', 'manual__2025-04-23T07:00:32.573742+00:00', '--job-id', '98', '--raw', '--subdir', 'DAGS_FOLDER/lstm_refactored_dag.py', '--cfg-path', '/tmp/tmp2znc38jk']
[2025-04-23T07:00:33.730+0000] {standard_task_runner.py:105} INFO - Job 98: Subtask process_data
[2025-04-23T07:00:33.767+0000] {task_command.py:467} INFO - Running <TaskInstance: lstm_stock_prediction_refactored.process_data manual__2025-04-23T07:00:32.573742+00:00 [running]> on host 7f98232cb4c4
[2025-04-23T07:00:33.846+0000] {taskinstance.py:3134} INFO - Exporting env vars: AIRFLOW_CTX_DAG_OWNER='***_team' AIRFLOW_CTX_DAG_ID='lstm_stock_prediction_refactored' AIRFLOW_CTX_TASK_ID='process_data' AIRFLOW_CTX_EXECUTION_DATE='2025-04-23T07:00:32.573742+00:00' AIRFLOW_CTX_TRY_NUMBER='1' AIRFLOW_CTX_DAG_RUN_ID='manual__2025-04-23T07:00:32.573742+00:00'
[2025-04-23T07:00:33.847+0000] {taskinstance.py:732} INFO - ::endgroup::
[2025-04-23T07:00:33.864+0000] {subprocess.py:78} INFO - Tmp dir root location: /tmp
[2025-04-23T07:00:33.865+0000] {subprocess.py:88} INFO - Running command: ['/usr/bin/bash', '-c', 'python /opt/***/src/data/make_dataset.py --config /opt/***/config/params.yaml']
[2025-04-23T07:00:33.873+0000] {subprocess.py:99} INFO - Output:
[2025-04-23T07:00:34.810+0000] {subprocess.py:106} INFO - 2025-04-23 07:00:34,810 - __main__ - INFO - Starting data processing script with config: /opt/***/config/params.yaml
[2025-04-23T07:00:34.816+0000] {subprocess.py:106} INFO - 2025-04-23 07:00:34,816 - __main__ - INFO - Raw data directory: /opt/***/data/raw
[2025-04-23T07:00:34.816+0000] {subprocess.py:106} INFO - 2025-04-23 07:00:34,816 - __main__ - INFO - Processed data output path: /opt/***/data/processed/all_processed_data.npz
[2025-04-23T07:00:34.817+0000] {subprocess.py:106} INFO - 2025-04-23 07:00:34,816 - __main__ - INFO - --- Starting Data Loading ---
[2025-04-23T07:00:34.817+0000] {subprocess.py:106} INFO - 2025-04-23 07:00:34,817 - __main__ - INFO - Attempting to use RELATIVE output dir: /opt/***/data/raw
[2025-04-23T07:00:34.818+0000] {subprocess.py:106} INFO - 2025-04-23 07:00:34,817 - __main__ - INFO - Attempting to use ABSOLUTE output dir: /opt/***/data/raw
[2025-04-23T07:00:34.818+0000] {subprocess.py:106} INFO - 2025-04-23 07:00:34,817 - __main__ - INFO - Current Working Directory inside container: /tmp/***tmpyp9dzka8
[2025-04-23T07:00:34.819+0000] {subprocess.py:106} INFO - 2025-04-23 07:00:34,817 - __main__ - INFO - Attempting to create directory: /opt/***/data/raw
[2025-04-23T07:00:34.819+0000] {subprocess.py:106} INFO - 2025-04-23 07:00:34,818 - __main__ - INFO - Successfully called mkdir for: /opt/***/data/raw (might not indicate success if permissions are wrong)
[2025-04-23T07:00:34.820+0000] {subprocess.py:106} INFO - 2025-04-23 07:00:34,818 - __main__ - INFO - Saving raw data to: /opt/***/data/raw
[2025-04-23T07:00:34.820+0000] {subprocess.py:106} INFO - 2025-04-23 07:00:34,819 - __main__ - INFO - Skipping download for AAPL, file exists: /opt/***/data/raw/AAPL_raw.pkl
[2025-04-23T07:00:34.821+0000] {subprocess.py:106} INFO - 2025-04-23 07:00:34,819 - __main__ - INFO - Skipping download for MA, file exists: /opt/***/data/raw/MA_raw.pkl
[2025-04-23T07:00:34.822+0000] {subprocess.py:106} INFO - 2025-04-23 07:00:34,820 - __main__ - INFO - Skipping download for CSCO, file exists: /opt/***/data/raw/CSCO_raw.pkl
[2025-04-23T07:00:34.822+0000] {subprocess.py:106} INFO - 2025-04-23 07:00:34,821 - __main__ - INFO - Skipping download for MSFT, file exists: /opt/***/data/raw/MSFT_raw.pkl
[2025-04-23T07:00:34.823+0000] {subprocess.py:106} INFO - 2025-04-23 07:00:34,822 - __main__ - INFO - Skipping download for AMZN, file exists: /opt/***/data/raw/AMZN_raw.pkl
[2025-04-23T07:00:34.824+0000] {subprocess.py:106} INFO - 2025-04-23 07:00:34,824 - __main__ - INFO - Skipping download for GOOG, file exists: /opt/***/data/raw/GOOG_raw.pkl
[2025-04-23T07:00:34.825+0000] {subprocess.py:106} INFO - 2025-04-23 07:00:34,824 - __main__ - INFO - Skipping download for IBM, file exists: /opt/***/data/raw/IBM_raw.pkl
[2025-04-23T07:00:34.825+0000] {subprocess.py:106} INFO - 2025-04-23 07:00:34,824 - __main__ - INFO - --- Finished Data Loading ---
[2025-04-23T07:00:34.853+0000] {subprocess.py:106} INFO - 2025-04-23 07:00:34,853 - __main__ - INFO - --- Starting Feature Engineering (Indicators) ---
[2025-04-23T07:00:34.888+0000] {subprocess.py:106} INFO - /home/***/.local/lib/python3.11/site-packages/ta/trend.py:1030: FutureWarning: Series.__setitem__ treating keys as positions is deprecated. In a future version, integer keys will always be treated as labels (consistent with DataFrame behavior). To set a value by position, use `ser.iloc[pos] = value`
[2025-04-23T07:00:34.889+0000] {subprocess.py:106} INFO -   self._psar[i] = high2
[2025-04-23T07:00:34.984+0000] {subprocess.py:106} INFO - /home/***/.local/lib/python3.11/site-packages/ta/trend.py:1030: FutureWarning: Series.__setitem__ treating keys as positions is deprecated. In a future version, integer keys will always be treated as labels (consistent with DataFrame behavior). To set a value by position, use `ser.iloc[pos] = value`
[2025-04-23T07:00:34.985+0000] {subprocess.py:106} INFO -   self._psar[i] = high2
[2025-04-23T07:00:35.076+0000] {subprocess.py:106} INFO - /home/***/.local/lib/python3.11/site-packages/ta/trend.py:1030: FutureWarning: Series.__setitem__ treating keys as positions is deprecated. In a future version, integer keys will always be treated as labels (consistent with DataFrame behavior). To set a value by position, use `ser.iloc[pos] = value`
[2025-04-23T07:00:35.080+0000] {subprocess.py:106} INFO -   self._psar[i] = high2
[2025-04-23T07:00:35.163+0000] {subprocess.py:106} INFO - /home/***/.local/lib/python3.11/site-packages/ta/trend.py:1030: FutureWarning: Series.__setitem__ treating keys as positions is deprecated. In a future version, integer keys will always be treated as labels (consistent with DataFrame behavior). To set a value by position, use `ser.iloc[pos] = value`
[2025-04-23T07:00:35.172+0000] {subprocess.py:106} INFO -   self._psar[i] = high2
[2025-04-23T07:00:35.262+0000] {subprocess.py:106} INFO - /home/***/.local/lib/python3.11/site-packages/ta/trend.py:1030: FutureWarning: Series.__setitem__ treating keys as positions is deprecated. In a future version, integer keys will always be treated as labels (consistent with DataFrame behavior). To set a value by position, use `ser.iloc[pos] = value`
[2025-04-23T07:00:35.268+0000] {subprocess.py:106} INFO -   self._psar[i] = high2
[2025-04-23T07:00:35.343+0000] {subprocess.py:106} INFO - /home/***/.local/lib/python3.11/site-packages/ta/trend.py:1030: FutureWarning: Series.__setitem__ treating keys as positions is deprecated. In a future version, integer keys will always be treated as labels (consistent with DataFrame behavior). To set a value by position, use `ser.iloc[pos] = value`
[2025-04-23T07:00:35.344+0000] {subprocess.py:106} INFO -   self._psar[i] = high2
[2025-04-23T07:00:35.448+0000] {subprocess.py:106} INFO - /home/***/.local/lib/python3.11/site-packages/ta/trend.py:1030: FutureWarning: Series.__setitem__ treating keys as positions is deprecated. In a future version, integer keys will always be treated as labels (consistent with DataFrame behavior). To set a value by position, use `ser.iloc[pos] = value`
[2025-04-23T07:00:35.449+0000] {subprocess.py:106} INFO -   self._psar[i] = high2
[2025-04-23T07:00:35.501+0000] {subprocess.py:106} INFO - 2025-04-23 07:00:35,501 - __main__ - INFO - --- Finished Feature Engineering (Indicators) ---
[2025-04-23T07:00:35.502+0000] {subprocess.py:106} INFO - 2025-04-23 07:00:35,501 - __main__ - INFO - --- Starting Feature Filtering ---
[2025-04-23T07:00:35.514+0000] {subprocess.py:106} INFO - 2025-04-23 07:00:35,514 - __main__ - INFO - Features remaining after filtering: 16
[2025-04-23T07:00:35.514+0000] {subprocess.py:106} INFO - 2025-04-23 07:00:35,514 - __main__ - INFO - --- Finished Feature Filtering ---
[2025-04-23T07:00:35.515+0000] {subprocess.py:106} INFO - 2025-04-23 07:00:35,514 - __main__ - INFO - --- Starting Data Alignment & Processing ---
[2025-04-23T07:00:35.556+0000] {subprocess.py:106} INFO - /opt/***/src/data/make_dataset.py:144: FutureWarning: DataFrame.fillna with 'method' is deprecated and will raise in a future version. Use obj.ffill() or obj.bfill() instead.
[2025-04-23T07:00:35.557+0000] {subprocess.py:106} INFO -   df = aligned_data[ticker][feature_columns + ['Target']].fillna(method='ffill').fillna(method='bfill')
[2025-04-23T07:00:35.558+0000] {subprocess.py:106} INFO - /opt/***/src/data/make_dataset.py:144: FutureWarning: DataFrame.fillna with 'method' is deprecated and will raise in a future version. Use obj.ffill() or obj.bfill() instead.
[2025-04-23T07:00:35.559+0000] {subprocess.py:106} INFO -   df = aligned_data[ticker][feature_columns + ['Target']].fillna(method='ffill').fillna(method='bfill')
[2025-04-23T07:00:35.560+0000] {subprocess.py:106} INFO - /opt/***/src/data/make_dataset.py:144: FutureWarning: DataFrame.fillna with 'method' is deprecated and will raise in a future version. Use obj.ffill() or obj.bfill() instead.
[2025-04-23T07:00:35.560+0000] {subprocess.py:106} INFO -   df = aligned_data[ticker][feature_columns + ['Target']].fillna(method='ffill').fillna(method='bfill')
[2025-04-23T07:00:35.561+0000] {subprocess.py:106} INFO - /opt/***/src/data/make_dataset.py:144: FutureWarning: DataFrame.fillna with 'method' is deprecated and will raise in a future version. Use obj.ffill() or obj.bfill() instead.
[2025-04-23T07:00:35.562+0000] {subprocess.py:106} INFO -   df = aligned_data[ticker][feature_columns + ['Target']].fillna(method='ffill').fillna(method='bfill')
[2025-04-23T07:00:35.563+0000] {subprocess.py:106} INFO - /opt/***/src/data/make_dataset.py:144: FutureWarning: DataFrame.fillna with 'method' is deprecated and will raise in a future version. Use obj.ffill() or obj.bfill() instead.
[2025-04-23T07:00:35.563+0000] {subprocess.py:106} INFO -   df = aligned_data[ticker][feature_columns + ['Target']].fillna(method='ffill').fillna(method='bfill')
[2025-04-23T07:00:35.564+0000] {subprocess.py:106} INFO - /opt/***/src/data/make_dataset.py:144: FutureWarning: DataFrame.fillna with 'method' is deprecated and will raise in a future version. Use obj.ffill() or obj.bfill() instead.
[2025-04-23T07:00:35.565+0000] {subprocess.py:106} INFO -   df = aligned_data[ticker][feature_columns + ['Target']].fillna(method='ffill').fillna(method='bfill')
[2025-04-23T07:00:35.565+0000] {subprocess.py:106} INFO - /opt/***/src/data/make_dataset.py:144: FutureWarning: DataFrame.fillna with 'method' is deprecated and will raise in a future version. Use obj.ffill() or obj.bfill() instead.
[2025-04-23T07:00:35.566+0000] {subprocess.py:106} INFO -   df = aligned_data[ticker][feature_columns + ['Target']].fillna(method='ffill').fillna(method='bfill')
[2025-04-23T07:00:35.567+0000] {subprocess.py:106} INFO - 2025-04-23 07:00:35,567 - __main__ - INFO - Processed data shape: (752, 7, 16)
[2025-04-23T07:00:35.567+0000] {subprocess.py:106} INFO - 2025-04-23 07:00:35,567 - __main__ - INFO - Targets shape: (752, 7)
[2025-04-23T07:00:35.568+0000] {subprocess.py:106} INFO - 2025-04-23 07:00:35,567 - __main__ - INFO - Final tickers in order: ['AAPL', 'MA', 'CSCO', 'MSFT', 'AMZN', 'GOOG', 'IBM']
[2025-04-23T07:00:35.568+0000] {subprocess.py:106} INFO - 2025-04-23 07:00:35,567 - __main__ - INFO - --- Finished Data Alignment & Processing ---
[2025-04-23T07:00:35.569+0000] {subprocess.py:106} INFO - 2025-04-23 07:00:35,569 - __main__ - INFO - Attempting to save to absolute path: /opt/***/data/processed/all_processed_data.npz
[2025-04-23T07:00:35.577+0000] {subprocess.py:106} INFO - 2025-04-23 07:00:35,577 - __main__ - INFO - Successfully saved processed data to /opt/***/data/processed/all_processed_data.npz
[2025-04-23T07:00:35.582+0000] {subprocess.py:106} INFO - 2025-04-23 07:00:35,582 - __main__ - INFO - Verified file exists at: /opt/***/data/processed/all_processed_data.npz
[2025-04-23T07:00:35.583+0000] {subprocess.py:106} INFO - 2025-04-23 07:00:35,582 - __main__ - INFO - Data processing script finished.
[2025-04-23T07:00:35.585+0000] {subprocess.py:106} INFO - --- PRINT TEST: Starting Data Loading ---
[2025-04-23T07:00:35.585+0000] {subprocess.py:106} INFO - Filtering highly correlated features with threshold 0.9
[2025-04-23T07:00:35.586+0000] {subprocess.py:106} INFO - Identified 20 highly correlated features to remove: ['High', 'Low', 'Close', 'EMA_50', 'EMA_200', 'BB_High', 'BB_Low', 'OBV', 'SMA_50', 'VWAP', 'PSAR', 'Stochastic_D', 'CCI', 'Williams_R', 'Donchian_High', 'Donchian_Low', 'Keltner_High', 'Keltner_Low', 'DI_Positive', 'DI_Negative']
[2025-04-23T07:00:35.586+0000] {subprocess.py:106} INFO - Excluding 'Close' column from removal list.
[2025-04-23T07:00:35.586+0000] {subprocess.py:106} INFO - Final list of 19 features to remove: ['High', 'Low', 'EMA_50', 'EMA_200', 'BB_High', 'BB_Low', 'OBV', 'SMA_50', 'VWAP', 'PSAR', 'Stochastic_D', 'CCI', 'Williams_R', 'Donchian_High', 'Donchian_Low', 'Keltner_High', 'Keltner_Low', 'DI_Positive', 'DI_Negative']
[2025-04-23T07:00:35.695+0000] {subprocess.py:110} INFO - Command exited with return code 0
[2025-04-23T07:00:35.716+0000] {taskinstance.py:341} INFO - ::group::Post task execution logs
[2025-04-23T07:00:35.718+0000] {taskinstance.py:353} INFO - Marking task as SUCCESS. dag_id=lstm_stock_prediction_refactored, task_id=process_data, run_id=manual__2025-04-23T07:00:32.573742+00:00, execution_date=20250423T070032, start_date=20250423T070033, end_date=20250423T070035
[2025-04-23T07:00:35.762+0000] {local_task_job_runner.py:266} INFO - Task exited with return code 0
[2025-04-23T07:00:35.782+0000] {taskinstance.py:3901} INFO - 1 downstream tasks scheduled from follow-on schedule check
[2025-04-23T07:00:35.784+0000] {local_task_job_runner.py:245} INFO - ::endgroup::
