[2025-04-11T09:47:47.450+0000] {local_task_job_runner.py:123} INFO - ::group::Pre task execution logs
[2025-04-11T09:47:47.471+0000] {taskinstance.py:2614} INFO - Dependencies all met for dep_context=non-requeueable deps ti=<TaskInstance: lstm_stock_prediction_refactored.train_final_model manual__2025-04-11T09:47:25.185569+00:00 [queued]>
[2025-04-11T09:47:47.485+0000] {taskinstance.py:2614} INFO - Dependencies all met for dep_context=requeueable deps ti=<TaskInstance: lstm_stock_prediction_refactored.train_final_model manual__2025-04-11T09:47:25.185569+00:00 [queued]>
[2025-04-11T09:47:47.487+0000] {taskinstance.py:2867} INFO - Starting attempt 1 of 2
[2025-04-11T09:47:47.498+0000] {taskinstance.py:2890} INFO - Executing <Task(BashOperator): train_final_model> on 2025-04-11 09:47:25.185569+00:00
[2025-04-11T09:47:47.504+0000] {standard_task_runner.py:72} INFO - Started process 348 to run task
[2025-04-11T09:47:47.506+0000] {standard_task_runner.py:104} INFO - Running: ['***', 'tasks', 'run', 'lstm_stock_prediction_refactored', 'train_final_model', 'manual__2025-04-11T09:47:25.185569+00:00', '--job-id', '71', '--raw', '--subdir', 'DAGS_FOLDER/lstm_refactored_dag.py', '--cfg-path', '/tmp/tmp7lpijj0p']
[2025-04-11T09:47:47.508+0000] {standard_task_runner.py:105} INFO - Job 71: Subtask train_final_model
[2025-04-11T09:47:47.555+0000] {task_command.py:467} INFO - Running <TaskInstance: lstm_stock_prediction_refactored.train_final_model manual__2025-04-11T09:47:25.185569+00:00 [running]> on host bf4b1d1f8db5
[2025-04-11T09:47:47.630+0000] {taskinstance.py:3134} INFO - Exporting env vars: AIRFLOW_CTX_DAG_OWNER='***_team' AIRFLOW_CTX_DAG_ID='lstm_stock_prediction_refactored' AIRFLOW_CTX_TASK_ID='train_final_model' AIRFLOW_CTX_EXECUTION_DATE='2025-04-11T09:47:25.185569+00:00' AIRFLOW_CTX_TRY_NUMBER='1' AIRFLOW_CTX_DAG_RUN_ID='manual__2025-04-11T09:47:25.185569+00:00'
[2025-04-11T09:47:47.631+0000] {taskinstance.py:732} INFO - ::endgroup::
[2025-04-11T09:47:47.642+0000] {subprocess.py:78} INFO - Tmp dir root location: /tmp
[2025-04-11T09:47:47.644+0000] {subprocess.py:88} INFO - Running command: ['/usr/bin/bash', '-c', 'python /opt/***/src/models/train_model.py --config /opt/***/config/params.yaml']
[2025-04-11T09:47:47.651+0000] {subprocess.py:99} INFO - Output:
[2025-04-11T09:47:52.255+0000] {subprocess.py:106} INFO - 2025/04/11 09:47:52 INFO mlflow.tracking.fluent: Experiment with name 'Stock_Price_Prediction_LSTM_Refactored' does not exist. Creating a new experiment.
[2025-04-11T09:47:53.468+0000] {subprocess.py:106} INFO - 2025/04/11 09:47:53 WARNING mlflow.utils.git_utils: Failed to import Git (the Git executable is probably not on your PATH), so Git SHA is not available. Error: Failed to initialize: Bad git executable.
[2025-04-11T09:47:53.472+0000] {subprocess.py:106} INFO - The git executable must be specified in one of the following ways:
[2025-04-11T09:47:53.477+0000] {subprocess.py:106} INFO -     - be included in your $PATH
[2025-04-11T09:47:53.483+0000] {subprocess.py:106} INFO -     - be set via $GIT_PYTHON_GIT_EXECUTABLE
[2025-04-11T09:47:53.487+0000] {subprocess.py:106} INFO -     - explicitly set via git.refresh(<full-path-to-git-executable>)
[2025-04-11T09:47:53.494+0000] {subprocess.py:106} INFO - 
[2025-04-11T09:47:53.497+0000] {subprocess.py:106} INFO - All git commands will error until this is rectified.
[2025-04-11T09:47:53.499+0000] {subprocess.py:106} INFO - 
[2025-04-11T09:47:53.505+0000] {subprocess.py:106} INFO - This initial message can be silenced or aggravated in the future by setting the
[2025-04-11T09:47:53.509+0000] {subprocess.py:106} INFO - $GIT_PYTHON_REFRESH environment variable. Use one of the following values:
[2025-04-11T09:47:53.512+0000] {subprocess.py:106} INFO -     - quiet|q|silence|s|silent|none|n|0: for no message or exception
[2025-04-11T09:47:53.518+0000] {subprocess.py:106} INFO -     - warn|w|warning|log|l|1: for a warning message (logging level CRITICAL, displayed by default)
[2025-04-11T09:47:53.523+0000] {subprocess.py:106} INFO -     - error|e|exception|raise|r|2: for a raised exception
[2025-04-11T09:47:53.527+0000] {subprocess.py:106} INFO - 
[2025-04-11T09:47:53.528+0000] {subprocess.py:106} INFO - Example:
[2025-04-11T09:47:53.533+0000] {subprocess.py:106} INFO -     export GIT_PYTHON_REFRESH=quiet
[2025-04-11T09:47:53.534+0000] {subprocess.py:106} INFO - 
[2025-04-11T09:48:03.827+0000] {subprocess.py:106} INFO - [31m2025/04/11 09:48:03 WARNING mlflow.models.model: Model logged without a signature and input example. Please set `input_example` parameter when logging the model to auto infer the model signature.[0m
[2025-04-11T09:48:04.915+0000] {subprocess.py:106} INFO - Using device: cpu
[2025-04-11T09:48:04.917+0000] {subprocess.py:106} INFO - --- Loading Scaled Data from /opt/***/data/features/split_scaled_data.npz ---
[2025-04-11T09:48:04.918+0000] {subprocess.py:106} INFO - --- Finished Loading Scaled Data ---
[2025-04-11T09:48:04.919+0000] {subprocess.py:106} INFO - --- Loading Scalers from /opt/***/data/processed/scalers.pkl ---
[2025-04-11T09:48:04.920+0000] {subprocess.py:106} INFO - --- Finished Loading Scalers ---
[2025-04-11T09:48:04.921+0000] {subprocess.py:106} INFO - --- Loading Tickers from /opt/***/data/processed/all_processed_data.npz ---
[2025-04-11T09:48:04.922+0000] {subprocess.py:106} INFO - Tickers: ['AAPL', 'MA', 'CSCO', 'MSFT', 'AMZN', 'GOOG', 'IBM']
[2025-04-11T09:48:04.923+0000] {subprocess.py:106} INFO - --- Finished Loading Tickers ---
[2025-04-11T09:48:04.925+0000] {subprocess.py:106} INFO - --- Loading Best Hyperparameters from /opt/***/config/best_params.json ---
[2025-04-11T09:48:04.926+0000] {subprocess.py:106} INFO - Best parameters loaded: {'batch_size': 96, 'hidden_size': 256, 'num_layers': 3, 'dropout_rate': 0.5, 'learning_rate': 0.000738127505134076, 'model_type': 'lstm_attention'}
[2025-04-11T09:48:04.927+0000] {subprocess.py:106} INFO - --- Finished Loading Best Hyperparameters ---
[2025-04-11T09:48:04.929+0000] {subprocess.py:106} INFO - --- Setting MLflow Experiment: Stock_Price_Prediction_LSTM_Refactored ---
[2025-04-11T09:48:04.930+0000] {subprocess.py:106} INFO - Using MLflow Tracking URI: http://mlflow-server:5000
[2025-04-11T09:48:04.931+0000] {subprocess.py:106} INFO - --- Starting Final Model Training ---
[2025-04-11T09:48:04.932+0000] {subprocess.py:106} INFO - --- MLflow Run Started for Final Training ---
[2025-04-11T09:48:04.933+0000] {subprocess.py:106} INFO - Epoch [1/5], Train Loss: 0.1869, Test Loss: 0.1542
[2025-04-11T09:48:04.934+0000] {subprocess.py:106} INFO - Epoch [2/5], Train Loss: 0.1484, Test Loss: 0.8267
[2025-04-11T09:48:04.935+0000] {subprocess.py:106} INFO - Epoch [3/5], Train Loss: 0.1572, Test Loss: 0.5876
[2025-04-11T09:48:04.935+0000] {subprocess.py:106} INFO - Epoch [4/5], Train Loss: 0.0880, Test Loss: 0.3334
[2025-04-11T09:48:04.936+0000] {subprocess.py:106} INFO - Epoch [5/5], Train Loss: 0.0618, Test Loss: 0.5065
[2025-04-11T09:48:04.937+0000] {subprocess.py:106} INFO - Loaded best model state_dict from training run.
[2025-04-11T09:48:04.938+0000] {subprocess.py:106} INFO - Final model metrics logged to MLflow.
[2025-04-11T09:48:04.939+0000] {subprocess.py:106} INFO - Logging PyTorch model to MLflow...
[2025-04-11T09:48:04.940+0000] {subprocess.py:106} INFO - Model logged.
[2025-04-11T09:48:04.941+0000] {subprocess.py:106} INFO - Generating prediction visualizations...
[2025-04-11T09:48:04.941+0000] {subprocess.py:106} INFO - Visualizations generated and logged.
[2025-04-11T09:48:04.942+0000] {subprocess.py:106} INFO - --- MLflow Run Finished ---
[2025-04-11T09:48:04.942+0000] {subprocess.py:106} INFO - 🏃 View run final_model_training at: http://mlflow-server:5000/#/experiments/469555157888134183/runs/b86ea9cf7e5d4e2f9a53e18590004dcd
[2025-04-11T09:48:04.943+0000] {subprocess.py:106} INFO - 🧪 View experiment at: http://mlflow-server:5000/#/experiments/469555157888134183
[2025-04-11T09:48:04.944+0000] {subprocess.py:106} INFO - --- Finished Final Model Training ---
[2025-04-11T09:48:04.944+0000] {subprocess.py:106} INFO - 
[2025-04-11T09:48:04.945+0000] {subprocess.py:106} INFO - Final Training Summary:
[2025-04-11T09:48:04.946+0000] {subprocess.py:106} INFO - ========================
[2025-04-11T09:48:04.947+0000] {subprocess.py:106} INFO - test_loss: 0.5065
[2025-04-11T09:48:04.948+0000] {subprocess.py:106} INFO - avg_mse: 8430.0850
[2025-04-11T09:48:04.949+0000] {subprocess.py:106} INFO - avg_mape: 0.3033
[2025-04-11T09:48:04.949+0000] {subprocess.py:106} INFO - avg_direction_accuracy: 0.5109
[2025-04-11T09:48:04.950+0000] {subprocess.py:106} INFO - ========================
[2025-04-11T09:48:05.902+0000] {subprocess.py:110} INFO - Command exited with return code 0
[2025-04-11T09:48:05.922+0000] {taskinstance.py:341} INFO - ::group::Post task execution logs
[2025-04-11T09:48:05.925+0000] {taskinstance.py:353} INFO - Marking task as SUCCESS. dag_id=lstm_stock_prediction_refactored, task_id=train_final_model, run_id=manual__2025-04-11T09:47:25.185569+00:00, execution_date=20250411T094725, start_date=20250411T094747, end_date=20250411T094805
[2025-04-11T09:48:05.969+0000] {local_task_job_runner.py:266} INFO - Task exited with return code 0
[2025-04-11T09:48:05.980+0000] {taskinstance.py:3901} INFO - 0 downstream tasks scheduled from follow-on schedule check
[2025-04-11T09:48:05.985+0000] {local_task_job_runner.py:245} INFO - ::endgroup::
