[2025-04-21T17:29:49.531+0000] {local_task_job_runner.py:123} INFO - ::group::Pre task execution logs
[2025-04-21T17:29:49.585+0000] {taskinstance.py:2614} INFO - Dependencies all met for dep_context=non-requeueable deps ti=<TaskInstance: lstm_stock_prediction_refactored.train_final_model scheduled__2025-04-14T08:00:00+00:00 [queued]>
[2025-04-21T17:29:49.600+0000] {taskinstance.py:2614} INFO - Dependencies all met for dep_context=requeueable deps ti=<TaskInstance: lstm_stock_prediction_refactored.train_final_model scheduled__2025-04-14T08:00:00+00:00 [queued]>
[2025-04-21T17:29:49.602+0000] {taskinstance.py:2867} INFO - Starting attempt 2 of 2
[2025-04-21T17:29:49.623+0000] {taskinstance.py:2890} INFO - Executing <Task(BashOperator): train_final_model> on 2025-04-14 08:00:00+00:00
[2025-04-21T17:29:49.633+0000] {standard_task_runner.py:72} INFO - Started process 788 to run task
[2025-04-21T17:29:49.636+0000] {standard_task_runner.py:104} INFO - Running: ['***', 'tasks', 'run', 'lstm_stock_prediction_refactored', 'train_final_model', 'scheduled__2025-04-14T08:00:00+00:00', '--job-id', '11', '--raw', '--subdir', 'DAGS_FOLDER/lstm_refactored_dag.py', '--cfg-path', '/tmp/tmpzjqna3e5']
[2025-04-21T17:29:49.638+0000] {standard_task_runner.py:105} INFO - Job 11: Subtask train_final_model
[2025-04-21T17:29:49.690+0000] {task_command.py:467} INFO - Running <TaskInstance: lstm_stock_prediction_refactored.train_final_model scheduled__2025-04-14T08:00:00+00:00 [running]> on host a528bcf7a8c9
[2025-04-21T17:29:49.809+0000] {taskinstance.py:3134} INFO - Exporting env vars: AIRFLOW_CTX_DAG_OWNER='***_team' AIRFLOW_CTX_DAG_ID='lstm_stock_prediction_refactored' AIRFLOW_CTX_TASK_ID='train_final_model' AIRFLOW_CTX_EXECUTION_DATE='2025-04-14T08:00:00+00:00' AIRFLOW_CTX_TRY_NUMBER='2' AIRFLOW_CTX_DAG_RUN_ID='scheduled__2025-04-14T08:00:00+00:00'
[2025-04-21T17:29:49.812+0000] {taskinstance.py:732} INFO - ::endgroup::
[2025-04-21T17:29:49.862+0000] {subprocess.py:78} INFO - Tmp dir root location: /tmp
[2025-04-21T17:29:49.867+0000] {subprocess.py:88} INFO - Running command: ['/usr/bin/bash', '-c', 'python /opt/***/src/models/train_model.py --config /opt/***/config/params.yaml']
[2025-04-21T17:29:49.882+0000] {subprocess.py:99} INFO - Output:
[2025-04-21T17:30:04.053+0000] {subprocess.py:106} INFO - 2025/04/21 17:30:04 WARNING mlflow.utils.git_utils: Failed to import Git (the Git executable is probably not on your PATH), so Git SHA is not available. Error: Failed to initialize: Bad git executable.
[2025-04-21T17:30:04.058+0000] {subprocess.py:106} INFO - The git executable must be specified in one of the following ways:
[2025-04-21T17:30:04.058+0000] {subprocess.py:106} INFO -     - be included in your $PATH
[2025-04-21T17:30:04.059+0000] {subprocess.py:106} INFO -     - be set via $GIT_PYTHON_GIT_EXECUTABLE
[2025-04-21T17:30:04.060+0000] {subprocess.py:106} INFO -     - explicitly set via git.refresh(<full-path-to-git-executable>)
[2025-04-21T17:30:04.061+0000] {subprocess.py:106} INFO - 
[2025-04-21T17:30:04.062+0000] {subprocess.py:106} INFO - All git commands will error until this is rectified.
[2025-04-21T17:30:04.063+0000] {subprocess.py:106} INFO - 
[2025-04-21T17:30:04.063+0000] {subprocess.py:106} INFO - This initial message can be silenced or aggravated in the future by setting the
[2025-04-21T17:30:04.065+0000] {subprocess.py:106} INFO - $GIT_PYTHON_REFRESH environment variable. Use one of the following values:
[2025-04-21T17:30:04.066+0000] {subprocess.py:106} INFO -     - quiet|q|silence|s|silent|none|n|0: for no message or exception
[2025-04-21T17:30:04.067+0000] {subprocess.py:106} INFO -     - warn|w|warning|log|l|1: for a warning message (logging level CRITICAL, displayed by default)
[2025-04-21T17:30:04.067+0000] {subprocess.py:106} INFO -     - error|e|exception|raise|r|2: for a raised exception
[2025-04-21T17:30:04.068+0000] {subprocess.py:106} INFO - 
[2025-04-21T17:30:04.069+0000] {subprocess.py:106} INFO - Example:
[2025-04-21T17:30:04.070+0000] {subprocess.py:106} INFO -     export GIT_PYTHON_REFRESH=quiet
[2025-04-21T17:30:04.070+0000] {subprocess.py:106} INFO - 
[2025-04-21T17:30:23.319+0000] {subprocess.py:106} INFO - [31m2025/04/21 17:30:23 WARNING mlflow.models.model: Model logged without a signature and input example. Please set `input_example` parameter when logging the model to auto infer the model signature.[0m
[2025-04-21T17:30:24.760+0000] {subprocess.py:106} INFO - Using device: cpu
[2025-04-21T17:30:24.761+0000] {subprocess.py:106} INFO - --- Loading Scaled Data from /opt/***/data/features/split_scaled_data.npz ---
[2025-04-21T17:30:24.763+0000] {subprocess.py:106} INFO - --- Finished Loading Scaled Data ---
[2025-04-21T17:30:24.764+0000] {subprocess.py:106} INFO - --- Loading Scalers from /opt/***/data/processed/scalers.pkl ---
[2025-04-21T17:30:24.765+0000] {subprocess.py:106} INFO - --- Finished Loading Scalers ---
[2025-04-21T17:30:24.766+0000] {subprocess.py:106} INFO - --- Loading Tickers from /opt/***/data/processed/all_processed_data.npz ---
[2025-04-21T17:30:24.767+0000] {subprocess.py:106} INFO - Tickers: ['AAPL', 'MA', 'CSCO', 'MSFT', 'AMZN', 'GOOG', 'IBM']
[2025-04-21T17:30:24.768+0000] {subprocess.py:106} INFO - --- Finished Loading Tickers ---
[2025-04-21T17:30:24.769+0000] {subprocess.py:106} INFO - --- Loading Best Hyperparameters from /opt/***/config/best_params.json ---
[2025-04-21T17:30:24.769+0000] {subprocess.py:106} INFO - Best parameters loaded: {'batch_size': 64, 'hidden_size': 128, 'num_layers': 3, 'dropout_rate': 0.2, 'learning_rate': 0.004922561455015585, 'model_type': 'lstm_attention'}
[2025-04-21T17:30:24.770+0000] {subprocess.py:106} INFO - --- Finished Loading Best Hyperparameters ---
[2025-04-21T17:30:24.771+0000] {subprocess.py:106} INFO - --- Setting MLflow Experiment: Stock_Price_Prediction_LSTM_Refactored ---
[2025-04-21T17:30:24.772+0000] {subprocess.py:106} INFO - Using MLflow Tracking URI: http://mlflow-server:5000
[2025-04-21T17:30:24.773+0000] {subprocess.py:106} INFO - --- Starting Final Model Training ---
[2025-04-21T17:30:24.773+0000] {subprocess.py:106} INFO - --- MLflow Run Started for Final Training ---
[2025-04-21T17:30:24.774+0000] {subprocess.py:106} INFO - Epoch [1/5], Train Loss: 0.1449, Test Loss: 0.4600
[2025-04-21T17:30:24.775+0000] {subprocess.py:106} INFO - Epoch [2/5], Train Loss: 0.0542, Test Loss: 0.1267
[2025-04-21T17:30:24.775+0000] {subprocess.py:106} INFO - Epoch [3/5], Train Loss: 0.0240, Test Loss: 0.1110
[2025-04-21T17:30:24.776+0000] {subprocess.py:106} INFO - Epoch [4/5], Train Loss: 0.0184, Test Loss: 0.0959
[2025-04-21T17:30:24.776+0000] {subprocess.py:106} INFO - Epoch [5/5], Train Loss: 0.0161, Test Loss: 0.0811
[2025-04-21T17:30:24.777+0000] {subprocess.py:106} INFO - Loaded best model state_dict from training run.
[2025-04-21T17:30:24.778+0000] {subprocess.py:106} INFO - Final model metrics logged to MLflow.
[2025-04-21T17:30:24.778+0000] {subprocess.py:106} INFO - Logging PyTorch model to MLflow...
[2025-04-21T17:30:24.779+0000] {subprocess.py:106} INFO - Model logged.
[2025-04-21T17:30:24.779+0000] {subprocess.py:106} INFO - Generating prediction visualizations...
[2025-04-21T17:30:24.780+0000] {subprocess.py:106} INFO - Visualizations generated and logged.
[2025-04-21T17:30:24.781+0000] {subprocess.py:106} INFO - --- MLflow Run Finished ---
[2025-04-21T17:30:24.782+0000] {subprocess.py:106} INFO - 🏃 View run final_model_training at: http://mlflow-server:5000/#/experiments/568957040361338495/runs/428c42bd70a04c4e8ab6dbda8801d4d9
[2025-04-21T17:30:24.783+0000] {subprocess.py:106} INFO - 🧪 View experiment at: http://mlflow-server:5000/#/experiments/568957040361338495
[2025-04-21T17:30:24.784+0000] {subprocess.py:106} INFO - --- Finished Final Model Training ---
[2025-04-21T17:30:24.784+0000] {subprocess.py:106} INFO - 
[2025-04-21T17:30:24.785+0000] {subprocess.py:106} INFO - Final Training Summary:
[2025-04-21T17:30:24.786+0000] {subprocess.py:106} INFO - ========================
[2025-04-21T17:30:24.786+0000] {subprocess.py:106} INFO - test_loss: 0.0811
[2025-04-21T17:30:24.787+0000] {subprocess.py:106} INFO - avg_mse: 1043.7465
[2025-04-21T17:30:24.787+0000] {subprocess.py:106} INFO - avg_mape: 0.1014
[2025-04-21T17:30:24.788+0000] {subprocess.py:106} INFO - avg_direction_accuracy: 0.5347
[2025-04-21T17:30:24.789+0000] {subprocess.py:106} INFO - ========================
[2025-04-21T17:30:26.844+0000] {subprocess.py:110} INFO - Command exited with return code 0
[2025-04-21T17:30:26.948+0000] {taskinstance.py:341} INFO - ::group::Post task execution logs
[2025-04-21T17:30:26.950+0000] {taskinstance.py:353} INFO - Marking task as SUCCESS. dag_id=lstm_stock_prediction_refactored, task_id=train_final_model, run_id=scheduled__2025-04-14T08:00:00+00:00, execution_date=20250414T080000, start_date=20250421T172949, end_date=20250421T173026
[2025-04-21T17:30:27.015+0000] {local_task_job_runner.py:266} INFO - Task exited with return code 0
[2025-04-21T17:30:27.072+0000] {taskinstance.py:3901} INFO - 1 downstream tasks scheduled from follow-on schedule check
[2025-04-21T17:30:27.075+0000] {local_task_job_runner.py:245} INFO - ::endgroup::
