[2025-04-20T03:13:49.773+0000] {local_task_job_runner.py:123} INFO - ::group::Pre task execution logs
[2025-04-20T03:13:49.835+0000] {taskinstance.py:2614} INFO - Dependencies all met for dep_context=non-requeueable deps ti=<TaskInstance: lstm_stock_prediction_refactored.process_data manual__2025-04-20T03:13:45.671446+00:00 [queued]>
[2025-04-20T03:13:49.865+0000] {taskinstance.py:2614} INFO - Dependencies all met for dep_context=requeueable deps ti=<TaskInstance: lstm_stock_prediction_refactored.process_data manual__2025-04-20T03:13:45.671446+00:00 [queued]>
[2025-04-20T03:13:49.868+0000] {taskinstance.py:2867} INFO - Starting attempt 1 of 2
[2025-04-20T03:13:49.913+0000] {taskinstance.py:2890} INFO - Executing <Task(BashOperator): process_data> on 2025-04-20 03:13:45.671446+00:00
[2025-04-20T03:13:49.926+0000] {standard_task_runner.py:72} INFO - Started process 291 to run task
[2025-04-20T03:13:49.932+0000] {standard_task_runner.py:104} INFO - Running: ['***', 'tasks', 'run', 'lstm_stock_prediction_refactored', 'process_data', 'manual__2025-04-20T03:13:45.671446+00:00', '--job-id', '33', '--raw', '--subdir', 'DAGS_FOLDER/lstm_refactored_dag.py', '--cfg-path', '/tmp/tmpdoskuy63']
[2025-04-20T03:13:49.940+0000] {standard_task_runner.py:105} INFO - Job 33: Subtask process_data
[2025-04-20T03:13:50.051+0000] {task_command.py:467} INFO - Running <TaskInstance: lstm_stock_prediction_refactored.process_data manual__2025-04-20T03:13:45.671446+00:00 [running]> on host 3d47c2da8b29
[2025-04-20T03:13:50.371+0000] {taskinstance.py:3134} INFO - Exporting env vars: AIRFLOW_CTX_DAG_OWNER='***_team' AIRFLOW_CTX_DAG_ID='lstm_stock_prediction_refactored' AIRFLOW_CTX_TASK_ID='process_data' AIRFLOW_CTX_EXECUTION_DATE='2025-04-20T03:13:45.671446+00:00' AIRFLOW_CTX_TRY_NUMBER='1' AIRFLOW_CTX_DAG_RUN_ID='manual__2025-04-20T03:13:45.671446+00:00'
[2025-04-20T03:13:50.380+0000] {taskinstance.py:732} INFO - ::endgroup::
[2025-04-20T03:13:50.532+0000] {subprocess.py:78} INFO - Tmp dir root location: /tmp
[2025-04-20T03:13:50.541+0000] {subprocess.py:88} INFO - Running command: ['/usr/bin/bash', '-c', 'python /opt/***/src/data/make_dataset.py --config /opt/***/config/params.yaml']
[2025-04-20T03:13:50.571+0000] {subprocess.py:99} INFO - Output:
[2025-04-20T03:13:56.442+0000] {subprocess.py:106} INFO - 2025-04-20 03:13:56,442 - __main__ - INFO - Starting data processing script with config: /opt/***/config/params.yaml
[2025-04-20T03:13:56.462+0000] {subprocess.py:106} INFO - 2025-04-20 03:13:56,462 - __main__ - INFO - Raw data directory: /opt/***/data/raw
[2025-04-20T03:13:56.464+0000] {subprocess.py:106} INFO - 2025-04-20 03:13:56,462 - __main__ - INFO - Processed data output path: /opt/***/data/processed/all_processed_data.npz
[2025-04-20T03:13:56.466+0000] {subprocess.py:106} INFO - 2025-04-20 03:13:56,462 - __main__ - INFO - --- Starting Data Loading ---
[2025-04-20T03:13:56.468+0000] {subprocess.py:106} INFO - 2025-04-20 03:13:56,464 - __main__ - INFO - Attempting to use RELATIVE output dir: /opt/***/data/raw
[2025-04-20T03:13:56.470+0000] {subprocess.py:106} INFO - 2025-04-20 03:13:56,464 - __main__ - INFO - Attempting to use ABSOLUTE output dir: /opt/***/data/raw
[2025-04-20T03:13:56.473+0000] {subprocess.py:106} INFO - 2025-04-20 03:13:56,464 - __main__ - INFO - Current Working Directory inside container: /tmp/***tmpbik_yfo6
[2025-04-20T03:13:56.475+0000] {subprocess.py:106} INFO - 2025-04-20 03:13:56,464 - __main__ - INFO - Attempting to create directory: /opt/***/data/raw
[2025-04-20T03:13:56.477+0000] {subprocess.py:106} INFO - 2025-04-20 03:13:56,469 - __main__ - INFO - Successfully called mkdir for: /opt/***/data/raw (might not indicate success if permissions are wrong)
[2025-04-20T03:13:56.479+0000] {subprocess.py:106} INFO - 2025-04-20 03:13:56,469 - __main__ - INFO - Saving raw data to: /opt/***/data/raw
[2025-04-20T03:13:59.678+0000] {subprocess.py:106} INFO - 2025-04-20 03:13:59,677 - __main__ - INFO - Loaded and saved raw data for AAPL to /opt/***/data/raw/AAPL_raw.pkl
[2025-04-20T03:14:05.125+0000] {subprocess.py:106} INFO - 2025-04-20 03:14:05,125 - __main__ - INFO - Loaded and saved raw data for MA to /opt/***/data/raw/MA_raw.pkl
[2025-04-20T03:14:10.496+0000] {subprocess.py:106} INFO - 2025-04-20 03:14:10,495 - __main__ - INFO - Loaded and saved raw data for CSCO to /opt/***/data/raw/CSCO_raw.pkl
[2025-04-20T03:14:16.040+0000] {subprocess.py:106} INFO - 2025-04-20 03:14:16,040 - __main__ - INFO - Loaded and saved raw data for MSFT to /opt/***/data/raw/MSFT_raw.pkl
[2025-04-20T03:14:21.749+0000] {subprocess.py:106} INFO - 2025-04-20 03:14:21,748 - __main__ - INFO - Loaded and saved raw data for AMZN to /opt/***/data/raw/AMZN_raw.pkl
[2025-04-20T03:14:27.196+0000] {subprocess.py:106} INFO - 2025-04-20 03:14:27,196 - __main__ - INFO - Loaded and saved raw data for GOOG to /opt/***/data/raw/GOOG_raw.pkl
[2025-04-20T03:14:31.825+0000] {subprocess.py:106} INFO - 2025-04-20 03:14:31,825 - __main__ - INFO - Loaded and saved raw data for IBM to /opt/***/data/raw/IBM_raw.pkl
[2025-04-20T03:14:36.827+0000] {subprocess.py:106} INFO - 2025-04-20 03:14:36,826 - __main__ - INFO - --- Finished Data Loading ---
[2025-04-20T03:14:36.923+0000] {subprocess.py:106} INFO - 2025-04-20 03:14:36,923 - __main__ - INFO - --- Starting Feature Engineering (Indicators) ---
[2025-04-20T03:14:37.022+0000] {subprocess.py:106} INFO - /home/***/.local/lib/python3.11/site-packages/ta/trend.py:1030: FutureWarning: Series.__setitem__ treating keys as positions is deprecated. In a future version, integer keys will always be treated as labels (consistent with DataFrame behavior). To set a value by position, use `ser.iloc[pos] = value`
[2025-04-20T03:14:37.026+0000] {subprocess.py:106} INFO -   self._psar[i] = high2
[2025-04-20T03:14:37.412+0000] {subprocess.py:106} INFO - /home/***/.local/lib/python3.11/site-packages/ta/trend.py:1030: FutureWarning: Series.__setitem__ treating keys as positions is deprecated. In a future version, integer keys will always be treated as labels (consistent with DataFrame behavior). To set a value by position, use `ser.iloc[pos] = value`
[2025-04-20T03:14:37.414+0000] {subprocess.py:106} INFO -   self._psar[i] = high2
[2025-04-20T03:14:37.802+0000] {subprocess.py:106} INFO - /home/***/.local/lib/python3.11/site-packages/ta/trend.py:1030: FutureWarning: Series.__setitem__ treating keys as positions is deprecated. In a future version, integer keys will always be treated as labels (consistent with DataFrame behavior). To set a value by position, use `ser.iloc[pos] = value`
[2025-04-20T03:14:37.805+0000] {subprocess.py:106} INFO -   self._psar[i] = high2
[2025-04-20T03:14:38.128+0000] {subprocess.py:106} INFO - /home/***/.local/lib/python3.11/site-packages/ta/trend.py:1030: FutureWarning: Series.__setitem__ treating keys as positions is deprecated. In a future version, integer keys will always be treated as labels (consistent with DataFrame behavior). To set a value by position, use `ser.iloc[pos] = value`
[2025-04-20T03:14:38.130+0000] {subprocess.py:106} INFO -   self._psar[i] = high2
[2025-04-20T03:14:38.469+0000] {subprocess.py:106} INFO - /home/***/.local/lib/python3.11/site-packages/ta/trend.py:1030: FutureWarning: Series.__setitem__ treating keys as positions is deprecated. In a future version, integer keys will always be treated as labels (consistent with DataFrame behavior). To set a value by position, use `ser.iloc[pos] = value`
[2025-04-20T03:14:38.471+0000] {subprocess.py:106} INFO -   self._psar[i] = high2
[2025-04-20T03:14:38.838+0000] {subprocess.py:106} INFO - /home/***/.local/lib/python3.11/site-packages/ta/trend.py:1030: FutureWarning: Series.__setitem__ treating keys as positions is deprecated. In a future version, integer keys will always be treated as labels (consistent with DataFrame behavior). To set a value by position, use `ser.iloc[pos] = value`
[2025-04-20T03:14:38.840+0000] {subprocess.py:106} INFO -   self._psar[i] = high2
[2025-04-20T03:14:39.321+0000] {subprocess.py:106} INFO - /home/***/.local/lib/python3.11/site-packages/ta/trend.py:1030: FutureWarning: Series.__setitem__ treating keys as positions is deprecated. In a future version, integer keys will always be treated as labels (consistent with DataFrame behavior). To set a value by position, use `ser.iloc[pos] = value`
[2025-04-20T03:14:39.324+0000] {subprocess.py:106} INFO -   self._psar[i] = high2
[2025-04-20T03:14:39.550+0000] {subprocess.py:106} INFO - 2025-04-20 03:14:39,550 - __main__ - INFO - --- Finished Feature Engineering (Indicators) ---
[2025-04-20T03:14:39.553+0000] {subprocess.py:106} INFO - 2025-04-20 03:14:39,550 - __main__ - INFO - --- Starting Feature Filtering ---
[2025-04-20T03:14:39.577+0000] {subprocess.py:106} INFO - 2025-04-20 03:14:39,577 - __main__ - INFO - Features remaining after filtering: 17
[2025-04-20T03:14:39.580+0000] {subprocess.py:106} INFO - 2025-04-20 03:14:39,577 - __main__ - INFO - --- Finished Feature Filtering ---
[2025-04-20T03:14:39.582+0000] {subprocess.py:106} INFO - 2025-04-20 03:14:39,577 - __main__ - INFO - --- Starting Data Alignment & Processing ---
[2025-04-20T03:14:39.709+0000] {subprocess.py:106} INFO - /opt/***/src/data/make_dataset.py:144: FutureWarning: DataFrame.fillna with 'method' is deprecated and will raise in a future version. Use obj.ffill() or obj.bfill() instead.
[2025-04-20T03:14:39.712+0000] {subprocess.py:106} INFO -   df = aligned_data[ticker][feature_columns + ['Target']].fillna(method='ffill').fillna(method='bfill')
[2025-04-20T03:14:39.716+0000] {subprocess.py:106} INFO - /opt/***/src/data/make_dataset.py:144: FutureWarning: DataFrame.fillna with 'method' is deprecated and will raise in a future version. Use obj.ffill() or obj.bfill() instead.
[2025-04-20T03:14:39.718+0000] {subprocess.py:106} INFO -   df = aligned_data[ticker][feature_columns + ['Target']].fillna(method='ffill').fillna(method='bfill')
[2025-04-20T03:14:39.722+0000] {subprocess.py:106} INFO - /opt/***/src/data/make_dataset.py:144: FutureWarning: DataFrame.fillna with 'method' is deprecated and will raise in a future version. Use obj.ffill() or obj.bfill() instead.
[2025-04-20T03:14:39.724+0000] {subprocess.py:106} INFO -   df = aligned_data[ticker][feature_columns + ['Target']].fillna(method='ffill').fillna(method='bfill')
[2025-04-20T03:14:39.727+0000] {subprocess.py:106} INFO - /opt/***/src/data/make_dataset.py:144: FutureWarning: DataFrame.fillna with 'method' is deprecated and will raise in a future version. Use obj.ffill() or obj.bfill() instead.
[2025-04-20T03:14:39.729+0000] {subprocess.py:106} INFO -   df = aligned_data[ticker][feature_columns + ['Target']].fillna(method='ffill').fillna(method='bfill')
[2025-04-20T03:14:39.733+0000] {subprocess.py:106} INFO - /opt/***/src/data/make_dataset.py:144: FutureWarning: DataFrame.fillna with 'method' is deprecated and will raise in a future version. Use obj.ffill() or obj.bfill() instead.
[2025-04-20T03:14:39.735+0000] {subprocess.py:106} INFO -   df = aligned_data[ticker][feature_columns + ['Target']].fillna(method='ffill').fillna(method='bfill')
[2025-04-20T03:14:39.739+0000] {subprocess.py:106} INFO - /opt/***/src/data/make_dataset.py:144: FutureWarning: DataFrame.fillna with 'method' is deprecated and will raise in a future version. Use obj.ffill() or obj.bfill() instead.
[2025-04-20T03:14:39.741+0000] {subprocess.py:106} INFO -   df = aligned_data[ticker][feature_columns + ['Target']].fillna(method='ffill').fillna(method='bfill')
[2025-04-20T03:14:39.744+0000] {subprocess.py:106} INFO - /opt/***/src/data/make_dataset.py:144: FutureWarning: DataFrame.fillna with 'method' is deprecated and will raise in a future version. Use obj.ffill() or obj.bfill() instead.
[2025-04-20T03:14:39.747+0000] {subprocess.py:106} INFO -   df = aligned_data[ticker][feature_columns + ['Target']].fillna(method='ffill').fillna(method='bfill')
[2025-04-20T03:14:39.750+0000] {subprocess.py:106} INFO - 2025-04-20 03:14:39,750 - __main__ - INFO - Processed data shape: (753, 7, 17)
[2025-04-20T03:14:39.752+0000] {subprocess.py:106} INFO - 2025-04-20 03:14:39,750 - __main__ - INFO - Targets shape: (753, 7)
[2025-04-20T03:14:39.754+0000] {subprocess.py:106} INFO - 2025-04-20 03:14:39,750 - __main__ - INFO - Final tickers in order: ['AAPL', 'MA', 'CSCO', 'MSFT', 'AMZN', 'GOOG', 'IBM']
[2025-04-20T03:14:39.756+0000] {subprocess.py:106} INFO - 2025-04-20 03:14:39,750 - __main__ - INFO - --- Finished Data Alignment & Processing ---
[2025-04-20T03:14:39.759+0000] {subprocess.py:106} INFO - 2025-04-20 03:14:39,756 - __main__ - INFO - Attempting to save to absolute path: /opt/***/data/processed/all_processed_data.npz
[2025-04-20T03:14:39.803+0000] {subprocess.py:106} INFO - 2025-04-20 03:14:39,802 - __main__ - INFO - Successfully saved processed data to /opt/***/data/processed/all_processed_data.npz
[2025-04-20T03:14:39.807+0000] {subprocess.py:106} INFO - 2025-04-20 03:14:39,806 - __main__ - INFO - Verified file exists at: /opt/***/data/processed/all_processed_data.npz
[2025-04-20T03:14:39.809+0000] {subprocess.py:106} INFO - 2025-04-20 03:14:39,807 - __main__ - INFO - Data processing script finished.
[2025-04-20T03:14:39.812+0000] {subprocess.py:106} INFO - --- PRINT TEST: Starting Data Loading ---
[2025-04-20T03:14:39.814+0000] {subprocess.py:106} INFO - Filtering highly correlated features with threshold 0.9
[2025-04-20T03:14:39.816+0000] {subprocess.py:106} INFO - Identified 19 highly correlated features to remove: ['High', 'Low', 'Close', 'EMA_50', 'EMA_200', 'BB_High', 'BB_Low', 'OBV', 'SMA_50', 'VWAP', 'PSAR', 'Stochastic_D', 'CCI', 'Williams_R', 'Donchian_High', 'Donchian_Low', 'Keltner_High', 'Keltner_Low', 'DI_Negative']
[2025-04-20T03:14:39.818+0000] {subprocess.py:106} INFO - Excluding 'Close' column from removal list.
[2025-04-20T03:14:39.820+0000] {subprocess.py:106} INFO - Final list of 18 features to remove: ['High', 'Low', 'EMA_50', 'EMA_200', 'BB_High', 'BB_Low', 'OBV', 'SMA_50', 'VWAP', 'PSAR', 'Stochastic_D', 'CCI', 'Williams_R', 'Donchian_High', 'Donchian_Low', 'Keltner_High', 'Keltner_Low', 'DI_Negative']
[2025-04-20T03:14:40.156+0000] {subprocess.py:110} INFO - Command exited with return code 0
[2025-04-20T03:14:40.380+0000] {taskinstance.py:341} INFO - ::group::Post task execution logs
[2025-04-20T03:14:40.386+0000] {taskinstance.py:353} INFO - Marking task as SUCCESS. dag_id=lstm_stock_prediction_refactored, task_id=process_data, run_id=manual__2025-04-20T03:13:45.671446+00:00, execution_date=20250420T031345, start_date=20250420T031349, end_date=20250420T031440
[2025-04-20T03:14:40.518+0000] {local_task_job_runner.py:266} INFO - Task exited with return code 0
[2025-04-20T03:14:40.687+0000] {taskinstance.py:3901} INFO - 1 downstream tasks scheduled from follow-on schedule check
[2025-04-20T03:14:40.710+0000] {local_task_job_runner.py:245} INFO - ::endgroup::
