[2025-04-23T07:04:21.311+0000] {local_task_job_runner.py:123} INFO - ::group::Pre task execution logs
[2025-04-23T07:04:21.326+0000] {taskinstance.py:2614} INFO - Dependencies all met for dep_context=non-requeueable deps ti=<TaskInstance: lstm_stock_prediction_refactored.train_final_model manual__2025-04-23T07:04:02.258514+00:00 [queued]>
[2025-04-23T07:04:21.333+0000] {taskinstance.py:2614} INFO - Dependencies all met for dep_context=requeueable deps ti=<TaskInstance: lstm_stock_prediction_refactored.train_final_model manual__2025-04-23T07:04:02.258514+00:00 [queued]>
[2025-04-23T07:04:21.334+0000] {taskinstance.py:2867} INFO - Starting attempt 1 of 2
[2025-04-23T07:04:21.344+0000] {taskinstance.py:2890} INFO - Executing <Task(BashOperator): train_final_model> on 2025-04-23 07:04:02.258514+00:00
[2025-04-23T07:04:21.349+0000] {standard_task_runner.py:72} INFO - Started process 742 to run task
[2025-04-23T07:04:21.351+0000] {standard_task_runner.py:104} INFO - Running: ['***', 'tasks', 'run', 'lstm_stock_prediction_refactored', 'train_final_model', 'manual__2025-04-23T07:04:02.258514+00:00', '--job-id', '106', '--raw', '--subdir', 'DAGS_FOLDER/lstm_refactored_dag.py', '--cfg-path', '/tmp/tmpuarr185w']
[2025-04-23T07:04:21.354+0000] {standard_task_runner.py:105} INFO - Job 106: Subtask train_final_model
[2025-04-23T07:04:21.392+0000] {task_command.py:467} INFO - Running <TaskInstance: lstm_stock_prediction_refactored.train_final_model manual__2025-04-23T07:04:02.258514+00:00 [running]> on host 7f98232cb4c4
[2025-04-23T07:04:21.463+0000] {taskinstance.py:3134} INFO - Exporting env vars: AIRFLOW_CTX_DAG_OWNER='***_team' AIRFLOW_CTX_DAG_ID='lstm_stock_prediction_refactored' AIRFLOW_CTX_TASK_ID='train_final_model' AIRFLOW_CTX_EXECUTION_DATE='2025-04-23T07:04:02.258514+00:00' AIRFLOW_CTX_TRY_NUMBER='1' AIRFLOW_CTX_DAG_RUN_ID='manual__2025-04-23T07:04:02.258514+00:00'
[2025-04-23T07:04:21.465+0000] {taskinstance.py:732} INFO - ::endgroup::
[2025-04-23T07:04:21.475+0000] {subprocess.py:78} INFO - Tmp dir root location: /tmp
[2025-04-23T07:04:21.476+0000] {subprocess.py:88} INFO - Running command: ['/usr/bin/bash', '-c', 'python /opt/***/src/models/train_model.py --config /opt/***/config/params.yaml']
[2025-04-23T07:04:21.484+0000] {subprocess.py:99} INFO - Output:
[2025-04-23T07:04:26.387+0000] {subprocess.py:106} INFO - 2025/04/23 07:04:26 WARNING mlflow.utils.git_utils: Failed to import Git (the Git executable is probably not on your PATH), so Git SHA is not available. Error: Failed to initialize: Bad git executable.
[2025-04-23T07:04:26.395+0000] {subprocess.py:106} INFO - The git executable must be specified in one of the following ways:
[2025-04-23T07:04:26.396+0000] {subprocess.py:106} INFO -     - be included in your $PATH
[2025-04-23T07:04:26.396+0000] {subprocess.py:106} INFO -     - be set via $GIT_PYTHON_GIT_EXECUTABLE
[2025-04-23T07:04:26.397+0000] {subprocess.py:106} INFO -     - explicitly set via git.refresh(<full-path-to-git-executable>)
[2025-04-23T07:04:26.398+0000] {subprocess.py:106} INFO - 
[2025-04-23T07:04:26.398+0000] {subprocess.py:106} INFO - All git commands will error until this is rectified.
[2025-04-23T07:04:26.399+0000] {subprocess.py:106} INFO - 
[2025-04-23T07:04:26.410+0000] {subprocess.py:106} INFO - This initial message can be silenced or aggravated in the future by setting the
[2025-04-23T07:04:26.415+0000] {subprocess.py:106} INFO - $GIT_PYTHON_REFRESH environment variable. Use one of the following values:
[2025-04-23T07:04:26.423+0000] {subprocess.py:106} INFO -     - quiet|q|silence|s|silent|none|n|0: for no message or exception
[2025-04-23T07:04:26.431+0000] {subprocess.py:106} INFO -     - warn|w|warning|log|l|1: for a warning message (logging level CRITICAL, displayed by default)
[2025-04-23T07:04:26.435+0000] {subprocess.py:106} INFO -     - error|e|exception|raise|r|2: for a raised exception
[2025-04-23T07:04:26.443+0000] {subprocess.py:106} INFO - 
[2025-04-23T07:04:26.449+0000] {subprocess.py:106} INFO - Example:
[2025-04-23T07:04:26.459+0000] {subprocess.py:106} INFO -     export GIT_PYTHON_REFRESH=quiet
[2025-04-23T07:04:26.469+0000] {subprocess.py:106} INFO - 
[2025-04-23T07:04:33.083+0000] {subprocess.py:106} INFO - [31m2025/04/23 07:04:33 WARNING mlflow.models.model: Model logged without a signature and input example. Please set `input_example` parameter when logging the model to auto infer the model signature.[0m
[2025-04-23T07:04:33.913+0000] {subprocess.py:106} INFO - Using device: cpu
[2025-04-23T07:04:33.915+0000] {subprocess.py:106} INFO - --- Loading Scaled Data from /opt/***/data/features/split_scaled_data.npz ---
[2025-04-23T07:04:33.917+0000] {subprocess.py:106} INFO - --- Finished Loading Scaled Data ---
[2025-04-23T07:04:33.918+0000] {subprocess.py:106} INFO - --- Loading Scalers from /opt/***/data/processed/scalers.pkl ---
[2025-04-23T07:04:33.919+0000] {subprocess.py:106} INFO - --- Finished Loading Scalers ---
[2025-04-23T07:04:33.919+0000] {subprocess.py:106} INFO - --- Loading Tickers from /opt/***/data/processed/all_processed_data.npz ---
[2025-04-23T07:04:33.920+0000] {subprocess.py:106} INFO - Tickers: ['AAPL', 'MA', 'CSCO', 'MSFT', 'AMZN', 'GOOG', 'IBM']
[2025-04-23T07:04:33.921+0000] {subprocess.py:106} INFO - --- Finished Loading Tickers ---
[2025-04-23T07:04:33.921+0000] {subprocess.py:106} INFO - --- Loading Best Hyperparameters from /opt/***/config/best_params.json ---
[2025-04-23T07:04:33.922+0000] {subprocess.py:106} INFO - Best parameters loaded: {'batch_size': 64, 'hidden_size': 64, 'num_layers': 1, 'dropout_rate': 0.30000000000000004, 'learning_rate': 0.002284295231540831, 'model_type': 'lstm_cross_attention'}
[2025-04-23T07:04:33.922+0000] {subprocess.py:106} INFO - --- Finished Loading Best Hyperparameters ---
[2025-04-23T07:04:33.923+0000] {subprocess.py:106} INFO - --- Setting MLflow Experiment: Stock_Price_Prediction_LSTM_Refactored ---
[2025-04-23T07:04:33.923+0000] {subprocess.py:106} INFO - Using MLflow Tracking URI: http://mlflow-server:5000
[2025-04-23T07:04:33.924+0000] {subprocess.py:106} INFO - --- Starting Final Model Training ---
[2025-04-23T07:04:33.925+0000] {subprocess.py:106} INFO - --- MLflow Run Started for Final Training ---
[2025-04-23T07:04:33.925+0000] {subprocess.py:106} INFO - Epoch [1/5], Train Loss: 0.0975, Test Loss: 0.4357
[2025-04-23T07:04:33.926+0000] {subprocess.py:106} INFO - Epoch [2/5], Train Loss: 0.0543, Test Loss: 0.1612
[2025-04-23T07:04:33.926+0000] {subprocess.py:106} INFO - Epoch [3/5], Train Loss: 0.0394, Test Loss: 0.0568
[2025-04-23T07:04:33.927+0000] {subprocess.py:106} INFO - Epoch [4/5], Train Loss: 0.0257, Test Loss: 0.0506
[2025-04-23T07:04:33.927+0000] {subprocess.py:106} INFO - Epoch [5/5], Train Loss: 0.0234, Test Loss: 0.0552
[2025-04-23T07:04:33.928+0000] {subprocess.py:106} INFO - Loaded best model state_dict from training run.
[2025-04-23T07:04:33.929+0000] {subprocess.py:106} INFO - Final model metrics logged to MLflow.
[2025-04-23T07:04:33.929+0000] {subprocess.py:106} INFO - Logging PyTorch model to MLflow...
[2025-04-23T07:04:33.930+0000] {subprocess.py:106} INFO - Model logged.
[2025-04-23T07:04:33.931+0000] {subprocess.py:106} INFO - Generating prediction visualizations...
[2025-04-23T07:04:33.931+0000] {subprocess.py:106} INFO - Visualizations generated and logged.
[2025-04-23T07:04:33.932+0000] {subprocess.py:106} INFO - --- MLflow Run Finished ---
[2025-04-23T07:04:33.932+0000] {subprocess.py:106} INFO - 🏃 View run final_model_training at: http://mlflow-server:5000/#/experiments/469555157888134183/runs/4f0fc9530e6a47669859c41f3caaac32
[2025-04-23T07:04:33.933+0000] {subprocess.py:106} INFO - 🧪 View experiment at: http://mlflow-server:5000/#/experiments/469555157888134183
[2025-04-23T07:04:33.934+0000] {subprocess.py:106} INFO - --- Finished Final Model Training ---
[2025-04-23T07:04:33.934+0000] {subprocess.py:106} INFO - 
[2025-04-23T07:04:33.935+0000] {subprocess.py:106} INFO - Final Training Summary:
[2025-04-23T07:04:33.936+0000] {subprocess.py:106} INFO - ========================
[2025-04-23T07:04:33.937+0000] {subprocess.py:106} INFO - test_loss: 0.0552
[2025-04-23T07:04:33.938+0000] {subprocess.py:106} INFO - avg_mse: 858.7824
[2025-04-23T07:04:33.939+0000] {subprocess.py:106} INFO - avg_mape: 0.0763
[2025-04-23T07:04:33.940+0000] {subprocess.py:106} INFO - avg_direction_accuracy: 0.5228
[2025-04-23T07:04:33.942+0000] {subprocess.py:106} INFO - ========================
[2025-04-23T07:04:34.897+0000] {subprocess.py:110} INFO - Command exited with return code 0
[2025-04-23T07:04:34.915+0000] {taskinstance.py:341} INFO - ::group::Post task execution logs
[2025-04-23T07:04:34.917+0000] {taskinstance.py:353} INFO - Marking task as SUCCESS. dag_id=lstm_stock_prediction_refactored, task_id=train_final_model, run_id=manual__2025-04-23T07:04:02.258514+00:00, execution_date=20250423T070402, start_date=20250423T070421, end_date=20250423T070434
[2025-04-23T07:04:34.971+0000] {local_task_job_runner.py:266} INFO - Task exited with return code 0
[2025-04-23T07:04:34.992+0000] {taskinstance.py:3901} INFO - 1 downstream tasks scheduled from follow-on schedule check
[2025-04-23T07:04:35.001+0000] {local_task_job_runner.py:245} INFO - ::endgroup::
