[2025-04-10T06:13:11.235+0000] {processor.py:186} INFO - Started process (PID=180) to work on /opt/airflow/dags/lstm_refactored_dag.py
[2025-04-10T06:13:11.236+0000] {processor.py:914} INFO - Processing file /opt/airflow/dags/lstm_refactored_dag.py for tasks to queue
[2025-04-10T06:13:11.237+0000] {logging_mixin.py:190} INFO - [2025-04-10T06:13:11.237+0000] {dagbag.py:588} INFO - Filling up the DagBag from /opt/airflow/dags/lstm_refactored_dag.py
[2025-04-10T06:13:11.263+0000] {processor.py:925} INFO - DAG(s) 'lstm_stock_prediction_refactored' retrieved from /opt/airflow/dags/lstm_refactored_dag.py
[2025-04-10T06:13:11.412+0000] {logging_mixin.py:190} INFO - [2025-04-10T06:13:11.411+0000] {override.py:1930} INFO - Created Permission View: can edit on DAG:lstm_stock_prediction_refactored
[2025-04-10T06:13:11.419+0000] {logging_mixin.py:190} INFO - [2025-04-10T06:13:11.419+0000] {override.py:1930} INFO - Created Permission View: can delete on DAG:lstm_stock_prediction_refactored
[2025-04-10T06:13:11.424+0000] {logging_mixin.py:190} INFO - [2025-04-10T06:13:11.424+0000] {override.py:1930} INFO - Created Permission View: can read on DAG:lstm_stock_prediction_refactored
[2025-04-10T06:13:11.430+0000] {logging_mixin.py:190} INFO - [2025-04-10T06:13:11.430+0000] {override.py:1930} INFO - Created Permission View: can create on DAG Run:lstm_stock_prediction_refactored
[2025-04-10T06:13:11.435+0000] {logging_mixin.py:190} INFO - [2025-04-10T06:13:11.435+0000] {override.py:1930} INFO - Created Permission View: menu access on DAG Run:lstm_stock_prediction_refactored
[2025-04-10T06:13:11.441+0000] {logging_mixin.py:190} INFO - [2025-04-10T06:13:11.440+0000] {override.py:1930} INFO - Created Permission View: can delete on DAG Run:lstm_stock_prediction_refactored
[2025-04-10T06:13:11.446+0000] {logging_mixin.py:190} INFO - [2025-04-10T06:13:11.446+0000] {override.py:1930} INFO - Created Permission View: can read on DAG Run:lstm_stock_prediction_refactored
[2025-04-10T06:13:11.447+0000] {logging_mixin.py:190} INFO - [2025-04-10T06:13:11.447+0000] {dag.py:3239} INFO - Sync 1 DAGs
[2025-04-10T06:13:11.460+0000] {logging_mixin.py:190} INFO - [2025-04-10T06:13:11.459+0000] {dag.py:3262} INFO - Creating ORM DAG for lstm_stock_prediction_refactored
[2025-04-10T06:13:11.469+0000] {logging_mixin.py:190} INFO - [2025-04-10T06:13:11.469+0000] {dag.py:4180} INFO - Setting next_dagrun for lstm_stock_prediction_refactored to 2025-03-31 08:00:00+00:00, run_after=2025-04-07 08:00:00+00:00
[2025-04-10T06:13:11.489+0000] {processor.py:208} INFO - Processing /opt/airflow/dags/lstm_refactored_dag.py took 0.259 seconds
[2025-04-10T06:13:41.775+0000] {processor.py:186} INFO - Started process (PID=185) to work on /opt/airflow/dags/lstm_refactored_dag.py
[2025-04-10T06:13:41.776+0000] {processor.py:914} INFO - Processing file /opt/airflow/dags/lstm_refactored_dag.py for tasks to queue
[2025-04-10T06:13:41.779+0000] {logging_mixin.py:190} INFO - [2025-04-10T06:13:41.778+0000] {dagbag.py:588} INFO - Filling up the DagBag from /opt/airflow/dags/lstm_refactored_dag.py
[2025-04-10T06:13:41.798+0000] {processor.py:925} INFO - DAG(s) 'lstm_stock_prediction_refactored' retrieved from /opt/airflow/dags/lstm_refactored_dag.py
[2025-04-10T06:13:41.820+0000] {logging_mixin.py:190} INFO - [2025-04-10T06:13:41.820+0000] {dag.py:3239} INFO - Sync 1 DAGs
[2025-04-10T06:13:41.840+0000] {logging_mixin.py:190} INFO - [2025-04-10T06:13:41.840+0000] {dag.py:4180} INFO - Setting next_dagrun for lstm_stock_prediction_refactored to 2025-03-31 08:00:00+00:00, run_after=2025-04-07 08:00:00+00:00
[2025-04-10T06:13:41.853+0000] {processor.py:208} INFO - Processing /opt/airflow/dags/lstm_refactored_dag.py took 0.084 seconds
[2025-04-10T06:14:11.961+0000] {processor.py:186} INFO - Started process (PID=222) to work on /opt/airflow/dags/lstm_refactored_dag.py
[2025-04-10T06:14:11.962+0000] {processor.py:914} INFO - Processing file /opt/airflow/dags/lstm_refactored_dag.py for tasks to queue
[2025-04-10T06:14:11.964+0000] {logging_mixin.py:190} INFO - [2025-04-10T06:14:11.964+0000] {dagbag.py:588} INFO - Filling up the DagBag from /opt/airflow/dags/lstm_refactored_dag.py
[2025-04-10T06:14:11.989+0000] {processor.py:925} INFO - DAG(s) 'lstm_stock_prediction_refactored' retrieved from /opt/airflow/dags/lstm_refactored_dag.py
[2025-04-10T06:14:12.013+0000] {logging_mixin.py:190} INFO - [2025-04-10T06:14:12.013+0000] {dag.py:3239} INFO - Sync 1 DAGs
[2025-04-10T06:14:12.033+0000] {logging_mixin.py:190} INFO - [2025-04-10T06:14:12.032+0000] {dag.py:4180} INFO - Setting next_dagrun for lstm_stock_prediction_refactored to 2025-04-07 08:00:00+00:00, run_after=2025-04-14 08:00:00+00:00
[2025-04-10T06:14:12.047+0000] {processor.py:208} INFO - Processing /opt/airflow/dags/lstm_refactored_dag.py took 0.091 seconds
[2025-04-10T06:14:42.207+0000] {processor.py:186} INFO - Started process (PID=227) to work on /opt/airflow/dags/lstm_refactored_dag.py
[2025-04-10T06:14:42.208+0000] {processor.py:914} INFO - Processing file /opt/airflow/dags/lstm_refactored_dag.py for tasks to queue
[2025-04-10T06:14:42.210+0000] {logging_mixin.py:190} INFO - [2025-04-10T06:14:42.209+0000] {dagbag.py:588} INFO - Filling up the DagBag from /opt/airflow/dags/lstm_refactored_dag.py
[2025-04-10T06:14:42.221+0000] {processor.py:925} INFO - DAG(s) 'lstm_stock_prediction_refactored' retrieved from /opt/airflow/dags/lstm_refactored_dag.py
[2025-04-10T06:14:42.237+0000] {logging_mixin.py:190} INFO - [2025-04-10T06:14:42.237+0000] {dag.py:3239} INFO - Sync 1 DAGs
[2025-04-10T06:14:42.253+0000] {logging_mixin.py:190} INFO - [2025-04-10T06:14:42.252+0000] {dag.py:4180} INFO - Setting next_dagrun for lstm_stock_prediction_refactored to 2025-04-07 08:00:00+00:00, run_after=2025-04-14 08:00:00+00:00
[2025-04-10T06:14:42.264+0000] {processor.py:208} INFO - Processing /opt/airflow/dags/lstm_refactored_dag.py took 0.060 seconds
[2025-04-10T06:15:12.429+0000] {processor.py:186} INFO - Started process (PID=240) to work on /opt/airflow/dags/lstm_refactored_dag.py
[2025-04-10T06:15:12.430+0000] {processor.py:914} INFO - Processing file /opt/airflow/dags/lstm_refactored_dag.py for tasks to queue
[2025-04-10T06:15:12.432+0000] {logging_mixin.py:190} INFO - [2025-04-10T06:15:12.432+0000] {dagbag.py:588} INFO - Filling up the DagBag from /opt/airflow/dags/lstm_refactored_dag.py
[2025-04-10T06:15:12.446+0000] {processor.py:925} INFO - DAG(s) 'lstm_stock_prediction_refactored' retrieved from /opt/airflow/dags/lstm_refactored_dag.py
[2025-04-10T06:15:12.471+0000] {logging_mixin.py:190} INFO - [2025-04-10T06:15:12.471+0000] {dag.py:3239} INFO - Sync 1 DAGs
[2025-04-10T06:15:12.493+0000] {logging_mixin.py:190} INFO - [2025-04-10T06:15:12.493+0000] {dag.py:4180} INFO - Setting next_dagrun for lstm_stock_prediction_refactored to 2025-04-07 08:00:00+00:00, run_after=2025-04-14 08:00:00+00:00
[2025-04-10T06:15:12.510+0000] {processor.py:208} INFO - Processing /opt/airflow/dags/lstm_refactored_dag.py took 0.085 seconds
[2025-04-10T06:15:42.617+0000] {processor.py:186} INFO - Started process (PID=245) to work on /opt/airflow/dags/lstm_refactored_dag.py
[2025-04-10T06:15:42.617+0000] {processor.py:914} INFO - Processing file /opt/airflow/dags/lstm_refactored_dag.py for tasks to queue
[2025-04-10T06:15:42.619+0000] {logging_mixin.py:190} INFO - [2025-04-10T06:15:42.619+0000] {dagbag.py:588} INFO - Filling up the DagBag from /opt/airflow/dags/lstm_refactored_dag.py
[2025-04-10T06:15:42.630+0000] {processor.py:925} INFO - DAG(s) 'lstm_stock_prediction_refactored' retrieved from /opt/airflow/dags/lstm_refactored_dag.py
[2025-04-10T06:15:42.647+0000] {logging_mixin.py:190} INFO - [2025-04-10T06:15:42.647+0000] {dag.py:3239} INFO - Sync 1 DAGs
[2025-04-10T06:15:42.670+0000] {logging_mixin.py:190} INFO - [2025-04-10T06:15:42.670+0000] {dag.py:4180} INFO - Setting next_dagrun for lstm_stock_prediction_refactored to 2025-04-07 08:00:00+00:00, run_after=2025-04-14 08:00:00+00:00
[2025-04-10T06:15:42.688+0000] {processor.py:208} INFO - Processing /opt/airflow/dags/lstm_refactored_dag.py took 0.076 seconds
[2025-04-10T06:16:12.829+0000] {processor.py:186} INFO - Started process (PID=306) to work on /opt/airflow/dags/lstm_refactored_dag.py
[2025-04-10T06:16:12.830+0000] {processor.py:914} INFO - Processing file /opt/airflow/dags/lstm_refactored_dag.py for tasks to queue
[2025-04-10T06:16:12.832+0000] {logging_mixin.py:190} INFO - [2025-04-10T06:16:12.831+0000] {dagbag.py:588} INFO - Filling up the DagBag from /opt/airflow/dags/lstm_refactored_dag.py
[2025-04-10T06:16:12.845+0000] {processor.py:925} INFO - DAG(s) 'lstm_stock_prediction_refactored' retrieved from /opt/airflow/dags/lstm_refactored_dag.py
[2025-04-10T06:16:12.862+0000] {logging_mixin.py:190} INFO - [2025-04-10T06:16:12.862+0000] {dag.py:3239} INFO - Sync 1 DAGs
[2025-04-10T06:16:12.878+0000] {logging_mixin.py:190} INFO - [2025-04-10T06:16:12.877+0000] {dag.py:4180} INFO - Setting next_dagrun for lstm_stock_prediction_refactored to 2025-04-07 08:00:00+00:00, run_after=2025-04-14 08:00:00+00:00
[2025-04-10T06:16:12.888+0000] {processor.py:208} INFO - Processing /opt/airflow/dags/lstm_refactored_dag.py took 0.063 seconds
[2025-04-10T06:16:43.013+0000] {processor.py:186} INFO - Started process (PID=311) to work on /opt/airflow/dags/lstm_refactored_dag.py
[2025-04-10T06:16:43.014+0000] {processor.py:914} INFO - Processing file /opt/airflow/dags/lstm_refactored_dag.py for tasks to queue
[2025-04-10T06:16:43.016+0000] {logging_mixin.py:190} INFO - [2025-04-10T06:16:43.016+0000] {dagbag.py:588} INFO - Filling up the DagBag from /opt/airflow/dags/lstm_refactored_dag.py
[2025-04-10T06:16:43.027+0000] {processor.py:925} INFO - DAG(s) 'lstm_stock_prediction_refactored' retrieved from /opt/airflow/dags/lstm_refactored_dag.py
[2025-04-10T06:16:43.044+0000] {logging_mixin.py:190} INFO - [2025-04-10T06:16:43.044+0000] {dag.py:3239} INFO - Sync 1 DAGs
[2025-04-10T06:16:43.060+0000] {logging_mixin.py:190} INFO - [2025-04-10T06:16:43.060+0000] {dag.py:4180} INFO - Setting next_dagrun for lstm_stock_prediction_refactored to 2025-04-07 08:00:00+00:00, run_after=2025-04-14 08:00:00+00:00
[2025-04-10T06:16:43.072+0000] {processor.py:208} INFO - Processing /opt/airflow/dags/lstm_refactored_dag.py took 0.062 seconds
[2025-04-10T06:17:13.225+0000] {processor.py:186} INFO - Started process (PID=324) to work on /opt/airflow/dags/lstm_refactored_dag.py
[2025-04-10T06:17:13.226+0000] {processor.py:914} INFO - Processing file /opt/airflow/dags/lstm_refactored_dag.py for tasks to queue
[2025-04-10T06:17:13.228+0000] {logging_mixin.py:190} INFO - [2025-04-10T06:17:13.228+0000] {dagbag.py:588} INFO - Filling up the DagBag from /opt/airflow/dags/lstm_refactored_dag.py
[2025-04-10T06:17:13.240+0000] {processor.py:925} INFO - DAG(s) 'lstm_stock_prediction_refactored' retrieved from /opt/airflow/dags/lstm_refactored_dag.py
[2025-04-10T06:17:13.256+0000] {logging_mixin.py:190} INFO - [2025-04-10T06:17:13.256+0000] {dag.py:3239} INFO - Sync 1 DAGs
[2025-04-10T06:17:13.271+0000] {logging_mixin.py:190} INFO - [2025-04-10T06:17:13.271+0000] {dag.py:4180} INFO - Setting next_dagrun for lstm_stock_prediction_refactored to 2025-04-07 08:00:00+00:00, run_after=2025-04-14 08:00:00+00:00
[2025-04-10T06:17:13.283+0000] {processor.py:208} INFO - Processing /opt/airflow/dags/lstm_refactored_dag.py took 0.061 seconds
[2025-04-10T06:17:43.507+0000] {processor.py:186} INFO - Started process (PID=329) to work on /opt/airflow/dags/lstm_refactored_dag.py
[2025-04-10T06:17:43.508+0000] {processor.py:914} INFO - Processing file /opt/airflow/dags/lstm_refactored_dag.py for tasks to queue
[2025-04-10T06:17:43.509+0000] {logging_mixin.py:190} INFO - [2025-04-10T06:17:43.509+0000] {dagbag.py:588} INFO - Filling up the DagBag from /opt/airflow/dags/lstm_refactored_dag.py
[2025-04-10T06:17:43.520+0000] {processor.py:925} INFO - DAG(s) 'lstm_stock_prediction_refactored' retrieved from /opt/airflow/dags/lstm_refactored_dag.py
[2025-04-10T06:17:43.536+0000] {logging_mixin.py:190} INFO - [2025-04-10T06:17:43.536+0000] {dag.py:3239} INFO - Sync 1 DAGs
[2025-04-10T06:17:43.550+0000] {logging_mixin.py:190} INFO - [2025-04-10T06:17:43.550+0000] {dag.py:4180} INFO - Setting next_dagrun for lstm_stock_prediction_refactored to 2025-04-07 08:00:00+00:00, run_after=2025-04-14 08:00:00+00:00
[2025-04-10T06:17:43.561+0000] {processor.py:208} INFO - Processing /opt/airflow/dags/lstm_refactored_dag.py took 0.058 seconds
[2025-04-10T06:18:13.747+0000] {processor.py:186} INFO - Started process (PID=366) to work on /opt/airflow/dags/lstm_refactored_dag.py
[2025-04-10T06:18:13.748+0000] {processor.py:914} INFO - Processing file /opt/airflow/dags/lstm_refactored_dag.py for tasks to queue
[2025-04-10T06:18:13.750+0000] {logging_mixin.py:190} INFO - [2025-04-10T06:18:13.750+0000] {dagbag.py:588} INFO - Filling up the DagBag from /opt/airflow/dags/lstm_refactored_dag.py
[2025-04-10T06:18:13.763+0000] {processor.py:925} INFO - DAG(s) 'lstm_stock_prediction_refactored' retrieved from /opt/airflow/dags/lstm_refactored_dag.py
[2025-04-10T06:18:13.779+0000] {logging_mixin.py:190} INFO - [2025-04-10T06:18:13.779+0000] {dag.py:3239} INFO - Sync 1 DAGs
[2025-04-10T06:18:13.794+0000] {logging_mixin.py:190} INFO - [2025-04-10T06:18:13.794+0000] {dag.py:4180} INFO - Setting next_dagrun for lstm_stock_prediction_refactored to 2025-04-07 08:00:00+00:00, run_after=2025-04-14 08:00:00+00:00
[2025-04-10T06:18:13.805+0000] {processor.py:208} INFO - Processing /opt/airflow/dags/lstm_refactored_dag.py took 0.062 seconds
[2025-04-10T06:18:43.998+0000] {processor.py:186} INFO - Started process (PID=371) to work on /opt/airflow/dags/lstm_refactored_dag.py
[2025-04-10T06:18:43.999+0000] {processor.py:914} INFO - Processing file /opt/airflow/dags/lstm_refactored_dag.py for tasks to queue
[2025-04-10T06:18:44.001+0000] {logging_mixin.py:190} INFO - [2025-04-10T06:18:44.001+0000] {dagbag.py:588} INFO - Filling up the DagBag from /opt/airflow/dags/lstm_refactored_dag.py
[2025-04-10T06:18:44.019+0000] {processor.py:925} INFO - DAG(s) 'lstm_stock_prediction_refactored' retrieved from /opt/airflow/dags/lstm_refactored_dag.py
[2025-04-10T06:18:44.046+0000] {logging_mixin.py:190} INFO - [2025-04-10T06:18:44.046+0000] {dag.py:3239} INFO - Sync 1 DAGs
[2025-04-10T06:18:44.068+0000] {logging_mixin.py:190} INFO - [2025-04-10T06:18:44.068+0000] {dag.py:4180} INFO - Setting next_dagrun for lstm_stock_prediction_refactored to 2025-04-07 08:00:00+00:00, run_after=2025-04-14 08:00:00+00:00
[2025-04-10T06:18:44.086+0000] {processor.py:208} INFO - Processing /opt/airflow/dags/lstm_refactored_dag.py took 0.097 seconds
[2025-04-10T06:19:14.280+0000] {processor.py:186} INFO - Started process (PID=389) to work on /opt/airflow/dags/lstm_refactored_dag.py
[2025-04-10T06:19:14.281+0000] {processor.py:914} INFO - Processing file /opt/airflow/dags/lstm_refactored_dag.py for tasks to queue
[2025-04-10T06:19:14.284+0000] {logging_mixin.py:190} INFO - [2025-04-10T06:19:14.284+0000] {dagbag.py:588} INFO - Filling up the DagBag from /opt/airflow/dags/lstm_refactored_dag.py
[2025-04-10T06:19:14.298+0000] {processor.py:925} INFO - DAG(s) 'lstm_stock_prediction_refactored' retrieved from /opt/airflow/dags/lstm_refactored_dag.py
[2025-04-10T06:19:14.322+0000] {logging_mixin.py:190} INFO - [2025-04-10T06:19:14.322+0000] {dag.py:3239} INFO - Sync 1 DAGs
[2025-04-10T06:19:14.375+0000] {logging_mixin.py:190} INFO - [2025-04-10T06:19:14.375+0000] {dag.py:4180} INFO - Setting next_dagrun for lstm_stock_prediction_refactored to 2025-04-07 08:00:00+00:00, run_after=2025-04-14 08:00:00+00:00
[2025-04-10T06:19:14.404+0000] {processor.py:208} INFO - Processing /opt/airflow/dags/lstm_refactored_dag.py took 0.129 seconds
[2025-04-10T06:19:44.640+0000] {processor.py:186} INFO - Started process (PID=395) to work on /opt/airflow/dags/lstm_refactored_dag.py
[2025-04-10T06:19:44.641+0000] {processor.py:914} INFO - Processing file /opt/airflow/dags/lstm_refactored_dag.py for tasks to queue
[2025-04-10T06:19:44.642+0000] {logging_mixin.py:190} INFO - [2025-04-10T06:19:44.642+0000] {dagbag.py:588} INFO - Filling up the DagBag from /opt/airflow/dags/lstm_refactored_dag.py
[2025-04-10T06:19:44.653+0000] {processor.py:925} INFO - DAG(s) 'lstm_stock_prediction_refactored' retrieved from /opt/airflow/dags/lstm_refactored_dag.py
[2025-04-10T06:19:44.670+0000] {logging_mixin.py:190} INFO - [2025-04-10T06:19:44.670+0000] {dag.py:3239} INFO - Sync 1 DAGs
[2025-04-10T06:19:44.686+0000] {logging_mixin.py:190} INFO - [2025-04-10T06:19:44.685+0000] {dag.py:4180} INFO - Setting next_dagrun for lstm_stock_prediction_refactored to 2025-04-07 08:00:00+00:00, run_after=2025-04-14 08:00:00+00:00
[2025-04-10T06:19:44.699+0000] {processor.py:208} INFO - Processing /opt/airflow/dags/lstm_refactored_dag.py took 0.064 seconds
[2025-04-10T06:20:14.858+0000] {processor.py:186} INFO - Started process (PID=400) to work on /opt/airflow/dags/lstm_refactored_dag.py
[2025-04-10T06:20:14.859+0000] {processor.py:914} INFO - Processing file /opt/airflow/dags/lstm_refactored_dag.py for tasks to queue
[2025-04-10T06:20:14.860+0000] {logging_mixin.py:190} INFO - [2025-04-10T06:20:14.860+0000] {dagbag.py:588} INFO - Filling up the DagBag from /opt/airflow/dags/lstm_refactored_dag.py
[2025-04-10T06:20:14.871+0000] {processor.py:925} INFO - DAG(s) 'lstm_stock_prediction_refactored' retrieved from /opt/airflow/dags/lstm_refactored_dag.py
[2025-04-10T06:20:14.889+0000] {logging_mixin.py:190} INFO - [2025-04-10T06:20:14.889+0000] {dag.py:3239} INFO - Sync 1 DAGs
[2025-04-10T06:20:14.904+0000] {logging_mixin.py:190} INFO - [2025-04-10T06:20:14.904+0000] {dag.py:4180} INFO - Setting next_dagrun for lstm_stock_prediction_refactored to 2025-04-07 08:00:00+00:00, run_after=2025-04-14 08:00:00+00:00
[2025-04-10T06:20:14.916+0000] {processor.py:208} INFO - Processing /opt/airflow/dags/lstm_refactored_dag.py took 0.061 seconds
[2025-04-10T06:20:45.057+0000] {processor.py:186} INFO - Started process (PID=413) to work on /opt/airflow/dags/lstm_refactored_dag.py
[2025-04-10T06:20:45.059+0000] {processor.py:914} INFO - Processing file /opt/airflow/dags/lstm_refactored_dag.py for tasks to queue
[2025-04-10T06:20:45.061+0000] {logging_mixin.py:190} INFO - [2025-04-10T06:20:45.061+0000] {dagbag.py:588} INFO - Filling up the DagBag from /opt/airflow/dags/lstm_refactored_dag.py
[2025-04-10T06:20:45.075+0000] {processor.py:925} INFO - DAG(s) 'lstm_stock_prediction_refactored' retrieved from /opt/airflow/dags/lstm_refactored_dag.py
[2025-04-10T06:20:45.093+0000] {logging_mixin.py:190} INFO - [2025-04-10T06:20:45.093+0000] {dag.py:3239} INFO - Sync 1 DAGs
[2025-04-10T06:20:45.112+0000] {logging_mixin.py:190} INFO - [2025-04-10T06:20:45.112+0000] {dag.py:4180} INFO - Setting next_dagrun for lstm_stock_prediction_refactored to 2025-04-07 08:00:00+00:00, run_after=2025-04-14 08:00:00+00:00
[2025-04-10T06:20:45.127+0000] {processor.py:208} INFO - Processing /opt/airflow/dags/lstm_refactored_dag.py took 0.074 seconds
[2025-04-10T06:21:15.273+0000] {processor.py:186} INFO - Started process (PID=418) to work on /opt/airflow/dags/lstm_refactored_dag.py
[2025-04-10T06:21:15.275+0000] {processor.py:914} INFO - Processing file /opt/airflow/dags/lstm_refactored_dag.py for tasks to queue
[2025-04-10T06:21:15.278+0000] {logging_mixin.py:190} INFO - [2025-04-10T06:21:15.277+0000] {dagbag.py:588} INFO - Filling up the DagBag from /opt/airflow/dags/lstm_refactored_dag.py
[2025-04-10T06:21:15.296+0000] {processor.py:925} INFO - DAG(s) 'lstm_stock_prediction_refactored' retrieved from /opt/airflow/dags/lstm_refactored_dag.py
[2025-04-10T06:21:15.317+0000] {logging_mixin.py:190} INFO - [2025-04-10T06:21:15.317+0000] {dag.py:3239} INFO - Sync 1 DAGs
[2025-04-10T06:21:15.338+0000] {logging_mixin.py:190} INFO - [2025-04-10T06:21:15.338+0000] {dag.py:4180} INFO - Setting next_dagrun for lstm_stock_prediction_refactored to 2025-04-07 08:00:00+00:00, run_after=2025-04-14 08:00:00+00:00
[2025-04-10T06:21:15.376+0000] {processor.py:208} INFO - Processing /opt/airflow/dags/lstm_refactored_dag.py took 0.108 seconds
[2025-04-10T06:21:45.516+0000] {processor.py:186} INFO - Started process (PID=431) to work on /opt/airflow/dags/lstm_refactored_dag.py
[2025-04-10T06:21:45.517+0000] {processor.py:914} INFO - Processing file /opt/airflow/dags/lstm_refactored_dag.py for tasks to queue
[2025-04-10T06:21:45.519+0000] {logging_mixin.py:190} INFO - [2025-04-10T06:21:45.518+0000] {dagbag.py:588} INFO - Filling up the DagBag from /opt/airflow/dags/lstm_refactored_dag.py
[2025-04-10T06:21:45.530+0000] {processor.py:925} INFO - DAG(s) 'lstm_stock_prediction_refactored' retrieved from /opt/airflow/dags/lstm_refactored_dag.py
[2025-04-10T06:21:45.546+0000] {logging_mixin.py:190} INFO - [2025-04-10T06:21:45.546+0000] {dag.py:3239} INFO - Sync 1 DAGs
[2025-04-10T06:21:45.562+0000] {logging_mixin.py:190} INFO - [2025-04-10T06:21:45.562+0000] {dag.py:4180} INFO - Setting next_dagrun for lstm_stock_prediction_refactored to 2025-04-07 08:00:00+00:00, run_after=2025-04-14 08:00:00+00:00
[2025-04-10T06:21:45.582+0000] {processor.py:208} INFO - Processing /opt/airflow/dags/lstm_refactored_dag.py took 0.070 seconds
[2025-04-10T06:22:15.899+0000] {processor.py:186} INFO - Started process (PID=458) to work on /opt/airflow/dags/lstm_refactored_dag.py
[2025-04-10T06:22:15.903+0000] {processor.py:914} INFO - Processing file /opt/airflow/dags/lstm_refactored_dag.py for tasks to queue
[2025-04-10T06:22:15.905+0000] {logging_mixin.py:190} INFO - [2025-04-10T06:22:15.905+0000] {dagbag.py:588} INFO - Filling up the DagBag from /opt/airflow/dags/lstm_refactored_dag.py
[2025-04-10T06:22:15.986+0000] {processor.py:925} INFO - DAG(s) 'lstm_stock_prediction_refactored' retrieved from /opt/airflow/dags/lstm_refactored_dag.py
[2025-04-10T06:22:16.005+0000] {logging_mixin.py:190} INFO - [2025-04-10T06:22:16.004+0000] {dag.py:3239} INFO - Sync 1 DAGs
[2025-04-10T06:22:16.023+0000] {logging_mixin.py:190} INFO - [2025-04-10T06:22:16.023+0000] {dag.py:4180} INFO - Setting next_dagrun for lstm_stock_prediction_refactored to 2025-04-07 08:00:00+00:00, run_after=2025-04-14 08:00:00+00:00
[2025-04-10T06:22:16.037+0000] {processor.py:208} INFO - Processing /opt/airflow/dags/lstm_refactored_dag.py took 0.144 seconds
[2025-04-10T06:22:46.233+0000] {processor.py:186} INFO - Started process (PID=471) to work on /opt/airflow/dags/lstm_refactored_dag.py
[2025-04-10T06:22:46.234+0000] {processor.py:914} INFO - Processing file /opt/airflow/dags/lstm_refactored_dag.py for tasks to queue
[2025-04-10T06:22:46.237+0000] {logging_mixin.py:190} INFO - [2025-04-10T06:22:46.236+0000] {dagbag.py:588} INFO - Filling up the DagBag from /opt/airflow/dags/lstm_refactored_dag.py
[2025-04-10T06:22:46.252+0000] {processor.py:925} INFO - DAG(s) 'lstm_stock_prediction_refactored' retrieved from /opt/airflow/dags/lstm_refactored_dag.py
[2025-04-10T06:22:46.270+0000] {logging_mixin.py:190} INFO - [2025-04-10T06:22:46.270+0000] {dag.py:3239} INFO - Sync 1 DAGs
[2025-04-10T06:22:46.286+0000] {logging_mixin.py:190} INFO - [2025-04-10T06:22:46.286+0000] {dag.py:4180} INFO - Setting next_dagrun for lstm_stock_prediction_refactored to 2025-04-07 08:00:00+00:00, run_after=2025-04-14 08:00:00+00:00
[2025-04-10T06:22:46.297+0000] {processor.py:208} INFO - Processing /opt/airflow/dags/lstm_refactored_dag.py took 0.069 seconds
[2025-04-10T06:23:16.577+0000] {processor.py:186} INFO - Started process (PID=476) to work on /opt/airflow/dags/lstm_refactored_dag.py
[2025-04-10T06:23:16.579+0000] {processor.py:914} INFO - Processing file /opt/airflow/dags/lstm_refactored_dag.py for tasks to queue
[2025-04-10T06:23:16.582+0000] {logging_mixin.py:190} INFO - [2025-04-10T06:23:16.582+0000] {dagbag.py:588} INFO - Filling up the DagBag from /opt/airflow/dags/lstm_refactored_dag.py
[2025-04-10T06:23:16.675+0000] {processor.py:925} INFO - DAG(s) 'lstm_stock_prediction_refactored' retrieved from /opt/airflow/dags/lstm_refactored_dag.py
[2025-04-10T06:23:16.701+0000] {logging_mixin.py:190} INFO - [2025-04-10T06:23:16.701+0000] {dag.py:3239} INFO - Sync 1 DAGs
[2025-04-10T06:23:16.723+0000] {logging_mixin.py:190} INFO - [2025-04-10T06:23:16.723+0000] {dag.py:4180} INFO - Setting next_dagrun for lstm_stock_prediction_refactored to 2025-04-07 08:00:00+00:00, run_after=2025-04-14 08:00:00+00:00
[2025-04-10T06:23:16.740+0000] {processor.py:208} INFO - Processing /opt/airflow/dags/lstm_refactored_dag.py took 0.168 seconds
[2025-04-10T06:23:46.964+0000] {processor.py:186} INFO - Started process (PID=489) to work on /opt/airflow/dags/lstm_refactored_dag.py
[2025-04-10T06:23:46.965+0000] {processor.py:914} INFO - Processing file /opt/airflow/dags/lstm_refactored_dag.py for tasks to queue
[2025-04-10T06:23:46.967+0000] {logging_mixin.py:190} INFO - [2025-04-10T06:23:46.967+0000] {dagbag.py:588} INFO - Filling up the DagBag from /opt/airflow/dags/lstm_refactored_dag.py
[2025-04-10T06:23:46.981+0000] {processor.py:925} INFO - DAG(s) 'lstm_stock_prediction_refactored' retrieved from /opt/airflow/dags/lstm_refactored_dag.py
[2025-04-10T06:23:47.001+0000] {logging_mixin.py:190} INFO - [2025-04-10T06:23:47.001+0000] {dag.py:3239} INFO - Sync 1 DAGs
[2025-04-10T06:23:47.018+0000] {logging_mixin.py:190} INFO - [2025-04-10T06:23:47.018+0000] {dag.py:4180} INFO - Setting next_dagrun for lstm_stock_prediction_refactored to 2025-04-07 08:00:00+00:00, run_after=2025-04-14 08:00:00+00:00
[2025-04-10T06:23:47.037+0000] {processor.py:208} INFO - Processing /opt/airflow/dags/lstm_refactored_dag.py took 0.077 seconds
[2025-04-10T06:24:17.149+0000] {processor.py:186} INFO - Started process (PID=494) to work on /opt/airflow/dags/lstm_refactored_dag.py
[2025-04-10T06:24:17.150+0000] {processor.py:914} INFO - Processing file /opt/airflow/dags/lstm_refactored_dag.py for tasks to queue
[2025-04-10T06:24:17.152+0000] {logging_mixin.py:190} INFO - [2025-04-10T06:24:17.151+0000] {dagbag.py:588} INFO - Filling up the DagBag from /opt/airflow/dags/lstm_refactored_dag.py
[2025-04-10T06:24:17.165+0000] {processor.py:925} INFO - DAG(s) 'lstm_stock_prediction_refactored' retrieved from /opt/airflow/dags/lstm_refactored_dag.py
[2025-04-10T06:24:17.184+0000] {logging_mixin.py:190} INFO - [2025-04-10T06:24:17.184+0000] {dag.py:3239} INFO - Sync 1 DAGs
[2025-04-10T06:24:17.202+0000] {logging_mixin.py:190} INFO - [2025-04-10T06:24:17.201+0000] {dag.py:4180} INFO - Setting next_dagrun for lstm_stock_prediction_refactored to 2025-04-07 08:00:00+00:00, run_after=2025-04-14 08:00:00+00:00
[2025-04-10T06:24:17.214+0000] {processor.py:208} INFO - Processing /opt/airflow/dags/lstm_refactored_dag.py took 0.070 seconds
[2025-04-10T06:24:47.416+0000] {processor.py:186} INFO - Started process (PID=507) to work on /opt/airflow/dags/lstm_refactored_dag.py
[2025-04-10T06:24:47.417+0000] {processor.py:914} INFO - Processing file /opt/airflow/dags/lstm_refactored_dag.py for tasks to queue
[2025-04-10T06:24:47.418+0000] {logging_mixin.py:190} INFO - [2025-04-10T06:24:47.418+0000] {dagbag.py:588} INFO - Filling up the DagBag from /opt/airflow/dags/lstm_refactored_dag.py
[2025-04-10T06:24:47.430+0000] {processor.py:925} INFO - DAG(s) 'lstm_stock_prediction_refactored' retrieved from /opt/airflow/dags/lstm_refactored_dag.py
[2025-04-10T06:24:47.447+0000] {logging_mixin.py:190} INFO - [2025-04-10T06:24:47.447+0000] {dag.py:3239} INFO - Sync 1 DAGs
[2025-04-10T06:24:47.463+0000] {logging_mixin.py:190} INFO - [2025-04-10T06:24:47.463+0000] {dag.py:4180} INFO - Setting next_dagrun for lstm_stock_prediction_refactored to 2025-04-07 08:00:00+00:00, run_after=2025-04-14 08:00:00+00:00
[2025-04-10T06:24:47.476+0000] {processor.py:208} INFO - Processing /opt/airflow/dags/lstm_refactored_dag.py took 0.064 seconds
[2025-04-10T06:25:17.641+0000] {processor.py:186} INFO - Started process (PID=512) to work on /opt/airflow/dags/lstm_refactored_dag.py
[2025-04-10T06:25:17.642+0000] {processor.py:914} INFO - Processing file /opt/airflow/dags/lstm_refactored_dag.py for tasks to queue
[2025-04-10T06:25:17.644+0000] {logging_mixin.py:190} INFO - [2025-04-10T06:25:17.643+0000] {dagbag.py:588} INFO - Filling up the DagBag from /opt/airflow/dags/lstm_refactored_dag.py
[2025-04-10T06:25:17.659+0000] {processor.py:925} INFO - DAG(s) 'lstm_stock_prediction_refactored' retrieved from /opt/airflow/dags/lstm_refactored_dag.py
[2025-04-10T06:25:17.679+0000] {logging_mixin.py:190} INFO - [2025-04-10T06:25:17.679+0000] {dag.py:3239} INFO - Sync 1 DAGs
[2025-04-10T06:25:17.696+0000] {logging_mixin.py:190} INFO - [2025-04-10T06:25:17.695+0000] {dag.py:4180} INFO - Setting next_dagrun for lstm_stock_prediction_refactored to 2025-04-07 08:00:00+00:00, run_after=2025-04-14 08:00:00+00:00
[2025-04-10T06:25:17.708+0000] {processor.py:208} INFO - Processing /opt/airflow/dags/lstm_refactored_dag.py took 0.071 seconds
