[2025-04-11T07:04:52.778+0000] {local_task_job_runner.py:123} INFO - ::group::Pre task execution logs
[2025-04-11T07:04:52.792+0000] {taskinstance.py:2614} INFO - Dependencies all met for dep_context=non-requeueable deps ti=<TaskInstance: lstm_stock_prediction_refactored.process_data manual__2025-04-11T07:04:52.058504+00:00 [queued]>
[2025-04-11T07:04:52.797+0000] {taskinstance.py:2614} INFO - Dependencies all met for dep_context=requeueable deps ti=<TaskInstance: lstm_stock_prediction_refactored.process_data manual__2025-04-11T07:04:52.058504+00:00 [queued]>
[2025-04-11T07:04:52.798+0000] {taskinstance.py:2867} INFO - Starting attempt 1 of 2
[2025-04-11T07:04:52.806+0000] {taskinstance.py:2890} INFO - Executing <Task(BashOperator): process_data> on 2025-04-11 07:04:52.058504+00:00
[2025-04-11T07:04:52.810+0000] {standard_task_runner.py:72} INFO - Started process 2094 to run task
[2025-04-11T07:04:52.812+0000] {standard_task_runner.py:104} INFO - Running: ['***', 'tasks', 'run', 'lstm_stock_prediction_refactored', 'process_data', 'manual__2025-04-11T07:04:52.058504+00:00', '--job-id', '14', '--raw', '--subdir', 'DAGS_FOLDER/lstm_refactored_dag.py', '--cfg-path', '/tmp/tmp84725h0e']
[2025-04-11T07:04:52.814+0000] {standard_task_runner.py:105} INFO - Job 14: Subtask process_data
[2025-04-11T07:04:52.842+0000] {task_command.py:467} INFO - Running <TaskInstance: lstm_stock_prediction_refactored.process_data manual__2025-04-11T07:04:52.058504+00:00 [running]> on host 162c7a94827e
[2025-04-11T07:04:52.897+0000] {taskinstance.py:3134} INFO - Exporting env vars: AIRFLOW_CTX_DAG_OWNER='***_team' AIRFLOW_CTX_DAG_ID='lstm_stock_prediction_refactored' AIRFLOW_CTX_TASK_ID='process_data' AIRFLOW_CTX_EXECUTION_DATE='2025-04-11T07:04:52.058504+00:00' AIRFLOW_CTX_TRY_NUMBER='1' AIRFLOW_CTX_DAG_RUN_ID='manual__2025-04-11T07:04:52.058504+00:00'
[2025-04-11T07:04:52.898+0000] {taskinstance.py:732} INFO - ::endgroup::
[2025-04-11T07:04:52.912+0000] {subprocess.py:78} INFO - Tmp dir root location: /tmp
[2025-04-11T07:04:52.913+0000] {subprocess.py:88} INFO - Running command: ['/usr/bin/bash', '-c', 'python /opt/***/src/data/make_dataset.py --config /opt/***/config/params.yaml']
[2025-04-11T07:04:52.920+0000] {subprocess.py:99} INFO - Output:
[2025-04-11T07:04:53.729+0000] {subprocess.py:106} INFO - 2025-04-11 07:04:53,729 - __main__ - INFO - Starting data processing script with config: /opt/***/config/params.yaml
[2025-04-11T07:04:53.736+0000] {subprocess.py:106} INFO - 2025-04-11 07:04:53,735 - __main__ - INFO - Raw data directory: /opt/***/data/raw
[2025-04-11T07:04:53.736+0000] {subprocess.py:106} INFO - 2025-04-11 07:04:53,736 - __main__ - INFO - Processed data output path: /opt/***/data/processed/all_processed_data.npz
[2025-04-11T07:04:53.737+0000] {subprocess.py:106} INFO - 2025-04-11 07:04:53,736 - __main__ - INFO - --- Starting Data Loading ---
[2025-04-11T07:04:53.737+0000] {subprocess.py:106} INFO - 2025-04-11 07:04:53,737 - __main__ - INFO - Attempting to use RELATIVE output dir: /opt/***/data/raw
[2025-04-11T07:04:53.738+0000] {subprocess.py:106} INFO - 2025-04-11 07:04:53,737 - __main__ - INFO - Attempting to use ABSOLUTE output dir: /opt/***/data/raw
[2025-04-11T07:04:53.738+0000] {subprocess.py:106} INFO - 2025-04-11 07:04:53,737 - __main__ - INFO - Current Working Directory inside container: /tmp/***tmp7h3zluwz
[2025-04-11T07:04:53.739+0000] {subprocess.py:106} INFO - 2025-04-11 07:04:53,737 - __main__ - INFO - Attempting to create directory: /opt/***/data/raw
[2025-04-11T07:04:53.740+0000] {subprocess.py:106} INFO - 2025-04-11 07:04:53,737 - __main__ - INFO - Successfully called mkdir for: /opt/***/data/raw (might not indicate success if permissions are wrong)
[2025-04-11T07:04:53.785+0000] {subprocess.py:106} INFO - 2025-04-11 07:04:53,738 - __main__ - INFO - Saving raw data to: /opt/***/data/raw
[2025-04-11T07:04:54.805+0000] {subprocess.py:106} INFO - 2025-04-11 07:04:54,805 - __main__ - INFO - Loaded and saved raw data for AAPL to /opt/***/data/raw/AAPL_raw.pkl
[2025-04-11T07:05:00.319+0000] {subprocess.py:106} INFO - 2025-04-11 07:05:00,318 - __main__ - INFO - Loaded and saved raw data for MA to /opt/***/data/raw/MA_raw.pkl
[2025-04-11T07:05:05.709+0000] {subprocess.py:106} INFO - 2025-04-11 07:05:05,709 - __main__ - INFO - Loaded and saved raw data for CSCO to /opt/***/data/raw/CSCO_raw.pkl
[2025-04-11T07:05:11.526+0000] {subprocess.py:106} INFO - 2025-04-11 07:05:11,526 - __main__ - INFO - Loaded and saved raw data for MSFT to /opt/***/data/raw/MSFT_raw.pkl
[2025-04-11T07:05:16.905+0000] {subprocess.py:106} INFO - 2025-04-11 07:05:16,904 - __main__ - INFO - Loaded and saved raw data for AMZN to /opt/***/data/raw/AMZN_raw.pkl
[2025-04-11T07:05:22.291+0000] {subprocess.py:106} INFO - 2025-04-11 07:05:22,291 - __main__ - INFO - Loaded and saved raw data for GOOG to /opt/***/data/raw/GOOG_raw.pkl
[2025-04-11T07:05:27.949+0000] {subprocess.py:106} INFO - 2025-04-11 07:05:27,949 - __main__ - INFO - Loaded and saved raw data for IBM to /opt/***/data/raw/IBM_raw.pkl
[2025-04-11T07:05:32.949+0000] {subprocess.py:106} INFO - 2025-04-11 07:05:32,949 - __main__ - INFO - --- Finished Data Loading ---
[2025-04-11T07:05:32.966+0000] {subprocess.py:106} INFO - 2025-04-11 07:05:32,966 - __main__ - INFO - --- Starting Feature Engineering (Indicators) ---
[2025-04-11T07:05:32.990+0000] {subprocess.py:106} INFO - /home/***/.local/lib/python3.11/site-packages/ta/trend.py:1030: FutureWarning: Series.__setitem__ treating keys as positions is deprecated. In a future version, integer keys will always be treated as labels (consistent with DataFrame behavior). To set a value by position, use `ser.iloc[pos] = value`
[2025-04-11T07:05:32.992+0000] {subprocess.py:106} INFO -   self._psar[i] = high2
[2025-04-11T07:05:33.090+0000] {subprocess.py:106} INFO - /home/***/.local/lib/python3.11/site-packages/ta/trend.py:1030: FutureWarning: Series.__setitem__ treating keys as positions is deprecated. In a future version, integer keys will always be treated as labels (consistent with DataFrame behavior). To set a value by position, use `ser.iloc[pos] = value`
[2025-04-11T07:05:33.101+0000] {subprocess.py:106} INFO -   self._psar[i] = high2
[2025-04-11T07:05:33.185+0000] {subprocess.py:106} INFO - /home/***/.local/lib/python3.11/site-packages/ta/trend.py:1030: FutureWarning: Series.__setitem__ treating keys as positions is deprecated. In a future version, integer keys will always be treated as labels (consistent with DataFrame behavior). To set a value by position, use `ser.iloc[pos] = value`
[2025-04-11T07:05:33.186+0000] {subprocess.py:106} INFO -   self._psar[i] = high2
[2025-04-11T07:05:33.268+0000] {subprocess.py:106} INFO - /home/***/.local/lib/python3.11/site-packages/ta/trend.py:1030: FutureWarning: Series.__setitem__ treating keys as positions is deprecated. In a future version, integer keys will always be treated as labels (consistent with DataFrame behavior). To set a value by position, use `ser.iloc[pos] = value`
[2025-04-11T07:05:33.269+0000] {subprocess.py:106} INFO -   self._psar[i] = high2
[2025-04-11T07:05:33.358+0000] {subprocess.py:106} INFO - /home/***/.local/lib/python3.11/site-packages/ta/trend.py:1030: FutureWarning: Series.__setitem__ treating keys as positions is deprecated. In a future version, integer keys will always be treated as labels (consistent with DataFrame behavior). To set a value by position, use `ser.iloc[pos] = value`
[2025-04-11T07:05:33.359+0000] {subprocess.py:106} INFO -   self._psar[i] = high2
[2025-04-11T07:05:33.433+0000] {subprocess.py:106} INFO - /home/***/.local/lib/python3.11/site-packages/ta/trend.py:1030: FutureWarning: Series.__setitem__ treating keys as positions is deprecated. In a future version, integer keys will always be treated as labels (consistent with DataFrame behavior). To set a value by position, use `ser.iloc[pos] = value`
[2025-04-11T07:05:33.434+0000] {subprocess.py:106} INFO -   self._psar[i] = high2
[2025-04-11T07:05:33.527+0000] {subprocess.py:106} INFO - /home/***/.local/lib/python3.11/site-packages/ta/trend.py:1030: FutureWarning: Series.__setitem__ treating keys as positions is deprecated. In a future version, integer keys will always be treated as labels (consistent with DataFrame behavior). To set a value by position, use `ser.iloc[pos] = value`
[2025-04-11T07:05:33.527+0000] {subprocess.py:106} INFO -   self._psar[i] = high2
[2025-04-11T07:05:33.593+0000] {subprocess.py:106} INFO - 2025-04-11 07:05:33,592 - __main__ - INFO - --- Finished Feature Engineering (Indicators) ---
[2025-04-11T07:05:33.594+0000] {subprocess.py:106} INFO - 2025-04-11 07:05:33,593 - __main__ - INFO - --- Starting Feature Filtering ---
[2025-04-11T07:05:33.600+0000] {subprocess.py:106} INFO - 2025-04-11 07:05:33,600 - __main__ - INFO - Features remaining after filtering: 16
[2025-04-11T07:05:33.601+0000] {subprocess.py:106} INFO - 2025-04-11 07:05:33,600 - __main__ - INFO - --- Finished Feature Filtering ---
[2025-04-11T07:05:33.601+0000] {subprocess.py:106} INFO - 2025-04-11 07:05:33,600 - __main__ - INFO - --- Starting Data Alignment & Processing ---
[2025-04-11T07:05:33.636+0000] {subprocess.py:106} INFO - /opt/***/src/data/make_dataset.py:144: FutureWarning: DataFrame.fillna with 'method' is deprecated and will raise in a future version. Use obj.ffill() or obj.bfill() instead.
[2025-04-11T07:05:33.637+0000] {subprocess.py:106} INFO -   df = aligned_data[ticker][feature_columns + ['Target']].fillna(method='ffill').fillna(method='bfill')
[2025-04-11T07:05:33.638+0000] {subprocess.py:106} INFO - /opt/***/src/data/make_dataset.py:144: FutureWarning: DataFrame.fillna with 'method' is deprecated and will raise in a future version. Use obj.ffill() or obj.bfill() instead.
[2025-04-11T07:05:33.639+0000] {subprocess.py:106} INFO -   df = aligned_data[ticker][feature_columns + ['Target']].fillna(method='ffill').fillna(method='bfill')
[2025-04-11T07:05:33.639+0000] {subprocess.py:106} INFO - /opt/***/src/data/make_dataset.py:144: FutureWarning: DataFrame.fillna with 'method' is deprecated and will raise in a future version. Use obj.ffill() or obj.bfill() instead.
[2025-04-11T07:05:33.640+0000] {subprocess.py:106} INFO -   df = aligned_data[ticker][feature_columns + ['Target']].fillna(method='ffill').fillna(method='bfill')
[2025-04-11T07:05:33.640+0000] {subprocess.py:106} INFO - /opt/***/src/data/make_dataset.py:144: FutureWarning: DataFrame.fillna with 'method' is deprecated and will raise in a future version. Use obj.ffill() or obj.bfill() instead.
[2025-04-11T07:05:33.641+0000] {subprocess.py:106} INFO -   df = aligned_data[ticker][feature_columns + ['Target']].fillna(method='ffill').fillna(method='bfill')
[2025-04-11T07:05:33.642+0000] {subprocess.py:106} INFO - /opt/***/src/data/make_dataset.py:144: FutureWarning: DataFrame.fillna with 'method' is deprecated and will raise in a future version. Use obj.ffill() or obj.bfill() instead.
[2025-04-11T07:05:33.645+0000] {subprocess.py:106} INFO -   df = aligned_data[ticker][feature_columns + ['Target']].fillna(method='ffill').fillna(method='bfill')
[2025-04-11T07:05:33.646+0000] {subprocess.py:106} INFO - /opt/***/src/data/make_dataset.py:144: FutureWarning: DataFrame.fillna with 'method' is deprecated and will raise in a future version. Use obj.ffill() or obj.bfill() instead.
[2025-04-11T07:05:33.646+0000] {subprocess.py:106} INFO -   df = aligned_data[ticker][feature_columns + ['Target']].fillna(method='ffill').fillna(method='bfill')
[2025-04-11T07:05:33.647+0000] {subprocess.py:106} INFO - /opt/***/src/data/make_dataset.py:144: FutureWarning: DataFrame.fillna with 'method' is deprecated and will raise in a future version. Use obj.ffill() or obj.bfill() instead.
[2025-04-11T07:05:33.647+0000] {subprocess.py:106} INFO -   df = aligned_data[ticker][feature_columns + ['Target']].fillna(method='ffill').fillna(method='bfill')
[2025-04-11T07:05:33.648+0000] {subprocess.py:106} INFO - 2025-04-11 07:05:33,646 - __main__ - INFO - Processed data shape: (752, 7, 16)
[2025-04-11T07:05:33.649+0000] {subprocess.py:106} INFO - 2025-04-11 07:05:33,646 - __main__ - INFO - Targets shape: (752, 7)
[2025-04-11T07:05:33.652+0000] {subprocess.py:106} INFO - 2025-04-11 07:05:33,646 - __main__ - INFO - Final tickers in order: ['AAPL', 'MA', 'CSCO', 'MSFT', 'AMZN', 'GOOG', 'IBM']
[2025-04-11T07:05:33.653+0000] {subprocess.py:106} INFO - 2025-04-11 07:05:33,646 - __main__ - INFO - --- Finished Data Alignment & Processing ---
[2025-04-11T07:05:33.653+0000] {subprocess.py:106} INFO - 2025-04-11 07:05:33,648 - __main__ - INFO - Attempting to save to absolute path: /opt/***/data/processed/all_processed_data.npz
[2025-04-11T07:05:33.657+0000] {subprocess.py:106} INFO - 2025-04-11 07:05:33,657 - __main__ - INFO - Successfully saved processed data to /opt/***/data/processed/all_processed_data.npz
[2025-04-11T07:05:33.658+0000] {subprocess.py:106} INFO - 2025-04-11 07:05:33,657 - __main__ - INFO - Verified file exists at: /opt/***/data/processed/all_processed_data.npz
[2025-04-11T07:05:33.658+0000] {subprocess.py:106} INFO - 2025-04-11 07:05:33,658 - __main__ - INFO - Data processing script finished.
[2025-04-11T07:05:33.659+0000] {subprocess.py:106} INFO - --- PRINT TEST: Starting Data Loading ---
[2025-04-11T07:05:33.660+0000] {subprocess.py:106} INFO - Filtering highly correlated features with threshold 0.9
[2025-04-11T07:05:33.660+0000] {subprocess.py:106} INFO - Identified 20 highly correlated features to remove: ['High', 'Low', 'Close', 'EMA_50', 'EMA_200', 'BB_High', 'BB_Low', 'OBV', 'SMA_50', 'VWAP', 'PSAR', 'Stochastic_D', 'CCI', 'Williams_R', 'Donchian_High', 'Donchian_Low', 'Keltner_High', 'Keltner_Low', 'DI_Positive', 'DI_Negative']
[2025-04-11T07:05:33.660+0000] {subprocess.py:106} INFO - Excluding 'Close' column from removal list.
[2025-04-11T07:05:33.661+0000] {subprocess.py:106} INFO - Final list of 19 features to remove: ['High', 'Low', 'EMA_50', 'EMA_200', 'BB_High', 'BB_Low', 'OBV', 'SMA_50', 'VWAP', 'PSAR', 'Stochastic_D', 'CCI', 'Williams_R', 'Donchian_High', 'Donchian_Low', 'Keltner_High', 'Keltner_Low', 'DI_Positive', 'DI_Negative']
[2025-04-11T07:05:33.748+0000] {subprocess.py:110} INFO - Command exited with return code 0
[2025-04-11T07:05:33.764+0000] {taskinstance.py:341} INFO - ::group::Post task execution logs
[2025-04-11T07:05:33.765+0000] {taskinstance.py:353} INFO - Marking task as SUCCESS. dag_id=lstm_stock_prediction_refactored, task_id=process_data, run_id=manual__2025-04-11T07:04:52.058504+00:00, execution_date=20250411T070452, start_date=20250411T070452, end_date=20250411T070533
[2025-04-11T07:05:33.806+0000] {local_task_job_runner.py:266} INFO - Task exited with return code 0
[2025-04-11T07:05:33.825+0000] {taskinstance.py:3901} INFO - 1 downstream tasks scheduled from follow-on schedule check
[2025-04-11T07:05:33.828+0000] {local_task_job_runner.py:245} INFO - ::endgroup::
