[2025-04-11T06:39:25.072+0000] {local_task_job_runner.py:123} INFO - ::group::Pre task execution logs
[2025-04-11T06:39:25.082+0000] {taskinstance.py:2614} INFO - Dependencies all met for dep_context=non-requeueable deps ti=<TaskInstance: lstm_stock_prediction_refactored.process_data manual__2025-04-11T06:39:24.015566+00:00 [queued]>
[2025-04-11T06:39:25.088+0000] {taskinstance.py:2614} INFO - Dependencies all met for dep_context=requeueable deps ti=<TaskInstance: lstm_stock_prediction_refactored.process_data manual__2025-04-11T06:39:24.015566+00:00 [queued]>
[2025-04-11T06:39:25.088+0000] {taskinstance.py:2867} INFO - Starting attempt 1 of 2
[2025-04-11T06:39:25.096+0000] {taskinstance.py:2890} INFO - Executing <Task(BashOperator): process_data> on 2025-04-11 06:39:24.015566+00:00
[2025-04-11T06:39:25.100+0000] {standard_task_runner.py:72} INFO - Started process 1518 to run task
[2025-04-11T06:39:25.102+0000] {standard_task_runner.py:104} INFO - Running: ['***', 'tasks', 'run', 'lstm_stock_prediction_refactored', 'process_data', 'manual__2025-04-11T06:39:24.015566+00:00', '--job-id', '11', '--raw', '--subdir', 'DAGS_FOLDER/lstm_refactored_dag.py', '--cfg-path', '/tmp/tmpqayxexte']
[2025-04-11T06:39:25.104+0000] {standard_task_runner.py:105} INFO - Job 11: Subtask process_data
[2025-04-11T06:39:25.133+0000] {task_command.py:467} INFO - Running <TaskInstance: lstm_stock_prediction_refactored.process_data manual__2025-04-11T06:39:24.015566+00:00 [running]> on host 162c7a94827e
[2025-04-11T06:39:25.180+0000] {taskinstance.py:3134} INFO - Exporting env vars: AIRFLOW_CTX_DAG_OWNER='***_team' AIRFLOW_CTX_DAG_ID='lstm_stock_prediction_refactored' AIRFLOW_CTX_TASK_ID='process_data' AIRFLOW_CTX_EXECUTION_DATE='2025-04-11T06:39:24.015566+00:00' AIRFLOW_CTX_TRY_NUMBER='1' AIRFLOW_CTX_DAG_RUN_ID='manual__2025-04-11T06:39:24.015566+00:00'
[2025-04-11T06:39:25.181+0000] {taskinstance.py:732} INFO - ::endgroup::
[2025-04-11T06:39:25.193+0000] {subprocess.py:78} INFO - Tmp dir root location: /tmp
[2025-04-11T06:39:25.194+0000] {subprocess.py:88} INFO - Running command: ['/usr/bin/bash', '-c', 'python /opt/***/src/data/make_dataset.py --config /opt/***/config/params.yaml']
[2025-04-11T06:39:25.201+0000] {subprocess.py:99} INFO - Output:
[2025-04-11T06:39:26.030+0000] {subprocess.py:106} INFO - 2025-04-11 06:39:26,030 - __main__ - INFO - Starting data processing script with config: /opt/***/config/params.yaml
[2025-04-11T06:39:26.035+0000] {subprocess.py:106} INFO - 2025-04-11 06:39:26,035 - __main__ - INFO - Raw data directory: data/raw
[2025-04-11T06:39:26.036+0000] {subprocess.py:106} INFO - 2025-04-11 06:39:26,035 - __main__ - INFO - Processed data output path: data/processed/all_processed_data.npz
[2025-04-11T06:39:26.036+0000] {subprocess.py:106} INFO - 2025-04-11 06:39:26,035 - __main__ - INFO - --- Starting Data Loading ---
[2025-04-11T06:39:26.036+0000] {subprocess.py:106} INFO - 2025-04-11 06:39:26,035 - __main__ - INFO - Attempting to use RELATIVE output dir: data/raw
[2025-04-11T06:39:26.037+0000] {subprocess.py:106} INFO - 2025-04-11 06:39:26,035 - __main__ - INFO - Attempting to use ABSOLUTE output dir: /tmp/***tmp22xv8vtp/data/raw
[2025-04-11T06:39:26.037+0000] {subprocess.py:106} INFO - 2025-04-11 06:39:26,035 - __main__ - INFO - Current Working Directory inside container: /tmp/***tmp22xv8vtp
[2025-04-11T06:39:26.038+0000] {subprocess.py:106} INFO - 2025-04-11 06:39:26,035 - __main__ - INFO - Attempting to create directory: /tmp/***tmp22xv8vtp/data/raw
[2025-04-11T06:39:26.038+0000] {subprocess.py:106} INFO - 2025-04-11 06:39:26,035 - __main__ - INFO - Successfully called mkdir for: /tmp/***tmp22xv8vtp/data/raw (might not indicate success if permissions are wrong)
[2025-04-11T06:39:26.039+0000] {subprocess.py:106} INFO - 2025-04-11 06:39:26,035 - __main__ - INFO - Saving raw data to: /tmp/***tmp22xv8vtp/data/raw
[2025-04-11T06:39:27.590+0000] {subprocess.py:106} INFO - 2025-04-11 06:39:27,590 - __main__ - INFO - Loaded and saved raw data for AAPL to data/raw/AAPL_raw.pkl
[2025-04-11T06:39:33.039+0000] {subprocess.py:106} INFO - 2025-04-11 06:39:33,039 - __main__ - INFO - Loaded and saved raw data for MA to data/raw/MA_raw.pkl
[2025-04-11T06:39:38.498+0000] {subprocess.py:106} INFO - 2025-04-11 06:39:38,498 - __main__ - INFO - Loaded and saved raw data for CSCO to data/raw/CSCO_raw.pkl
[2025-04-11T06:39:43.895+0000] {subprocess.py:106} INFO - 2025-04-11 06:39:43,895 - __main__ - INFO - Loaded and saved raw data for MSFT to data/raw/MSFT_raw.pkl
[2025-04-11T06:39:49.245+0000] {subprocess.py:106} INFO - 2025-04-11 06:39:49,244 - __main__ - INFO - Loaded and saved raw data for AMZN to data/raw/AMZN_raw.pkl
[2025-04-11T06:39:54.559+0000] {subprocess.py:106} INFO - 2025-04-11 06:39:54,559 - __main__ - INFO - Loaded and saved raw data for GOOG to data/raw/GOOG_raw.pkl
[2025-04-11T06:40:00.008+0000] {subprocess.py:106} INFO - 2025-04-11 06:40:00,008 - __main__ - INFO - Loaded and saved raw data for IBM to data/raw/IBM_raw.pkl
[2025-04-11T06:40:05.009+0000] {subprocess.py:106} INFO - 2025-04-11 06:40:05,009 - __main__ - INFO - --- Finished Data Loading ---
[2025-04-11T06:40:05.014+0000] {subprocess.py:106} INFO - 2025-04-11 06:40:05,014 - __main__ - INFO - --- Starting Feature Engineering (Indicators) ---
[2025-04-11T06:40:05.042+0000] {subprocess.py:106} INFO - /home/***/.local/lib/python3.11/site-packages/ta/trend.py:1030: FutureWarning: Series.__setitem__ treating keys as positions is deprecated. In a future version, integer keys will always be treated as labels (consistent with DataFrame behavior). To set a value by position, use `ser.iloc[pos] = value`
[2025-04-11T06:40:05.043+0000] {subprocess.py:106} INFO -   self._psar[i] = high2
[2025-04-11T06:40:05.150+0000] {subprocess.py:106} INFO - /home/***/.local/lib/python3.11/site-packages/ta/trend.py:1030: FutureWarning: Series.__setitem__ treating keys as positions is deprecated. In a future version, integer keys will always be treated as labels (consistent with DataFrame behavior). To set a value by position, use `ser.iloc[pos] = value`
[2025-04-11T06:40:05.151+0000] {subprocess.py:106} INFO -   self._psar[i] = high2
[2025-04-11T06:40:05.243+0000] {subprocess.py:106} INFO - /home/***/.local/lib/python3.11/site-packages/ta/trend.py:1030: FutureWarning: Series.__setitem__ treating keys as positions is deprecated. In a future version, integer keys will always be treated as labels (consistent with DataFrame behavior). To set a value by position, use `ser.iloc[pos] = value`
[2025-04-11T06:40:05.244+0000] {subprocess.py:106} INFO -   self._psar[i] = high2
[2025-04-11T06:40:05.327+0000] {subprocess.py:106} INFO - /home/***/.local/lib/python3.11/site-packages/ta/trend.py:1030: FutureWarning: Series.__setitem__ treating keys as positions is deprecated. In a future version, integer keys will always be treated as labels (consistent with DataFrame behavior). To set a value by position, use `ser.iloc[pos] = value`
[2025-04-11T06:40:05.328+0000] {subprocess.py:106} INFO -   self._psar[i] = high2
[2025-04-11T06:40:05.423+0000] {subprocess.py:106} INFO - /home/***/.local/lib/python3.11/site-packages/ta/trend.py:1030: FutureWarning: Series.__setitem__ treating keys as positions is deprecated. In a future version, integer keys will always be treated as labels (consistent with DataFrame behavior). To set a value by position, use `ser.iloc[pos] = value`
[2025-04-11T06:40:05.423+0000] {subprocess.py:106} INFO -   self._psar[i] = high2
[2025-04-11T06:40:05.507+0000] {subprocess.py:106} INFO - /home/***/.local/lib/python3.11/site-packages/ta/trend.py:1030: FutureWarning: Series.__setitem__ treating keys as positions is deprecated. In a future version, integer keys will always be treated as labels (consistent with DataFrame behavior). To set a value by position, use `ser.iloc[pos] = value`
[2025-04-11T06:40:05.508+0000] {subprocess.py:106} INFO -   self._psar[i] = high2
[2025-04-11T06:40:05.613+0000] {subprocess.py:106} INFO - /home/***/.local/lib/python3.11/site-packages/ta/trend.py:1030: FutureWarning: Series.__setitem__ treating keys as positions is deprecated. In a future version, integer keys will always be treated as labels (consistent with DataFrame behavior). To set a value by position, use `ser.iloc[pos] = value`
[2025-04-11T06:40:05.613+0000] {subprocess.py:106} INFO -   self._psar[i] = high2
[2025-04-11T06:40:05.664+0000] {subprocess.py:106} INFO - 2025-04-11 06:40:05,664 - __main__ - INFO - --- Finished Feature Engineering (Indicators) ---
[2025-04-11T06:40:05.665+0000] {subprocess.py:106} INFO - 2025-04-11 06:40:05,664 - __main__ - INFO - --- Starting Feature Filtering ---
[2025-04-11T06:40:05.671+0000] {subprocess.py:106} INFO - 2025-04-11 06:40:05,671 - __main__ - INFO - Features remaining after filtering: 16
[2025-04-11T06:40:05.672+0000] {subprocess.py:106} INFO - 2025-04-11 06:40:05,671 - __main__ - INFO - --- Finished Feature Filtering ---
[2025-04-11T06:40:05.672+0000] {subprocess.py:106} INFO - 2025-04-11 06:40:05,671 - __main__ - INFO - --- Starting Data Alignment & Processing ---
[2025-04-11T06:40:05.704+0000] {subprocess.py:106} INFO - /opt/***/src/data/make_dataset.py:144: FutureWarning: DataFrame.fillna with 'method' is deprecated and will raise in a future version. Use obj.ffill() or obj.bfill() instead.
[2025-04-11T06:40:05.705+0000] {subprocess.py:106} INFO -   df = aligned_data[ticker][feature_columns + ['Target']].fillna(method='ffill').fillna(method='bfill')
[2025-04-11T06:40:05.706+0000] {subprocess.py:106} INFO - /opt/***/src/data/make_dataset.py:144: FutureWarning: DataFrame.fillna with 'method' is deprecated and will raise in a future version. Use obj.ffill() or obj.bfill() instead.
[2025-04-11T06:40:05.706+0000] {subprocess.py:106} INFO -   df = aligned_data[ticker][feature_columns + ['Target']].fillna(method='ffill').fillna(method='bfill')
[2025-04-11T06:40:05.707+0000] {subprocess.py:106} INFO - /opt/***/src/data/make_dataset.py:144: FutureWarning: DataFrame.fillna with 'method' is deprecated and will raise in a future version. Use obj.ffill() or obj.bfill() instead.
[2025-04-11T06:40:05.707+0000] {subprocess.py:106} INFO -   df = aligned_data[ticker][feature_columns + ['Target']].fillna(method='ffill').fillna(method='bfill')
[2025-04-11T06:40:05.708+0000] {subprocess.py:106} INFO - /opt/***/src/data/make_dataset.py:144: FutureWarning: DataFrame.fillna with 'method' is deprecated and will raise in a future version. Use obj.ffill() or obj.bfill() instead.
[2025-04-11T06:40:05.709+0000] {subprocess.py:106} INFO -   df = aligned_data[ticker][feature_columns + ['Target']].fillna(method='ffill').fillna(method='bfill')
[2025-04-11T06:40:05.709+0000] {subprocess.py:106} INFO - /opt/***/src/data/make_dataset.py:144: FutureWarning: DataFrame.fillna with 'method' is deprecated and will raise in a future version. Use obj.ffill() or obj.bfill() instead.
[2025-04-11T06:40:05.710+0000] {subprocess.py:106} INFO -   df = aligned_data[ticker][feature_columns + ['Target']].fillna(method='ffill').fillna(method='bfill')
[2025-04-11T06:40:05.710+0000] {subprocess.py:106} INFO - /opt/***/src/data/make_dataset.py:144: FutureWarning: DataFrame.fillna with 'method' is deprecated and will raise in a future version. Use obj.ffill() or obj.bfill() instead.
[2025-04-11T06:40:05.711+0000] {subprocess.py:106} INFO -   df = aligned_data[ticker][feature_columns + ['Target']].fillna(method='ffill').fillna(method='bfill')
[2025-04-11T06:40:05.712+0000] {subprocess.py:106} INFO - /opt/***/src/data/make_dataset.py:144: FutureWarning: DataFrame.fillna with 'method' is deprecated and will raise in a future version. Use obj.ffill() or obj.bfill() instead.
[2025-04-11T06:40:05.712+0000] {subprocess.py:106} INFO -   df = aligned_data[ticker][feature_columns + ['Target']].fillna(method='ffill').fillna(method='bfill')
[2025-04-11T06:40:05.713+0000] {subprocess.py:106} INFO - 2025-04-11 06:40:05,713 - __main__ - INFO - Processed data shape: (752, 7, 16)
[2025-04-11T06:40:05.714+0000] {subprocess.py:106} INFO - 2025-04-11 06:40:05,713 - __main__ - INFO - Targets shape: (752, 7)
[2025-04-11T06:40:05.714+0000] {subprocess.py:106} INFO - 2025-04-11 06:40:05,713 - __main__ - INFO - Final tickers in order: ['AAPL', 'MA', 'CSCO', 'MSFT', 'AMZN', 'GOOG', 'IBM']
[2025-04-11T06:40:05.714+0000] {subprocess.py:106} INFO - 2025-04-11 06:40:05,713 - __main__ - INFO - --- Finished Data Alignment & Processing ---
[2025-04-11T06:40:05.715+0000] {subprocess.py:106} INFO - 2025-04-11 06:40:05,713 - __main__ - INFO - Attempting to save to absolute path: /tmp/***tmp22xv8vtp/data/processed/all_processed_data.npz
[2025-04-11T06:40:05.715+0000] {subprocess.py:106} INFO - 2025-04-11 06:40:05,714 - __main__ - INFO - Successfully saved processed data to data/processed/all_processed_data.npz
[2025-04-11T06:40:05.716+0000] {subprocess.py:106} INFO - 2025-04-11 06:40:05,714 - __main__ - INFO - Verified file exists at: /tmp/***tmp22xv8vtp/data/processed/all_processed_data.npz
[2025-04-11T06:40:05.717+0000] {subprocess.py:106} INFO - 2025-04-11 06:40:05,715 - __main__ - INFO - Data processing script finished.
[2025-04-11T06:40:05.717+0000] {subprocess.py:106} INFO - --- PRINT TEST: Starting Data Loading ---
[2025-04-11T06:40:05.718+0000] {subprocess.py:106} INFO - Filtering highly correlated features with threshold 0.9
[2025-04-11T06:40:05.718+0000] {subprocess.py:106} INFO - Identified 20 highly correlated features to remove: ['High', 'Low', 'Close', 'EMA_50', 'EMA_200', 'BB_High', 'BB_Low', 'OBV', 'SMA_50', 'VWAP', 'PSAR', 'Stochastic_D', 'CCI', 'Williams_R', 'Donchian_High', 'Donchian_Low', 'Keltner_High', 'Keltner_Low', 'DI_Positive', 'DI_Negative']
[2025-04-11T06:40:05.718+0000] {subprocess.py:106} INFO - Excluding 'Close' column from removal list.
[2025-04-11T06:40:05.719+0000] {subprocess.py:106} INFO - Final list of 19 features to remove: ['High', 'Low', 'EMA_50', 'EMA_200', 'BB_High', 'BB_Low', 'OBV', 'SMA_50', 'VWAP', 'PSAR', 'Stochastic_D', 'CCI', 'Williams_R', 'Donchian_High', 'Donchian_Low', 'Keltner_High', 'Keltner_Low', 'DI_Positive', 'DI_Negative']
[2025-04-11T06:40:05.805+0000] {subprocess.py:110} INFO - Command exited with return code 0
[2025-04-11T06:40:05.824+0000] {taskinstance.py:341} INFO - ::group::Post task execution logs
[2025-04-11T06:40:05.825+0000] {taskinstance.py:353} INFO - Marking task as SUCCESS. dag_id=lstm_stock_prediction_refactored, task_id=process_data, run_id=manual__2025-04-11T06:39:24.015566+00:00, execution_date=20250411T063924, start_date=20250411T063925, end_date=20250411T064005
[2025-04-11T06:40:05.861+0000] {local_task_job_runner.py:266} INFO - Task exited with return code 0
[2025-04-11T06:40:05.878+0000] {taskinstance.py:3901} INFO - 1 downstream tasks scheduled from follow-on schedule check
[2025-04-11T06:40:05.880+0000] {local_task_job_runner.py:245} INFO - ::endgroup::
