[2025-04-11T09:38:49.905+0000] {local_task_job_runner.py:123} INFO - ::group::Pre task execution logs
[2025-04-11T09:38:49.932+0000] {taskinstance.py:2614} INFO - Dependencies all met for dep_context=non-requeueable deps ti=<TaskInstance: lstm_stock_prediction_refactored.build_features manual__2025-04-11T09:38:46.502188+00:00 [queued]>
[2025-04-11T09:38:49.942+0000] {taskinstance.py:2614} INFO - Dependencies all met for dep_context=requeueable deps ti=<TaskInstance: lstm_stock_prediction_refactored.build_features manual__2025-04-11T09:38:46.502188+00:00 [queued]>
[2025-04-11T09:38:49.943+0000] {taskinstance.py:2867} INFO - Starting attempt 1 of 2
[2025-04-11T09:38:49.956+0000] {taskinstance.py:2890} INFO - Executing <Task(BashOperator): build_features> on 2025-04-11 09:38:46.502188+00:00
[2025-04-11T09:38:49.960+0000] {standard_task_runner.py:72} INFO - Started process 210 to run task
[2025-04-11T09:38:49.962+0000] {standard_task_runner.py:104} INFO - Running: ['***', 'tasks', 'run', 'lstm_stock_prediction_refactored', 'build_features', 'manual__2025-04-11T09:38:46.502188+00:00', '--job-id', '63', '--raw', '--subdir', 'DAGS_FOLDER/lstm_refactored_dag.py', '--cfg-path', '/tmp/tmpob1b8z88']
[2025-04-11T09:38:49.964+0000] {standard_task_runner.py:105} INFO - Job 63: Subtask build_features
[2025-04-11T09:38:50.004+0000] {task_command.py:467} INFO - Running <TaskInstance: lstm_stock_prediction_refactored.build_features manual__2025-04-11T09:38:46.502188+00:00 [running]> on host 299156154de8
[2025-04-11T09:38:50.066+0000] {taskinstance.py:3134} INFO - Exporting env vars: AIRFLOW_CTX_DAG_OWNER='***_team' AIRFLOW_CTX_DAG_ID='lstm_stock_prediction_refactored' AIRFLOW_CTX_TASK_ID='build_features' AIRFLOW_CTX_EXECUTION_DATE='2025-04-11T09:38:46.502188+00:00' AIRFLOW_CTX_TRY_NUMBER='1' AIRFLOW_CTX_DAG_RUN_ID='manual__2025-04-11T09:38:46.502188+00:00'
[2025-04-11T09:38:50.069+0000] {taskinstance.py:732} INFO - ::endgroup::
[2025-04-11T09:38:50.078+0000] {subprocess.py:78} INFO - Tmp dir root location: /tmp
[2025-04-11T09:38:50.079+0000] {subprocess.py:88} INFO - Running command: ['/usr/bin/bash', '-c', 'python /opt/***/src/features/build_features.py --config /opt/***/config/params.yaml']
[2025-04-11T09:38:50.088+0000] {subprocess.py:99} INFO - Output:
[2025-04-11T09:38:51.523+0000] {subprocess.py:106} INFO - --- Loading Processed Data from /opt/***/data/processed/all_processed_data.npz ---
[2025-04-11T09:38:51.525+0000] {subprocess.py:106} INFO - --- Finished Loading Processed Data ---
[2025-04-11T09:38:51.526+0000] {subprocess.py:106} INFO - --- Creating Sequences ---
[2025-04-11T09:38:51.527+0000] {subprocess.py:106} INFO - X sequences shape: (722, 30, 7, 16)
[2025-04-11T09:38:51.528+0000] {subprocess.py:106} INFO - y sequences shape: (722, 1, 7)
[2025-04-11T09:38:51.529+0000] {subprocess.py:106} INFO - --- Finished Creating Sequences ---
[2025-04-11T09:38:51.530+0000] {subprocess.py:106} INFO - --- Splitting Data ---
[2025-04-11T09:38:51.531+0000] {subprocess.py:106} INFO - Train shapes: X=(577, 30, 7, 16), y=(577, 1, 7)
[2025-04-11T09:38:51.532+0000] {subprocess.py:106} INFO - Test shapes: X=(145, 30, 7, 16), y=(145, 1, 7)
[2025-04-11T09:38:51.534+0000] {subprocess.py:106} INFO - --- Finished Splitting Data ---
[2025-04-11T09:38:51.536+0000] {subprocess.py:106} INFO - --- Scaling Data ---
[2025-04-11T09:38:51.537+0000] {subprocess.py:106} INFO - --- Finished Scaling Data ---
[2025-04-11T09:38:51.538+0000] {subprocess.py:106} INFO - --- Saving Scaled Data to /opt/***/data/features/split_scaled_data.npz ---
[2025-04-11T09:38:51.539+0000] {subprocess.py:106} INFO - --- Finished Saving Scaled Data ---
[2025-04-11T09:38:51.540+0000] {subprocess.py:106} INFO - --- Saving Scalers to /opt/***/data/processed/scalers.pkl ---
[2025-04-11T09:38:51.541+0000] {subprocess.py:106} INFO - --- Finished Saving Scalers ---
[2025-04-11T09:38:51.732+0000] {subprocess.py:110} INFO - Command exited with return code 0
[2025-04-11T09:38:51.753+0000] {taskinstance.py:341} INFO - ::group::Post task execution logs
[2025-04-11T09:38:51.759+0000] {taskinstance.py:353} INFO - Marking task as SUCCESS. dag_id=lstm_stock_prediction_refactored, task_id=build_features, run_id=manual__2025-04-11T09:38:46.502188+00:00, execution_date=20250411T093846, start_date=20250411T093849, end_date=20250411T093851
[2025-04-11T09:38:51.828+0000] {local_task_job_runner.py:266} INFO - Task exited with return code 0
[2025-04-11T09:38:51.847+0000] {taskinstance.py:3901} INFO - 1 downstream tasks scheduled from follow-on schedule check
[2025-04-11T09:38:51.849+0000] {local_task_job_runner.py:245} INFO - ::endgroup::
