[2025-04-11T09:47:31.239+0000] {local_task_job_runner.py:123} INFO - ::group::Pre task execution logs
[2025-04-11T09:47:31.261+0000] {taskinstance.py:2614} INFO - Dependencies all met for dep_context=non-requeueable deps ti=<TaskInstance: lstm_stock_prediction_refactored.optimize_hyperparams manual__2025-04-11T09:47:25.185569+00:00 [queued]>
[2025-04-11T09:47:31.270+0000] {taskinstance.py:2614} INFO - Dependencies all met for dep_context=requeueable deps ti=<TaskInstance: lstm_stock_prediction_refactored.optimize_hyperparams manual__2025-04-11T09:47:25.185569+00:00 [queued]>
[2025-04-11T09:47:31.271+0000] {taskinstance.py:2867} INFO - Starting attempt 1 of 2
[2025-04-11T09:47:31.283+0000] {taskinstance.py:2890} INFO - Executing <Task(BashOperator): optimize_hyperparams> on 2025-04-11 09:47:25.185569+00:00
[2025-04-11T09:47:31.287+0000] {standard_task_runner.py:72} INFO - Started process 253 to run task
[2025-04-11T09:47:31.289+0000] {standard_task_runner.py:104} INFO - Running: ['***', 'tasks', 'run', 'lstm_stock_prediction_refactored', 'optimize_hyperparams', 'manual__2025-04-11T09:47:25.185569+00:00', '--job-id', '70', '--raw', '--subdir', 'DAGS_FOLDER/lstm_refactored_dag.py', '--cfg-path', '/tmp/tmprtydzxes']
[2025-04-11T09:47:31.291+0000] {standard_task_runner.py:105} INFO - Job 70: Subtask optimize_hyperparams
[2025-04-11T09:47:31.333+0000] {task_command.py:467} INFO - Running <TaskInstance: lstm_stock_prediction_refactored.optimize_hyperparams manual__2025-04-11T09:47:25.185569+00:00 [running]> on host bf4b1d1f8db5
[2025-04-11T09:47:31.415+0000] {taskinstance.py:3134} INFO - Exporting env vars: AIRFLOW_CTX_DAG_OWNER='***_team' AIRFLOW_CTX_DAG_ID='lstm_stock_prediction_refactored' AIRFLOW_CTX_TASK_ID='optimize_hyperparams' AIRFLOW_CTX_EXECUTION_DATE='2025-04-11T09:47:25.185569+00:00' AIRFLOW_CTX_TRY_NUMBER='1' AIRFLOW_CTX_DAG_RUN_ID='manual__2025-04-11T09:47:25.185569+00:00'
[2025-04-11T09:47:31.418+0000] {taskinstance.py:732} INFO - ::endgroup::
[2025-04-11T09:47:31.428+0000] {subprocess.py:78} INFO - Tmp dir root location: /tmp
[2025-04-11T09:47:31.430+0000] {subprocess.py:88} INFO - Running command: ['/usr/bin/bash', '-c', 'python /opt/***/src/models/optimize_hyperparams.py --config /opt/***/config/params.yaml']
[2025-04-11T09:47:31.439+0000] {subprocess.py:99} INFO - Output:
[2025-04-11T09:47:33.460+0000] {subprocess.py:106} INFO - mkdir -p failed for path /home/***/.cache/matplotlib: [Errno 13] Permission denied: '/home/***/.cache/matplotlib'
[2025-04-11T09:47:33.464+0000] {subprocess.py:106} INFO - Matplotlib created a temporary cache directory at /tmp/matplotlib-6dn90p1y because there was an issue with the default path (/home/***/.cache/matplotlib); it is highly recommended to set the MPLCONFIGDIR environment variable to a writable directory, in particular to speed up the import of Matplotlib and to better support multiprocessing.
[2025-04-11T09:47:36.224+0000] {subprocess.py:106} INFO - [I 2025-04-11 09:47:36,224] A new study created in memory with name: no-name-086e1e12-d8c9-4887-bba9-c8660949f061
[2025-04-11T09:47:45.188+0000] {subprocess.py:106} INFO - [I 2025-04-11 09:47:45,188] Trial 0 finished with value: 0.18941108137369156 and parameters: {'batch_size': 96, 'hidden_size': 256, 'num_layers': 3, 'dropout_rate': 0.5, 'learning_rate': 0.000738127505134076, 'model_type': 'lstm_attention'}. Best is trial 0 with value: 0.18941108137369156.
[2025-04-11T09:47:45.193+0000] {subprocess.py:106} INFO - Using device: cpu
[2025-04-11T09:47:45.194+0000] {subprocess.py:106} INFO - --- Loading Scaled Data from /opt/***/data/features/split_scaled_data.npz ---
[2025-04-11T09:47:45.195+0000] {subprocess.py:106} INFO - --- Finished Loading Scaled Data ---
[2025-04-11T09:47:45.196+0000] {subprocess.py:106} INFO - --- Loading Scalers from /opt/***/data/processed/scalers.pkl ---
[2025-04-11T09:47:45.197+0000] {subprocess.py:106} INFO - --- Finished Loading Scalers ---
[2025-04-11T09:47:45.198+0000] {subprocess.py:106} INFO - --- Starting Optuna Optimization (1 trials) ---
[2025-04-11T09:47:45.199+0000] {subprocess.py:106} INFO - Early stopping at epoch 5
[2025-04-11T09:47:45.199+0000] {subprocess.py:106} INFO - --- Finished Optuna Optimization ---
[2025-04-11T09:47:45.200+0000] {subprocess.py:106} INFO - Best trial value (loss): 0.18941108137369156
[2025-04-11T09:47:45.200+0000] {subprocess.py:106} INFO - Best parameters: {'batch_size': 96, 'hidden_size': 256, 'num_layers': 3, 'dropout_rate': 0.5, 'learning_rate': 0.000738127505134076, 'model_type': 'lstm_attention'}
[2025-04-11T09:47:45.201+0000] {subprocess.py:106} INFO - --- Saving Best Parameters to /opt/***/config/best_params.json ---
[2025-04-11T09:47:45.201+0000] {subprocess.py:106} INFO - --- Finished Saving Best Parameters ---
[2025-04-11T09:47:46.197+0000] {subprocess.py:110} INFO - Command exited with return code 0
[2025-04-11T09:47:46.223+0000] {taskinstance.py:341} INFO - ::group::Post task execution logs
[2025-04-11T09:47:46.225+0000] {taskinstance.py:353} INFO - Marking task as SUCCESS. dag_id=lstm_stock_prediction_refactored, task_id=optimize_hyperparams, run_id=manual__2025-04-11T09:47:25.185569+00:00, execution_date=20250411T094725, start_date=20250411T094731, end_date=20250411T094746
[2025-04-11T09:47:46.278+0000] {local_task_job_runner.py:266} INFO - Task exited with return code 0
[2025-04-11T09:47:46.298+0000] {standard_task_runner.py:217} INFO - Process not found (most likely exited), stop collecting metrics
[2025-04-11T09:47:46.313+0000] {taskinstance.py:3901} INFO - 1 downstream tasks scheduled from follow-on schedule check
[2025-04-11T09:47:46.318+0000] {local_task_job_runner.py:245} INFO - ::endgroup::
