[2025-04-21T17:26:54.453+0000] {local_task_job_runner.py:123} INFO - ::group::Pre task execution logs
[2025-04-21T17:26:54.477+0000] {taskinstance.py:2614} INFO - Dependencies all met for dep_context=non-requeueable deps ti=<TaskInstance: lstm_stock_prediction_refactored.optimize_hyperparams scheduled__2025-04-14T08:00:00+00:00 [queued]>
[2025-04-21T17:26:54.487+0000] {taskinstance.py:2614} INFO - Dependencies all met for dep_context=requeueable deps ti=<TaskInstance: lstm_stock_prediction_refactored.optimize_hyperparams scheduled__2025-04-14T08:00:00+00:00 [queued]>
[2025-04-21T17:26:54.493+0000] {taskinstance.py:2867} INFO - Starting attempt 1 of 2
[2025-04-21T17:26:54.558+0000] {taskinstance.py:2890} INFO - Executing <Task(BashOperator): optimize_hyperparams> on 2025-04-14 08:00:00+00:00
[2025-04-21T17:26:54.565+0000] {standard_task_runner.py:72} INFO - Started process 547 to run task
[2025-04-21T17:26:54.569+0000] {standard_task_runner.py:104} INFO - Running: ['***', 'tasks', 'run', 'lstm_stock_prediction_refactored', 'optimize_hyperparams', 'scheduled__2025-04-14T08:00:00+00:00', '--job-id', '7', '--raw', '--subdir', 'DAGS_FOLDER/lstm_refactored_dag.py', '--cfg-path', '/tmp/tmpn97g4sw6']
[2025-04-21T17:26:54.572+0000] {standard_task_runner.py:105} INFO - Job 7: Subtask optimize_hyperparams
[2025-04-21T17:26:54.635+0000] {task_command.py:467} INFO - Running <TaskInstance: lstm_stock_prediction_refactored.optimize_hyperparams scheduled__2025-04-14T08:00:00+00:00 [running]> on host a528bcf7a8c9
[2025-04-21T17:26:54.713+0000] {taskinstance.py:3134} INFO - Exporting env vars: AIRFLOW_CTX_DAG_OWNER='***_team' AIRFLOW_CTX_DAG_ID='lstm_stock_prediction_refactored' AIRFLOW_CTX_TASK_ID='optimize_hyperparams' AIRFLOW_CTX_EXECUTION_DATE='2025-04-14T08:00:00+00:00' AIRFLOW_CTX_TRY_NUMBER='1' AIRFLOW_CTX_DAG_RUN_ID='scheduled__2025-04-14T08:00:00+00:00'
[2025-04-21T17:26:54.714+0000] {taskinstance.py:732} INFO - ::endgroup::
[2025-04-21T17:26:54.737+0000] {subprocess.py:78} INFO - Tmp dir root location: /tmp
[2025-04-21T17:26:54.739+0000] {subprocess.py:88} INFO - Running command: ['/usr/bin/bash', '-c', 'python /opt/***/src/models/optimize_hyperparams.py --config /opt/***/config/params.yaml']
[2025-04-21T17:26:54.752+0000] {subprocess.py:99} INFO - Output:
[2025-04-21T17:27:03.527+0000] {subprocess.py:106} INFO - mkdir -p failed for path /home/***/.cache/matplotlib: [Errno 13] Permission denied: '/home/***/.cache/matplotlib'
[2025-04-21T17:27:03.533+0000] {subprocess.py:106} INFO - Matplotlib created a temporary cache directory at /tmp/matplotlib-4lemm13d because there was an issue with the default path (/home/***/.cache/matplotlib); it is highly recommended to set the MPLCONFIGDIR environment variable to a writable directory, in particular to speed up the import of Matplotlib and to better support multiprocessing.
[2025-04-21T17:27:13.131+0000] {subprocess.py:106} INFO - [I 2025-04-21 17:27:13,130] A new study created in memory with name: no-name-2e1c8802-2cd1-41f5-b029-e8ae7ac39f6c
[2025-04-21T17:27:26.248+0000] {subprocess.py:106} INFO - [I 2025-04-21 17:27:26,248] Trial 0 finished with value: 0.11426489986479282 and parameters: {'batch_size': 48, 'hidden_size': 96, 'num_layers': 3, 'dropout_rate': 0.1, 'learning_rate': 0.004062708403758146, 'model_type': 'lstm_attention'}. Best is trial 0 with value: 0.11426489986479282.
[2025-04-21T17:27:26.256+0000] {subprocess.py:106} INFO - Using device: cpu
[2025-04-21T17:27:26.256+0000] {subprocess.py:106} INFO - --- Loading Scaled Data from /opt/***/data/features/split_scaled_data.npz ---
[2025-04-21T17:27:26.259+0000] {subprocess.py:106} INFO - --- Finished Loading Scaled Data ---
[2025-04-21T17:27:26.260+0000] {subprocess.py:106} INFO - --- Loading Scalers from /opt/***/data/processed/scalers.pkl ---
[2025-04-21T17:27:26.261+0000] {subprocess.py:106} INFO - --- Finished Loading Scalers ---
[2025-04-21T17:27:26.262+0000] {subprocess.py:106} INFO - --- Starting Optuna Optimization (1 trials) ---
[2025-04-21T17:27:26.262+0000] {subprocess.py:106} INFO - Early stopping at epoch 6
[2025-04-21T17:27:26.263+0000] {subprocess.py:106} INFO - --- Finished Optuna Optimization ---
[2025-04-21T17:27:26.264+0000] {subprocess.py:106} INFO - Best trial value (loss): 0.11426489986479282
[2025-04-21T17:27:26.265+0000] {subprocess.py:106} INFO - Best parameters: {'batch_size': 48, 'hidden_size': 96, 'num_layers': 3, 'dropout_rate': 0.1, 'learning_rate': 0.004062708403758146, 'model_type': 'lstm_attention'}
[2025-04-21T17:27:26.265+0000] {subprocess.py:106} INFO - --- Saving Best Parameters to /opt/***/config/best_params.json ---
[2025-04-21T17:27:26.266+0000] {subprocess.py:106} INFO - --- Finished Saving Best Parameters ---
[2025-04-21T17:27:29.370+0000] {subprocess.py:110} INFO - Command exited with return code 0
[2025-04-21T17:27:29.499+0000] {taskinstance.py:341} INFO - ::group::Post task execution logs
[2025-04-21T17:27:29.502+0000] {taskinstance.py:353} INFO - Marking task as SUCCESS. dag_id=lstm_stock_prediction_refactored, task_id=optimize_hyperparams, run_id=scheduled__2025-04-14T08:00:00+00:00, execution_date=20250414T080000, start_date=20250421T172654, end_date=20250421T172729
[2025-04-21T17:27:29.576+0000] {local_task_job_runner.py:266} INFO - Task exited with return code 0
[2025-04-21T17:27:29.649+0000] {taskinstance.py:3901} INFO - 1 downstream tasks scheduled from follow-on schedule check
[2025-04-21T17:27:29.651+0000] {local_task_job_runner.py:245} INFO - ::endgroup::
