[2025-04-11T09:03:08.106+0000] {local_task_job_runner.py:123} INFO - ::group::Pre task execution logs
[2025-04-11T09:03:08.122+0000] {taskinstance.py:2614} INFO - Dependencies all met for dep_context=non-requeueable deps ti=<TaskInstance: lstm_stock_prediction_refactored.process_data manual__2025-04-11T09:03:07.113573+00:00 [queued]>
[2025-04-11T09:03:08.137+0000] {taskinstance.py:2614} INFO - Dependencies all met for dep_context=requeueable deps ti=<TaskInstance: lstm_stock_prediction_refactored.process_data manual__2025-04-11T09:03:07.113573+00:00 [queued]>
[2025-04-11T09:03:08.138+0000] {taskinstance.py:2867} INFO - Starting attempt 1 of 2
[2025-04-11T09:03:08.154+0000] {taskinstance.py:2890} INFO - Executing <Task(BashOperator): process_data> on 2025-04-11 09:03:07.113573+00:00
[2025-04-11T09:03:08.159+0000] {standard_task_runner.py:72} INFO - Started process 186 to run task
[2025-04-11T09:03:08.163+0000] {standard_task_runner.py:104} INFO - Running: ['***', 'tasks', 'run', 'lstm_stock_prediction_refactored', 'process_data', 'manual__2025-04-11T09:03:07.113573+00:00', '--job-id', '43', '--raw', '--subdir', 'DAGS_FOLDER/lstm_refactored_dag.py', '--cfg-path', '/tmp/tmp807ramk8']
[2025-04-11T09:03:08.167+0000] {standard_task_runner.py:105} INFO - Job 43: Subtask process_data
[2025-04-11T09:03:08.216+0000] {task_command.py:467} INFO - Running <TaskInstance: lstm_stock_prediction_refactored.process_data manual__2025-04-11T09:03:07.113573+00:00 [running]> on host 8d1fb7443580
[2025-04-11T09:03:08.287+0000] {taskinstance.py:3134} INFO - Exporting env vars: AIRFLOW_CTX_DAG_OWNER='***_team' AIRFLOW_CTX_DAG_ID='lstm_stock_prediction_refactored' AIRFLOW_CTX_TASK_ID='process_data' AIRFLOW_CTX_EXECUTION_DATE='2025-04-11T09:03:07.113573+00:00' AIRFLOW_CTX_TRY_NUMBER='1' AIRFLOW_CTX_DAG_RUN_ID='manual__2025-04-11T09:03:07.113573+00:00'
[2025-04-11T09:03:08.288+0000] {taskinstance.py:732} INFO - ::endgroup::
[2025-04-11T09:03:08.306+0000] {subprocess.py:78} INFO - Tmp dir root location: /tmp
[2025-04-11T09:03:08.307+0000] {subprocess.py:88} INFO - Running command: ['/usr/bin/bash', '-c', 'python /opt/***/src/data/make_dataset.py --config /opt/***/config/params.yaml']
[2025-04-11T09:03:08.317+0000] {subprocess.py:99} INFO - Output:
[2025-04-11T09:03:09.115+0000] {subprocess.py:106} INFO - 2025-04-11 09:03:09,114 - __main__ - INFO - Starting data processing script with config: /opt/***/config/params.yaml
[2025-04-11T09:03:09.122+0000] {subprocess.py:106} INFO - 2025-04-11 09:03:09,122 - __main__ - INFO - Raw data directory: /opt/***/data/raw
[2025-04-11T09:03:09.122+0000] {subprocess.py:106} INFO - 2025-04-11 09:03:09,122 - __main__ - INFO - Processed data output path: /opt/***/data/processed/all_processed_data.npz
[2025-04-11T09:03:09.123+0000] {subprocess.py:106} INFO - 2025-04-11 09:03:09,122 - __main__ - INFO - --- Starting Data Loading ---
[2025-04-11T09:03:09.124+0000] {subprocess.py:106} INFO - 2025-04-11 09:03:09,123 - __main__ - INFO - Attempting to use RELATIVE output dir: /opt/***/data/raw
[2025-04-11T09:03:09.125+0000] {subprocess.py:106} INFO - 2025-04-11 09:03:09,123 - __main__ - INFO - Attempting to use ABSOLUTE output dir: /opt/***/data/raw
[2025-04-11T09:03:09.126+0000] {subprocess.py:106} INFO - 2025-04-11 09:03:09,123 - __main__ - INFO - Current Working Directory inside container: /tmp/***tmpilujrp7i
[2025-04-11T09:03:09.126+0000] {subprocess.py:106} INFO - 2025-04-11 09:03:09,123 - __main__ - INFO - Attempting to create directory: /opt/***/data/raw
[2025-04-11T09:03:09.127+0000] {subprocess.py:106} INFO - 2025-04-11 09:03:09,124 - __main__ - INFO - Successfully called mkdir for: /opt/***/data/raw (might not indicate success if permissions are wrong)
[2025-04-11T09:03:09.129+0000] {subprocess.py:106} INFO - 2025-04-11 09:03:09,124 - __main__ - INFO - Saving raw data to: /opt/***/data/raw
[2025-04-11T09:03:09.129+0000] {subprocess.py:106} INFO - 2025-04-11 09:03:09,126 - __main__ - INFO - Skipping download for AAPL, file exists: /opt/***/data/raw/AAPL_raw.pkl
[2025-04-11T09:03:09.130+0000] {subprocess.py:106} INFO - 2025-04-11 09:03:09,127 - __main__ - INFO - Skipping download for MA, file exists: /opt/***/data/raw/MA_raw.pkl
[2025-04-11T09:03:09.130+0000] {subprocess.py:106} INFO - 2025-04-11 09:03:09,128 - __main__ - INFO - Skipping download for CSCO, file exists: /opt/***/data/raw/CSCO_raw.pkl
[2025-04-11T09:03:09.131+0000] {subprocess.py:106} INFO - 2025-04-11 09:03:09,129 - __main__ - INFO - Skipping download for MSFT, file exists: /opt/***/data/raw/MSFT_raw.pkl
[2025-04-11T09:03:09.132+0000] {subprocess.py:106} INFO - 2025-04-11 09:03:09,130 - __main__ - INFO - Skipping download for AMZN, file exists: /opt/***/data/raw/AMZN_raw.pkl
[2025-04-11T09:03:09.134+0000] {subprocess.py:106} INFO - 2025-04-11 09:03:09,132 - __main__ - INFO - Skipping download for GOOG, file exists: /opt/***/data/raw/GOOG_raw.pkl
[2025-04-11T09:03:09.135+0000] {subprocess.py:106} INFO - 2025-04-11 09:03:09,134 - __main__ - INFO - Skipping download for IBM, file exists: /opt/***/data/raw/IBM_raw.pkl
[2025-04-11T09:03:09.136+0000] {subprocess.py:106} INFO - 2025-04-11 09:03:09,135 - __main__ - INFO - --- Finished Data Loading ---
[2025-04-11T09:03:09.168+0000] {subprocess.py:106} INFO - 2025-04-11 09:03:09,168 - __main__ - INFO - --- Starting Feature Engineering (Indicators) ---
[2025-04-11T09:03:09.211+0000] {subprocess.py:106} INFO - /home/***/.local/lib/python3.11/site-packages/ta/trend.py:1030: FutureWarning: Series.__setitem__ treating keys as positions is deprecated. In a future version, integer keys will always be treated as labels (consistent with DataFrame behavior). To set a value by position, use `ser.iloc[pos] = value`
[2025-04-11T09:03:09.213+0000] {subprocess.py:106} INFO -   self._psar[i] = high2
[2025-04-11T09:03:09.340+0000] {subprocess.py:106} INFO - /home/***/.local/lib/python3.11/site-packages/ta/trend.py:1030: FutureWarning: Series.__setitem__ treating keys as positions is deprecated. In a future version, integer keys will always be treated as labels (consistent with DataFrame behavior). To set a value by position, use `ser.iloc[pos] = value`
[2025-04-11T09:03:09.341+0000] {subprocess.py:106} INFO -   self._psar[i] = high2
[2025-04-11T09:03:09.480+0000] {subprocess.py:106} INFO - /home/***/.local/lib/python3.11/site-packages/ta/trend.py:1030: FutureWarning: Series.__setitem__ treating keys as positions is deprecated. In a future version, integer keys will always be treated as labels (consistent with DataFrame behavior). To set a value by position, use `ser.iloc[pos] = value`
[2025-04-11T09:03:09.481+0000] {subprocess.py:106} INFO -   self._psar[i] = high2
[2025-04-11T09:03:09.579+0000] {subprocess.py:106} INFO - /home/***/.local/lib/python3.11/site-packages/ta/trend.py:1030: FutureWarning: Series.__setitem__ treating keys as positions is deprecated. In a future version, integer keys will always be treated as labels (consistent with DataFrame behavior). To set a value by position, use `ser.iloc[pos] = value`
[2025-04-11T09:03:09.580+0000] {subprocess.py:106} INFO -   self._psar[i] = high2
[2025-04-11T09:03:09.691+0000] {subprocess.py:106} INFO - /home/***/.local/lib/python3.11/site-packages/ta/trend.py:1030: FutureWarning: Series.__setitem__ treating keys as positions is deprecated. In a future version, integer keys will always be treated as labels (consistent with DataFrame behavior). To set a value by position, use `ser.iloc[pos] = value`
[2025-04-11T09:03:09.692+0000] {subprocess.py:106} INFO -   self._psar[i] = high2
[2025-04-11T09:03:09.799+0000] {subprocess.py:106} INFO - /home/***/.local/lib/python3.11/site-packages/ta/trend.py:1030: FutureWarning: Series.__setitem__ treating keys as positions is deprecated. In a future version, integer keys will always be treated as labels (consistent with DataFrame behavior). To set a value by position, use `ser.iloc[pos] = value`
[2025-04-11T09:03:09.801+0000] {subprocess.py:106} INFO -   self._psar[i] = high2
[2025-04-11T09:03:09.957+0000] {subprocess.py:106} INFO - /home/***/.local/lib/python3.11/site-packages/ta/trend.py:1030: FutureWarning: Series.__setitem__ treating keys as positions is deprecated. In a future version, integer keys will always be treated as labels (consistent with DataFrame behavior). To set a value by position, use `ser.iloc[pos] = value`
[2025-04-11T09:03:09.959+0000] {subprocess.py:106} INFO -   self._psar[i] = high2
[2025-04-11T09:03:10.016+0000] {subprocess.py:106} INFO - 2025-04-11 09:03:10,015 - __main__ - INFO - --- Finished Feature Engineering (Indicators) ---
[2025-04-11T09:03:10.017+0000] {subprocess.py:106} INFO - 2025-04-11 09:03:10,015 - __main__ - INFO - --- Starting Feature Filtering ---
[2025-04-11T09:03:10.031+0000] {subprocess.py:106} INFO - 2025-04-11 09:03:10,031 - __main__ - INFO - Features remaining after filtering: 16
[2025-04-11T09:03:10.032+0000] {subprocess.py:106} INFO - 2025-04-11 09:03:10,031 - __main__ - INFO - --- Finished Feature Filtering ---
[2025-04-11T09:03:10.033+0000] {subprocess.py:106} INFO - 2025-04-11 09:03:10,031 - __main__ - INFO - --- Starting Data Alignment & Processing ---
[2025-04-11T09:03:10.104+0000] {subprocess.py:106} INFO - /opt/***/src/data/make_dataset.py:144: FutureWarning: DataFrame.fillna with 'method' is deprecated and will raise in a future version. Use obj.ffill() or obj.bfill() instead.
[2025-04-11T09:03:10.104+0000] {subprocess.py:106} INFO -   df = aligned_data[ticker][feature_columns + ['Target']].fillna(method='ffill').fillna(method='bfill')
[2025-04-11T09:03:10.106+0000] {subprocess.py:106} INFO - /opt/***/src/data/make_dataset.py:144: FutureWarning: DataFrame.fillna with 'method' is deprecated and will raise in a future version. Use obj.ffill() or obj.bfill() instead.
[2025-04-11T09:03:10.106+0000] {subprocess.py:106} INFO -   df = aligned_data[ticker][feature_columns + ['Target']].fillna(method='ffill').fillna(method='bfill')
[2025-04-11T09:03:10.107+0000] {subprocess.py:106} INFO - /opt/***/src/data/make_dataset.py:144: FutureWarning: DataFrame.fillna with 'method' is deprecated and will raise in a future version. Use obj.ffill() or obj.bfill() instead.
[2025-04-11T09:03:10.107+0000] {subprocess.py:106} INFO -   df = aligned_data[ticker][feature_columns + ['Target']].fillna(method='ffill').fillna(method='bfill')
[2025-04-11T09:03:10.108+0000] {subprocess.py:106} INFO - /opt/***/src/data/make_dataset.py:144: FutureWarning: DataFrame.fillna with 'method' is deprecated and will raise in a future version. Use obj.ffill() or obj.bfill() instead.
[2025-04-11T09:03:10.109+0000] {subprocess.py:106} INFO -   df = aligned_data[ticker][feature_columns + ['Target']].fillna(method='ffill').fillna(method='bfill')
[2025-04-11T09:03:10.109+0000] {subprocess.py:106} INFO - /opt/***/src/data/make_dataset.py:144: FutureWarning: DataFrame.fillna with 'method' is deprecated and will raise in a future version. Use obj.ffill() or obj.bfill() instead.
[2025-04-11T09:03:10.110+0000] {subprocess.py:106} INFO -   df = aligned_data[ticker][feature_columns + ['Target']].fillna(method='ffill').fillna(method='bfill')
[2025-04-11T09:03:10.112+0000] {subprocess.py:106} INFO - /opt/***/src/data/make_dataset.py:144: FutureWarning: DataFrame.fillna with 'method' is deprecated and will raise in a future version. Use obj.ffill() or obj.bfill() instead.
[2025-04-11T09:03:10.112+0000] {subprocess.py:106} INFO -   df = aligned_data[ticker][feature_columns + ['Target']].fillna(method='ffill').fillna(method='bfill')
[2025-04-11T09:03:10.113+0000] {subprocess.py:106} INFO - /opt/***/src/data/make_dataset.py:144: FutureWarning: DataFrame.fillna with 'method' is deprecated and will raise in a future version. Use obj.ffill() or obj.bfill() instead.
[2025-04-11T09:03:10.114+0000] {subprocess.py:106} INFO -   df = aligned_data[ticker][feature_columns + ['Target']].fillna(method='ffill').fillna(method='bfill')
[2025-04-11T09:03:10.114+0000] {subprocess.py:106} INFO - 2025-04-11 09:03:10,113 - __main__ - INFO - Processed data shape: (752, 7, 16)
[2025-04-11T09:03:10.115+0000] {subprocess.py:106} INFO - 2025-04-11 09:03:10,113 - __main__ - INFO - Targets shape: (752, 7)
[2025-04-11T09:03:10.115+0000] {subprocess.py:106} INFO - 2025-04-11 09:03:10,113 - __main__ - INFO - Final tickers in order: ['AAPL', 'MA', 'CSCO', 'MSFT', 'AMZN', 'GOOG', 'IBM']
[2025-04-11T09:03:10.116+0000] {subprocess.py:106} INFO - 2025-04-11 09:03:10,113 - __main__ - INFO - --- Finished Data Alignment & Processing ---
[2025-04-11T09:03:10.116+0000] {subprocess.py:106} INFO - 2025-04-11 09:03:10,116 - __main__ - INFO - Attempting to save to absolute path: /opt/***/data/processed/all_processed_data.npz
[2025-04-11T09:03:10.125+0000] {subprocess.py:106} INFO - 2025-04-11 09:03:10,125 - __main__ - INFO - Successfully saved processed data to /opt/***/data/processed/all_processed_data.npz
[2025-04-11T09:03:10.126+0000] {subprocess.py:106} INFO - 2025-04-11 09:03:10,125 - __main__ - INFO - Verified file exists at: /opt/***/data/processed/all_processed_data.npz
[2025-04-11T09:03:10.132+0000] {subprocess.py:106} INFO - 2025-04-11 09:03:10,126 - __main__ - INFO - Data processing script finished.
[2025-04-11T09:03:10.134+0000] {subprocess.py:106} INFO - --- PRINT TEST: Starting Data Loading ---
[2025-04-11T09:03:10.135+0000] {subprocess.py:106} INFO - Filtering highly correlated features with threshold 0.9
[2025-04-11T09:03:10.136+0000] {subprocess.py:106} INFO - Identified 20 highly correlated features to remove: ['High', 'Low', 'Close', 'EMA_50', 'EMA_200', 'BB_High', 'BB_Low', 'OBV', 'SMA_50', 'VWAP', 'PSAR', 'Stochastic_D', 'CCI', 'Williams_R', 'Donchian_High', 'Donchian_Low', 'Keltner_High', 'Keltner_Low', 'DI_Positive', 'DI_Negative']
[2025-04-11T09:03:10.136+0000] {subprocess.py:106} INFO - Excluding 'Close' column from removal list.
[2025-04-11T09:03:10.137+0000] {subprocess.py:106} INFO - Final list of 19 features to remove: ['High', 'Low', 'EMA_50', 'EMA_200', 'BB_High', 'BB_Low', 'OBV', 'SMA_50', 'VWAP', 'PSAR', 'Stochastic_D', 'CCI', 'Williams_R', 'Donchian_High', 'Donchian_Low', 'Keltner_High', 'Keltner_Low', 'DI_Positive', 'DI_Negative']
[2025-04-11T09:03:10.247+0000] {subprocess.py:110} INFO - Command exited with return code 0
[2025-04-11T09:03:10.276+0000] {taskinstance.py:341} INFO - ::group::Post task execution logs
[2025-04-11T09:03:10.277+0000] {taskinstance.py:353} INFO - Marking task as SUCCESS. dag_id=lstm_stock_prediction_refactored, task_id=process_data, run_id=manual__2025-04-11T09:03:07.113573+00:00, execution_date=20250411T090307, start_date=20250411T090308, end_date=20250411T090310
[2025-04-11T09:03:10.345+0000] {local_task_job_runner.py:266} INFO - Task exited with return code 0
[2025-04-11T09:03:10.370+0000] {taskinstance.py:3901} INFO - 1 downstream tasks scheduled from follow-on schedule check
[2025-04-11T09:03:10.373+0000] {local_task_job_runner.py:245} INFO - ::endgroup::
