[2025-04-22T08:25:46.466+0000] {local_task_job_runner.py:123} INFO - ::group::Pre task execution logs
[2025-04-22T08:25:46.486+0000] {taskinstance.py:2614} INFO - Dependencies all met for dep_context=non-requeueable deps ti=<TaskInstance: lstm_stock_prediction_refactored.optimize_hyperparams manual__2025-04-22T08:25:35.628879+00:00 [queued]>
[2025-04-22T08:25:46.494+0000] {taskinstance.py:2614} INFO - Dependencies all met for dep_context=requeueable deps ti=<TaskInstance: lstm_stock_prediction_refactored.optimize_hyperparams manual__2025-04-22T08:25:35.628879+00:00 [queued]>
[2025-04-22T08:25:46.496+0000] {taskinstance.py:2867} INFO - Starting attempt 1 of 2
[2025-04-22T08:25:46.508+0000] {taskinstance.py:2890} INFO - Executing <Task(BashOperator): optimize_hyperparams> on 2025-04-22 08:25:35.628879+00:00
[2025-04-22T08:25:46.515+0000] {standard_task_runner.py:72} INFO - Started process 543 to run task
[2025-04-22T08:25:46.518+0000] {standard_task_runner.py:104} INFO - Running: ['***', 'tasks', 'run', 'lstm_stock_prediction_refactored', 'optimize_hyperparams', 'manual__2025-04-22T08:25:35.628879+00:00', '--job-id', '22', '--raw', '--subdir', 'DAGS_FOLDER/lstm_refactored_dag.py', '--cfg-path', '/tmp/tmpqizrm_tf']
[2025-04-22T08:25:46.520+0000] {standard_task_runner.py:105} INFO - Job 22: Subtask optimize_hyperparams
[2025-04-22T08:25:46.569+0000] {task_command.py:467} INFO - Running <TaskInstance: lstm_stock_prediction_refactored.optimize_hyperparams manual__2025-04-22T08:25:35.628879+00:00 [running]> on host a528bcf7a8c9
[2025-04-22T08:25:46.660+0000] {taskinstance.py:3134} INFO - Exporting env vars: AIRFLOW_CTX_DAG_OWNER='***_team' AIRFLOW_CTX_DAG_ID='lstm_stock_prediction_refactored' AIRFLOW_CTX_TASK_ID='optimize_hyperparams' AIRFLOW_CTX_EXECUTION_DATE='2025-04-22T08:25:35.628879+00:00' AIRFLOW_CTX_TRY_NUMBER='1' AIRFLOW_CTX_DAG_RUN_ID='manual__2025-04-22T08:25:35.628879+00:00'
[2025-04-22T08:25:46.661+0000] {taskinstance.py:732} INFO - ::endgroup::
[2025-04-22T08:25:46.673+0000] {subprocess.py:78} INFO - Tmp dir root location: /tmp
[2025-04-22T08:25:46.675+0000] {subprocess.py:88} INFO - Running command: ['/usr/bin/bash', '-c', 'python /opt/***/src/models/optimize_hyperparams.py --config /opt/***/config/params.yaml']
[2025-04-22T08:25:46.686+0000] {subprocess.py:99} INFO - Output:
[2025-04-22T08:25:52.336+0000] {subprocess.py:106} INFO - mkdir -p failed for path /home/***/.cache/matplotlib: [Errno 13] Permission denied: '/home/***/.cache/matplotlib'
[2025-04-22T08:25:52.338+0000] {subprocess.py:106} INFO - Matplotlib created a temporary cache directory at /tmp/matplotlib-3ed0j4us because there was an issue with the default path (/home/***/.cache/matplotlib); it is highly recommended to set the MPLCONFIGDIR environment variable to a writable directory, in particular to speed up the import of Matplotlib and to better support multiprocessing.
[2025-04-22T08:25:58.588+0000] {subprocess.py:106} INFO - [I 2025-04-22 08:25:58,588] A new study created in memory with name: no-name-b24b7d19-62c1-476d-bd17-64afdd2ed8e4
[2025-04-22T08:26:06.868+0000] {subprocess.py:106} INFO - [I 2025-04-22 08:26:06,867] Trial 0 finished with value: 0.05892268707975745 and parameters: {'batch_size': 48, 'hidden_size': 96, 'num_layers': 3, 'dropout_rate': 0.4, 'learning_rate': 0.0020201808472634906, 'model_type': 'lstm_attention'}. Best is trial 0 with value: 0.05892268707975745.
[2025-04-22T08:26:06.872+0000] {subprocess.py:106} INFO - Using device: cpu
[2025-04-22T08:26:06.873+0000] {subprocess.py:106} INFO - --- Loading Scaled Data from /opt/***/data/features/split_scaled_data.npz ---
[2025-04-22T08:26:06.874+0000] {subprocess.py:106} INFO - --- Finished Loading Scaled Data ---
[2025-04-22T08:26:06.875+0000] {subprocess.py:106} INFO - --- Loading Scalers from /opt/***/data/processed/scalers.pkl ---
[2025-04-22T08:26:06.876+0000] {subprocess.py:106} INFO - --- Finished Loading Scalers ---
[2025-04-22T08:26:06.876+0000] {subprocess.py:106} INFO - --- Starting Optuna Optimization (1 trials) ---
[2025-04-22T08:26:06.877+0000] {subprocess.py:106} INFO - Early stopping at epoch 7
[2025-04-22T08:26:06.878+0000] {subprocess.py:106} INFO - --- Finished Optuna Optimization ---
[2025-04-22T08:26:06.879+0000] {subprocess.py:106} INFO - Best trial value (loss): 0.05892268707975745
[2025-04-22T08:26:06.880+0000] {subprocess.py:106} INFO - Best parameters: {'batch_size': 48, 'hidden_size': 96, 'num_layers': 3, 'dropout_rate': 0.4, 'learning_rate': 0.0020201808472634906, 'model_type': 'lstm_attention'}
[2025-04-22T08:26:06.881+0000] {subprocess.py:106} INFO - --- Saving Best Parameters to /opt/***/config/best_params.json ---
[2025-04-22T08:26:06.882+0000] {subprocess.py:106} INFO - --- Finished Saving Best Parameters ---
[2025-04-22T08:26:08.837+0000] {subprocess.py:110} INFO - Command exited with return code 0
[2025-04-22T08:26:09.020+0000] {taskinstance.py:341} INFO - ::group::Post task execution logs
[2025-04-22T08:26:09.022+0000] {taskinstance.py:353} INFO - Marking task as SUCCESS. dag_id=lstm_stock_prediction_refactored, task_id=optimize_hyperparams, run_id=manual__2025-04-22T08:25:35.628879+00:00, execution_date=20250422T082535, start_date=20250422T082546, end_date=20250422T082609
[2025-04-22T08:26:09.108+0000] {local_task_job_runner.py:266} INFO - Task exited with return code 0
[2025-04-22T08:26:09.161+0000] {taskinstance.py:3901} INFO - 1 downstream tasks scheduled from follow-on schedule check
[2025-04-22T08:26:09.163+0000] {local_task_job_runner.py:245} INFO - ::endgroup::
