[2025-04-21T17:27:31.769+0000] {local_task_job_runner.py:123} INFO - ::group::Pre task execution logs
[2025-04-21T17:27:31.802+0000] {taskinstance.py:2614} INFO - Dependencies all met for dep_context=non-requeueable deps ti=<TaskInstance: lstm_stock_prediction_refactored.train_final_model manual__2025-04-21T17:25:59.922791+00:00 [queued]>
[2025-04-21T17:27:31.821+0000] {taskinstance.py:2614} INFO - Dependencies all met for dep_context=requeueable deps ti=<TaskInstance: lstm_stock_prediction_refactored.train_final_model manual__2025-04-21T17:25:59.922791+00:00 [queued]>
[2025-04-21T17:27:31.822+0000] {taskinstance.py:2867} INFO - Starting attempt 1 of 2
[2025-04-21T17:27:31.835+0000] {taskinstance.py:2890} INFO - Executing <Task(BashOperator): train_final_model> on 2025-04-21 17:25:59.922791+00:00
[2025-04-21T17:27:31.842+0000] {standard_task_runner.py:72} INFO - Started process 629 to run task
[2025-04-21T17:27:31.845+0000] {standard_task_runner.py:104} INFO - Running: ['***', 'tasks', 'run', 'lstm_stock_prediction_refactored', 'train_final_model', 'manual__2025-04-21T17:25:59.922791+00:00', '--job-id', '9', '--raw', '--subdir', 'DAGS_FOLDER/lstm_refactored_dag.py', '--cfg-path', '/tmp/tmpbwimjis1']
[2025-04-21T17:27:31.848+0000] {standard_task_runner.py:105} INFO - Job 9: Subtask train_final_model
[2025-04-21T17:27:31.951+0000] {task_command.py:467} INFO - Running <TaskInstance: lstm_stock_prediction_refactored.train_final_model manual__2025-04-21T17:25:59.922791+00:00 [running]> on host a528bcf7a8c9
[2025-04-21T17:27:32.072+0000] {taskinstance.py:3134} INFO - Exporting env vars: AIRFLOW_CTX_DAG_OWNER='***_team' AIRFLOW_CTX_DAG_ID='lstm_stock_prediction_refactored' AIRFLOW_CTX_TASK_ID='train_final_model' AIRFLOW_CTX_EXECUTION_DATE='2025-04-21T17:25:59.922791+00:00' AIRFLOW_CTX_TRY_NUMBER='1' AIRFLOW_CTX_DAG_RUN_ID='manual__2025-04-21T17:25:59.922791+00:00'
[2025-04-21T17:27:32.074+0000] {taskinstance.py:732} INFO - ::endgroup::
[2025-04-21T17:27:32.095+0000] {subprocess.py:78} INFO - Tmp dir root location: /tmp
[2025-04-21T17:27:32.098+0000] {subprocess.py:88} INFO - Running command: ['/usr/bin/bash', '-c', 'python /opt/***/src/models/train_model.py --config /opt/***/config/params.yaml']
[2025-04-21T17:27:32.111+0000] {subprocess.py:99} INFO - Output:
[2025-04-21T17:27:42.609+0000] {subprocess.py:106} INFO - 2025/04/21 17:27:42 INFO mlflow.tracking.fluent: Experiment with name 'Stock_Price_Prediction_LSTM_Refactored' does not exist. Creating a new experiment.
[2025-04-21T17:27:46.078+0000] {subprocess.py:106} INFO - 2025/04/21 17:27:46 WARNING mlflow.utils.git_utils: Failed to import Git (the Git executable is probably not on your PATH), so Git SHA is not available. Error: Failed to initialize: Bad git executable.
[2025-04-21T17:27:46.079+0000] {subprocess.py:106} INFO - The git executable must be specified in one of the following ways:
[2025-04-21T17:27:46.080+0000] {subprocess.py:106} INFO -     - be included in your $PATH
[2025-04-21T17:27:46.081+0000] {subprocess.py:106} INFO -     - be set via $GIT_PYTHON_GIT_EXECUTABLE
[2025-04-21T17:27:46.082+0000] {subprocess.py:106} INFO -     - explicitly set via git.refresh(<full-path-to-git-executable>)
[2025-04-21T17:27:46.083+0000] {subprocess.py:106} INFO - 
[2025-04-21T17:27:46.083+0000] {subprocess.py:106} INFO - All git commands will error until this is rectified.
[2025-04-21T17:27:46.084+0000] {subprocess.py:106} INFO - 
[2025-04-21T17:27:46.085+0000] {subprocess.py:106} INFO - This initial message can be silenced or aggravated in the future by setting the
[2025-04-21T17:27:46.086+0000] {subprocess.py:106} INFO - $GIT_PYTHON_REFRESH environment variable. Use one of the following values:
[2025-04-21T17:27:46.086+0000] {subprocess.py:106} INFO -     - quiet|q|silence|s|silent|none|n|0: for no message or exception
[2025-04-21T17:27:46.087+0000] {subprocess.py:106} INFO -     - warn|w|warning|log|l|1: for a warning message (logging level CRITICAL, displayed by default)
[2025-04-21T17:27:46.088+0000] {subprocess.py:106} INFO -     - error|e|exception|raise|r|2: for a raised exception
[2025-04-21T17:27:46.089+0000] {subprocess.py:106} INFO - 
[2025-04-21T17:27:46.090+0000] {subprocess.py:106} INFO - Example:
[2025-04-21T17:27:46.091+0000] {subprocess.py:106} INFO -     export GIT_PYTHON_REFRESH=quiet
[2025-04-21T17:27:46.091+0000] {subprocess.py:106} INFO - 
[2025-04-21T17:27:58.373+0000] {subprocess.py:106} INFO - [31m2025/04/21 17:27:58 WARNING mlflow.models.model: Model logged without a signature and input example. Please set `input_example` parameter when logging the model to auto infer the model signature.[0m
[2025-04-21T17:27:59.848+0000] {subprocess.py:106} INFO - Using device: cpu
[2025-04-21T17:27:59.849+0000] {subprocess.py:106} INFO - --- Loading Scaled Data from /opt/***/data/features/split_scaled_data.npz ---
[2025-04-21T17:27:59.850+0000] {subprocess.py:106} INFO - --- Finished Loading Scaled Data ---
[2025-04-21T17:27:59.851+0000] {subprocess.py:106} INFO - --- Loading Scalers from /opt/***/data/processed/scalers.pkl ---
[2025-04-21T17:27:59.851+0000] {subprocess.py:106} INFO - --- Finished Loading Scalers ---
[2025-04-21T17:27:59.852+0000] {subprocess.py:106} INFO - --- Loading Tickers from /opt/***/data/processed/all_processed_data.npz ---
[2025-04-21T17:27:59.853+0000] {subprocess.py:106} INFO - Tickers: ['AAPL', 'MA', 'CSCO', 'MSFT', 'AMZN', 'GOOG', 'IBM']
[2025-04-21T17:27:59.853+0000] {subprocess.py:106} INFO - --- Finished Loading Tickers ---
[2025-04-21T17:27:59.854+0000] {subprocess.py:106} INFO - --- Loading Best Hyperparameters from /opt/***/config/best_params.json ---
[2025-04-21T17:27:59.855+0000] {subprocess.py:106} INFO - Best parameters loaded: {'batch_size': 64, 'hidden_size': 128, 'num_layers': 3, 'dropout_rate': 0.2, 'learning_rate': 0.004922561455015585, 'model_type': 'lstm_attention'}
[2025-04-21T17:27:59.855+0000] {subprocess.py:106} INFO - --- Finished Loading Best Hyperparameters ---
[2025-04-21T17:27:59.856+0000] {subprocess.py:106} INFO - --- Setting MLflow Experiment: Stock_Price_Prediction_LSTM_Refactored ---
[2025-04-21T17:27:59.857+0000] {subprocess.py:106} INFO - Using MLflow Tracking URI: http://mlflow-server:5000
[2025-04-21T17:27:59.857+0000] {subprocess.py:106} INFO - --- Starting Final Model Training ---
[2025-04-21T17:27:59.858+0000] {subprocess.py:106} INFO - --- MLflow Run Started for Final Training ---
[2025-04-21T17:27:59.858+0000] {subprocess.py:106} INFO - Epoch [1/5], Train Loss: 0.1113, Test Loss: 0.2446
[2025-04-21T17:27:59.859+0000] {subprocess.py:106} INFO - Epoch [2/5], Train Loss: 0.0318, Test Loss: 0.1236
[2025-04-21T17:27:59.860+0000] {subprocess.py:106} INFO - Epoch [3/5], Train Loss: 0.0184, Test Loss: 0.1301
[2025-04-21T17:27:59.860+0000] {subprocess.py:106} INFO - Epoch [4/5], Train Loss: 0.0151, Test Loss: 0.0972
[2025-04-21T17:27:59.861+0000] {subprocess.py:106} INFO - Epoch [5/5], Train Loss: 0.0133, Test Loss: 0.1321
[2025-04-21T17:27:59.862+0000] {subprocess.py:106} INFO - Loaded best model state_dict from training run.
[2025-04-21T17:27:59.862+0000] {subprocess.py:106} INFO - Final model metrics logged to MLflow.
[2025-04-21T17:27:59.863+0000] {subprocess.py:106} INFO - Logging PyTorch model to MLflow...
[2025-04-21T17:27:59.863+0000] {subprocess.py:106} INFO - Model logged.
[2025-04-21T17:27:59.864+0000] {subprocess.py:106} INFO - Generating prediction visualizations...
[2025-04-21T17:27:59.864+0000] {subprocess.py:106} INFO - Visualizations generated and logged.
[2025-04-21T17:27:59.865+0000] {subprocess.py:106} INFO - --- MLflow Run Finished ---
[2025-04-21T17:27:59.866+0000] {subprocess.py:106} INFO - 🏃 View run final_model_training at: http://mlflow-server:5000/#/experiments/568957040361338495/runs/c15e9f6114fd4ae4888490a870f9d61d
[2025-04-21T17:27:59.867+0000] {subprocess.py:106} INFO - 🧪 View experiment at: http://mlflow-server:5000/#/experiments/568957040361338495
[2025-04-21T17:27:59.868+0000] {subprocess.py:106} INFO - --- Finished Final Model Training ---
[2025-04-21T17:27:59.869+0000] {subprocess.py:106} INFO - 
[2025-04-21T17:27:59.869+0000] {subprocess.py:106} INFO - Final Training Summary:
[2025-04-21T17:27:59.870+0000] {subprocess.py:106} INFO - ========================
[2025-04-21T17:27:59.871+0000] {subprocess.py:106} INFO - test_loss: 0.1321
[2025-04-21T17:27:59.872+0000] {subprocess.py:106} INFO - avg_mse: 1616.9771
[2025-04-21T17:27:59.872+0000] {subprocess.py:106} INFO - avg_mape: 0.1324
[2025-04-21T17:27:59.873+0000] {subprocess.py:106} INFO - avg_direction_accuracy: 0.5069
[2025-04-21T17:27:59.874+0000] {subprocess.py:106} INFO - ========================
[2025-04-21T17:28:01.301+0000] {subprocess.py:110} INFO - Command exited with return code 0
[2025-04-21T17:28:01.348+0000] {taskinstance.py:341} INFO - ::group::Post task execution logs
[2025-04-21T17:28:01.350+0000] {taskinstance.py:353} INFO - Marking task as SUCCESS. dag_id=lstm_stock_prediction_refactored, task_id=train_final_model, run_id=manual__2025-04-21T17:25:59.922791+00:00, execution_date=20250421T172559, start_date=20250421T172731, end_date=20250421T172801
[2025-04-21T17:28:01.406+0000] {local_task_job_runner.py:266} INFO - Task exited with return code 0
[2025-04-21T17:28:01.444+0000] {taskinstance.py:3901} INFO - 1 downstream tasks scheduled from follow-on schedule check
[2025-04-21T17:28:01.447+0000] {local_task_job_runner.py:245} INFO - ::endgroup::
