[2025-04-12T04:00:14.294+0000] {local_task_job_runner.py:123} INFO - ::group::Pre task execution logs
[2025-04-12T04:00:14.306+0000] {taskinstance.py:2614} INFO - Dependencies all met for dep_context=non-requeueable deps ti=<TaskInstance: lstm_stock_prediction_refactored.optimize_hyperparams manual__2025-04-12T04:00:09.694282+00:00 [queued]>
[2025-04-12T04:00:14.313+0000] {taskinstance.py:2614} INFO - Dependencies all met for dep_context=requeueable deps ti=<TaskInstance: lstm_stock_prediction_refactored.optimize_hyperparams manual__2025-04-12T04:00:09.694282+00:00 [queued]>
[2025-04-12T04:00:14.313+0000] {taskinstance.py:2867} INFO - Starting attempt 1 of 2
[2025-04-12T04:00:14.321+0000] {taskinstance.py:2890} INFO - Executing <Task(BashOperator): optimize_hyperparams> on 2025-04-12 04:00:09.694282+00:00
[2025-04-12T04:00:14.324+0000] {standard_task_runner.py:72} INFO - Started process 271 to run task
[2025-04-12T04:00:14.326+0000] {standard_task_runner.py:104} INFO - Running: ['***', 'tasks', 'run', 'lstm_stock_prediction_refactored', 'optimize_hyperparams', 'manual__2025-04-12T04:00:09.694282+00:00', '--job-id', '77', '--raw', '--subdir', 'DAGS_FOLDER/lstm_refactored_dag.py', '--cfg-path', '/tmp/tmpaqolw5r3']
[2025-04-12T04:00:14.328+0000] {standard_task_runner.py:105} INFO - Job 77: Subtask optimize_hyperparams
[2025-04-12T04:00:14.355+0000] {task_command.py:467} INFO - Running <TaskInstance: lstm_stock_prediction_refactored.optimize_hyperparams manual__2025-04-12T04:00:09.694282+00:00 [running]> on host 38686bf18545
[2025-04-12T04:00:14.405+0000] {taskinstance.py:3134} INFO - Exporting env vars: AIRFLOW_CTX_DAG_OWNER='***_team' AIRFLOW_CTX_DAG_ID='lstm_stock_prediction_refactored' AIRFLOW_CTX_TASK_ID='optimize_hyperparams' AIRFLOW_CTX_EXECUTION_DATE='2025-04-12T04:00:09.694282+00:00' AIRFLOW_CTX_TRY_NUMBER='1' AIRFLOW_CTX_DAG_RUN_ID='manual__2025-04-12T04:00:09.694282+00:00'
[2025-04-12T04:00:14.407+0000] {taskinstance.py:732} INFO - ::endgroup::
[2025-04-12T04:00:14.415+0000] {subprocess.py:78} INFO - Tmp dir root location: /tmp
[2025-04-12T04:00:14.416+0000] {subprocess.py:88} INFO - Running command: ['/usr/bin/bash', '-c', 'python /opt/***/src/models/optimize_hyperparams.py --config /opt/***/config/params.yaml']
[2025-04-12T04:00:14.422+0000] {subprocess.py:99} INFO - Output:
[2025-04-12T04:00:16.725+0000] {subprocess.py:106} INFO - mkdir -p failed for path /home/***/.cache/matplotlib: [Errno 13] Permission denied: '/home/***/.cache/matplotlib'
[2025-04-12T04:00:16.726+0000] {subprocess.py:106} INFO - Matplotlib created a temporary cache directory at /tmp/matplotlib-s_uyfdn_ because there was an issue with the default path (/home/***/.cache/matplotlib); it is highly recommended to set the MPLCONFIGDIR environment variable to a writable directory, in particular to speed up the import of Matplotlib and to better support multiprocessing.
[2025-04-12T04:00:18.943+0000] {subprocess.py:106} INFO - [I 2025-04-12 04:00:18,943] A new study created in memory with name: no-name-1cfd61ef-dff7-46fb-9107-91aeab0847b6
[2025-04-12T04:00:25.992+0000] {subprocess.py:106} INFO - [I 2025-04-12 04:00:25,992] Trial 0 finished with value: 0.07019711285829544 and parameters: {'batch_size': 128, 'hidden_size': 224, 'num_layers': 2, 'dropout_rate': 0.30000000000000004, 'learning_rate': 0.006611809119915191, 'model_type': 'lstm_attention'}. Best is trial 0 with value: 0.07019711285829544.
[2025-04-12T04:00:25.995+0000] {subprocess.py:106} INFO - Using device: cpu
[2025-04-12T04:00:25.996+0000] {subprocess.py:106} INFO - --- Loading Scaled Data from /opt/***/data/features/split_scaled_data.npz ---
[2025-04-12T04:00:25.997+0000] {subprocess.py:106} INFO - --- Finished Loading Scaled Data ---
[2025-04-12T04:00:25.998+0000] {subprocess.py:106} INFO - --- Loading Scalers from /opt/***/data/processed/scalers.pkl ---
[2025-04-12T04:00:25.998+0000] {subprocess.py:106} INFO - --- Finished Loading Scalers ---
[2025-04-12T04:00:25.999+0000] {subprocess.py:106} INFO - --- Starting Optuna Optimization (1 trials) ---
[2025-04-12T04:00:25.999+0000] {subprocess.py:106} INFO - Early stopping at epoch 10
[2025-04-12T04:00:26.000+0000] {subprocess.py:106} INFO - --- Finished Optuna Optimization ---
[2025-04-12T04:00:26.000+0000] {subprocess.py:106} INFO - Best trial value (loss): 0.07019711285829544
[2025-04-12T04:00:26.001+0000] {subprocess.py:106} INFO - Best parameters: {'batch_size': 128, 'hidden_size': 224, 'num_layers': 2, 'dropout_rate': 0.30000000000000004, 'learning_rate': 0.006611809119915191, 'model_type': 'lstm_attention'}
[2025-04-12T04:00:26.001+0000] {subprocess.py:106} INFO - --- Saving Best Parameters to /opt/***/config/best_params.json ---
[2025-04-12T04:00:26.002+0000] {subprocess.py:106} INFO - --- Finished Saving Best Parameters ---
[2025-04-12T04:00:26.780+0000] {subprocess.py:110} INFO - Command exited with return code 0
[2025-04-12T04:00:26.793+0000] {taskinstance.py:341} INFO - ::group::Post task execution logs
[2025-04-12T04:00:26.794+0000] {taskinstance.py:353} INFO - Marking task as SUCCESS. dag_id=lstm_stock_prediction_refactored, task_id=optimize_hyperparams, run_id=manual__2025-04-12T04:00:09.694282+00:00, execution_date=20250412T040009, start_date=20250412T040014, end_date=20250412T040026
[2025-04-12T04:00:26.819+0000] {local_task_job_runner.py:266} INFO - Task exited with return code 0
[2025-04-12T04:00:26.838+0000] {taskinstance.py:3901} INFO - 1 downstream tasks scheduled from follow-on schedule check
[2025-04-12T04:00:26.840+0000] {local_task_job_runner.py:245} INFO - ::endgroup::
