[2025-04-11T09:28:35.895+0000] {local_task_job_runner.py:123} INFO - ::group::Pre task execution logs
[2025-04-11T09:28:35.907+0000] {taskinstance.py:2614} INFO - Dependencies all met for dep_context=non-requeueable deps ti=<TaskInstance: lstm_stock_prediction_refactored.process_data manual__2025-04-11T09:28:35.445903+00:00 [queued]>
[2025-04-11T09:28:35.913+0000] {taskinstance.py:2614} INFO - Dependencies all met for dep_context=requeueable deps ti=<TaskInstance: lstm_stock_prediction_refactored.process_data manual__2025-04-11T09:28:35.445903+00:00 [queued]>
[2025-04-11T09:28:35.914+0000] {taskinstance.py:2867} INFO - Starting attempt 1 of 2
[2025-04-11T09:28:35.922+0000] {taskinstance.py:2890} INFO - Executing <Task(BashOperator): process_data> on 2025-04-11 09:28:35.445903+00:00
[2025-04-11T09:28:35.926+0000] {standard_task_runner.py:72} INFO - Started process 186 to run task
[2025-04-11T09:28:35.928+0000] {standard_task_runner.py:104} INFO - Running: ['***', 'tasks', 'run', 'lstm_stock_prediction_refactored', 'process_data', 'manual__2025-04-11T09:28:35.445903+00:00', '--job-id', '55', '--raw', '--subdir', 'DAGS_FOLDER/lstm_refactored_dag.py', '--cfg-path', '/tmp/tmp069lbsqc']
[2025-04-11T09:28:35.930+0000] {standard_task_runner.py:105} INFO - Job 55: Subtask process_data
[2025-04-11T09:28:35.969+0000] {task_command.py:467} INFO - Running <TaskInstance: lstm_stock_prediction_refactored.process_data manual__2025-04-11T09:28:35.445903+00:00 [running]> on host b850ac2b2172
[2025-04-11T09:28:36.037+0000] {taskinstance.py:3134} INFO - Exporting env vars: AIRFLOW_CTX_DAG_OWNER='***_team' AIRFLOW_CTX_DAG_ID='lstm_stock_prediction_refactored' AIRFLOW_CTX_TASK_ID='process_data' AIRFLOW_CTX_EXECUTION_DATE='2025-04-11T09:28:35.445903+00:00' AIRFLOW_CTX_TRY_NUMBER='1' AIRFLOW_CTX_DAG_RUN_ID='manual__2025-04-11T09:28:35.445903+00:00'
[2025-04-11T09:28:36.039+0000] {taskinstance.py:732} INFO - ::endgroup::
[2025-04-11T09:28:36.050+0000] {subprocess.py:78} INFO - Tmp dir root location: /tmp
[2025-04-11T09:28:36.051+0000] {subprocess.py:88} INFO - Running command: ['/usr/bin/bash', '-c', 'python /opt/***/src/data/make_dataset.py --config /opt/***/config/params.yaml']
[2025-04-11T09:28:36.059+0000] {subprocess.py:99} INFO - Output:
[2025-04-11T09:28:36.748+0000] {subprocess.py:106} INFO - 2025-04-11 09:28:36,748 - __main__ - INFO - Starting data processing script with config: /opt/***/config/params.yaml
[2025-04-11T09:28:36.757+0000] {subprocess.py:106} INFO - 2025-04-11 09:28:36,757 - __main__ - INFO - Raw data directory: /opt/***/data/raw
[2025-04-11T09:28:36.761+0000] {subprocess.py:106} INFO - 2025-04-11 09:28:36,757 - __main__ - INFO - Processed data output path: /opt/***/data/processed/all_processed_data.npz
[2025-04-11T09:28:36.764+0000] {subprocess.py:106} INFO - 2025-04-11 09:28:36,757 - __main__ - INFO - --- Starting Data Loading ---
[2025-04-11T09:28:36.766+0000] {subprocess.py:106} INFO - 2025-04-11 09:28:36,764 - __main__ - INFO - Attempting to use RELATIVE output dir: /opt/***/data/raw
[2025-04-11T09:28:36.768+0000] {subprocess.py:106} INFO - 2025-04-11 09:28:36,764 - __main__ - INFO - Attempting to use ABSOLUTE output dir: /opt/***/data/raw
[2025-04-11T09:28:36.771+0000] {subprocess.py:106} INFO - 2025-04-11 09:28:36,764 - __main__ - INFO - Current Working Directory inside container: /tmp/***tmp6n_w6yh9
[2025-04-11T09:28:36.772+0000] {subprocess.py:106} INFO - 2025-04-11 09:28:36,764 - __main__ - INFO - Attempting to create directory: /opt/***/data/raw
[2025-04-11T09:28:36.775+0000] {subprocess.py:106} INFO - 2025-04-11 09:28:36,768 - __main__ - INFO - Successfully called mkdir for: /opt/***/data/raw (might not indicate success if permissions are wrong)
[2025-04-11T09:28:36.780+0000] {subprocess.py:106} INFO - 2025-04-11 09:28:36,768 - __main__ - INFO - Saving raw data to: /opt/***/data/raw
[2025-04-11T09:28:36.781+0000] {subprocess.py:106} INFO - 2025-04-11 09:28:36,772 - __main__ - INFO - Skipping download for AAPL, file exists: /opt/***/data/raw/AAPL_raw.pkl
[2025-04-11T09:28:36.781+0000] {subprocess.py:106} INFO - 2025-04-11 09:28:36,778 - __main__ - INFO - Skipping download for MA, file exists: /opt/***/data/raw/MA_raw.pkl
[2025-04-11T09:28:36.782+0000] {subprocess.py:106} INFO - 2025-04-11 09:28:36,780 - __main__ - INFO - Skipping download for CSCO, file exists: /opt/***/data/raw/CSCO_raw.pkl
[2025-04-11T09:28:36.783+0000] {subprocess.py:106} INFO - 2025-04-11 09:28:36,781 - __main__ - INFO - Skipping download for MSFT, file exists: /opt/***/data/raw/MSFT_raw.pkl
[2025-04-11T09:28:36.784+0000] {subprocess.py:106} INFO - 2025-04-11 09:28:36,783 - __main__ - INFO - Skipping download for AMZN, file exists: /opt/***/data/raw/AMZN_raw.pkl
[2025-04-11T09:28:36.785+0000] {subprocess.py:106} INFO - 2025-04-11 09:28:36,785 - __main__ - INFO - Skipping download for GOOG, file exists: /opt/***/data/raw/GOOG_raw.pkl
[2025-04-11T09:28:36.786+0000] {subprocess.py:106} INFO - 2025-04-11 09:28:36,786 - __main__ - INFO - Skipping download for IBM, file exists: /opt/***/data/raw/IBM_raw.pkl
[2025-04-11T09:28:36.789+0000] {subprocess.py:106} INFO - 2025-04-11 09:28:36,786 - __main__ - INFO - --- Finished Data Loading ---
[2025-04-11T09:28:36.820+0000] {subprocess.py:106} INFO - 2025-04-11 09:28:36,820 - __main__ - INFO - --- Starting Feature Engineering (Indicators) ---
[2025-04-11T09:28:36.847+0000] {subprocess.py:106} INFO - /home/***/.local/lib/python3.11/site-packages/ta/trend.py:1030: FutureWarning: Series.__setitem__ treating keys as positions is deprecated. In a future version, integer keys will always be treated as labels (consistent with DataFrame behavior). To set a value by position, use `ser.iloc[pos] = value`
[2025-04-11T09:28:36.848+0000] {subprocess.py:106} INFO -   self._psar[i] = high2
[2025-04-11T09:28:36.948+0000] {subprocess.py:106} INFO - /home/***/.local/lib/python3.11/site-packages/ta/trend.py:1030: FutureWarning: Series.__setitem__ treating keys as positions is deprecated. In a future version, integer keys will always be treated as labels (consistent with DataFrame behavior). To set a value by position, use `ser.iloc[pos] = value`
[2025-04-11T09:28:36.949+0000] {subprocess.py:106} INFO -   self._psar[i] = high2
[2025-04-11T09:28:37.039+0000] {subprocess.py:106} INFO - /home/***/.local/lib/python3.11/site-packages/ta/trend.py:1030: FutureWarning: Series.__setitem__ treating keys as positions is deprecated. In a future version, integer keys will always be treated as labels (consistent with DataFrame behavior). To set a value by position, use `ser.iloc[pos] = value`
[2025-04-11T09:28:37.040+0000] {subprocess.py:106} INFO -   self._psar[i] = high2
[2025-04-11T09:28:37.126+0000] {subprocess.py:106} INFO - /home/***/.local/lib/python3.11/site-packages/ta/trend.py:1030: FutureWarning: Series.__setitem__ treating keys as positions is deprecated. In a future version, integer keys will always be treated as labels (consistent with DataFrame behavior). To set a value by position, use `ser.iloc[pos] = value`
[2025-04-11T09:28:37.128+0000] {subprocess.py:106} INFO -   self._psar[i] = high2
[2025-04-11T09:28:37.226+0000] {subprocess.py:106} INFO - /home/***/.local/lib/python3.11/site-packages/ta/trend.py:1030: FutureWarning: Series.__setitem__ treating keys as positions is deprecated. In a future version, integer keys will always be treated as labels (consistent with DataFrame behavior). To set a value by position, use `ser.iloc[pos] = value`
[2025-04-11T09:28:37.227+0000] {subprocess.py:106} INFO -   self._psar[i] = high2
[2025-04-11T09:28:37.313+0000] {subprocess.py:106} INFO - /home/***/.local/lib/python3.11/site-packages/ta/trend.py:1030: FutureWarning: Series.__setitem__ treating keys as positions is deprecated. In a future version, integer keys will always be treated as labels (consistent with DataFrame behavior). To set a value by position, use `ser.iloc[pos] = value`
[2025-04-11T09:28:37.314+0000] {subprocess.py:106} INFO -   self._psar[i] = high2
[2025-04-11T09:28:37.419+0000] {subprocess.py:106} INFO - /home/***/.local/lib/python3.11/site-packages/ta/trend.py:1030: FutureWarning: Series.__setitem__ treating keys as positions is deprecated. In a future version, integer keys will always be treated as labels (consistent with DataFrame behavior). To set a value by position, use `ser.iloc[pos] = value`
[2025-04-11T09:28:37.420+0000] {subprocess.py:106} INFO -   self._psar[i] = high2
[2025-04-11T09:28:37.474+0000] {subprocess.py:106} INFO - 2025-04-11 09:28:37,474 - __main__ - INFO - --- Finished Feature Engineering (Indicators) ---
[2025-04-11T09:28:37.475+0000] {subprocess.py:106} INFO - 2025-04-11 09:28:37,474 - __main__ - INFO - --- Starting Feature Filtering ---
[2025-04-11T09:28:37.481+0000] {subprocess.py:106} INFO - 2025-04-11 09:28:37,481 - __main__ - INFO - Features remaining after filtering: 16
[2025-04-11T09:28:37.481+0000] {subprocess.py:106} INFO - 2025-04-11 09:28:37,481 - __main__ - INFO - --- Finished Feature Filtering ---
[2025-04-11T09:28:37.482+0000] {subprocess.py:106} INFO - 2025-04-11 09:28:37,481 - __main__ - INFO - --- Starting Data Alignment & Processing ---
[2025-04-11T09:28:37.515+0000] {subprocess.py:106} INFO - /opt/***/src/data/make_dataset.py:144: FutureWarning: DataFrame.fillna with 'method' is deprecated and will raise in a future version. Use obj.ffill() or obj.bfill() instead.
[2025-04-11T09:28:37.515+0000] {subprocess.py:106} INFO -   df = aligned_data[ticker][feature_columns + ['Target']].fillna(method='ffill').fillna(method='bfill')
[2025-04-11T09:28:37.517+0000] {subprocess.py:106} INFO - /opt/***/src/data/make_dataset.py:144: FutureWarning: DataFrame.fillna with 'method' is deprecated and will raise in a future version. Use obj.ffill() or obj.bfill() instead.
[2025-04-11T09:28:37.517+0000] {subprocess.py:106} INFO -   df = aligned_data[ticker][feature_columns + ['Target']].fillna(method='ffill').fillna(method='bfill')
[2025-04-11T09:28:37.519+0000] {subprocess.py:106} INFO - /opt/***/src/data/make_dataset.py:144: FutureWarning: DataFrame.fillna with 'method' is deprecated and will raise in a future version. Use obj.ffill() or obj.bfill() instead.
[2025-04-11T09:28:37.519+0000] {subprocess.py:106} INFO -   df = aligned_data[ticker][feature_columns + ['Target']].fillna(method='ffill').fillna(method='bfill')
[2025-04-11T09:28:37.520+0000] {subprocess.py:106} INFO - /opt/***/src/data/make_dataset.py:144: FutureWarning: DataFrame.fillna with 'method' is deprecated and will raise in a future version. Use obj.ffill() or obj.bfill() instead.
[2025-04-11T09:28:37.520+0000] {subprocess.py:106} INFO -   df = aligned_data[ticker][feature_columns + ['Target']].fillna(method='ffill').fillna(method='bfill')
[2025-04-11T09:28:37.521+0000] {subprocess.py:106} INFO - /opt/***/src/data/make_dataset.py:144: FutureWarning: DataFrame.fillna with 'method' is deprecated and will raise in a future version. Use obj.ffill() or obj.bfill() instead.
[2025-04-11T09:28:37.521+0000] {subprocess.py:106} INFO -   df = aligned_data[ticker][feature_columns + ['Target']].fillna(method='ffill').fillna(method='bfill')
[2025-04-11T09:28:37.522+0000] {subprocess.py:106} INFO - /opt/***/src/data/make_dataset.py:144: FutureWarning: DataFrame.fillna with 'method' is deprecated and will raise in a future version. Use obj.ffill() or obj.bfill() instead.
[2025-04-11T09:28:37.522+0000] {subprocess.py:106} INFO -   df = aligned_data[ticker][feature_columns + ['Target']].fillna(method='ffill').fillna(method='bfill')
[2025-04-11T09:28:37.523+0000] {subprocess.py:106} INFO - /opt/***/src/data/make_dataset.py:144: FutureWarning: DataFrame.fillna with 'method' is deprecated and will raise in a future version. Use obj.ffill() or obj.bfill() instead.
[2025-04-11T09:28:37.524+0000] {subprocess.py:106} INFO -   df = aligned_data[ticker][feature_columns + ['Target']].fillna(method='ffill').fillna(method='bfill')
[2025-04-11T09:28:37.525+0000] {subprocess.py:106} INFO - 2025-04-11 09:28:37,525 - __main__ - INFO - Processed data shape: (752, 7, 16)
[2025-04-11T09:28:37.525+0000] {subprocess.py:106} INFO - 2025-04-11 09:28:37,525 - __main__ - INFO - Targets shape: (752, 7)
[2025-04-11T09:28:37.525+0000] {subprocess.py:106} INFO - 2025-04-11 09:28:37,525 - __main__ - INFO - Final tickers in order: ['AAPL', 'MA', 'CSCO', 'MSFT', 'AMZN', 'GOOG', 'IBM']
[2025-04-11T09:28:37.526+0000] {subprocess.py:106} INFO - 2025-04-11 09:28:37,525 - __main__ - INFO - --- Finished Data Alignment & Processing ---
[2025-04-11T09:28:37.527+0000] {subprocess.py:106} INFO - 2025-04-11 09:28:37,526 - __main__ - INFO - Attempting to save to absolute path: /opt/***/data/processed/all_processed_data.npz
[2025-04-11T09:28:37.532+0000] {subprocess.py:106} INFO - 2025-04-11 09:28:37,532 - __main__ - INFO - Successfully saved processed data to /opt/***/data/processed/all_processed_data.npz
[2025-04-11T09:28:37.533+0000] {subprocess.py:106} INFO - 2025-04-11 09:28:37,533 - __main__ - INFO - Verified file exists at: /opt/***/data/processed/all_processed_data.npz
[2025-04-11T09:28:37.534+0000] {subprocess.py:106} INFO - 2025-04-11 09:28:37,534 - __main__ - INFO - Data processing script finished.
[2025-04-11T09:28:37.534+0000] {subprocess.py:106} INFO - --- PRINT TEST: Starting Data Loading ---
[2025-04-11T09:28:37.535+0000] {subprocess.py:106} INFO - Filtering highly correlated features with threshold 0.9
[2025-04-11T09:28:37.535+0000] {subprocess.py:106} INFO - Identified 20 highly correlated features to remove: ['High', 'Low', 'Close', 'EMA_50', 'EMA_200', 'BB_High', 'BB_Low', 'OBV', 'SMA_50', 'VWAP', 'PSAR', 'Stochastic_D', 'CCI', 'Williams_R', 'Donchian_High', 'Donchian_Low', 'Keltner_High', 'Keltner_Low', 'DI_Positive', 'DI_Negative']
[2025-04-11T09:28:37.535+0000] {subprocess.py:106} INFO - Excluding 'Close' column from removal list.
[2025-04-11T09:28:37.536+0000] {subprocess.py:106} INFO - Final list of 19 features to remove: ['High', 'Low', 'EMA_50', 'EMA_200', 'BB_High', 'BB_Low', 'OBV', 'SMA_50', 'VWAP', 'PSAR', 'Stochastic_D', 'CCI', 'Williams_R', 'Donchian_High', 'Donchian_Low', 'Keltner_High', 'Keltner_Low', 'DI_Positive', 'DI_Negative']
[2025-04-11T09:28:37.597+0000] {subprocess.py:110} INFO - Command exited with return code 0
[2025-04-11T09:28:37.617+0000] {taskinstance.py:341} INFO - ::group::Post task execution logs
[2025-04-11T09:28:37.622+0000] {taskinstance.py:353} INFO - Marking task as SUCCESS. dag_id=lstm_stock_prediction_refactored, task_id=process_data, run_id=manual__2025-04-11T09:28:35.445903+00:00, execution_date=20250411T092835, start_date=20250411T092835, end_date=20250411T092837
[2025-04-11T09:28:37.676+0000] {local_task_job_runner.py:266} INFO - Task exited with return code 0
[2025-04-11T09:28:37.695+0000] {taskinstance.py:3901} INFO - 1 downstream tasks scheduled from follow-on schedule check
[2025-04-11T09:28:37.697+0000] {local_task_job_runner.py:245} INFO - ::endgroup::
