[2025-04-10T11:13:41.681+0000] {local_task_job_runner.py:123} INFO - ::group::Pre task execution logs
[2025-04-10T11:13:41.692+0000] {taskinstance.py:2614} INFO - Dependencies all met for dep_context=non-requeueable deps ti=<TaskInstance: lstm_stock_prediction_refactored.process_data manual__2025-04-10T11:13:41.242366+00:00 [queued]>
[2025-04-10T11:13:41.698+0000] {taskinstance.py:2614} INFO - Dependencies all met for dep_context=requeueable deps ti=<TaskInstance: lstm_stock_prediction_refactored.process_data manual__2025-04-10T11:13:41.242366+00:00 [queued]>
[2025-04-10T11:13:41.699+0000] {taskinstance.py:2867} INFO - Starting attempt 1 of 2
[2025-04-10T11:13:41.708+0000] {taskinstance.py:2890} INFO - Executing <Task(BashOperator): process_data> on 2025-04-10 11:13:41.242366+00:00
[2025-04-10T11:13:41.712+0000] {standard_task_runner.py:72} INFO - Started process 2617 to run task
[2025-04-10T11:13:41.715+0000] {standard_task_runner.py:104} INFO - Running: ['***', 'tasks', 'run', 'lstm_stock_prediction_refactored', 'process_data', 'manual__2025-04-10T11:13:41.242366+00:00', '--job-id', '51', '--raw', '--subdir', 'DAGS_FOLDER/lstm_refactored_dag.py', '--cfg-path', '/tmp/tmpok590irg']
[2025-04-10T11:13:41.718+0000] {standard_task_runner.py:105} INFO - Job 51: Subtask process_data
[2025-04-10T11:13:41.752+0000] {task_command.py:467} INFO - Running <TaskInstance: lstm_stock_prediction_refactored.process_data manual__2025-04-10T11:13:41.242366+00:00 [running]> on host f4de05ccd019
[2025-04-10T11:13:41.810+0000] {taskinstance.py:3134} INFO - Exporting env vars: AIRFLOW_CTX_DAG_OWNER='***_team' AIRFLOW_CTX_DAG_ID='lstm_stock_prediction_refactored' AIRFLOW_CTX_TASK_ID='process_data' AIRFLOW_CTX_EXECUTION_DATE='2025-04-10T11:13:41.242366+00:00' AIRFLOW_CTX_TRY_NUMBER='1' AIRFLOW_CTX_DAG_RUN_ID='manual__2025-04-10T11:13:41.242366+00:00'
[2025-04-10T11:13:41.812+0000] {taskinstance.py:732} INFO - ::endgroup::
[2025-04-10T11:13:41.828+0000] {subprocess.py:78} INFO - Tmp dir root location: /tmp
[2025-04-10T11:13:41.830+0000] {subprocess.py:88} INFO - Running command: ['/usr/bin/bash', '-c', 'python /opt/***/src/data/make_dataset.py --config /opt/***/config/params.yaml']
[2025-04-10T11:13:41.837+0000] {subprocess.py:99} INFO - Output:
[2025-04-10T11:13:42.662+0000] {subprocess.py:106} INFO - 2025-04-10 11:13:42,661 - __main__ - INFO - Starting data processing script with config: /opt/***/config/params.yaml
[2025-04-10T11:13:42.666+0000] {subprocess.py:106} INFO - 2025-04-10 11:13:42,666 - __main__ - INFO - Raw data directory: data/raw
[2025-04-10T11:13:42.667+0000] {subprocess.py:106} INFO - 2025-04-10 11:13:42,666 - __main__ - INFO - Processed data output path: data/processed/all_processed_data.npz
[2025-04-10T11:13:42.667+0000] {subprocess.py:106} INFO - 2025-04-10 11:13:42,666 - __main__ - INFO - --- Starting Data Loading ---
[2025-04-10T11:13:42.668+0000] {subprocess.py:106} INFO - 2025-04-10 11:13:42,666 - __main__ - INFO - Saving raw data to: data/raw
[2025-04-10T11:13:43.436+0000] {subprocess.py:106} INFO - 2025-04-10 11:13:43,436 - __main__ - INFO - Loaded and saved raw data for AAPL to data/raw/AAPL_raw.pkl
[2025-04-10T11:13:48.780+0000] {subprocess.py:106} INFO - 2025-04-10 11:13:48,780 - __main__ - INFO - Loaded and saved raw data for MA to data/raw/MA_raw.pkl
[2025-04-10T11:13:53.992+0000] {subprocess.py:106} INFO - 2025-04-10 11:13:53,991 - __main__ - INFO - Loaded and saved raw data for CSCO to data/raw/CSCO_raw.pkl
[2025-04-10T11:13:59.240+0000] {subprocess.py:106} INFO - 2025-04-10 11:13:59,239 - __main__ - INFO - Loaded and saved raw data for MSFT to data/raw/MSFT_raw.pkl
[2025-04-10T11:14:04.508+0000] {subprocess.py:106} INFO - 2025-04-10 11:14:04,508 - __main__ - INFO - Loaded and saved raw data for AMZN to data/raw/AMZN_raw.pkl
[2025-04-10T11:14:09.726+0000] {subprocess.py:106} INFO - 2025-04-10 11:14:09,726 - __main__ - INFO - Loaded and saved raw data for GOOG to data/raw/GOOG_raw.pkl
[2025-04-10T11:14:15.037+0000] {subprocess.py:106} INFO - 2025-04-10 11:14:15,037 - __main__ - INFO - Loaded and saved raw data for IBM to data/raw/IBM_raw.pkl
[2025-04-10T11:14:20.039+0000] {subprocess.py:106} INFO - 2025-04-10 11:14:20,037 - __main__ - INFO - --- Finished Data Loading ---
[2025-04-10T11:14:20.041+0000] {subprocess.py:106} INFO - 2025-04-10 11:14:20,038 - __main__ - INFO - --- Starting Feature Engineering (Indicators) ---
[2025-04-10T11:14:20.062+0000] {subprocess.py:106} INFO - /home/***/.local/lib/python3.11/site-packages/ta/trend.py:1030: FutureWarning: Series.__setitem__ treating keys as positions is deprecated. In a future version, integer keys will always be treated as labels (consistent with DataFrame behavior). To set a value by position, use `ser.iloc[pos] = value`
[2025-04-10T11:14:20.062+0000] {subprocess.py:106} INFO -   self._psar[i] = high2
[2025-04-10T11:14:20.148+0000] {subprocess.py:106} INFO - /home/***/.local/lib/python3.11/site-packages/ta/trend.py:1030: FutureWarning: Series.__setitem__ treating keys as positions is deprecated. In a future version, integer keys will always be treated as labels (consistent with DataFrame behavior). To set a value by position, use `ser.iloc[pos] = value`
[2025-04-10T11:14:20.149+0000] {subprocess.py:106} INFO -   self._psar[i] = high2
[2025-04-10T11:14:20.246+0000] {subprocess.py:106} INFO - /home/***/.local/lib/python3.11/site-packages/ta/trend.py:1030: FutureWarning: Series.__setitem__ treating keys as positions is deprecated. In a future version, integer keys will always be treated as labels (consistent with DataFrame behavior). To set a value by position, use `ser.iloc[pos] = value`
[2025-04-10T11:14:20.249+0000] {subprocess.py:106} INFO -   self._psar[i] = high2
[2025-04-10T11:14:20.327+0000] {subprocess.py:106} INFO - /home/***/.local/lib/python3.11/site-packages/ta/trend.py:1030: FutureWarning: Series.__setitem__ treating keys as positions is deprecated. In a future version, integer keys will always be treated as labels (consistent with DataFrame behavior). To set a value by position, use `ser.iloc[pos] = value`
[2025-04-10T11:14:20.328+0000] {subprocess.py:106} INFO -   self._psar[i] = high2
[2025-04-10T11:14:20.418+0000] {subprocess.py:106} INFO - /home/***/.local/lib/python3.11/site-packages/ta/trend.py:1030: FutureWarning: Series.__setitem__ treating keys as positions is deprecated. In a future version, integer keys will always be treated as labels (consistent with DataFrame behavior). To set a value by position, use `ser.iloc[pos] = value`
[2025-04-10T11:14:20.419+0000] {subprocess.py:106} INFO -   self._psar[i] = high2
[2025-04-10T11:14:20.498+0000] {subprocess.py:106} INFO - /home/***/.local/lib/python3.11/site-packages/ta/trend.py:1030: FutureWarning: Series.__setitem__ treating keys as positions is deprecated. In a future version, integer keys will always be treated as labels (consistent with DataFrame behavior). To set a value by position, use `ser.iloc[pos] = value`
[2025-04-10T11:14:20.501+0000] {subprocess.py:106} INFO -   self._psar[i] = high2
[2025-04-10T11:14:20.595+0000] {subprocess.py:106} INFO - /home/***/.local/lib/python3.11/site-packages/ta/trend.py:1030: FutureWarning: Series.__setitem__ treating keys as positions is deprecated. In a future version, integer keys will always be treated as labels (consistent with DataFrame behavior). To set a value by position, use `ser.iloc[pos] = value`
[2025-04-10T11:14:20.596+0000] {subprocess.py:106} INFO -   self._psar[i] = high2
[2025-04-10T11:14:20.644+0000] {subprocess.py:106} INFO - 2025-04-10 11:14:20,644 - __main__ - INFO - --- Finished Feature Engineering (Indicators) ---
[2025-04-10T11:14:20.644+0000] {subprocess.py:106} INFO - 2025-04-10 11:14:20,644 - __main__ - INFO - --- Starting Feature Filtering ---
[2025-04-10T11:14:20.651+0000] {subprocess.py:106} INFO - 2025-04-10 11:14:20,651 - __main__ - INFO - Features remaining after filtering: 16
[2025-04-10T11:14:20.651+0000] {subprocess.py:106} INFO - 2025-04-10 11:14:20,651 - __main__ - INFO - --- Finished Feature Filtering ---
[2025-04-10T11:14:20.652+0000] {subprocess.py:106} INFO - 2025-04-10 11:14:20,651 - __main__ - INFO - --- Starting Data Alignment & Processing ---
[2025-04-10T11:14:20.688+0000] {subprocess.py:106} INFO - /opt/***/src/data/make_dataset.py:133: FutureWarning: DataFrame.fillna with 'method' is deprecated and will raise in a future version. Use obj.ffill() or obj.bfill() instead.
[2025-04-10T11:14:20.688+0000] {subprocess.py:106} INFO -   df = aligned_data[ticker][feature_columns + ['Target']].fillna(method='ffill').fillna(method='bfill')
[2025-04-10T11:14:20.689+0000] {subprocess.py:106} INFO - /opt/***/src/data/make_dataset.py:133: FutureWarning: DataFrame.fillna with 'method' is deprecated and will raise in a future version. Use obj.ffill() or obj.bfill() instead.
[2025-04-10T11:14:20.690+0000] {subprocess.py:106} INFO -   df = aligned_data[ticker][feature_columns + ['Target']].fillna(method='ffill').fillna(method='bfill')
[2025-04-10T11:14:20.691+0000] {subprocess.py:106} INFO - /opt/***/src/data/make_dataset.py:133: FutureWarning: DataFrame.fillna with 'method' is deprecated and will raise in a future version. Use obj.ffill() or obj.bfill() instead.
[2025-04-10T11:14:20.691+0000] {subprocess.py:106} INFO -   df = aligned_data[ticker][feature_columns + ['Target']].fillna(method='ffill').fillna(method='bfill')
[2025-04-10T11:14:20.692+0000] {subprocess.py:106} INFO - /opt/***/src/data/make_dataset.py:133: FutureWarning: DataFrame.fillna with 'method' is deprecated and will raise in a future version. Use obj.ffill() or obj.bfill() instead.
[2025-04-10T11:14:20.693+0000] {subprocess.py:106} INFO -   df = aligned_data[ticker][feature_columns + ['Target']].fillna(method='ffill').fillna(method='bfill')
[2025-04-10T11:14:20.694+0000] {subprocess.py:106} INFO - /opt/***/src/data/make_dataset.py:133: FutureWarning: DataFrame.fillna with 'method' is deprecated and will raise in a future version. Use obj.ffill() or obj.bfill() instead.
[2025-04-10T11:14:20.696+0000] {subprocess.py:106} INFO -   df = aligned_data[ticker][feature_columns + ['Target']].fillna(method='ffill').fillna(method='bfill')
[2025-04-10T11:14:20.705+0000] {subprocess.py:106} INFO - /opt/***/src/data/make_dataset.py:133: FutureWarning: DataFrame.fillna with 'method' is deprecated and will raise in a future version. Use obj.ffill() or obj.bfill() instead.
[2025-04-10T11:14:20.716+0000] {subprocess.py:106} INFO -   df = aligned_data[ticker][feature_columns + ['Target']].fillna(method='ffill').fillna(method='bfill')
[2025-04-10T11:14:20.724+0000] {subprocess.py:106} INFO - /opt/***/src/data/make_dataset.py:133: FutureWarning: DataFrame.fillna with 'method' is deprecated and will raise in a future version. Use obj.ffill() or obj.bfill() instead.
[2025-04-10T11:14:20.734+0000] {subprocess.py:106} INFO -   df = aligned_data[ticker][feature_columns + ['Target']].fillna(method='ffill').fillna(method='bfill')
[2025-04-10T11:14:20.742+0000] {subprocess.py:106} INFO - 2025-04-10 11:14:20,699 - __main__ - INFO - Processed data shape: (751, 7, 16)
[2025-04-10T11:14:20.744+0000] {subprocess.py:106} INFO - 2025-04-10 11:14:20,699 - __main__ - INFO - Targets shape: (751, 7)
[2025-04-10T11:14:20.749+0000] {subprocess.py:106} INFO - 2025-04-10 11:14:20,699 - __main__ - INFO - Final tickers in order: ['AAPL', 'MA', 'CSCO', 'MSFT', 'AMZN', 'GOOG', 'IBM']
[2025-04-10T11:14:20.750+0000] {subprocess.py:106} INFO - 2025-04-10 11:14:20,699 - __main__ - INFO - --- Finished Data Alignment & Processing ---
[2025-04-10T11:14:20.751+0000] {subprocess.py:106} INFO - 2025-04-10 11:14:20,699 - __main__ - INFO - Attempting to save to absolute path: /tmp/***tmpybb8o11j/data/processed/all_processed_data.npz
[2025-04-10T11:14:20.751+0000] {subprocess.py:106} INFO - 2025-04-10 11:14:20,700 - __main__ - INFO - Successfully saved processed data to data/processed/all_processed_data.npz
[2025-04-10T11:14:20.751+0000] {subprocess.py:106} INFO - 2025-04-10 11:14:20,700 - __main__ - INFO - Verified file exists at: /tmp/***tmpybb8o11j/data/processed/all_processed_data.npz
[2025-04-10T11:14:20.752+0000] {subprocess.py:106} INFO - 2025-04-10 11:14:20,700 - __main__ - INFO - Data processing script finished.
[2025-04-10T11:14:20.752+0000] {subprocess.py:106} INFO - --- PRINT TEST: Starting Data Loading ---
[2025-04-10T11:14:20.752+0000] {subprocess.py:106} INFO - Filtering highly correlated features with threshold 0.9
[2025-04-10T11:14:20.752+0000] {subprocess.py:106} INFO - Identified 20 highly correlated features to remove: ['High', 'Low', 'Close', 'EMA_50', 'EMA_200', 'BB_High', 'BB_Low', 'OBV', 'SMA_50', 'VWAP', 'PSAR', 'Stochastic_D', 'CCI', 'Williams_R', 'Donchian_High', 'Donchian_Low', 'Keltner_High', 'Keltner_Low', 'DI_Positive', 'DI_Negative']
[2025-04-10T11:14:20.753+0000] {subprocess.py:106} INFO - Excluding 'Close' column from removal list.
[2025-04-10T11:14:20.753+0000] {subprocess.py:106} INFO - Final list of 19 features to remove: ['High', 'Low', 'EMA_50', 'EMA_200', 'BB_High', 'BB_Low', 'OBV', 'SMA_50', 'VWAP', 'PSAR', 'Stochastic_D', 'CCI', 'Williams_R', 'Donchian_High', 'Donchian_Low', 'Keltner_High', 'Keltner_Low', 'DI_Positive', 'DI_Negative']
[2025-04-10T11:14:20.796+0000] {subprocess.py:110} INFO - Command exited with return code 0
[2025-04-10T11:14:20.811+0000] {taskinstance.py:341} INFO - ::group::Post task execution logs
[2025-04-10T11:14:20.812+0000] {taskinstance.py:353} INFO - Marking task as SUCCESS. dag_id=lstm_stock_prediction_refactored, task_id=process_data, run_id=manual__2025-04-10T11:13:41.242366+00:00, execution_date=20250410T111341, start_date=20250410T111341, end_date=20250410T111420
[2025-04-10T11:14:20.868+0000] {local_task_job_runner.py:266} INFO - Task exited with return code 0
[2025-04-10T11:14:20.884+0000] {taskinstance.py:3901} INFO - 1 downstream tasks scheduled from follow-on schedule check
[2025-04-10T11:14:20.886+0000] {local_task_job_runner.py:245} INFO - ::endgroup::
