[2025-04-23T07:01:02.769+0000] {local_task_job_runner.py:123} INFO - ::group::Pre task execution logs
[2025-04-23T07:01:02.788+0000] {taskinstance.py:2614} INFO - Dependencies all met for dep_context=non-requeueable deps ti=<TaskInstance: lstm_stock_prediction_refactored.generate_predictions manual__2025-04-23T07:00:32.573742+00:00 [queued]>
[2025-04-23T07:01:02.798+0000] {taskinstance.py:2614} INFO - Dependencies all met for dep_context=requeueable deps ti=<TaskInstance: lstm_stock_prediction_refactored.generate_predictions manual__2025-04-23T07:00:32.573742+00:00 [queued]>
[2025-04-23T07:01:02.799+0000] {taskinstance.py:2867} INFO - Starting attempt 1 of 2
[2025-04-23T07:01:02.812+0000] {taskinstance.py:2890} INFO - Executing <Task(BashOperator): generate_predictions> on 2025-04-23 07:00:32.573742+00:00
[2025-04-23T07:01:02.817+0000] {standard_task_runner.py:72} INFO - Started process 497 to run task
[2025-04-23T07:01:02.819+0000] {standard_task_runner.py:104} INFO - Running: ['***', 'tasks', 'run', 'lstm_stock_prediction_refactored', 'generate_predictions', 'manual__2025-04-23T07:00:32.573742+00:00', '--job-id', '102', '--raw', '--subdir', 'DAGS_FOLDER/lstm_refactored_dag.py', '--cfg-path', '/tmp/tmp3kxabann']
[2025-04-23T07:01:02.821+0000] {standard_task_runner.py:105} INFO - Job 102: Subtask generate_predictions
[2025-04-23T07:01:02.861+0000] {task_command.py:467} INFO - Running <TaskInstance: lstm_stock_prediction_refactored.generate_predictions manual__2025-04-23T07:00:32.573742+00:00 [running]> on host 7f98232cb4c4
[2025-04-23T07:01:02.936+0000] {taskinstance.py:3134} INFO - Exporting env vars: AIRFLOW_CTX_DAG_OWNER='***_team' AIRFLOW_CTX_DAG_ID='lstm_stock_prediction_refactored' AIRFLOW_CTX_TASK_ID='generate_predictions' AIRFLOW_CTX_EXECUTION_DATE='2025-04-23T07:00:32.573742+00:00' AIRFLOW_CTX_TRY_NUMBER='1' AIRFLOW_CTX_DAG_RUN_ID='manual__2025-04-23T07:00:32.573742+00:00'
[2025-04-23T07:01:02.937+0000] {taskinstance.py:732} INFO - ::endgroup::
[2025-04-23T07:01:02.949+0000] {subprocess.py:78} INFO - Tmp dir root location: /tmp
[2025-04-23T07:01:02.951+0000] {subprocess.py:88} INFO - Running command: ['/usr/bin/bash', '-c', 'python /opt/***/src/models/predict_model.py --config /opt/***/config/params.yaml']
[2025-04-23T07:01:02.959+0000] {subprocess.py:99} INFO - Output:
[2025-04-23T07:01:06.655+0000] {subprocess.py:106} INFO - Downloading artifacts:   0%|          | 0/6 [00:00<?, ?it/s]Downloading artifacts:  17%|█▋        | 1/6 [00:00<00:00, 20763.88it/s]Downloading artifacts:  33%|███▎      | 2/6 [00:00<00:00, 9039.45it/s] Downloading artifacts:  50%|█████     | 3/6 [00:00<00:00, 151.21it/s] Downloading artifacts:  67%|██████▋   | 4/6 [00:00<00:00, 199.04it/s]Downloading artifacts:  83%|████████▎ | 5/6 [00:00<00:00, 201.45it/s]Downloading artifacts: 100%|██████████| 6/6 [00:00<00:00, 178.11it/s]Downloading artifacts: 100%|██████████| 6/6 [00:00<00:00, 177.57it/s]
[2025-04-23T07:01:06.683+0000] {subprocess.py:106} INFO - Saved latest predictions to /opt/***/data/predictions/latest_predictions.json
[2025-04-23T07:01:06.684+0000] {subprocess.py:106} INFO - Saved historical predictions to /opt/***/data/predictions/historical/2025-04-23.json
[2025-04-23T07:01:07.590+0000] {subprocess.py:110} INFO - Command exited with return code 0
[2025-04-23T07:01:07.614+0000] {taskinstance.py:341} INFO - ::group::Post task execution logs
[2025-04-23T07:01:07.615+0000] {taskinstance.py:353} INFO - Marking task as SUCCESS. dag_id=lstm_stock_prediction_refactored, task_id=generate_predictions, run_id=manual__2025-04-23T07:00:32.573742+00:00, execution_date=20250423T070032, start_date=20250423T070102, end_date=20250423T070107
[2025-04-23T07:01:07.650+0000] {local_task_job_runner.py:266} INFO - Task exited with return code 0
[2025-04-23T07:01:07.665+0000] {taskinstance.py:3901} INFO - 0 downstream tasks scheduled from follow-on schedule check
[2025-04-23T07:01:07.669+0000] {local_task_job_runner.py:245} INFO - ::endgroup::
