[2025-04-11T08:47:18.254+0000] {local_task_job_runner.py:123} INFO - ::group::Pre task execution logs
[2025-04-11T08:47:18.270+0000] {taskinstance.py:2614} INFO - Dependencies all met for dep_context=non-requeueable deps ti=<TaskInstance: lstm_stock_prediction_refactored.process_data manual__2025-04-11T08:47:17.882347+00:00 [queued]>
[2025-04-11T08:47:18.277+0000] {taskinstance.py:2614} INFO - Dependencies all met for dep_context=requeueable deps ti=<TaskInstance: lstm_stock_prediction_refactored.process_data manual__2025-04-11T08:47:17.882347+00:00 [queued]>
[2025-04-11T08:47:18.278+0000] {taskinstance.py:2867} INFO - Starting attempt 1 of 2
[2025-04-11T08:47:18.293+0000] {taskinstance.py:2890} INFO - Executing <Task(BashOperator): process_data> on 2025-04-11 08:47:17.882347+00:00
[2025-04-11T08:47:18.300+0000] {standard_task_runner.py:72} INFO - Started process 375 to run task
[2025-04-11T08:47:18.304+0000] {standard_task_runner.py:104} INFO - Running: ['***', 'tasks', 'run', 'lstm_stock_prediction_refactored', 'process_data', 'manual__2025-04-11T08:47:17.882347+00:00', '--job-id', '36', '--raw', '--subdir', 'DAGS_FOLDER/lstm_refactored_dag.py', '--cfg-path', '/tmp/tmpti4ee0wo']
[2025-04-11T08:47:18.307+0000] {standard_task_runner.py:105} INFO - Job 36: Subtask process_data
[2025-04-11T08:47:18.349+0000] {task_command.py:467} INFO - Running <TaskInstance: lstm_stock_prediction_refactored.process_data manual__2025-04-11T08:47:17.882347+00:00 [running]> on host 7ae89ba79527
[2025-04-11T08:47:18.412+0000] {taskinstance.py:3134} INFO - Exporting env vars: AIRFLOW_CTX_DAG_OWNER='***_team' AIRFLOW_CTX_DAG_ID='lstm_stock_prediction_refactored' AIRFLOW_CTX_TASK_ID='process_data' AIRFLOW_CTX_EXECUTION_DATE='2025-04-11T08:47:17.882347+00:00' AIRFLOW_CTX_TRY_NUMBER='1' AIRFLOW_CTX_DAG_RUN_ID='manual__2025-04-11T08:47:17.882347+00:00'
[2025-04-11T08:47:18.413+0000] {taskinstance.py:732} INFO - ::endgroup::
[2025-04-11T08:47:18.424+0000] {subprocess.py:78} INFO - Tmp dir root location: /tmp
[2025-04-11T08:47:18.426+0000] {subprocess.py:88} INFO - Running command: ['/usr/bin/bash', '-c', 'python /opt/***/src/data/make_dataset.py --config /opt/***/config/params.yaml']
[2025-04-11T08:47:18.433+0000] {subprocess.py:99} INFO - Output:
[2025-04-11T08:47:19.198+0000] {subprocess.py:106} INFO - 2025-04-11 08:47:19,198 - __main__ - INFO - Starting data processing script with config: /opt/***/config/params.yaml
[2025-04-11T08:47:19.206+0000] {subprocess.py:106} INFO - 2025-04-11 08:47:19,206 - __main__ - INFO - Raw data directory: /opt/***/data/raw
[2025-04-11T08:47:19.207+0000] {subprocess.py:106} INFO - 2025-04-11 08:47:19,206 - __main__ - INFO - Processed data output path: /opt/***/data/processed/all_processed_data.npz
[2025-04-11T08:47:19.208+0000] {subprocess.py:106} INFO - 2025-04-11 08:47:19,206 - __main__ - INFO - --- Starting Data Loading ---
[2025-04-11T08:47:19.209+0000] {subprocess.py:106} INFO - 2025-04-11 08:47:19,208 - __main__ - INFO - Attempting to use RELATIVE output dir: /opt/***/data/raw
[2025-04-11T08:47:19.210+0000] {subprocess.py:106} INFO - 2025-04-11 08:47:19,208 - __main__ - INFO - Attempting to use ABSOLUTE output dir: /opt/***/data/raw
[2025-04-11T08:47:19.211+0000] {subprocess.py:106} INFO - 2025-04-11 08:47:19,208 - __main__ - INFO - Current Working Directory inside container: /tmp/***tmprlrm32np
[2025-04-11T08:47:19.212+0000] {subprocess.py:106} INFO - 2025-04-11 08:47:19,208 - __main__ - INFO - Attempting to create directory: /opt/***/data/raw
[2025-04-11T08:47:19.213+0000] {subprocess.py:106} INFO - 2025-04-11 08:47:19,210 - __main__ - INFO - Successfully called mkdir for: /opt/***/data/raw (might not indicate success if permissions are wrong)
[2025-04-11T08:47:19.214+0000] {subprocess.py:106} INFO - 2025-04-11 08:47:19,210 - __main__ - INFO - Saving raw data to: /opt/***/data/raw
[2025-04-11T08:47:19.215+0000] {subprocess.py:106} INFO - 2025-04-11 08:47:19,211 - __main__ - INFO - Skipping download for AAPL, file exists: /opt/***/data/raw/AAPL_raw.pkl
[2025-04-11T08:47:19.217+0000] {subprocess.py:106} INFO - 2025-04-11 08:47:19,213 - __main__ - INFO - Skipping download for MA, file exists: /opt/***/data/raw/MA_raw.pkl
[2025-04-11T08:47:19.217+0000] {subprocess.py:106} INFO - 2025-04-11 08:47:19,215 - __main__ - INFO - Skipping download for CSCO, file exists: /opt/***/data/raw/CSCO_raw.pkl
[2025-04-11T08:47:19.218+0000] {subprocess.py:106} INFO - 2025-04-11 08:47:19,216 - __main__ - INFO - Skipping download for MSFT, file exists: /opt/***/data/raw/MSFT_raw.pkl
[2025-04-11T08:47:19.219+0000] {subprocess.py:106} INFO - 2025-04-11 08:47:19,217 - __main__ - INFO - Skipping download for AMZN, file exists: /opt/***/data/raw/AMZN_raw.pkl
[2025-04-11T08:47:19.220+0000] {subprocess.py:106} INFO - 2025-04-11 08:47:19,219 - __main__ - INFO - Skipping download for GOOG, file exists: /opt/***/data/raw/GOOG_raw.pkl
[2025-04-11T08:47:19.221+0000] {subprocess.py:106} INFO - 2025-04-11 08:47:19,220 - __main__ - INFO - Skipping download for IBM, file exists: /opt/***/data/raw/IBM_raw.pkl
[2025-04-11T08:47:19.221+0000] {subprocess.py:106} INFO - 2025-04-11 08:47:19,220 - __main__ - INFO - --- Finished Data Loading ---
[2025-04-11T08:47:19.291+0000] {subprocess.py:106} INFO - 2025-04-11 08:47:19,291 - __main__ - INFO - --- Starting Feature Engineering (Indicators) ---
[2025-04-11T08:47:19.321+0000] {subprocess.py:106} INFO - /home/***/.local/lib/python3.11/site-packages/ta/trend.py:1030: FutureWarning: Series.__setitem__ treating keys as positions is deprecated. In a future version, integer keys will always be treated as labels (consistent with DataFrame behavior). To set a value by position, use `ser.iloc[pos] = value`
[2025-04-11T08:47:19.323+0000] {subprocess.py:106} INFO -   self._psar[i] = high2
[2025-04-11T08:47:19.416+0000] {subprocess.py:106} INFO - /home/***/.local/lib/python3.11/site-packages/ta/trend.py:1030: FutureWarning: Series.__setitem__ treating keys as positions is deprecated. In a future version, integer keys will always be treated as labels (consistent with DataFrame behavior). To set a value by position, use `ser.iloc[pos] = value`
[2025-04-11T08:47:19.417+0000] {subprocess.py:106} INFO -   self._psar[i] = high2
[2025-04-11T08:47:19.511+0000] {subprocess.py:106} INFO - /home/***/.local/lib/python3.11/site-packages/ta/trend.py:1030: FutureWarning: Series.__setitem__ treating keys as positions is deprecated. In a future version, integer keys will always be treated as labels (consistent with DataFrame behavior). To set a value by position, use `ser.iloc[pos] = value`
[2025-04-11T08:47:19.512+0000] {subprocess.py:106} INFO -   self._psar[i] = high2
[2025-04-11T08:47:19.598+0000] {subprocess.py:106} INFO - /home/***/.local/lib/python3.11/site-packages/ta/trend.py:1030: FutureWarning: Series.__setitem__ treating keys as positions is deprecated. In a future version, integer keys will always be treated as labels (consistent with DataFrame behavior). To set a value by position, use `ser.iloc[pos] = value`
[2025-04-11T08:47:19.600+0000] {subprocess.py:106} INFO -   self._psar[i] = high2
[2025-04-11T08:47:19.697+0000] {subprocess.py:106} INFO - /home/***/.local/lib/python3.11/site-packages/ta/trend.py:1030: FutureWarning: Series.__setitem__ treating keys as positions is deprecated. In a future version, integer keys will always be treated as labels (consistent with DataFrame behavior). To set a value by position, use `ser.iloc[pos] = value`
[2025-04-11T08:47:19.698+0000] {subprocess.py:106} INFO -   self._psar[i] = high2
[2025-04-11T08:47:19.789+0000] {subprocess.py:106} INFO - /home/***/.local/lib/python3.11/site-packages/ta/trend.py:1030: FutureWarning: Series.__setitem__ treating keys as positions is deprecated. In a future version, integer keys will always be treated as labels (consistent with DataFrame behavior). To set a value by position, use `ser.iloc[pos] = value`
[2025-04-11T08:47:19.790+0000] {subprocess.py:106} INFO -   self._psar[i] = high2
[2025-04-11T08:47:19.894+0000] {subprocess.py:106} INFO - /home/***/.local/lib/python3.11/site-packages/ta/trend.py:1030: FutureWarning: Series.__setitem__ treating keys as positions is deprecated. In a future version, integer keys will always be treated as labels (consistent with DataFrame behavior). To set a value by position, use `ser.iloc[pos] = value`
[2025-04-11T08:47:19.895+0000] {subprocess.py:106} INFO -   self._psar[i] = high2
[2025-04-11T08:47:19.951+0000] {subprocess.py:106} INFO - 2025-04-11 08:47:19,950 - __main__ - INFO - --- Finished Feature Engineering (Indicators) ---
[2025-04-11T08:47:19.954+0000] {subprocess.py:106} INFO - 2025-04-11 08:47:19,951 - __main__ - INFO - --- Starting Feature Filtering ---
[2025-04-11T08:47:19.963+0000] {subprocess.py:106} INFO - 2025-04-11 08:47:19,963 - __main__ - INFO - Features remaining after filtering: 16
[2025-04-11T08:47:19.964+0000] {subprocess.py:106} INFO - 2025-04-11 08:47:19,963 - __main__ - INFO - --- Finished Feature Filtering ---
[2025-04-11T08:47:19.964+0000] {subprocess.py:106} INFO - 2025-04-11 08:47:19,963 - __main__ - INFO - --- Starting Data Alignment & Processing ---
[2025-04-11T08:47:20.004+0000] {subprocess.py:106} INFO - /opt/***/src/data/make_dataset.py:144: FutureWarning: DataFrame.fillna with 'method' is deprecated and will raise in a future version. Use obj.ffill() or obj.bfill() instead.
[2025-04-11T08:47:20.005+0000] {subprocess.py:106} INFO -   df = aligned_data[ticker][feature_columns + ['Target']].fillna(method='ffill').fillna(method='bfill')
[2025-04-11T08:47:20.006+0000] {subprocess.py:106} INFO - /opt/***/src/data/make_dataset.py:144: FutureWarning: DataFrame.fillna with 'method' is deprecated and will raise in a future version. Use obj.ffill() or obj.bfill() instead.
[2025-04-11T08:47:20.007+0000] {subprocess.py:106} INFO -   df = aligned_data[ticker][feature_columns + ['Target']].fillna(method='ffill').fillna(method='bfill')
[2025-04-11T08:47:20.007+0000] {subprocess.py:106} INFO - /opt/***/src/data/make_dataset.py:144: FutureWarning: DataFrame.fillna with 'method' is deprecated and will raise in a future version. Use obj.ffill() or obj.bfill() instead.
[2025-04-11T08:47:20.008+0000] {subprocess.py:106} INFO -   df = aligned_data[ticker][feature_columns + ['Target']].fillna(method='ffill').fillna(method='bfill')
[2025-04-11T08:47:20.009+0000] {subprocess.py:106} INFO - /opt/***/src/data/make_dataset.py:144: FutureWarning: DataFrame.fillna with 'method' is deprecated and will raise in a future version. Use obj.ffill() or obj.bfill() instead.
[2025-04-11T08:47:20.009+0000] {subprocess.py:106} INFO -   df = aligned_data[ticker][feature_columns + ['Target']].fillna(method='ffill').fillna(method='bfill')
[2025-04-11T08:47:20.010+0000] {subprocess.py:106} INFO - /opt/***/src/data/make_dataset.py:144: FutureWarning: DataFrame.fillna with 'method' is deprecated and will raise in a future version. Use obj.ffill() or obj.bfill() instead.
[2025-04-11T08:47:20.010+0000] {subprocess.py:106} INFO -   df = aligned_data[ticker][feature_columns + ['Target']].fillna(method='ffill').fillna(method='bfill')
[2025-04-11T08:47:20.011+0000] {subprocess.py:106} INFO - /opt/***/src/data/make_dataset.py:144: FutureWarning: DataFrame.fillna with 'method' is deprecated and will raise in a future version. Use obj.ffill() or obj.bfill() instead.
[2025-04-11T08:47:20.011+0000] {subprocess.py:106} INFO -   df = aligned_data[ticker][feature_columns + ['Target']].fillna(method='ffill').fillna(method='bfill')
[2025-04-11T08:47:20.012+0000] {subprocess.py:106} INFO - /opt/***/src/data/make_dataset.py:144: FutureWarning: DataFrame.fillna with 'method' is deprecated and will raise in a future version. Use obj.ffill() or obj.bfill() instead.
[2025-04-11T08:47:20.013+0000] {subprocess.py:106} INFO -   df = aligned_data[ticker][feature_columns + ['Target']].fillna(method='ffill').fillna(method='bfill')
[2025-04-11T08:47:20.014+0000] {subprocess.py:106} INFO - 2025-04-11 08:47:20,014 - __main__ - INFO - Processed data shape: (752, 7, 16)
[2025-04-11T08:47:20.014+0000] {subprocess.py:106} INFO - 2025-04-11 08:47:20,014 - __main__ - INFO - Targets shape: (752, 7)
[2025-04-11T08:47:20.015+0000] {subprocess.py:106} INFO - 2025-04-11 08:47:20,014 - __main__ - INFO - Final tickers in order: ['AAPL', 'MA', 'CSCO', 'MSFT', 'AMZN', 'GOOG', 'IBM']
[2025-04-11T08:47:20.015+0000] {subprocess.py:106} INFO - 2025-04-11 08:47:20,014 - __main__ - INFO - --- Finished Data Alignment & Processing ---
[2025-04-11T08:47:20.016+0000] {subprocess.py:106} INFO - 2025-04-11 08:47:20,016 - __main__ - INFO - Attempting to save to absolute path: /opt/***/data/processed/all_processed_data.npz
[2025-04-11T08:47:20.023+0000] {subprocess.py:106} INFO - 2025-04-11 08:47:20,023 - __main__ - INFO - Successfully saved processed data to /opt/***/data/processed/all_processed_data.npz
[2025-04-11T08:47:20.024+0000] {subprocess.py:106} INFO - 2025-04-11 08:47:20,024 - __main__ - INFO - Verified file exists at: /opt/***/data/processed/all_processed_data.npz
[2025-04-11T08:47:20.024+0000] {subprocess.py:106} INFO - 2025-04-11 08:47:20,024 - __main__ - INFO - Data processing script finished.
[2025-04-11T08:47:20.025+0000] {subprocess.py:106} INFO - --- PRINT TEST: Starting Data Loading ---
[2025-04-11T08:47:20.025+0000] {subprocess.py:106} INFO - Filtering highly correlated features with threshold 0.9
[2025-04-11T08:47:20.026+0000] {subprocess.py:106} INFO - Identified 20 highly correlated features to remove: ['High', 'Low', 'Close', 'EMA_50', 'EMA_200', 'BB_High', 'BB_Low', 'OBV', 'SMA_50', 'VWAP', 'PSAR', 'Stochastic_D', 'CCI', 'Williams_R', 'Donchian_High', 'Donchian_Low', 'Keltner_High', 'Keltner_Low', 'DI_Positive', 'DI_Negative']
[2025-04-11T08:47:20.026+0000] {subprocess.py:106} INFO - Excluding 'Close' column from removal list.
[2025-04-11T08:47:20.026+0000] {subprocess.py:106} INFO - Final list of 19 features to remove: ['High', 'Low', 'EMA_50', 'EMA_200', 'BB_High', 'BB_Low', 'OBV', 'SMA_50', 'VWAP', 'PSAR', 'Stochastic_D', 'CCI', 'Williams_R', 'Donchian_High', 'Donchian_Low', 'Keltner_High', 'Keltner_Low', 'DI_Positive', 'DI_Negative']
[2025-04-11T08:47:20.104+0000] {subprocess.py:110} INFO - Command exited with return code 0
[2025-04-11T08:47:20.126+0000] {taskinstance.py:341} INFO - ::group::Post task execution logs
[2025-04-11T08:47:20.129+0000] {taskinstance.py:353} INFO - Marking task as SUCCESS. dag_id=lstm_stock_prediction_refactored, task_id=process_data, run_id=manual__2025-04-11T08:47:17.882347+00:00, execution_date=20250411T084717, start_date=20250411T084718, end_date=20250411T084720
[2025-04-11T08:47:20.177+0000] {local_task_job_runner.py:266} INFO - Task exited with return code 0
[2025-04-11T08:47:20.200+0000] {taskinstance.py:3901} INFO - 1 downstream tasks scheduled from follow-on schedule check
[2025-04-11T08:47:20.203+0000] {local_task_job_runner.py:245} INFO - ::endgroup::
