[2025-04-12T04:44:15.670+0000] {local_task_job_runner.py:123} INFO - ::group::Pre task execution logs
[2025-04-12T04:44:15.687+0000] {taskinstance.py:2614} INFO - Dependencies all met for dep_context=non-requeueable deps ti=<TaskInstance: lstm_stock_prediction_refactored.train_final_model manual__2025-04-12T04:33:26.024226+00:00 [queued]>
[2025-04-12T04:44:15.697+0000] {taskinstance.py:2614} INFO - Dependencies all met for dep_context=requeueable deps ti=<TaskInstance: lstm_stock_prediction_refactored.train_final_model manual__2025-04-12T04:33:26.024226+00:00 [queued]>
[2025-04-12T04:44:15.698+0000] {taskinstance.py:2867} INFO - Starting attempt 1 of 2
[2025-04-12T04:44:15.713+0000] {taskinstance.py:2890} INFO - Executing <Task(BashOperator): train_final_model> on 2025-04-12 04:33:26.024226+00:00
[2025-04-12T04:44:15.725+0000] {standard_task_runner.py:72} INFO - Started process 8516 to run task
[2025-04-12T04:44:15.727+0000] {standard_task_runner.py:104} INFO - Running: ['***', 'tasks', 'run', 'lstm_stock_prediction_refactored', 'train_final_model', 'manual__2025-04-12T04:33:26.024226+00:00', '--job-id', '86', '--raw', '--subdir', 'DAGS_FOLDER/lstm_refactored_dag.py', '--cfg-path', '/tmp/tmp6vjm8a_j']
[2025-04-12T04:44:15.729+0000] {standard_task_runner.py:105} INFO - Job 86: Subtask train_final_model
[2025-04-12T04:44:15.777+0000] {task_command.py:467} INFO - Running <TaskInstance: lstm_stock_prediction_refactored.train_final_model manual__2025-04-12T04:33:26.024226+00:00 [running]> on host 38686bf18545
[2025-04-12T04:44:15.879+0000] {taskinstance.py:3134} INFO - Exporting env vars: AIRFLOW_CTX_DAG_OWNER='***_team' AIRFLOW_CTX_DAG_ID='lstm_stock_prediction_refactored' AIRFLOW_CTX_TASK_ID='train_final_model' AIRFLOW_CTX_EXECUTION_DATE='2025-04-12T04:33:26.024226+00:00' AIRFLOW_CTX_TRY_NUMBER='1' AIRFLOW_CTX_DAG_RUN_ID='manual__2025-04-12T04:33:26.024226+00:00'
[2025-04-12T04:44:15.881+0000] {taskinstance.py:732} INFO - ::endgroup::
[2025-04-12T04:44:15.895+0000] {subprocess.py:78} INFO - Tmp dir root location: /tmp
[2025-04-12T04:44:15.897+0000] {subprocess.py:88} INFO - Running command: ['/usr/bin/bash', '-c', 'python /opt/***/src/models/train_model.py --config /opt/***/config/params.yaml']
[2025-04-12T04:44:15.914+0000] {subprocess.py:99} INFO - Output:
[2025-04-12T04:44:21.595+0000] {subprocess.py:106} INFO - 2025/04/12 04:44:21 WARNING mlflow.utils.git_utils: Failed to import Git (the Git executable is probably not on your PATH), so Git SHA is not available. Error: Failed to initialize: Bad git executable.
[2025-04-12T04:44:21.596+0000] {subprocess.py:106} INFO - The git executable must be specified in one of the following ways:
[2025-04-12T04:44:21.597+0000] {subprocess.py:106} INFO -     - be included in your $PATH
[2025-04-12T04:44:21.597+0000] {subprocess.py:106} INFO -     - be set via $GIT_PYTHON_GIT_EXECUTABLE
[2025-04-12T04:44:21.598+0000] {subprocess.py:106} INFO -     - explicitly set via git.refresh(<full-path-to-git-executable>)
[2025-04-12T04:44:21.599+0000] {subprocess.py:106} INFO - 
[2025-04-12T04:44:21.600+0000] {subprocess.py:106} INFO - All git commands will error until this is rectified.
[2025-04-12T04:44:21.601+0000] {subprocess.py:106} INFO - 
[2025-04-12T04:44:21.602+0000] {subprocess.py:106} INFO - This initial message can be silenced or aggravated in the future by setting the
[2025-04-12T04:44:21.602+0000] {subprocess.py:106} INFO - $GIT_PYTHON_REFRESH environment variable. Use one of the following values:
[2025-04-12T04:44:21.603+0000] {subprocess.py:106} INFO -     - quiet|q|silence|s|silent|none|n|0: for no message or exception
[2025-04-12T04:44:21.604+0000] {subprocess.py:106} INFO -     - warn|w|warning|log|l|1: for a warning message (logging level CRITICAL, displayed by default)
[2025-04-12T04:44:21.605+0000] {subprocess.py:106} INFO -     - error|e|exception|raise|r|2: for a raised exception
[2025-04-12T04:44:21.606+0000] {subprocess.py:106} INFO - 
[2025-04-12T04:44:21.608+0000] {subprocess.py:106} INFO - Example:
[2025-04-12T04:44:21.610+0000] {subprocess.py:106} INFO -     export GIT_PYTHON_REFRESH=quiet
[2025-04-12T04:44:21.611+0000] {subprocess.py:106} INFO - 
[2025-04-12T04:45:20.434+0000] {subprocess.py:106} INFO - [31m2025/04/12 04:45:20 WARNING mlflow.models.model: Model logged without a signature and input example. Please set `input_example` parameter when logging the model to auto infer the model signature.[0m
[2025-04-12T04:45:21.414+0000] {subprocess.py:106} INFO - Using device: cpu
[2025-04-12T04:45:21.415+0000] {subprocess.py:106} INFO - --- Loading Scaled Data from /opt/***/data/features/split_scaled_data.npz ---
[2025-04-12T04:45:21.415+0000] {subprocess.py:106} INFO - --- Finished Loading Scaled Data ---
[2025-04-12T04:45:21.416+0000] {subprocess.py:106} INFO - --- Loading Scalers from /opt/***/data/processed/scalers.pkl ---
[2025-04-12T04:45:21.416+0000] {subprocess.py:106} INFO - --- Finished Loading Scalers ---
[2025-04-12T04:45:21.416+0000] {subprocess.py:106} INFO - --- Loading Tickers from /opt/***/data/processed/all_processed_data.npz ---
[2025-04-12T04:45:21.417+0000] {subprocess.py:106} INFO - Tickers: ['AAPL', 'MA', 'CSCO', 'MSFT', 'AMZN', 'GOOG', 'IBM']
[2025-04-12T04:45:21.417+0000] {subprocess.py:106} INFO - --- Finished Loading Tickers ---
[2025-04-12T04:45:21.417+0000] {subprocess.py:106} INFO - --- Loading Best Hyperparameters from /opt/***/config/best_params.json ---
[2025-04-12T04:45:21.418+0000] {subprocess.py:106} INFO - Best parameters loaded: {'batch_size': 64, 'hidden_size': 192, 'num_layers': 1, 'dropout_rate': 0.1, 'learning_rate': 0.0009609766727669845, 'model_type': 'lstm_cross_attention'}
[2025-04-12T04:45:21.419+0000] {subprocess.py:106} INFO - --- Finished Loading Best Hyperparameters ---
[2025-04-12T04:45:21.419+0000] {subprocess.py:106} INFO - --- Setting MLflow Experiment: Stock_Price_Prediction_LSTM_Refactored ---
[2025-04-12T04:45:21.419+0000] {subprocess.py:106} INFO - Using MLflow Tracking URI: http://mlflow-server:5000
[2025-04-12T04:45:21.420+0000] {subprocess.py:106} INFO - --- Starting Final Model Training ---
[2025-04-12T04:45:21.420+0000] {subprocess.py:106} INFO - --- MLflow Run Started for Final Training ---
[2025-04-12T04:45:21.420+0000] {subprocess.py:106} INFO - Epoch [1/50], Train Loss: 0.1011, Test Loss: 0.4121
[2025-04-12T04:45:21.421+0000] {subprocess.py:106} INFO - Epoch [2/50], Train Loss: 0.0475, Test Loss: 0.1812
[2025-04-12T04:45:21.422+0000] {subprocess.py:106} INFO - Epoch [3/50], Train Loss: 0.0251, Test Loss: 0.0426
[2025-04-12T04:45:21.423+0000] {subprocess.py:106} INFO - Epoch [4/50], Train Loss: 0.0222, Test Loss: 0.0670
[2025-04-12T04:45:21.423+0000] {subprocess.py:106} INFO - Epoch [5/50], Train Loss: 0.0208, Test Loss: 0.0485
[2025-04-12T04:45:21.424+0000] {subprocess.py:106} INFO - Epoch [6/50], Train Loss: 0.0161, Test Loss: 0.0454
[2025-04-12T04:45:21.424+0000] {subprocess.py:106} INFO - Epoch [7/50], Train Loss: 0.0172, Test Loss: 0.0474
[2025-04-12T04:45:21.425+0000] {subprocess.py:106} INFO - Epoch [8/50], Train Loss: 0.0155, Test Loss: 0.0479
[2025-04-12T04:45:21.425+0000] {subprocess.py:106} INFO - Epoch [9/50], Train Loss: 0.0156, Test Loss: 0.0492
[2025-04-12T04:45:21.426+0000] {subprocess.py:106} INFO - Epoch [10/50], Train Loss: 0.0145, Test Loss: 0.0399
[2025-04-12T04:45:21.427+0000] {subprocess.py:106} INFO - Epoch [11/50], Train Loss: 0.0130, Test Loss: 0.0488
[2025-04-12T04:45:21.428+0000] {subprocess.py:106} INFO - Epoch [12/50], Train Loss: 0.0130, Test Loss: 0.0371
[2025-04-12T04:45:21.428+0000] {subprocess.py:106} INFO - Epoch [13/50], Train Loss: 0.0102, Test Loss: 0.0562
[2025-04-12T04:45:21.429+0000] {subprocess.py:106} INFO - Epoch [14/50], Train Loss: 0.0126, Test Loss: 0.0319
[2025-04-12T04:45:21.430+0000] {subprocess.py:106} INFO - Epoch [15/50], Train Loss: 0.0107, Test Loss: 0.0302
[2025-04-12T04:45:21.431+0000] {subprocess.py:106} INFO - Epoch [16/50], Train Loss: 0.0080, Test Loss: 0.0355
[2025-04-12T04:45:21.432+0000] {subprocess.py:106} INFO - Epoch [17/50], Train Loss: 0.0073, Test Loss: 0.0354
[2025-04-12T04:45:21.432+0000] {subprocess.py:106} INFO - Epoch [18/50], Train Loss: 0.0078, Test Loss: 0.0259
[2025-04-12T04:45:21.433+0000] {subprocess.py:106} INFO - Epoch [19/50], Train Loss: 0.0080, Test Loss: 0.0389
[2025-04-12T04:45:21.434+0000] {subprocess.py:106} INFO - Epoch [20/50], Train Loss: 0.0080, Test Loss: 0.0459
[2025-04-12T04:45:21.434+0000] {subprocess.py:106} INFO - Epoch [21/50], Train Loss: 0.0069, Test Loss: 0.0290
[2025-04-12T04:45:21.434+0000] {subprocess.py:106} INFO - Epoch [22/50], Train Loss: 0.0063, Test Loss: 0.0299
[2025-04-12T04:45:21.435+0000] {subprocess.py:106} INFO - Epoch [23/50], Train Loss: 0.0055, Test Loss: 0.0447
[2025-04-12T04:45:21.435+0000] {subprocess.py:106} INFO - Epoch [24/50], Train Loss: 0.0057, Test Loss: 0.0331
[2025-04-12T04:45:21.435+0000] {subprocess.py:106} INFO - Epoch [25/50], Train Loss: 0.0052, Test Loss: 0.0411
[2025-04-12T04:45:21.436+0000] {subprocess.py:106} INFO - Epoch [26/50], Train Loss: 0.0062, Test Loss: 0.0374
[2025-04-12T04:45:21.436+0000] {subprocess.py:106} INFO - Epoch [27/50], Train Loss: 0.0053, Test Loss: 0.0342
[2025-04-12T04:45:21.437+0000] {subprocess.py:106} INFO - Epoch [28/50], Train Loss: 0.0051, Test Loss: 0.0329
[2025-04-12T04:45:21.437+0000] {subprocess.py:106} INFO - Epoch [29/50], Train Loss: 0.0046, Test Loss: 0.0269
[2025-04-12T04:45:21.437+0000] {subprocess.py:106} INFO - Epoch [30/50], Train Loss: 0.0040, Test Loss: 0.0381
[2025-04-12T04:45:21.438+0000] {subprocess.py:106} INFO - Epoch [31/50], Train Loss: 0.0054, Test Loss: 0.0436
[2025-04-12T04:45:21.438+0000] {subprocess.py:106} INFO - Epoch [32/50], Train Loss: 0.0051, Test Loss: 0.0356
[2025-04-12T04:45:21.439+0000] {subprocess.py:106} INFO - Epoch [33/50], Train Loss: 0.0051, Test Loss: 0.0378
[2025-04-12T04:45:21.440+0000] {subprocess.py:106} INFO - Epoch [34/50], Train Loss: 0.0047, Test Loss: 0.0357
[2025-04-12T04:45:21.440+0000] {subprocess.py:106} INFO - Epoch [35/50], Train Loss: 0.0057, Test Loss: 0.0342
[2025-04-12T04:45:21.441+0000] {subprocess.py:106} INFO - Epoch [36/50], Train Loss: 0.0064, Test Loss: 0.0264
[2025-04-12T04:45:21.441+0000] {subprocess.py:106} INFO - Epoch [37/50], Train Loss: 0.0048, Test Loss: 0.0320
[2025-04-12T04:45:21.441+0000] {subprocess.py:106} INFO - Epoch [38/50], Train Loss: 0.0040, Test Loss: 0.0326
[2025-04-12T04:45:21.442+0000] {subprocess.py:106} INFO - Epoch [39/50], Train Loss: 0.0035, Test Loss: 0.0295
[2025-04-12T04:45:21.442+0000] {subprocess.py:106} INFO - Epoch [40/50], Train Loss: 0.0034, Test Loss: 0.0273
[2025-04-12T04:45:21.443+0000] {subprocess.py:106} INFO - Epoch [41/50], Train Loss: 0.0043, Test Loss: 0.0346
[2025-04-12T04:45:21.443+0000] {subprocess.py:106} INFO - Epoch [42/50], Train Loss: 0.0043, Test Loss: 0.0310
[2025-04-12T04:45:21.444+0000] {subprocess.py:106} INFO - Epoch [43/50], Train Loss: 0.0038, Test Loss: 0.0331
[2025-04-12T04:45:21.445+0000] {subprocess.py:106} INFO - Epoch [44/50], Train Loss: 0.0046, Test Loss: 0.0253
[2025-04-12T04:45:21.445+0000] {subprocess.py:106} INFO - Epoch [45/50], Train Loss: 0.0067, Test Loss: 0.0310
[2025-04-12T04:45:21.446+0000] {subprocess.py:106} INFO - Epoch [46/50], Train Loss: 0.0051, Test Loss: 0.0311
[2025-04-12T04:45:21.446+0000] {subprocess.py:106} INFO - Epoch [47/50], Train Loss: 0.0036, Test Loss: 0.0281
[2025-04-12T04:45:21.446+0000] {subprocess.py:106} INFO - Epoch [48/50], Train Loss: 0.0033, Test Loss: 0.0293
[2025-04-12T04:45:21.447+0000] {subprocess.py:106} INFO - Epoch [49/50], Train Loss: 0.0037, Test Loss: 0.0281
[2025-04-12T04:45:21.447+0000] {subprocess.py:106} INFO - Epoch [50/50], Train Loss: 0.0036, Test Loss: 0.0354
[2025-04-12T04:45:21.448+0000] {subprocess.py:106} INFO - Loaded best model state_dict from training run.
[2025-04-12T04:45:21.448+0000] {subprocess.py:106} INFO - Final model metrics logged to MLflow.
[2025-04-12T04:45:21.448+0000] {subprocess.py:106} INFO - Logging PyTorch model to MLflow...
[2025-04-12T04:45:21.449+0000] {subprocess.py:106} INFO - Model logged.
[2025-04-12T04:45:21.449+0000] {subprocess.py:106} INFO - Generating prediction visualizations...
[2025-04-12T04:45:21.450+0000] {subprocess.py:106} INFO - Visualizations generated and logged.
[2025-04-12T04:45:21.450+0000] {subprocess.py:106} INFO - --- MLflow Run Finished ---
[2025-04-12T04:45:21.451+0000] {subprocess.py:106} INFO - 🏃 View run final_model_training at: http://mlflow-server:5000/#/experiments/469555157888134183/runs/15fcec05c5824f0facc244cadda669d2
[2025-04-12T04:45:21.451+0000] {subprocess.py:106} INFO - 🧪 View experiment at: http://mlflow-server:5000/#/experiments/469555157888134183
[2025-04-12T04:45:21.451+0000] {subprocess.py:106} INFO - --- Finished Final Model Training ---
[2025-04-12T04:45:21.452+0000] {subprocess.py:106} INFO - 
[2025-04-12T04:45:21.452+0000] {subprocess.py:106} INFO - Final Training Summary:
[2025-04-12T04:45:21.453+0000] {subprocess.py:106} INFO - ========================
[2025-04-12T04:45:21.453+0000] {subprocess.py:106} INFO - test_loss: 0.0354
[2025-04-12T04:45:21.454+0000] {subprocess.py:106} INFO - avg_mse: 470.6379
[2025-04-12T04:45:21.454+0000] {subprocess.py:106} INFO - avg_mape: 0.0645
[2025-04-12T04:45:21.455+0000] {subprocess.py:106} INFO - avg_direction_accuracy: 0.5089
[2025-04-12T04:45:21.456+0000] {subprocess.py:106} INFO - ========================
[2025-04-12T04:45:22.478+0000] {subprocess.py:110} INFO - Command exited with return code 0
[2025-04-12T04:45:22.502+0000] {taskinstance.py:341} INFO - ::group::Post task execution logs
[2025-04-12T04:45:22.503+0000] {taskinstance.py:353} INFO - Marking task as SUCCESS. dag_id=lstm_stock_prediction_refactored, task_id=train_final_model, run_id=manual__2025-04-12T04:33:26.024226+00:00, execution_date=20250412T043326, start_date=20250412T044415, end_date=20250412T044522
[2025-04-12T04:45:22.531+0000] {local_task_job_runner.py:266} INFO - Task exited with return code 0
[2025-04-12T04:45:22.546+0000] {taskinstance.py:3901} INFO - 0 downstream tasks scheduled from follow-on schedule check
[2025-04-12T04:45:22.548+0000] {local_task_job_runner.py:245} INFO - ::endgroup::
