[2025-04-12T04:00:10.126+0000] {local_task_job_runner.py:123} INFO - ::group::Pre task execution logs
[2025-04-12T04:00:10.140+0000] {taskinstance.py:2614} INFO - Dependencies all met for dep_context=non-requeueable deps ti=<TaskInstance: lstm_stock_prediction_refactored.process_data manual__2025-04-12T04:00:09.694282+00:00 [queued]>
[2025-04-12T04:00:10.150+0000] {taskinstance.py:2614} INFO - Dependencies all met for dep_context=requeueable deps ti=<TaskInstance: lstm_stock_prediction_refactored.process_data manual__2025-04-12T04:00:09.694282+00:00 [queued]>
[2025-04-12T04:00:10.152+0000] {taskinstance.py:2867} INFO - Starting attempt 1 of 2
[2025-04-12T04:00:10.164+0000] {taskinstance.py:2890} INFO - Executing <Task(BashOperator): process_data> on 2025-04-12 04:00:09.694282+00:00
[2025-04-12T04:00:10.170+0000] {standard_task_runner.py:72} INFO - Started process 204 to run task
[2025-04-12T04:00:10.172+0000] {standard_task_runner.py:104} INFO - Running: ['***', 'tasks', 'run', 'lstm_stock_prediction_refactored', 'process_data', 'manual__2025-04-12T04:00:09.694282+00:00', '--job-id', '75', '--raw', '--subdir', 'DAGS_FOLDER/lstm_refactored_dag.py', '--cfg-path', '/tmp/tmp5xv3ipsf']
[2025-04-12T04:00:10.174+0000] {standard_task_runner.py:105} INFO - Job 75: Subtask process_data
[2025-04-12T04:00:10.211+0000] {task_command.py:467} INFO - Running <TaskInstance: lstm_stock_prediction_refactored.process_data manual__2025-04-12T04:00:09.694282+00:00 [running]> on host 38686bf18545
[2025-04-12T04:00:10.275+0000] {taskinstance.py:3134} INFO - Exporting env vars: AIRFLOW_CTX_DAG_OWNER='***_team' AIRFLOW_CTX_DAG_ID='lstm_stock_prediction_refactored' AIRFLOW_CTX_TASK_ID='process_data' AIRFLOW_CTX_EXECUTION_DATE='2025-04-12T04:00:09.694282+00:00' AIRFLOW_CTX_TRY_NUMBER='1' AIRFLOW_CTX_DAG_RUN_ID='manual__2025-04-12T04:00:09.694282+00:00'
[2025-04-12T04:00:10.284+0000] {taskinstance.py:732} INFO - ::endgroup::
[2025-04-12T04:00:10.307+0000] {subprocess.py:78} INFO - Tmp dir root location: /tmp
[2025-04-12T04:00:10.309+0000] {subprocess.py:88} INFO - Running command: ['/usr/bin/bash', '-c', 'python /opt/***/src/data/make_dataset.py --config /opt/***/config/params.yaml']
[2025-04-12T04:00:10.315+0000] {subprocess.py:99} INFO - Output:
[2025-04-12T04:00:10.977+0000] {subprocess.py:106} INFO - 2025-04-12 04:00:10,977 - __main__ - INFO - Starting data processing script with config: /opt/***/config/params.yaml
[2025-04-12T04:00:10.988+0000] {subprocess.py:106} INFO - 2025-04-12 04:00:10,988 - __main__ - INFO - Raw data directory: /opt/***/data/raw
[2025-04-12T04:00:10.988+0000] {subprocess.py:106} INFO - 2025-04-12 04:00:10,988 - __main__ - INFO - Processed data output path: /opt/***/data/processed/all_processed_data.npz
[2025-04-12T04:00:10.989+0000] {subprocess.py:106} INFO - 2025-04-12 04:00:10,988 - __main__ - INFO - --- Starting Data Loading ---
[2025-04-12T04:00:10.990+0000] {subprocess.py:106} INFO - 2025-04-12 04:00:10,989 - __main__ - INFO - Attempting to use RELATIVE output dir: /opt/***/data/raw
[2025-04-12T04:00:10.990+0000] {subprocess.py:106} INFO - 2025-04-12 04:00:10,989 - __main__ - INFO - Attempting to use ABSOLUTE output dir: /opt/***/data/raw
[2025-04-12T04:00:10.991+0000] {subprocess.py:106} INFO - 2025-04-12 04:00:10,989 - __main__ - INFO - Current Working Directory inside container: /tmp/***tmpjxg8zxdj
[2025-04-12T04:00:10.991+0000] {subprocess.py:106} INFO - 2025-04-12 04:00:10,989 - __main__ - INFO - Attempting to create directory: /opt/***/data/raw
[2025-04-12T04:00:10.991+0000] {subprocess.py:106} INFO - 2025-04-12 04:00:10,990 - __main__ - INFO - Successfully called mkdir for: /opt/***/data/raw (might not indicate success if permissions are wrong)
[2025-04-12T04:00:10.992+0000] {subprocess.py:106} INFO - 2025-04-12 04:00:10,990 - __main__ - INFO - Saving raw data to: /opt/***/data/raw
[2025-04-12T04:00:10.992+0000] {subprocess.py:106} INFO - 2025-04-12 04:00:10,991 - __main__ - INFO - Skipping download for AAPL, file exists: /opt/***/data/raw/AAPL_raw.pkl
[2025-04-12T04:00:10.993+0000] {subprocess.py:106} INFO - 2025-04-12 04:00:10,992 - __main__ - INFO - Skipping download for MA, file exists: /opt/***/data/raw/MA_raw.pkl
[2025-04-12T04:00:10.993+0000] {subprocess.py:106} INFO - 2025-04-12 04:00:10,993 - __main__ - INFO - Skipping download for CSCO, file exists: /opt/***/data/raw/CSCO_raw.pkl
[2025-04-12T04:00:10.994+0000] {subprocess.py:106} INFO - 2025-04-12 04:00:10,994 - __main__ - INFO - Skipping download for MSFT, file exists: /opt/***/data/raw/MSFT_raw.pkl
[2025-04-12T04:00:10.995+0000] {subprocess.py:106} INFO - 2025-04-12 04:00:10,995 - __main__ - INFO - Skipping download for AMZN, file exists: /opt/***/data/raw/AMZN_raw.pkl
[2025-04-12T04:00:10.996+0000] {subprocess.py:106} INFO - 2025-04-12 04:00:10,995 - __main__ - INFO - Skipping download for GOOG, file exists: /opt/***/data/raw/GOOG_raw.pkl
[2025-04-12T04:00:10.996+0000] {subprocess.py:106} INFO - 2025-04-12 04:00:10,996 - __main__ - INFO - Skipping download for IBM, file exists: /opt/***/data/raw/IBM_raw.pkl
[2025-04-12T04:00:10.997+0000] {subprocess.py:106} INFO - 2025-04-12 04:00:10,996 - __main__ - INFO - --- Finished Data Loading ---
[2025-04-12T04:00:11.048+0000] {subprocess.py:106} INFO - 2025-04-12 04:00:11,048 - __main__ - INFO - --- Starting Feature Engineering (Indicators) ---
[2025-04-12T04:00:11.078+0000] {subprocess.py:106} INFO - /home/***/.local/lib/python3.11/site-packages/ta/trend.py:1030: FutureWarning: Series.__setitem__ treating keys as positions is deprecated. In a future version, integer keys will always be treated as labels (consistent with DataFrame behavior). To set a value by position, use `ser.iloc[pos] = value`
[2025-04-12T04:00:11.078+0000] {subprocess.py:106} INFO -   self._psar[i] = high2
[2025-04-12T04:00:11.169+0000] {subprocess.py:106} INFO - /home/***/.local/lib/python3.11/site-packages/ta/trend.py:1030: FutureWarning: Series.__setitem__ treating keys as positions is deprecated. In a future version, integer keys will always be treated as labels (consistent with DataFrame behavior). To set a value by position, use `ser.iloc[pos] = value`
[2025-04-12T04:00:11.170+0000] {subprocess.py:106} INFO -   self._psar[i] = high2
[2025-04-12T04:00:11.262+0000] {subprocess.py:106} INFO - /home/***/.local/lib/python3.11/site-packages/ta/trend.py:1030: FutureWarning: Series.__setitem__ treating keys as positions is deprecated. In a future version, integer keys will always be treated as labels (consistent with DataFrame behavior). To set a value by position, use `ser.iloc[pos] = value`
[2025-04-12T04:00:11.263+0000] {subprocess.py:106} INFO -   self._psar[i] = high2
[2025-04-12T04:00:11.348+0000] {subprocess.py:106} INFO - /home/***/.local/lib/python3.11/site-packages/ta/trend.py:1030: FutureWarning: Series.__setitem__ treating keys as positions is deprecated. In a future version, integer keys will always be treated as labels (consistent with DataFrame behavior). To set a value by position, use `ser.iloc[pos] = value`
[2025-04-12T04:00:11.349+0000] {subprocess.py:106} INFO -   self._psar[i] = high2
[2025-04-12T04:00:11.438+0000] {subprocess.py:106} INFO - /home/***/.local/lib/python3.11/site-packages/ta/trend.py:1030: FutureWarning: Series.__setitem__ treating keys as positions is deprecated. In a future version, integer keys will always be treated as labels (consistent with DataFrame behavior). To set a value by position, use `ser.iloc[pos] = value`
[2025-04-12T04:00:11.439+0000] {subprocess.py:106} INFO -   self._psar[i] = high2
[2025-04-12T04:00:11.515+0000] {subprocess.py:106} INFO - /home/***/.local/lib/python3.11/site-packages/ta/trend.py:1030: FutureWarning: Series.__setitem__ treating keys as positions is deprecated. In a future version, integer keys will always be treated as labels (consistent with DataFrame behavior). To set a value by position, use `ser.iloc[pos] = value`
[2025-04-12T04:00:11.515+0000] {subprocess.py:106} INFO -   self._psar[i] = high2
[2025-04-12T04:00:11.607+0000] {subprocess.py:106} INFO - /home/***/.local/lib/python3.11/site-packages/ta/trend.py:1030: FutureWarning: Series.__setitem__ treating keys as positions is deprecated. In a future version, integer keys will always be treated as labels (consistent with DataFrame behavior). To set a value by position, use `ser.iloc[pos] = value`
[2025-04-12T04:00:11.608+0000] {subprocess.py:106} INFO -   self._psar[i] = high2
[2025-04-12T04:00:11.655+0000] {subprocess.py:106} INFO - 2025-04-12 04:00:11,654 - __main__ - INFO - --- Finished Feature Engineering (Indicators) ---
[2025-04-12T04:00:11.655+0000] {subprocess.py:106} INFO - 2025-04-12 04:00:11,655 - __main__ - INFO - --- Starting Feature Filtering ---
[2025-04-12T04:00:11.664+0000] {subprocess.py:106} INFO - 2025-04-12 04:00:11,664 - __main__ - INFO - Features remaining after filtering: 16
[2025-04-12T04:00:11.665+0000] {subprocess.py:106} INFO - 2025-04-12 04:00:11,664 - __main__ - INFO - --- Finished Feature Filtering ---
[2025-04-12T04:00:11.667+0000] {subprocess.py:106} INFO - 2025-04-12 04:00:11,664 - __main__ - INFO - --- Starting Data Alignment & Processing ---
[2025-04-12T04:00:11.697+0000] {subprocess.py:106} INFO - /opt/***/src/data/make_dataset.py:144: FutureWarning: DataFrame.fillna with 'method' is deprecated and will raise in a future version. Use obj.ffill() or obj.bfill() instead.
[2025-04-12T04:00:11.698+0000] {subprocess.py:106} INFO -   df = aligned_data[ticker][feature_columns + ['Target']].fillna(method='ffill').fillna(method='bfill')
[2025-04-12T04:00:11.699+0000] {subprocess.py:106} INFO - /opt/***/src/data/make_dataset.py:144: FutureWarning: DataFrame.fillna with 'method' is deprecated and will raise in a future version. Use obj.ffill() or obj.bfill() instead.
[2025-04-12T04:00:11.700+0000] {subprocess.py:106} INFO -   df = aligned_data[ticker][feature_columns + ['Target']].fillna(method='ffill').fillna(method='bfill')
[2025-04-12T04:00:11.701+0000] {subprocess.py:106} INFO - /opt/***/src/data/make_dataset.py:144: FutureWarning: DataFrame.fillna with 'method' is deprecated and will raise in a future version. Use obj.ffill() or obj.bfill() instead.
[2025-04-12T04:00:11.701+0000] {subprocess.py:106} INFO -   df = aligned_data[ticker][feature_columns + ['Target']].fillna(method='ffill').fillna(method='bfill')
[2025-04-12T04:00:11.703+0000] {subprocess.py:106} INFO - /opt/***/src/data/make_dataset.py:144: FutureWarning: DataFrame.fillna with 'method' is deprecated and will raise in a future version. Use obj.ffill() or obj.bfill() instead.
[2025-04-12T04:00:11.708+0000] {subprocess.py:106} INFO -   df = aligned_data[ticker][feature_columns + ['Target']].fillna(method='ffill').fillna(method='bfill')
[2025-04-12T04:00:11.708+0000] {subprocess.py:106} INFO - /opt/***/src/data/make_dataset.py:144: FutureWarning: DataFrame.fillna with 'method' is deprecated and will raise in a future version. Use obj.ffill() or obj.bfill() instead.
[2025-04-12T04:00:11.709+0000] {subprocess.py:106} INFO -   df = aligned_data[ticker][feature_columns + ['Target']].fillna(method='ffill').fillna(method='bfill')
[2025-04-12T04:00:11.709+0000] {subprocess.py:106} INFO - /opt/***/src/data/make_dataset.py:144: FutureWarning: DataFrame.fillna with 'method' is deprecated and will raise in a future version. Use obj.ffill() or obj.bfill() instead.
[2025-04-12T04:00:11.710+0000] {subprocess.py:106} INFO -   df = aligned_data[ticker][feature_columns + ['Target']].fillna(method='ffill').fillna(method='bfill')
[2025-04-12T04:00:11.710+0000] {subprocess.py:106} INFO - /opt/***/src/data/make_dataset.py:144: FutureWarning: DataFrame.fillna with 'method' is deprecated and will raise in a future version. Use obj.ffill() or obj.bfill() instead.
[2025-04-12T04:00:11.711+0000] {subprocess.py:106} INFO -   df = aligned_data[ticker][feature_columns + ['Target']].fillna(method='ffill').fillna(method='bfill')
[2025-04-12T04:00:11.711+0000] {subprocess.py:106} INFO - 2025-04-12 04:00:11,707 - __main__ - INFO - Processed data shape: (752, 7, 16)
[2025-04-12T04:00:11.712+0000] {subprocess.py:106} INFO - 2025-04-12 04:00:11,707 - __main__ - INFO - Targets shape: (752, 7)
[2025-04-12T04:00:11.712+0000] {subprocess.py:106} INFO - 2025-04-12 04:00:11,707 - __main__ - INFO - Final tickers in order: ['AAPL', 'MA', 'CSCO', 'MSFT', 'AMZN', 'GOOG', 'IBM']
[2025-04-12T04:00:11.712+0000] {subprocess.py:106} INFO - 2025-04-12 04:00:11,707 - __main__ - INFO - --- Finished Data Alignment & Processing ---
[2025-04-12T04:00:11.713+0000] {subprocess.py:106} INFO - 2025-04-12 04:00:11,709 - __main__ - INFO - Attempting to save to absolute path: /opt/***/data/processed/all_processed_data.npz
[2025-04-12T04:00:11.727+0000] {subprocess.py:106} INFO - 2025-04-12 04:00:11,727 - __main__ - INFO - Successfully saved processed data to /opt/***/data/processed/all_processed_data.npz
[2025-04-12T04:00:11.734+0000] {subprocess.py:106} INFO - 2025-04-12 04:00:11,734 - __main__ - INFO - Verified file exists at: /opt/***/data/processed/all_processed_data.npz
[2025-04-12T04:00:11.747+0000] {subprocess.py:106} INFO - 2025-04-12 04:00:11,734 - __main__ - INFO - Data processing script finished.
[2025-04-12T04:00:11.747+0000] {subprocess.py:106} INFO - --- PRINT TEST: Starting Data Loading ---
[2025-04-12T04:00:11.748+0000] {subprocess.py:106} INFO - Filtering highly correlated features with threshold 0.9
[2025-04-12T04:00:11.748+0000] {subprocess.py:106} INFO - Identified 20 highly correlated features to remove: ['High', 'Low', 'Close', 'EMA_50', 'EMA_200', 'BB_High', 'BB_Low', 'OBV', 'SMA_50', 'VWAP', 'PSAR', 'Stochastic_D', 'CCI', 'Williams_R', 'Donchian_High', 'Donchian_Low', 'Keltner_High', 'Keltner_Low', 'DI_Positive', 'DI_Negative']
[2025-04-12T04:00:11.749+0000] {subprocess.py:106} INFO - Excluding 'Close' column from removal list.
[2025-04-12T04:00:11.749+0000] {subprocess.py:106} INFO - Final list of 19 features to remove: ['High', 'Low', 'EMA_50', 'EMA_200', 'BB_High', 'BB_Low', 'OBV', 'SMA_50', 'VWAP', 'PSAR', 'Stochastic_D', 'CCI', 'Williams_R', 'Donchian_High', 'Donchian_Low', 'Keltner_High', 'Keltner_Low', 'DI_Positive', 'DI_Negative']
[2025-04-12T04:00:11.811+0000] {subprocess.py:110} INFO - Command exited with return code 0
[2025-04-12T04:00:11.827+0000] {taskinstance.py:341} INFO - ::group::Post task execution logs
[2025-04-12T04:00:11.828+0000] {taskinstance.py:353} INFO - Marking task as SUCCESS. dag_id=lstm_stock_prediction_refactored, task_id=process_data, run_id=manual__2025-04-12T04:00:09.694282+00:00, execution_date=20250412T040009, start_date=20250412T040010, end_date=20250412T040011
[2025-04-12T04:00:11.870+0000] {local_task_job_runner.py:266} INFO - Task exited with return code 0
[2025-04-12T04:00:11.888+0000] {taskinstance.py:3901} INFO - 1 downstream tasks scheduled from follow-on schedule check
[2025-04-12T04:00:11.890+0000] {local_task_job_runner.py:245} INFO - ::endgroup::
