[2025-04-11T09:18:06.366+0000] {local_task_job_runner.py:123} INFO - ::group::Pre task execution logs
[2025-04-11T09:18:06.379+0000] {taskinstance.py:2614} INFO - Dependencies all met for dep_context=non-requeueable deps ti=<TaskInstance: lstm_stock_prediction_refactored.process_data manual__2025-04-11T09:18:05.830082+00:00 [queued]>
[2025-04-11T09:18:06.389+0000] {taskinstance.py:2614} INFO - Dependencies all met for dep_context=requeueable deps ti=<TaskInstance: lstm_stock_prediction_refactored.process_data manual__2025-04-11T09:18:05.830082+00:00 [queued]>
[2025-04-11T09:18:06.390+0000] {taskinstance.py:2867} INFO - Starting attempt 1 of 2
[2025-04-11T09:18:06.402+0000] {taskinstance.py:2890} INFO - Executing <Task(BashOperator): process_data> on 2025-04-11 09:18:05.830082+00:00
[2025-04-11T09:18:06.408+0000] {standard_task_runner.py:72} INFO - Started process 394 to run task
[2025-04-11T09:18:06.416+0000] {standard_task_runner.py:104} INFO - Running: ['***', 'tasks', 'run', 'lstm_stock_prediction_refactored', 'process_data', 'manual__2025-04-11T09:18:05.830082+00:00', '--job-id', '49', '--raw', '--subdir', 'DAGS_FOLDER/lstm_refactored_dag.py', '--cfg-path', '/tmp/tmpg7uryzi5']
[2025-04-11T09:18:06.423+0000] {standard_task_runner.py:105} INFO - Job 49: Subtask process_data
[2025-04-11T09:18:06.469+0000] {task_command.py:467} INFO - Running <TaskInstance: lstm_stock_prediction_refactored.process_data manual__2025-04-11T09:18:05.830082+00:00 [running]> on host 0eccea126813
[2025-04-11T09:18:06.534+0000] {taskinstance.py:3134} INFO - Exporting env vars: AIRFLOW_CTX_DAG_OWNER='***_team' AIRFLOW_CTX_DAG_ID='lstm_stock_prediction_refactored' AIRFLOW_CTX_TASK_ID='process_data' AIRFLOW_CTX_EXECUTION_DATE='2025-04-11T09:18:05.830082+00:00' AIRFLOW_CTX_TRY_NUMBER='1' AIRFLOW_CTX_DAG_RUN_ID='manual__2025-04-11T09:18:05.830082+00:00'
[2025-04-11T09:18:06.535+0000] {taskinstance.py:732} INFO - ::endgroup::
[2025-04-11T09:18:06.560+0000] {subprocess.py:78} INFO - Tmp dir root location: /tmp
[2025-04-11T09:18:06.561+0000] {subprocess.py:88} INFO - Running command: ['/usr/bin/bash', '-c', 'python /opt/***/src/data/make_dataset.py --config /opt/***/config/params.yaml']
[2025-04-11T09:18:06.569+0000] {subprocess.py:99} INFO - Output:
[2025-04-11T09:18:07.443+0000] {subprocess.py:106} INFO - 2025-04-11 09:18:07,443 - __main__ - INFO - Starting data processing script with config: /opt/***/config/params.yaml
[2025-04-11T09:18:07.449+0000] {subprocess.py:106} INFO - 2025-04-11 09:18:07,448 - __main__ - INFO - Raw data directory: /opt/***/data/raw
[2025-04-11T09:18:07.450+0000] {subprocess.py:106} INFO - 2025-04-11 09:18:07,448 - __main__ - INFO - Processed data output path: /opt/***/data/processed/all_processed_data.npz
[2025-04-11T09:18:07.451+0000] {subprocess.py:106} INFO - 2025-04-11 09:18:07,448 - __main__ - INFO - --- Starting Data Loading ---
[2025-04-11T09:18:07.451+0000] {subprocess.py:106} INFO - 2025-04-11 09:18:07,450 - __main__ - INFO - Attempting to use RELATIVE output dir: /opt/***/data/raw
[2025-04-11T09:18:07.452+0000] {subprocess.py:106} INFO - 2025-04-11 09:18:07,451 - __main__ - INFO - Attempting to use ABSOLUTE output dir: /opt/***/data/raw
[2025-04-11T09:18:07.453+0000] {subprocess.py:106} INFO - 2025-04-11 09:18:07,451 - __main__ - INFO - Current Working Directory inside container: /tmp/***tmp0pjn4wao
[2025-04-11T09:18:07.454+0000] {subprocess.py:106} INFO - 2025-04-11 09:18:07,451 - __main__ - INFO - Attempting to create directory: /opt/***/data/raw
[2025-04-11T09:18:07.455+0000] {subprocess.py:106} INFO - 2025-04-11 09:18:07,452 - __main__ - INFO - Successfully called mkdir for: /opt/***/data/raw (might not indicate success if permissions are wrong)
[2025-04-11T09:18:07.455+0000] {subprocess.py:106} INFO - 2025-04-11 09:18:07,452 - __main__ - INFO - Saving raw data to: /opt/***/data/raw
[2025-04-11T09:18:07.456+0000] {subprocess.py:106} INFO - 2025-04-11 09:18:07,453 - __main__ - INFO - Skipping download for AAPL, file exists: /opt/***/data/raw/AAPL_raw.pkl
[2025-04-11T09:18:07.457+0000] {subprocess.py:106} INFO - 2025-04-11 09:18:07,454 - __main__ - INFO - Skipping download for MA, file exists: /opt/***/data/raw/MA_raw.pkl
[2025-04-11T09:18:07.458+0000] {subprocess.py:106} INFO - 2025-04-11 09:18:07,455 - __main__ - INFO - Skipping download for CSCO, file exists: /opt/***/data/raw/CSCO_raw.pkl
[2025-04-11T09:18:07.459+0000] {subprocess.py:106} INFO - 2025-04-11 09:18:07,457 - __main__ - INFO - Skipping download for MSFT, file exists: /opt/***/data/raw/MSFT_raw.pkl
[2025-04-11T09:18:07.460+0000] {subprocess.py:106} INFO - 2025-04-11 09:18:07,458 - __main__ - INFO - Skipping download for AMZN, file exists: /opt/***/data/raw/AMZN_raw.pkl
[2025-04-11T09:18:07.460+0000] {subprocess.py:106} INFO - 2025-04-11 09:18:07,459 - __main__ - INFO - Skipping download for GOOG, file exists: /opt/***/data/raw/GOOG_raw.pkl
[2025-04-11T09:18:07.461+0000] {subprocess.py:106} INFO - 2025-04-11 09:18:07,460 - __main__ - INFO - Skipping download for IBM, file exists: /opt/***/data/raw/IBM_raw.pkl
[2025-04-11T09:18:07.461+0000] {subprocess.py:106} INFO - 2025-04-11 09:18:07,460 - __main__ - INFO - --- Finished Data Loading ---
[2025-04-11T09:18:07.492+0000] {subprocess.py:106} INFO - 2025-04-11 09:18:07,492 - __main__ - INFO - --- Starting Feature Engineering (Indicators) ---
[2025-04-11T09:18:07.519+0000] {subprocess.py:106} INFO - /home/***/.local/lib/python3.11/site-packages/ta/trend.py:1030: FutureWarning: Series.__setitem__ treating keys as positions is deprecated. In a future version, integer keys will always be treated as labels (consistent with DataFrame behavior). To set a value by position, use `ser.iloc[pos] = value`
[2025-04-11T09:18:07.520+0000] {subprocess.py:106} INFO -   self._psar[i] = high2
[2025-04-11T09:18:07.659+0000] {subprocess.py:106} INFO - /home/***/.local/lib/python3.11/site-packages/ta/trend.py:1030: FutureWarning: Series.__setitem__ treating keys as positions is deprecated. In a future version, integer keys will always be treated as labels (consistent with DataFrame behavior). To set a value by position, use `ser.iloc[pos] = value`
[2025-04-11T09:18:07.660+0000] {subprocess.py:106} INFO -   self._psar[i] = high2
[2025-04-11T09:18:07.775+0000] {subprocess.py:106} INFO - /home/***/.local/lib/python3.11/site-packages/ta/trend.py:1030: FutureWarning: Series.__setitem__ treating keys as positions is deprecated. In a future version, integer keys will always be treated as labels (consistent with DataFrame behavior). To set a value by position, use `ser.iloc[pos] = value`
[2025-04-11T09:18:07.777+0000] {subprocess.py:106} INFO -   self._psar[i] = high2
[2025-04-11T09:18:07.868+0000] {subprocess.py:106} INFO - /home/***/.local/lib/python3.11/site-packages/ta/trend.py:1030: FutureWarning: Series.__setitem__ treating keys as positions is deprecated. In a future version, integer keys will always be treated as labels (consistent with DataFrame behavior). To set a value by position, use `ser.iloc[pos] = value`
[2025-04-11T09:18:07.869+0000] {subprocess.py:106} INFO -   self._psar[i] = high2
[2025-04-11T09:18:07.977+0000] {subprocess.py:106} INFO - /home/***/.local/lib/python3.11/site-packages/ta/trend.py:1030: FutureWarning: Series.__setitem__ treating keys as positions is deprecated. In a future version, integer keys will always be treated as labels (consistent with DataFrame behavior). To set a value by position, use `ser.iloc[pos] = value`
[2025-04-11T09:18:07.978+0000] {subprocess.py:106} INFO -   self._psar[i] = high2
[2025-04-11T09:18:08.086+0000] {subprocess.py:106} INFO - /home/***/.local/lib/python3.11/site-packages/ta/trend.py:1030: FutureWarning: Series.__setitem__ treating keys as positions is deprecated. In a future version, integer keys will always be treated as labels (consistent with DataFrame behavior). To set a value by position, use `ser.iloc[pos] = value`
[2025-04-11T09:18:08.088+0000] {subprocess.py:106} INFO -   self._psar[i] = high2
[2025-04-11T09:18:08.254+0000] {subprocess.py:106} INFO - /home/***/.local/lib/python3.11/site-packages/ta/trend.py:1030: FutureWarning: Series.__setitem__ treating keys as positions is deprecated. In a future version, integer keys will always be treated as labels (consistent with DataFrame behavior). To set a value by position, use `ser.iloc[pos] = value`
[2025-04-11T09:18:08.256+0000] {subprocess.py:106} INFO -   self._psar[i] = high2
[2025-04-11T09:18:08.340+0000] {subprocess.py:106} INFO - 2025-04-11 09:18:08,339 - __main__ - INFO - --- Finished Feature Engineering (Indicators) ---
[2025-04-11T09:18:08.341+0000] {subprocess.py:106} INFO - 2025-04-11 09:18:08,340 - __main__ - INFO - --- Starting Feature Filtering ---
[2025-04-11T09:18:08.348+0000] {subprocess.py:106} INFO - 2025-04-11 09:18:08,348 - __main__ - INFO - Features remaining after filtering: 16
[2025-04-11T09:18:08.350+0000] {subprocess.py:106} INFO - 2025-04-11 09:18:08,348 - __main__ - INFO - --- Finished Feature Filtering ---
[2025-04-11T09:18:08.352+0000] {subprocess.py:106} INFO - 2025-04-11 09:18:08,348 - __main__ - INFO - --- Starting Data Alignment & Processing ---
[2025-04-11T09:18:08.404+0000] {subprocess.py:106} INFO - /opt/***/src/data/make_dataset.py:144: FutureWarning: DataFrame.fillna with 'method' is deprecated and will raise in a future version. Use obj.ffill() or obj.bfill() instead.
[2025-04-11T09:18:08.405+0000] {subprocess.py:106} INFO -   df = aligned_data[ticker][feature_columns + ['Target']].fillna(method='ffill').fillna(method='bfill')
[2025-04-11T09:18:08.408+0000] {subprocess.py:106} INFO - /opt/***/src/data/make_dataset.py:144: FutureWarning: DataFrame.fillna with 'method' is deprecated and will raise in a future version. Use obj.ffill() or obj.bfill() instead.
[2025-04-11T09:18:08.409+0000] {subprocess.py:106} INFO -   df = aligned_data[ticker][feature_columns + ['Target']].fillna(method='ffill').fillna(method='bfill')
[2025-04-11T09:18:08.410+0000] {subprocess.py:106} INFO - /opt/***/src/data/make_dataset.py:144: FutureWarning: DataFrame.fillna with 'method' is deprecated and will raise in a future version. Use obj.ffill() or obj.bfill() instead.
[2025-04-11T09:18:08.411+0000] {subprocess.py:106} INFO -   df = aligned_data[ticker][feature_columns + ['Target']].fillna(method='ffill').fillna(method='bfill')
[2025-04-11T09:18:08.412+0000] {subprocess.py:106} INFO - /opt/***/src/data/make_dataset.py:144: FutureWarning: DataFrame.fillna with 'method' is deprecated and will raise in a future version. Use obj.ffill() or obj.bfill() instead.
[2025-04-11T09:18:08.412+0000] {subprocess.py:106} INFO -   df = aligned_data[ticker][feature_columns + ['Target']].fillna(method='ffill').fillna(method='bfill')
[2025-04-11T09:18:08.413+0000] {subprocess.py:106} INFO - /opt/***/src/data/make_dataset.py:144: FutureWarning: DataFrame.fillna with 'method' is deprecated and will raise in a future version. Use obj.ffill() or obj.bfill() instead.
[2025-04-11T09:18:08.414+0000] {subprocess.py:106} INFO -   df = aligned_data[ticker][feature_columns + ['Target']].fillna(method='ffill').fillna(method='bfill')
[2025-04-11T09:18:08.415+0000] {subprocess.py:106} INFO - /opt/***/src/data/make_dataset.py:144: FutureWarning: DataFrame.fillna with 'method' is deprecated and will raise in a future version. Use obj.ffill() or obj.bfill() instead.
[2025-04-11T09:18:08.415+0000] {subprocess.py:106} INFO -   df = aligned_data[ticker][feature_columns + ['Target']].fillna(method='ffill').fillna(method='bfill')
[2025-04-11T09:18:08.417+0000] {subprocess.py:106} INFO - /opt/***/src/data/make_dataset.py:144: FutureWarning: DataFrame.fillna with 'method' is deprecated and will raise in a future version. Use obj.ffill() or obj.bfill() instead.
[2025-04-11T09:18:08.418+0000] {subprocess.py:106} INFO -   df = aligned_data[ticker][feature_columns + ['Target']].fillna(method='ffill').fillna(method='bfill')
[2025-04-11T09:18:08.419+0000] {subprocess.py:106} INFO - 2025-04-11 09:18:08,419 - __main__ - INFO - Processed data shape: (752, 7, 16)
[2025-04-11T09:18:08.420+0000] {subprocess.py:106} INFO - 2025-04-11 09:18:08,419 - __main__ - INFO - Targets shape: (752, 7)
[2025-04-11T09:18:08.420+0000] {subprocess.py:106} INFO - 2025-04-11 09:18:08,419 - __main__ - INFO - Final tickers in order: ['AAPL', 'MA', 'CSCO', 'MSFT', 'AMZN', 'GOOG', 'IBM']
[2025-04-11T09:18:08.421+0000] {subprocess.py:106} INFO - 2025-04-11 09:18:08,419 - __main__ - INFO - --- Finished Data Alignment & Processing ---
[2025-04-11T09:18:08.422+0000] {subprocess.py:106} INFO - 2025-04-11 09:18:08,422 - __main__ - INFO - Attempting to save to absolute path: /opt/***/data/processed/all_processed_data.npz
[2025-04-11T09:18:08.435+0000] {subprocess.py:106} INFO - 2025-04-11 09:18:08,434 - __main__ - INFO - Successfully saved processed data to /opt/***/data/processed/all_processed_data.npz
[2025-04-11T09:18:08.436+0000] {subprocess.py:106} INFO - 2025-04-11 09:18:08,436 - __main__ - INFO - Verified file exists at: /opt/***/data/processed/all_processed_data.npz
[2025-04-11T09:18:08.437+0000] {subprocess.py:106} INFO - 2025-04-11 09:18:08,437 - __main__ - INFO - Data processing script finished.
[2025-04-11T09:18:08.437+0000] {subprocess.py:106} INFO - --- PRINT TEST: Starting Data Loading ---
[2025-04-11T09:18:08.438+0000] {subprocess.py:106} INFO - Filtering highly correlated features with threshold 0.9
[2025-04-11T09:18:08.438+0000] {subprocess.py:106} INFO - Identified 20 highly correlated features to remove: ['High', 'Low', 'Close', 'EMA_50', 'EMA_200', 'BB_High', 'BB_Low', 'OBV', 'SMA_50', 'VWAP', 'PSAR', 'Stochastic_D', 'CCI', 'Williams_R', 'Donchian_High', 'Donchian_Low', 'Keltner_High', 'Keltner_Low', 'DI_Positive', 'DI_Negative']
[2025-04-11T09:18:08.439+0000] {subprocess.py:106} INFO - Excluding 'Close' column from removal list.
[2025-04-11T09:18:08.439+0000] {subprocess.py:106} INFO - Final list of 19 features to remove: ['High', 'Low', 'EMA_50', 'EMA_200', 'BB_High', 'BB_Low', 'OBV', 'SMA_50', 'VWAP', 'PSAR', 'Stochastic_D', 'CCI', 'Williams_R', 'Donchian_High', 'Donchian_Low', 'Keltner_High', 'Keltner_Low', 'DI_Positive', 'DI_Negative']
[2025-04-11T09:18:08.578+0000] {subprocess.py:110} INFO - Command exited with return code 0
[2025-04-11T09:18:08.601+0000] {taskinstance.py:341} INFO - ::group::Post task execution logs
[2025-04-11T09:18:08.603+0000] {taskinstance.py:353} INFO - Marking task as SUCCESS. dag_id=lstm_stock_prediction_refactored, task_id=process_data, run_id=manual__2025-04-11T09:18:05.830082+00:00, execution_date=20250411T091805, start_date=20250411T091806, end_date=20250411T091808
[2025-04-11T09:18:08.637+0000] {local_task_job_runner.py:266} INFO - Task exited with return code 0
[2025-04-11T09:18:08.658+0000] {taskinstance.py:3901} INFO - 1 downstream tasks scheduled from follow-on schedule check
[2025-04-11T09:18:08.660+0000] {local_task_job_runner.py:245} INFO - ::endgroup::
