[2025-04-22T08:09:34.359+0000] {processor.py:186} INFO - Started process (PID=171) to work on /opt/airflow/dags/lstm_refactored_dag.py
[2025-04-22T08:09:34.361+0000] {processor.py:914} INFO - Processing file /opt/airflow/dags/lstm_refactored_dag.py for tasks to queue
[2025-04-22T08:09:34.365+0000] {logging_mixin.py:190} INFO - [2025-04-22T08:09:34.365+0000] {dagbag.py:588} INFO - Filling up the DagBag from /opt/airflow/dags/lstm_refactored_dag.py
[2025-04-22T08:09:34.393+0000] {processor.py:925} INFO - DAG(s) 'lstm_stock_prediction_refactored' retrieved from /opt/airflow/dags/lstm_refactored_dag.py
[2025-04-22T08:09:34.438+0000] {logging_mixin.py:190} INFO - [2025-04-22T08:09:34.438+0000] {dag.py:3239} INFO - Sync 1 DAGs
[2025-04-22T08:09:34.478+0000] {logging_mixin.py:190} INFO - [2025-04-22T08:09:34.478+0000] {dag.py:4180} INFO - Setting next_dagrun for lstm_stock_prediction_refactored to 2025-04-21 08:00:00+00:00, run_after=2025-04-28 08:00:00+00:00
[2025-04-22T08:09:34.497+0000] {processor.py:208} INFO - Processing /opt/airflow/dags/lstm_refactored_dag.py took 0.147 seconds
[2025-04-22T08:10:04.567+0000] {processor.py:186} INFO - Started process (PID=176) to work on /opt/airflow/dags/lstm_refactored_dag.py
[2025-04-22T08:10:04.572+0000] {processor.py:914} INFO - Processing file /opt/airflow/dags/lstm_refactored_dag.py for tasks to queue
[2025-04-22T08:10:04.594+0000] {logging_mixin.py:190} INFO - [2025-04-22T08:10:04.593+0000] {dagbag.py:588} INFO - Filling up the DagBag from /opt/airflow/dags/lstm_refactored_dag.py
[2025-04-22T08:10:04.631+0000] {processor.py:925} INFO - DAG(s) 'lstm_stock_prediction_refactored' retrieved from /opt/airflow/dags/lstm_refactored_dag.py
[2025-04-22T08:10:04.721+0000] {logging_mixin.py:190} INFO - [2025-04-22T08:10:04.721+0000] {dag.py:3239} INFO - Sync 1 DAGs
[2025-04-22T08:10:04.766+0000] {logging_mixin.py:190} INFO - [2025-04-22T08:10:04.766+0000] {dag.py:4180} INFO - Setting next_dagrun for lstm_stock_prediction_refactored to 2025-04-21 08:00:00+00:00, run_after=2025-04-28 08:00:00+00:00
[2025-04-22T08:10:04.794+0000] {processor.py:208} INFO - Processing /opt/airflow/dags/lstm_refactored_dag.py took 0.233 seconds
[2025-04-22T08:10:34.879+0000] {processor.py:186} INFO - Started process (PID=189) to work on /opt/airflow/dags/lstm_refactored_dag.py
[2025-04-22T08:10:34.880+0000] {processor.py:914} INFO - Processing file /opt/airflow/dags/lstm_refactored_dag.py for tasks to queue
[2025-04-22T08:10:34.882+0000] {logging_mixin.py:190} INFO - [2025-04-22T08:10:34.881+0000] {dagbag.py:588} INFO - Filling up the DagBag from /opt/airflow/dags/lstm_refactored_dag.py
[2025-04-22T08:10:34.898+0000] {processor.py:925} INFO - DAG(s) 'lstm_stock_prediction_refactored' retrieved from /opt/airflow/dags/lstm_refactored_dag.py
[2025-04-22T08:10:34.925+0000] {logging_mixin.py:190} INFO - [2025-04-22T08:10:34.925+0000] {dag.py:3239} INFO - Sync 1 DAGs
[2025-04-22T08:10:34.961+0000] {logging_mixin.py:190} INFO - [2025-04-22T08:10:34.961+0000] {dag.py:4180} INFO - Setting next_dagrun for lstm_stock_prediction_refactored to 2025-04-21 08:00:00+00:00, run_after=2025-04-28 08:00:00+00:00
[2025-04-22T08:10:34.977+0000] {processor.py:208} INFO - Processing /opt/airflow/dags/lstm_refactored_dag.py took 0.104 seconds
[2025-04-22T08:11:05.428+0000] {processor.py:186} INFO - Started process (PID=194) to work on /opt/airflow/dags/lstm_refactored_dag.py
[2025-04-22T08:11:05.433+0000] {processor.py:914} INFO - Processing file /opt/airflow/dags/lstm_refactored_dag.py for tasks to queue
[2025-04-22T08:11:05.467+0000] {logging_mixin.py:190} INFO - [2025-04-22T08:11:05.464+0000] {dagbag.py:588} INFO - Filling up the DagBag from /opt/airflow/dags/lstm_refactored_dag.py
[2025-04-22T08:11:05.604+0000] {processor.py:925} INFO - DAG(s) 'lstm_stock_prediction_refactored' retrieved from /opt/airflow/dags/lstm_refactored_dag.py
[2025-04-22T08:11:05.800+0000] {logging_mixin.py:190} INFO - [2025-04-22T08:11:05.799+0000] {dag.py:3239} INFO - Sync 1 DAGs
[2025-04-22T08:11:06.013+0000] {logging_mixin.py:190} INFO - [2025-04-22T08:11:06.012+0000] {dag.py:4180} INFO - Setting next_dagrun for lstm_stock_prediction_refactored to 2025-04-21 08:00:00+00:00, run_after=2025-04-28 08:00:00+00:00
[2025-04-22T08:11:06.103+0000] {processor.py:208} INFO - Processing /opt/airflow/dags/lstm_refactored_dag.py took 0.745 seconds
[2025-04-22T08:11:36.442+0000] {processor.py:186} INFO - Started process (PID=207) to work on /opt/airflow/dags/lstm_refactored_dag.py
[2025-04-22T08:11:36.445+0000] {processor.py:914} INFO - Processing file /opt/airflow/dags/lstm_refactored_dag.py for tasks to queue
[2025-04-22T08:11:36.458+0000] {logging_mixin.py:190} INFO - [2025-04-22T08:11:36.455+0000] {dagbag.py:588} INFO - Filling up the DagBag from /opt/airflow/dags/lstm_refactored_dag.py
[2025-04-22T08:11:36.518+0000] {processor.py:925} INFO - DAG(s) 'lstm_stock_prediction_refactored' retrieved from /opt/airflow/dags/lstm_refactored_dag.py
[2025-04-22T08:11:36.591+0000] {logging_mixin.py:190} INFO - [2025-04-22T08:11:36.591+0000] {dag.py:3239} INFO - Sync 1 DAGs
[2025-04-22T08:11:36.650+0000] {logging_mixin.py:190} INFO - [2025-04-22T08:11:36.649+0000] {dag.py:4180} INFO - Setting next_dagrun for lstm_stock_prediction_refactored to 2025-04-21 08:00:00+00:00, run_after=2025-04-28 08:00:00+00:00
[2025-04-22T08:11:36.677+0000] {processor.py:208} INFO - Processing /opt/airflow/dags/lstm_refactored_dag.py took 0.258 seconds
[2025-04-22T08:12:06.862+0000] {processor.py:186} INFO - Started process (PID=212) to work on /opt/airflow/dags/lstm_refactored_dag.py
[2025-04-22T08:12:06.863+0000] {processor.py:914} INFO - Processing file /opt/airflow/dags/lstm_refactored_dag.py for tasks to queue
[2025-04-22T08:12:06.866+0000] {logging_mixin.py:190} INFO - [2025-04-22T08:12:06.865+0000] {dagbag.py:588} INFO - Filling up the DagBag from /opt/airflow/dags/lstm_refactored_dag.py
[2025-04-22T08:12:06.886+0000] {processor.py:925} INFO - DAG(s) 'lstm_stock_prediction_refactored' retrieved from /opt/airflow/dags/lstm_refactored_dag.py
[2025-04-22T08:12:06.919+0000] {logging_mixin.py:190} INFO - [2025-04-22T08:12:06.919+0000] {dag.py:3239} INFO - Sync 1 DAGs
[2025-04-22T08:12:06.945+0000] {logging_mixin.py:190} INFO - [2025-04-22T08:12:06.945+0000] {dag.py:4180} INFO - Setting next_dagrun for lstm_stock_prediction_refactored to 2025-04-21 08:00:00+00:00, run_after=2025-04-28 08:00:00+00:00
[2025-04-22T08:12:06.971+0000] {processor.py:208} INFO - Processing /opt/airflow/dags/lstm_refactored_dag.py took 0.116 seconds
[2025-04-22T08:12:37.055+0000] {processor.py:186} INFO - Started process (PID=225) to work on /opt/airflow/dags/lstm_refactored_dag.py
[2025-04-22T08:12:37.057+0000] {processor.py:914} INFO - Processing file /opt/airflow/dags/lstm_refactored_dag.py for tasks to queue
[2025-04-22T08:12:37.060+0000] {logging_mixin.py:190} INFO - [2025-04-22T08:12:37.059+0000] {dagbag.py:588} INFO - Filling up the DagBag from /opt/airflow/dags/lstm_refactored_dag.py
[2025-04-22T08:12:37.081+0000] {processor.py:925} INFO - DAG(s) 'lstm_stock_prediction_refactored' retrieved from /opt/airflow/dags/lstm_refactored_dag.py
[2025-04-22T08:12:37.163+0000] {logging_mixin.py:190} INFO - [2025-04-22T08:12:37.163+0000] {dag.py:3239} INFO - Sync 1 DAGs
[2025-04-22T08:12:37.227+0000] {logging_mixin.py:190} INFO - [2025-04-22T08:12:37.226+0000] {dag.py:4180} INFO - Setting next_dagrun for lstm_stock_prediction_refactored to 2025-04-21 08:00:00+00:00, run_after=2025-04-28 08:00:00+00:00
[2025-04-22T08:12:37.247+0000] {processor.py:208} INFO - Processing /opt/airflow/dags/lstm_refactored_dag.py took 0.197 seconds
[2025-04-22T08:13:07.347+0000] {processor.py:186} INFO - Started process (PID=230) to work on /opt/airflow/dags/lstm_refactored_dag.py
[2025-04-22T08:13:07.349+0000] {processor.py:914} INFO - Processing file /opt/airflow/dags/lstm_refactored_dag.py for tasks to queue
[2025-04-22T08:13:07.354+0000] {logging_mixin.py:190} INFO - [2025-04-22T08:13:07.353+0000] {dagbag.py:588} INFO - Filling up the DagBag from /opt/airflow/dags/lstm_refactored_dag.py
[2025-04-22T08:13:07.390+0000] {processor.py:925} INFO - DAG(s) 'lstm_stock_prediction_refactored' retrieved from /opt/airflow/dags/lstm_refactored_dag.py
[2025-04-22T08:13:07.426+0000] {logging_mixin.py:190} INFO - [2025-04-22T08:13:07.426+0000] {dag.py:3239} INFO - Sync 1 DAGs
[2025-04-22T08:13:07.459+0000] {logging_mixin.py:190} INFO - [2025-04-22T08:13:07.459+0000] {dag.py:4180} INFO - Setting next_dagrun for lstm_stock_prediction_refactored to 2025-04-21 08:00:00+00:00, run_after=2025-04-28 08:00:00+00:00
[2025-04-22T08:13:07.484+0000] {processor.py:208} INFO - Processing /opt/airflow/dags/lstm_refactored_dag.py took 0.144 seconds
[2025-04-22T08:13:37.621+0000] {processor.py:186} INFO - Started process (PID=242) to work on /opt/airflow/dags/lstm_refactored_dag.py
[2025-04-22T08:13:37.623+0000] {processor.py:914} INFO - Processing file /opt/airflow/dags/lstm_refactored_dag.py for tasks to queue
[2025-04-22T08:13:37.627+0000] {logging_mixin.py:190} INFO - [2025-04-22T08:13:37.626+0000] {dagbag.py:588} INFO - Filling up the DagBag from /opt/airflow/dags/lstm_refactored_dag.py
[2025-04-22T08:13:37.648+0000] {processor.py:925} INFO - DAG(s) 'lstm_stock_prediction_refactored' retrieved from /opt/airflow/dags/lstm_refactored_dag.py
[2025-04-22T08:13:37.679+0000] {logging_mixin.py:190} INFO - [2025-04-22T08:13:37.678+0000] {dag.py:3239} INFO - Sync 1 DAGs
[2025-04-22T08:13:37.705+0000] {logging_mixin.py:190} INFO - [2025-04-22T08:13:37.705+0000] {dag.py:4180} INFO - Setting next_dagrun for lstm_stock_prediction_refactored to 2025-04-21 08:00:00+00:00, run_after=2025-04-28 08:00:00+00:00
[2025-04-22T08:13:37.724+0000] {processor.py:208} INFO - Processing /opt/airflow/dags/lstm_refactored_dag.py took 0.113 seconds
[2025-04-22T08:14:07.859+0000] {processor.py:186} INFO - Started process (PID=248) to work on /opt/airflow/dags/lstm_refactored_dag.py
[2025-04-22T08:14:07.860+0000] {processor.py:914} INFO - Processing file /opt/airflow/dags/lstm_refactored_dag.py for tasks to queue
[2025-04-22T08:14:07.863+0000] {logging_mixin.py:190} INFO - [2025-04-22T08:14:07.862+0000] {dagbag.py:588} INFO - Filling up the DagBag from /opt/airflow/dags/lstm_refactored_dag.py
[2025-04-22T08:14:07.884+0000] {processor.py:925} INFO - DAG(s) 'lstm_stock_prediction_refactored' retrieved from /opt/airflow/dags/lstm_refactored_dag.py
[2025-04-22T08:14:07.914+0000] {logging_mixin.py:190} INFO - [2025-04-22T08:14:07.914+0000] {dag.py:3239} INFO - Sync 1 DAGs
[2025-04-22T08:14:07.943+0000] {logging_mixin.py:190} INFO - [2025-04-22T08:14:07.942+0000] {dag.py:4180} INFO - Setting next_dagrun for lstm_stock_prediction_refactored to 2025-04-21 08:00:00+00:00, run_after=2025-04-28 08:00:00+00:00
[2025-04-22T08:14:07.965+0000] {processor.py:208} INFO - Processing /opt/airflow/dags/lstm_refactored_dag.py took 0.113 seconds
[2025-04-22T08:14:38.130+0000] {processor.py:186} INFO - Started process (PID=253) to work on /opt/airflow/dags/lstm_refactored_dag.py
[2025-04-22T08:14:38.132+0000] {processor.py:914} INFO - Processing file /opt/airflow/dags/lstm_refactored_dag.py for tasks to queue
[2025-04-22T08:14:38.136+0000] {logging_mixin.py:190} INFO - [2025-04-22T08:14:38.135+0000] {dagbag.py:588} INFO - Filling up the DagBag from /opt/airflow/dags/lstm_refactored_dag.py
[2025-04-22T08:14:38.156+0000] {processor.py:925} INFO - DAG(s) 'lstm_stock_prediction_refactored' retrieved from /opt/airflow/dags/lstm_refactored_dag.py
[2025-04-22T08:14:38.181+0000] {logging_mixin.py:190} INFO - [2025-04-22T08:14:38.181+0000] {dag.py:3239} INFO - Sync 1 DAGs
[2025-04-22T08:14:38.208+0000] {logging_mixin.py:190} INFO - [2025-04-22T08:14:38.208+0000] {dag.py:4180} INFO - Setting next_dagrun for lstm_stock_prediction_refactored to 2025-04-21 08:00:00+00:00, run_after=2025-04-28 08:00:00+00:00
[2025-04-22T08:14:38.225+0000] {processor.py:208} INFO - Processing /opt/airflow/dags/lstm_refactored_dag.py took 0.101 seconds
[2025-04-22T08:15:08.344+0000] {processor.py:186} INFO - Started process (PID=266) to work on /opt/airflow/dags/lstm_refactored_dag.py
[2025-04-22T08:15:08.346+0000] {processor.py:914} INFO - Processing file /opt/airflow/dags/lstm_refactored_dag.py for tasks to queue
[2025-04-22T08:15:08.349+0000] {logging_mixin.py:190} INFO - [2025-04-22T08:15:08.348+0000] {dagbag.py:588} INFO - Filling up the DagBag from /opt/airflow/dags/lstm_refactored_dag.py
[2025-04-22T08:15:08.375+0000] {processor.py:925} INFO - DAG(s) 'lstm_stock_prediction_refactored' retrieved from /opt/airflow/dags/lstm_refactored_dag.py
[2025-04-22T08:15:08.409+0000] {logging_mixin.py:190} INFO - [2025-04-22T08:15:08.409+0000] {dag.py:3239} INFO - Sync 1 DAGs
[2025-04-22T08:15:08.441+0000] {logging_mixin.py:190} INFO - [2025-04-22T08:15:08.440+0000] {dag.py:4180} INFO - Setting next_dagrun for lstm_stock_prediction_refactored to 2025-04-21 08:00:00+00:00, run_after=2025-04-28 08:00:00+00:00
[2025-04-22T08:15:08.464+0000] {processor.py:208} INFO - Processing /opt/airflow/dags/lstm_refactored_dag.py took 0.127 seconds
[2025-04-22T08:15:38.572+0000] {processor.py:186} INFO - Started process (PID=271) to work on /opt/airflow/dags/lstm_refactored_dag.py
[2025-04-22T08:15:38.573+0000] {processor.py:914} INFO - Processing file /opt/airflow/dags/lstm_refactored_dag.py for tasks to queue
[2025-04-22T08:15:38.575+0000] {logging_mixin.py:190} INFO - [2025-04-22T08:15:38.575+0000] {dagbag.py:588} INFO - Filling up the DagBag from /opt/airflow/dags/lstm_refactored_dag.py
[2025-04-22T08:15:38.592+0000] {processor.py:925} INFO - DAG(s) 'lstm_stock_prediction_refactored' retrieved from /opt/airflow/dags/lstm_refactored_dag.py
[2025-04-22T08:15:38.625+0000] {logging_mixin.py:190} INFO - [2025-04-22T08:15:38.625+0000] {dag.py:3239} INFO - Sync 1 DAGs
[2025-04-22T08:15:38.649+0000] {logging_mixin.py:190} INFO - [2025-04-22T08:15:38.649+0000] {dag.py:4180} INFO - Setting next_dagrun for lstm_stock_prediction_refactored to 2025-04-21 08:00:00+00:00, run_after=2025-04-28 08:00:00+00:00
[2025-04-22T08:15:38.668+0000] {processor.py:208} INFO - Processing /opt/airflow/dags/lstm_refactored_dag.py took 0.102 seconds
[2025-04-22T08:16:08.834+0000] {processor.py:186} INFO - Started process (PID=284) to work on /opt/airflow/dags/lstm_refactored_dag.py
[2025-04-22T08:16:08.835+0000] {processor.py:914} INFO - Processing file /opt/airflow/dags/lstm_refactored_dag.py for tasks to queue
[2025-04-22T08:16:08.838+0000] {logging_mixin.py:190} INFO - [2025-04-22T08:16:08.838+0000] {dagbag.py:588} INFO - Filling up the DagBag from /opt/airflow/dags/lstm_refactored_dag.py
[2025-04-22T08:16:08.858+0000] {processor.py:925} INFO - DAG(s) 'lstm_stock_prediction_refactored' retrieved from /opt/airflow/dags/lstm_refactored_dag.py
[2025-04-22T08:16:08.884+0000] {logging_mixin.py:190} INFO - [2025-04-22T08:16:08.884+0000] {dag.py:3239} INFO - Sync 1 DAGs
[2025-04-22T08:16:08.908+0000] {logging_mixin.py:190} INFO - [2025-04-22T08:16:08.908+0000] {dag.py:4180} INFO - Setting next_dagrun for lstm_stock_prediction_refactored to 2025-04-21 08:00:00+00:00, run_after=2025-04-28 08:00:00+00:00
[2025-04-22T08:16:08.928+0000] {processor.py:208} INFO - Processing /opt/airflow/dags/lstm_refactored_dag.py took 0.100 seconds
[2025-04-22T08:16:39.056+0000] {processor.py:186} INFO - Started process (PID=289) to work on /opt/airflow/dags/lstm_refactored_dag.py
[2025-04-22T08:16:39.057+0000] {processor.py:914} INFO - Processing file /opt/airflow/dags/lstm_refactored_dag.py for tasks to queue
[2025-04-22T08:16:39.059+0000] {logging_mixin.py:190} INFO - [2025-04-22T08:16:39.059+0000] {dagbag.py:588} INFO - Filling up the DagBag from /opt/airflow/dags/lstm_refactored_dag.py
[2025-04-22T08:16:39.077+0000] {processor.py:925} INFO - DAG(s) 'lstm_stock_prediction_refactored' retrieved from /opt/airflow/dags/lstm_refactored_dag.py
[2025-04-22T08:16:39.102+0000] {logging_mixin.py:190} INFO - [2025-04-22T08:16:39.102+0000] {dag.py:3239} INFO - Sync 1 DAGs
[2025-04-22T08:16:39.124+0000] {logging_mixin.py:190} INFO - [2025-04-22T08:16:39.124+0000] {dag.py:4180} INFO - Setting next_dagrun for lstm_stock_prediction_refactored to 2025-04-21 08:00:00+00:00, run_after=2025-04-28 08:00:00+00:00
[2025-04-22T08:16:39.144+0000] {processor.py:208} INFO - Processing /opt/airflow/dags/lstm_refactored_dag.py took 0.093 seconds
[2025-04-22T08:17:09.612+0000] {processor.py:186} INFO - Started process (PID=302) to work on /opt/airflow/dags/lstm_refactored_dag.py
[2025-04-22T08:17:09.614+0000] {processor.py:914} INFO - Processing file /opt/airflow/dags/lstm_refactored_dag.py for tasks to queue
[2025-04-22T08:17:09.625+0000] {logging_mixin.py:190} INFO - [2025-04-22T08:17:09.622+0000] {dagbag.py:588} INFO - Filling up the DagBag from /opt/airflow/dags/lstm_refactored_dag.py
[2025-04-22T08:17:09.687+0000] {processor.py:925} INFO - DAG(s) 'lstm_stock_prediction_refactored' retrieved from /opt/airflow/dags/lstm_refactored_dag.py
[2025-04-22T08:17:09.720+0000] {logging_mixin.py:190} INFO - [2025-04-22T08:17:09.720+0000] {dag.py:3239} INFO - Sync 1 DAGs
[2025-04-22T08:17:09.751+0000] {logging_mixin.py:190} INFO - [2025-04-22T08:17:09.751+0000] {dag.py:4180} INFO - Setting next_dagrun for lstm_stock_prediction_refactored to 2025-04-21 08:00:00+00:00, run_after=2025-04-28 08:00:00+00:00
[2025-04-22T08:17:09.769+0000] {processor.py:208} INFO - Processing /opt/airflow/dags/lstm_refactored_dag.py took 0.163 seconds
[2025-04-22T08:17:39.949+0000] {processor.py:186} INFO - Started process (PID=307) to work on /opt/airflow/dags/lstm_refactored_dag.py
[2025-04-22T08:17:39.951+0000] {processor.py:914} INFO - Processing file /opt/airflow/dags/lstm_refactored_dag.py for tasks to queue
[2025-04-22T08:17:39.954+0000] {logging_mixin.py:190} INFO - [2025-04-22T08:17:39.954+0000] {dagbag.py:588} INFO - Filling up the DagBag from /opt/airflow/dags/lstm_refactored_dag.py
[2025-04-22T08:17:39.981+0000] {processor.py:925} INFO - DAG(s) 'lstm_stock_prediction_refactored' retrieved from /opt/airflow/dags/lstm_refactored_dag.py
[2025-04-22T08:17:40.033+0000] {logging_mixin.py:190} INFO - [2025-04-22T08:17:40.032+0000] {dag.py:3239} INFO - Sync 1 DAGs
[2025-04-22T08:17:40.066+0000] {logging_mixin.py:190} INFO - [2025-04-22T08:17:40.066+0000] {dag.py:4180} INFO - Setting next_dagrun for lstm_stock_prediction_refactored to 2025-04-21 08:00:00+00:00, run_after=2025-04-28 08:00:00+00:00
[2025-04-22T08:17:40.089+0000] {processor.py:208} INFO - Processing /opt/airflow/dags/lstm_refactored_dag.py took 0.148 seconds
[2025-04-22T08:18:10.278+0000] {processor.py:186} INFO - Started process (PID=320) to work on /opt/airflow/dags/lstm_refactored_dag.py
[2025-04-22T08:18:10.279+0000] {processor.py:914} INFO - Processing file /opt/airflow/dags/lstm_refactored_dag.py for tasks to queue
[2025-04-22T08:18:10.283+0000] {logging_mixin.py:190} INFO - [2025-04-22T08:18:10.283+0000] {dagbag.py:588} INFO - Filling up the DagBag from /opt/airflow/dags/lstm_refactored_dag.py
[2025-04-22T08:18:10.302+0000] {processor.py:925} INFO - DAG(s) 'lstm_stock_prediction_refactored' retrieved from /opt/airflow/dags/lstm_refactored_dag.py
[2025-04-22T08:18:10.339+0000] {logging_mixin.py:190} INFO - [2025-04-22T08:18:10.339+0000] {dag.py:3239} INFO - Sync 1 DAGs
[2025-04-22T08:18:10.371+0000] {logging_mixin.py:190} INFO - [2025-04-22T08:18:10.370+0000] {dag.py:4180} INFO - Setting next_dagrun for lstm_stock_prediction_refactored to 2025-04-21 08:00:00+00:00, run_after=2025-04-28 08:00:00+00:00
[2025-04-22T08:18:10.392+0000] {processor.py:208} INFO - Processing /opt/airflow/dags/lstm_refactored_dag.py took 0.120 seconds
[2025-04-22T08:18:40.451+0000] {processor.py:186} INFO - Started process (PID=325) to work on /opt/airflow/dags/lstm_refactored_dag.py
[2025-04-22T08:18:40.452+0000] {processor.py:914} INFO - Processing file /opt/airflow/dags/lstm_refactored_dag.py for tasks to queue
[2025-04-22T08:18:40.454+0000] {logging_mixin.py:190} INFO - [2025-04-22T08:18:40.454+0000] {dagbag.py:588} INFO - Filling up the DagBag from /opt/airflow/dags/lstm_refactored_dag.py
[2025-04-22T08:18:40.472+0000] {processor.py:925} INFO - DAG(s) 'lstm_stock_prediction_refactored' retrieved from /opt/airflow/dags/lstm_refactored_dag.py
[2025-04-22T08:18:40.496+0000] {logging_mixin.py:190} INFO - [2025-04-22T08:18:40.496+0000] {dag.py:3239} INFO - Sync 1 DAGs
[2025-04-22T08:18:40.523+0000] {logging_mixin.py:190} INFO - [2025-04-22T08:18:40.523+0000] {dag.py:4180} INFO - Setting next_dagrun for lstm_stock_prediction_refactored to 2025-04-21 08:00:00+00:00, run_after=2025-04-28 08:00:00+00:00
[2025-04-22T08:18:40.540+0000] {processor.py:208} INFO - Processing /opt/airflow/dags/lstm_refactored_dag.py took 0.093 seconds
[2025-04-22T08:19:10.622+0000] {processor.py:186} INFO - Started process (PID=338) to work on /opt/airflow/dags/lstm_refactored_dag.py
[2025-04-22T08:19:10.623+0000] {processor.py:914} INFO - Processing file /opt/airflow/dags/lstm_refactored_dag.py for tasks to queue
[2025-04-22T08:19:10.625+0000] {logging_mixin.py:190} INFO - [2025-04-22T08:19:10.624+0000] {dagbag.py:588} INFO - Filling up the DagBag from /opt/airflow/dags/lstm_refactored_dag.py
[2025-04-22T08:19:10.642+0000] {processor.py:925} INFO - DAG(s) 'lstm_stock_prediction_refactored' retrieved from /opt/airflow/dags/lstm_refactored_dag.py
[2025-04-22T08:19:10.670+0000] {logging_mixin.py:190} INFO - [2025-04-22T08:19:10.669+0000] {dag.py:3239} INFO - Sync 1 DAGs
[2025-04-22T08:19:10.692+0000] {logging_mixin.py:190} INFO - [2025-04-22T08:19:10.692+0000] {dag.py:4180} INFO - Setting next_dagrun for lstm_stock_prediction_refactored to 2025-04-21 08:00:00+00:00, run_after=2025-04-28 08:00:00+00:00
[2025-04-22T08:19:10.708+0000] {processor.py:208} INFO - Processing /opt/airflow/dags/lstm_refactored_dag.py took 0.092 seconds
[2025-04-22T08:19:40.928+0000] {processor.py:186} INFO - Started process (PID=343) to work on /opt/airflow/dags/lstm_refactored_dag.py
[2025-04-22T08:19:40.929+0000] {processor.py:914} INFO - Processing file /opt/airflow/dags/lstm_refactored_dag.py for tasks to queue
[2025-04-22T08:19:40.931+0000] {logging_mixin.py:190} INFO - [2025-04-22T08:19:40.931+0000] {dagbag.py:588} INFO - Filling up the DagBag from /opt/airflow/dags/lstm_refactored_dag.py
[2025-04-22T08:19:40.948+0000] {processor.py:925} INFO - DAG(s) 'lstm_stock_prediction_refactored' retrieved from /opt/airflow/dags/lstm_refactored_dag.py
[2025-04-22T08:19:40.973+0000] {logging_mixin.py:190} INFO - [2025-04-22T08:19:40.972+0000] {dag.py:3239} INFO - Sync 1 DAGs
[2025-04-22T08:19:40.997+0000] {logging_mixin.py:190} INFO - [2025-04-22T08:19:40.997+0000] {dag.py:4180} INFO - Setting next_dagrun for lstm_stock_prediction_refactored to 2025-04-21 08:00:00+00:00, run_after=2025-04-28 08:00:00+00:00
[2025-04-22T08:19:41.014+0000] {processor.py:208} INFO - Processing /opt/airflow/dags/lstm_refactored_dag.py took 0.091 seconds
[2025-04-22T08:20:11.122+0000] {processor.py:186} INFO - Started process (PID=356) to work on /opt/airflow/dags/lstm_refactored_dag.py
[2025-04-22T08:20:11.123+0000] {processor.py:914} INFO - Processing file /opt/airflow/dags/lstm_refactored_dag.py for tasks to queue
[2025-04-22T08:20:11.131+0000] {logging_mixin.py:190} INFO - [2025-04-22T08:20:11.131+0000] {dagbag.py:588} INFO - Filling up the DagBag from /opt/airflow/dags/lstm_refactored_dag.py
[2025-04-22T08:20:11.151+0000] {processor.py:925} INFO - DAG(s) 'lstm_stock_prediction_refactored' retrieved from /opt/airflow/dags/lstm_refactored_dag.py
[2025-04-22T08:20:11.177+0000] {logging_mixin.py:190} INFO - [2025-04-22T08:20:11.177+0000] {dag.py:3239} INFO - Sync 1 DAGs
[2025-04-22T08:20:11.200+0000] {logging_mixin.py:190} INFO - [2025-04-22T08:20:11.200+0000] {dag.py:4180} INFO - Setting next_dagrun for lstm_stock_prediction_refactored to 2025-04-21 08:00:00+00:00, run_after=2025-04-28 08:00:00+00:00
[2025-04-22T08:20:11.217+0000] {processor.py:208} INFO - Processing /opt/airflow/dags/lstm_refactored_dag.py took 0.100 seconds
[2025-04-22T08:20:41.383+0000] {processor.py:186} INFO - Started process (PID=361) to work on /opt/airflow/dags/lstm_refactored_dag.py
[2025-04-22T08:20:41.383+0000] {processor.py:914} INFO - Processing file /opt/airflow/dags/lstm_refactored_dag.py for tasks to queue
[2025-04-22T08:20:41.387+0000] {logging_mixin.py:190} INFO - [2025-04-22T08:20:41.386+0000] {dagbag.py:588} INFO - Filling up the DagBag from /opt/airflow/dags/lstm_refactored_dag.py
[2025-04-22T08:20:41.402+0000] {processor.py:925} INFO - DAG(s) 'lstm_stock_prediction_refactored' retrieved from /opt/airflow/dags/lstm_refactored_dag.py
[2025-04-22T08:20:41.425+0000] {logging_mixin.py:190} INFO - [2025-04-22T08:20:41.425+0000] {dag.py:3239} INFO - Sync 1 DAGs
[2025-04-22T08:20:41.448+0000] {logging_mixin.py:190} INFO - [2025-04-22T08:20:41.448+0000] {dag.py:4180} INFO - Setting next_dagrun for lstm_stock_prediction_refactored to 2025-04-21 08:00:00+00:00, run_after=2025-04-28 08:00:00+00:00
[2025-04-22T08:20:41.465+0000] {processor.py:208} INFO - Processing /opt/airflow/dags/lstm_refactored_dag.py took 0.087 seconds
[2025-04-22T08:21:11.578+0000] {processor.py:186} INFO - Started process (PID=374) to work on /opt/airflow/dags/lstm_refactored_dag.py
[2025-04-22T08:21:11.579+0000] {processor.py:914} INFO - Processing file /opt/airflow/dags/lstm_refactored_dag.py for tasks to queue
[2025-04-22T08:21:11.581+0000] {logging_mixin.py:190} INFO - [2025-04-22T08:21:11.581+0000] {dagbag.py:588} INFO - Filling up the DagBag from /opt/airflow/dags/lstm_refactored_dag.py
[2025-04-22T08:21:11.596+0000] {processor.py:925} INFO - DAG(s) 'lstm_stock_prediction_refactored' retrieved from /opt/airflow/dags/lstm_refactored_dag.py
[2025-04-22T08:21:11.619+0000] {logging_mixin.py:190} INFO - [2025-04-22T08:21:11.619+0000] {dag.py:3239} INFO - Sync 1 DAGs
[2025-04-22T08:21:11.640+0000] {logging_mixin.py:190} INFO - [2025-04-22T08:21:11.639+0000] {dag.py:4180} INFO - Setting next_dagrun for lstm_stock_prediction_refactored to 2025-04-21 08:00:00+00:00, run_after=2025-04-28 08:00:00+00:00
[2025-04-22T08:21:11.655+0000] {processor.py:208} INFO - Processing /opt/airflow/dags/lstm_refactored_dag.py took 0.081 seconds
[2025-04-22T08:21:41.804+0000] {processor.py:186} INFO - Started process (PID=379) to work on /opt/airflow/dags/lstm_refactored_dag.py
[2025-04-22T08:21:41.804+0000] {processor.py:914} INFO - Processing file /opt/airflow/dags/lstm_refactored_dag.py for tasks to queue
[2025-04-22T08:21:41.806+0000] {logging_mixin.py:190} INFO - [2025-04-22T08:21:41.806+0000] {dagbag.py:588} INFO - Filling up the DagBag from /opt/airflow/dags/lstm_refactored_dag.py
[2025-04-22T08:21:41.823+0000] {processor.py:925} INFO - DAG(s) 'lstm_stock_prediction_refactored' retrieved from /opt/airflow/dags/lstm_refactored_dag.py
[2025-04-22T08:21:41.847+0000] {logging_mixin.py:190} INFO - [2025-04-22T08:21:41.847+0000] {dag.py:3239} INFO - Sync 1 DAGs
[2025-04-22T08:21:41.871+0000] {logging_mixin.py:190} INFO - [2025-04-22T08:21:41.870+0000] {dag.py:4180} INFO - Setting next_dagrun for lstm_stock_prediction_refactored to 2025-04-21 08:00:00+00:00, run_after=2025-04-28 08:00:00+00:00
[2025-04-22T08:21:41.888+0000] {processor.py:208} INFO - Processing /opt/airflow/dags/lstm_refactored_dag.py took 0.090 seconds
[2025-04-22T08:22:11.982+0000] {processor.py:186} INFO - Started process (PID=392) to work on /opt/airflow/dags/lstm_refactored_dag.py
[2025-04-22T08:22:11.983+0000] {processor.py:914} INFO - Processing file /opt/airflow/dags/lstm_refactored_dag.py for tasks to queue
[2025-04-22T08:22:11.985+0000] {logging_mixin.py:190} INFO - [2025-04-22T08:22:11.985+0000] {dagbag.py:588} INFO - Filling up the DagBag from /opt/airflow/dags/lstm_refactored_dag.py
[2025-04-22T08:22:12.002+0000] {processor.py:925} INFO - DAG(s) 'lstm_stock_prediction_refactored' retrieved from /opt/airflow/dags/lstm_refactored_dag.py
[2025-04-22T08:22:12.029+0000] {logging_mixin.py:190} INFO - [2025-04-22T08:22:12.029+0000] {dag.py:3239} INFO - Sync 1 DAGs
[2025-04-22T08:22:12.053+0000] {logging_mixin.py:190} INFO - [2025-04-22T08:22:12.053+0000] {dag.py:4180} INFO - Setting next_dagrun for lstm_stock_prediction_refactored to 2025-04-21 08:00:00+00:00, run_after=2025-04-28 08:00:00+00:00
[2025-04-22T08:22:12.070+0000] {processor.py:208} INFO - Processing /opt/airflow/dags/lstm_refactored_dag.py took 0.093 seconds
[2025-04-22T08:22:42.233+0000] {processor.py:186} INFO - Started process (PID=397) to work on /opt/airflow/dags/lstm_refactored_dag.py
[2025-04-22T08:22:42.234+0000] {processor.py:914} INFO - Processing file /opt/airflow/dags/lstm_refactored_dag.py for tasks to queue
[2025-04-22T08:22:42.236+0000] {logging_mixin.py:190} INFO - [2025-04-22T08:22:42.235+0000] {dagbag.py:588} INFO - Filling up the DagBag from /opt/airflow/dags/lstm_refactored_dag.py
[2025-04-22T08:22:42.249+0000] {processor.py:925} INFO - DAG(s) 'lstm_stock_prediction_refactored' retrieved from /opt/airflow/dags/lstm_refactored_dag.py
[2025-04-22T08:22:42.272+0000] {logging_mixin.py:190} INFO - [2025-04-22T08:22:42.271+0000] {dag.py:3239} INFO - Sync 1 DAGs
[2025-04-22T08:22:42.293+0000] {logging_mixin.py:190} INFO - [2025-04-22T08:22:42.292+0000] {dag.py:4180} INFO - Setting next_dagrun for lstm_stock_prediction_refactored to 2025-04-21 08:00:00+00:00, run_after=2025-04-28 08:00:00+00:00
[2025-04-22T08:22:42.308+0000] {processor.py:208} INFO - Processing /opt/airflow/dags/lstm_refactored_dag.py took 0.079 seconds
[2025-04-22T08:23:12.433+0000] {processor.py:186} INFO - Started process (PID=410) to work on /opt/airflow/dags/lstm_refactored_dag.py
[2025-04-22T08:23:12.434+0000] {processor.py:914} INFO - Processing file /opt/airflow/dags/lstm_refactored_dag.py for tasks to queue
[2025-04-22T08:23:12.436+0000] {logging_mixin.py:190} INFO - [2025-04-22T08:23:12.436+0000] {dagbag.py:588} INFO - Filling up the DagBag from /opt/airflow/dags/lstm_refactored_dag.py
[2025-04-22T08:23:12.452+0000] {processor.py:925} INFO - DAG(s) 'lstm_stock_prediction_refactored' retrieved from /opt/airflow/dags/lstm_refactored_dag.py
[2025-04-22T08:23:12.476+0000] {logging_mixin.py:190} INFO - [2025-04-22T08:23:12.475+0000] {dag.py:3239} INFO - Sync 1 DAGs
[2025-04-22T08:23:12.503+0000] {logging_mixin.py:190} INFO - [2025-04-22T08:23:12.503+0000] {dag.py:4180} INFO - Setting next_dagrun for lstm_stock_prediction_refactored to 2025-04-21 08:00:00+00:00, run_after=2025-04-28 08:00:00+00:00
[2025-04-22T08:23:12.522+0000] {processor.py:208} INFO - Processing /opt/airflow/dags/lstm_refactored_dag.py took 0.094 seconds
[2025-04-22T08:23:42.681+0000] {processor.py:186} INFO - Started process (PID=415) to work on /opt/airflow/dags/lstm_refactored_dag.py
[2025-04-22T08:23:42.683+0000] {processor.py:914} INFO - Processing file /opt/airflow/dags/lstm_refactored_dag.py for tasks to queue
[2025-04-22T08:23:42.686+0000] {logging_mixin.py:190} INFO - [2025-04-22T08:23:42.686+0000] {dagbag.py:588} INFO - Filling up the DagBag from /opt/airflow/dags/lstm_refactored_dag.py
[2025-04-22T08:23:42.714+0000] {processor.py:925} INFO - DAG(s) 'lstm_stock_prediction_refactored' retrieved from /opt/airflow/dags/lstm_refactored_dag.py
[2025-04-22T08:23:42.748+0000] {logging_mixin.py:190} INFO - [2025-04-22T08:23:42.748+0000] {dag.py:3239} INFO - Sync 1 DAGs
[2025-04-22T08:23:42.781+0000] {logging_mixin.py:190} INFO - [2025-04-22T08:23:42.781+0000] {dag.py:4180} INFO - Setting next_dagrun for lstm_stock_prediction_refactored to 2025-04-21 08:00:00+00:00, run_after=2025-04-28 08:00:00+00:00
[2025-04-22T08:23:42.804+0000] {processor.py:208} INFO - Processing /opt/airflow/dags/lstm_refactored_dag.py took 0.129 seconds
[2025-04-22T08:24:12.880+0000] {processor.py:186} INFO - Started process (PID=428) to work on /opt/airflow/dags/lstm_refactored_dag.py
[2025-04-22T08:24:12.880+0000] {processor.py:914} INFO - Processing file /opt/airflow/dags/lstm_refactored_dag.py for tasks to queue
[2025-04-22T08:24:12.882+0000] {logging_mixin.py:190} INFO - [2025-04-22T08:24:12.882+0000] {dagbag.py:588} INFO - Filling up the DagBag from /opt/airflow/dags/lstm_refactored_dag.py
[2025-04-22T08:24:12.898+0000] {processor.py:925} INFO - DAG(s) 'lstm_stock_prediction_refactored' retrieved from /opt/airflow/dags/lstm_refactored_dag.py
[2025-04-22T08:24:12.924+0000] {logging_mixin.py:190} INFO - [2025-04-22T08:24:12.924+0000] {dag.py:3239} INFO - Sync 1 DAGs
[2025-04-22T08:24:12.945+0000] {logging_mixin.py:190} INFO - [2025-04-22T08:24:12.945+0000] {dag.py:4180} INFO - Setting next_dagrun for lstm_stock_prediction_refactored to 2025-04-21 08:00:00+00:00, run_after=2025-04-28 08:00:00+00:00
[2025-04-22T08:24:12.962+0000] {processor.py:208} INFO - Processing /opt/airflow/dags/lstm_refactored_dag.py took 0.088 seconds
[2025-04-22T08:24:43.196+0000] {processor.py:186} INFO - Started process (PID=433) to work on /opt/airflow/dags/lstm_refactored_dag.py
[2025-04-22T08:24:43.197+0000] {processor.py:914} INFO - Processing file /opt/airflow/dags/lstm_refactored_dag.py for tasks to queue
[2025-04-22T08:24:43.200+0000] {logging_mixin.py:190} INFO - [2025-04-22T08:24:43.199+0000] {dagbag.py:588} INFO - Filling up the DagBag from /opt/airflow/dags/lstm_refactored_dag.py
[2025-04-22T08:24:43.216+0000] {processor.py:925} INFO - DAG(s) 'lstm_stock_prediction_refactored' retrieved from /opt/airflow/dags/lstm_refactored_dag.py
[2025-04-22T08:24:43.241+0000] {logging_mixin.py:190} INFO - [2025-04-22T08:24:43.241+0000] {dag.py:3239} INFO - Sync 1 DAGs
[2025-04-22T08:24:43.264+0000] {logging_mixin.py:190} INFO - [2025-04-22T08:24:43.264+0000] {dag.py:4180} INFO - Setting next_dagrun for lstm_stock_prediction_refactored to 2025-04-21 08:00:00+00:00, run_after=2025-04-28 08:00:00+00:00
[2025-04-22T08:24:43.280+0000] {processor.py:208} INFO - Processing /opt/airflow/dags/lstm_refactored_dag.py took 0.089 seconds
[2025-04-22T08:25:13.389+0000] {processor.py:186} INFO - Started process (PID=446) to work on /opt/airflow/dags/lstm_refactored_dag.py
[2025-04-22T08:25:13.389+0000] {processor.py:914} INFO - Processing file /opt/airflow/dags/lstm_refactored_dag.py for tasks to queue
[2025-04-22T08:25:13.392+0000] {logging_mixin.py:190} INFO - [2025-04-22T08:25:13.391+0000] {dagbag.py:588} INFO - Filling up the DagBag from /opt/airflow/dags/lstm_refactored_dag.py
[2025-04-22T08:25:13.417+0000] {processor.py:925} INFO - DAG(s) 'lstm_stock_prediction_refactored' retrieved from /opt/airflow/dags/lstm_refactored_dag.py
[2025-04-22T08:25:13.452+0000] {logging_mixin.py:190} INFO - [2025-04-22T08:25:13.452+0000] {dag.py:3239} INFO - Sync 1 DAGs
[2025-04-22T08:25:13.478+0000] {logging_mixin.py:190} INFO - [2025-04-22T08:25:13.477+0000] {dag.py:4180} INFO - Setting next_dagrun for lstm_stock_prediction_refactored to 2025-04-21 08:00:00+00:00, run_after=2025-04-28 08:00:00+00:00
[2025-04-22T08:25:13.492+0000] {processor.py:208} INFO - Processing /opt/airflow/dags/lstm_refactored_dag.py took 0.108 seconds
[2025-04-22T08:25:43.649+0000] {processor.py:186} INFO - Started process (PID=535) to work on /opt/airflow/dags/lstm_refactored_dag.py
[2025-04-22T08:25:43.650+0000] {processor.py:914} INFO - Processing file /opt/airflow/dags/lstm_refactored_dag.py for tasks to queue
[2025-04-22T08:25:43.653+0000] {logging_mixin.py:190} INFO - [2025-04-22T08:25:43.653+0000] {dagbag.py:588} INFO - Filling up the DagBag from /opt/airflow/dags/lstm_refactored_dag.py
[2025-04-22T08:25:43.671+0000] {processor.py:925} INFO - DAG(s) 'lstm_stock_prediction_refactored' retrieved from /opt/airflow/dags/lstm_refactored_dag.py
[2025-04-22T08:25:43.725+0000] {logging_mixin.py:190} INFO - [2025-04-22T08:25:43.725+0000] {dag.py:3239} INFO - Sync 1 DAGs
[2025-04-22T08:25:43.812+0000] {logging_mixin.py:190} INFO - [2025-04-22T08:25:43.811+0000] {dag.py:4180} INFO - Setting next_dagrun for lstm_stock_prediction_refactored to 2025-04-21 08:00:00+00:00, run_after=2025-04-28 08:00:00+00:00
[2025-04-22T08:25:43.845+0000] {processor.py:208} INFO - Processing /opt/airflow/dags/lstm_refactored_dag.py took 0.204 seconds
[2025-04-22T08:26:14.076+0000] {processor.py:186} INFO - Started process (PID=648) to work on /opt/airflow/dags/lstm_refactored_dag.py
[2025-04-22T08:26:14.078+0000] {processor.py:914} INFO - Processing file /opt/airflow/dags/lstm_refactored_dag.py for tasks to queue
[2025-04-22T08:26:14.085+0000] {logging_mixin.py:190} INFO - [2025-04-22T08:26:14.084+0000] {dagbag.py:588} INFO - Filling up the DagBag from /opt/airflow/dags/lstm_refactored_dag.py
[2025-04-22T08:26:14.114+0000] {processor.py:925} INFO - DAG(s) 'lstm_stock_prediction_refactored' retrieved from /opt/airflow/dags/lstm_refactored_dag.py
[2025-04-22T08:26:14.239+0000] {logging_mixin.py:190} INFO - [2025-04-22T08:26:14.239+0000] {dag.py:3239} INFO - Sync 1 DAGs
[2025-04-22T08:26:14.309+0000] {logging_mixin.py:190} INFO - [2025-04-22T08:26:14.309+0000] {dag.py:4180} INFO - Setting next_dagrun for lstm_stock_prediction_refactored to 2025-04-21 08:00:00+00:00, run_after=2025-04-28 08:00:00+00:00
[2025-04-22T08:26:14.341+0000] {processor.py:208} INFO - Processing /opt/airflow/dags/lstm_refactored_dag.py took 0.282 seconds
[2025-04-22T08:27:02.898+0000] {processor.py:186} INFO - Started process (PID=743) to work on /opt/airflow/dags/lstm_refactored_dag.py
[2025-04-22T08:27:02.901+0000] {processor.py:914} INFO - Processing file /opt/airflow/dags/lstm_refactored_dag.py for tasks to queue
[2025-04-22T08:27:02.949+0000] {logging_mixin.py:190} INFO - [2025-04-22T08:27:02.945+0000] {dagbag.py:588} INFO - Filling up the DagBag from /opt/airflow/dags/lstm_refactored_dag.py
[2025-04-22T08:27:03.070+0000] {processor.py:925} INFO - DAG(s) 'lstm_stock_prediction_refactored' retrieved from /opt/airflow/dags/lstm_refactored_dag.py
[2025-04-22T08:27:03.339+0000] {logging_mixin.py:190} INFO - [2025-04-22T08:27:03.339+0000] {dag.py:3239} INFO - Sync 1 DAGs
[2025-04-22T08:27:03.467+0000] {logging_mixin.py:190} INFO - [2025-04-22T08:27:03.466+0000] {dag.py:4180} INFO - Setting next_dagrun for lstm_stock_prediction_refactored to 2025-04-21 08:00:00+00:00, run_after=2025-04-28 08:00:00+00:00
[2025-04-22T08:27:03.513+0000] {processor.py:208} INFO - Processing /opt/airflow/dags/lstm_refactored_dag.py took 0.715 seconds
[2025-04-22T08:27:33.733+0000] {processor.py:186} INFO - Started process (PID=795) to work on /opt/airflow/dags/lstm_refactored_dag.py
[2025-04-22T08:27:33.735+0000] {processor.py:914} INFO - Processing file /opt/airflow/dags/lstm_refactored_dag.py for tasks to queue
[2025-04-22T08:27:33.738+0000] {logging_mixin.py:190} INFO - [2025-04-22T08:27:33.738+0000] {dagbag.py:588} INFO - Filling up the DagBag from /opt/airflow/dags/lstm_refactored_dag.py
[2025-04-22T08:27:33.759+0000] {processor.py:925} INFO - DAG(s) 'lstm_stock_prediction_refactored' retrieved from /opt/airflow/dags/lstm_refactored_dag.py
[2025-04-22T08:27:33.792+0000] {logging_mixin.py:190} INFO - [2025-04-22T08:27:33.792+0000] {dag.py:3239} INFO - Sync 1 DAGs
[2025-04-22T08:27:33.833+0000] {logging_mixin.py:190} INFO - [2025-04-22T08:27:33.833+0000] {dag.py:4180} INFO - Setting next_dagrun for lstm_stock_prediction_refactored to 2025-04-21 08:00:00+00:00, run_after=2025-04-28 08:00:00+00:00
[2025-04-22T08:27:33.866+0000] {processor.py:208} INFO - Processing /opt/airflow/dags/lstm_refactored_dag.py took 0.140 seconds
[2025-04-22T08:28:03.943+0000] {processor.py:186} INFO - Started process (PID=800) to work on /opt/airflow/dags/lstm_refactored_dag.py
[2025-04-22T08:28:03.946+0000] {processor.py:914} INFO - Processing file /opt/airflow/dags/lstm_refactored_dag.py for tasks to queue
[2025-04-22T08:28:03.954+0000] {logging_mixin.py:190} INFO - [2025-04-22T08:28:03.952+0000] {dagbag.py:588} INFO - Filling up the DagBag from /opt/airflow/dags/lstm_refactored_dag.py
[2025-04-22T08:28:04.002+0000] {processor.py:925} INFO - DAG(s) 'lstm_stock_prediction_refactored' retrieved from /opt/airflow/dags/lstm_refactored_dag.py
[2025-04-22T08:28:04.056+0000] {logging_mixin.py:190} INFO - [2025-04-22T08:28:04.056+0000] {dag.py:3239} INFO - Sync 1 DAGs
[2025-04-22T08:28:04.095+0000] {logging_mixin.py:190} INFO - [2025-04-22T08:28:04.095+0000] {dag.py:4180} INFO - Setting next_dagrun for lstm_stock_prediction_refactored to 2025-04-21 08:00:00+00:00, run_after=2025-04-28 08:00:00+00:00
[2025-04-22T08:28:04.119+0000] {processor.py:208} INFO - Processing /opt/airflow/dags/lstm_refactored_dag.py took 0.193 seconds
[2025-04-22T08:28:34.236+0000] {processor.py:186} INFO - Started process (PID=813) to work on /opt/airflow/dags/lstm_refactored_dag.py
[2025-04-22T08:28:34.236+0000] {processor.py:914} INFO - Processing file /opt/airflow/dags/lstm_refactored_dag.py for tasks to queue
[2025-04-22T08:28:34.239+0000] {logging_mixin.py:190} INFO - [2025-04-22T08:28:34.239+0000] {dagbag.py:588} INFO - Filling up the DagBag from /opt/airflow/dags/lstm_refactored_dag.py
[2025-04-22T08:28:34.255+0000] {processor.py:925} INFO - DAG(s) 'lstm_stock_prediction_refactored' retrieved from /opt/airflow/dags/lstm_refactored_dag.py
[2025-04-22T08:28:34.281+0000] {logging_mixin.py:190} INFO - [2025-04-22T08:28:34.281+0000] {dag.py:3239} INFO - Sync 1 DAGs
[2025-04-22T08:28:34.306+0000] {logging_mixin.py:190} INFO - [2025-04-22T08:28:34.306+0000] {dag.py:4180} INFO - Setting next_dagrun for lstm_stock_prediction_refactored to 2025-04-21 08:00:00+00:00, run_after=2025-04-28 08:00:00+00:00
[2025-04-22T08:28:34.324+0000] {processor.py:208} INFO - Processing /opt/airflow/dags/lstm_refactored_dag.py took 0.094 seconds
[2025-04-22T08:29:04.466+0000] {processor.py:186} INFO - Started process (PID=819) to work on /opt/airflow/dags/lstm_refactored_dag.py
[2025-04-22T08:29:04.468+0000] {processor.py:914} INFO - Processing file /opt/airflow/dags/lstm_refactored_dag.py for tasks to queue
[2025-04-22T08:29:04.472+0000] {logging_mixin.py:190} INFO - [2025-04-22T08:29:04.471+0000] {dagbag.py:588} INFO - Filling up the DagBag from /opt/airflow/dags/lstm_refactored_dag.py
[2025-04-22T08:29:04.493+0000] {processor.py:925} INFO - DAG(s) 'lstm_stock_prediction_refactored' retrieved from /opt/airflow/dags/lstm_refactored_dag.py
[2025-04-22T08:29:04.520+0000] {logging_mixin.py:190} INFO - [2025-04-22T08:29:04.520+0000] {dag.py:3239} INFO - Sync 1 DAGs
[2025-04-22T08:29:04.548+0000] {logging_mixin.py:190} INFO - [2025-04-22T08:29:04.548+0000] {dag.py:4180} INFO - Setting next_dagrun for lstm_stock_prediction_refactored to 2025-04-21 08:00:00+00:00, run_after=2025-04-28 08:00:00+00:00
[2025-04-22T08:29:04.567+0000] {processor.py:208} INFO - Processing /opt/airflow/dags/lstm_refactored_dag.py took 0.107 seconds
[2025-04-22T08:29:34.727+0000] {processor.py:186} INFO - Started process (PID=891) to work on /opt/airflow/dags/lstm_refactored_dag.py
[2025-04-22T08:29:34.731+0000] {processor.py:914} INFO - Processing file /opt/airflow/dags/lstm_refactored_dag.py for tasks to queue
[2025-04-22T08:29:34.850+0000] {logging_mixin.py:190} INFO - [2025-04-22T08:29:34.835+0000] {dagbag.py:588} INFO - Filling up the DagBag from /opt/airflow/dags/lstm_refactored_dag.py
[2025-04-22T08:29:35.136+0000] {processor.py:925} INFO - DAG(s) 'lstm_stock_prediction_refactored' retrieved from /opt/airflow/dags/lstm_refactored_dag.py
[2025-04-22T08:29:35.353+0000] {logging_mixin.py:190} INFO - [2025-04-22T08:29:35.352+0000] {dag.py:3239} INFO - Sync 1 DAGs
[2025-04-22T08:29:35.448+0000] {logging_mixin.py:190} INFO - [2025-04-22T08:29:35.447+0000] {dag.py:4180} INFO - Setting next_dagrun for lstm_stock_prediction_refactored to 2025-04-21 08:00:00+00:00, run_after=2025-04-28 08:00:00+00:00
[2025-04-22T08:29:35.495+0000] {processor.py:208} INFO - Processing /opt/airflow/dags/lstm_refactored_dag.py took 0.811 seconds
[2025-04-22T08:30:05.749+0000] {processor.py:186} INFO - Started process (PID=935) to work on /opt/airflow/dags/lstm_refactored_dag.py
[2025-04-22T08:30:05.751+0000] {processor.py:914} INFO - Processing file /opt/airflow/dags/lstm_refactored_dag.py for tasks to queue
[2025-04-22T08:30:05.753+0000] {logging_mixin.py:190} INFO - [2025-04-22T08:30:05.753+0000] {dagbag.py:588} INFO - Filling up the DagBag from /opt/airflow/dags/lstm_refactored_dag.py
[2025-04-22T08:30:05.782+0000] {processor.py:925} INFO - DAG(s) 'lstm_stock_prediction_refactored' retrieved from /opt/airflow/dags/lstm_refactored_dag.py
[2025-04-22T08:30:05.823+0000] {logging_mixin.py:190} INFO - [2025-04-22T08:30:05.823+0000] {dag.py:3239} INFO - Sync 1 DAGs
[2025-04-22T08:30:05.855+0000] {logging_mixin.py:190} INFO - [2025-04-22T08:30:05.854+0000] {dag.py:4180} INFO - Setting next_dagrun for lstm_stock_prediction_refactored to 2025-04-21 08:00:00+00:00, run_after=2025-04-28 08:00:00+00:00
[2025-04-22T08:30:05.877+0000] {processor.py:208} INFO - Processing /opt/airflow/dags/lstm_refactored_dag.py took 0.137 seconds
[2025-04-22T08:30:36.055+0000] {processor.py:186} INFO - Started process (PID=948) to work on /opt/airflow/dags/lstm_refactored_dag.py
[2025-04-22T08:30:36.056+0000] {processor.py:914} INFO - Processing file /opt/airflow/dags/lstm_refactored_dag.py for tasks to queue
[2025-04-22T08:30:36.059+0000] {logging_mixin.py:190} INFO - [2025-04-22T08:30:36.059+0000] {dagbag.py:588} INFO - Filling up the DagBag from /opt/airflow/dags/lstm_refactored_dag.py
[2025-04-22T08:30:36.076+0000] {processor.py:925} INFO - DAG(s) 'lstm_stock_prediction_refactored' retrieved from /opt/airflow/dags/lstm_refactored_dag.py
[2025-04-22T08:30:36.102+0000] {logging_mixin.py:190} INFO - [2025-04-22T08:30:36.101+0000] {dag.py:3239} INFO - Sync 1 DAGs
[2025-04-22T08:30:36.129+0000] {logging_mixin.py:190} INFO - [2025-04-22T08:30:36.129+0000] {dag.py:4180} INFO - Setting next_dagrun for lstm_stock_prediction_refactored to 2025-04-21 08:00:00+00:00, run_after=2025-04-28 08:00:00+00:00
[2025-04-22T08:30:36.169+0000] {processor.py:208} INFO - Processing /opt/airflow/dags/lstm_refactored_dag.py took 0.119 seconds
[2025-04-22T08:31:06.248+0000] {processor.py:186} INFO - Started process (PID=953) to work on /opt/airflow/dags/lstm_refactored_dag.py
[2025-04-22T08:31:06.249+0000] {processor.py:914} INFO - Processing file /opt/airflow/dags/lstm_refactored_dag.py for tasks to queue
[2025-04-22T08:31:06.251+0000] {logging_mixin.py:190} INFO - [2025-04-22T08:31:06.251+0000] {dagbag.py:588} INFO - Filling up the DagBag from /opt/airflow/dags/lstm_refactored_dag.py
[2025-04-22T08:31:06.266+0000] {processor.py:925} INFO - DAG(s) 'lstm_stock_prediction_refactored' retrieved from /opt/airflow/dags/lstm_refactored_dag.py
[2025-04-22T08:31:06.289+0000] {logging_mixin.py:190} INFO - [2025-04-22T08:31:06.289+0000] {dag.py:3239} INFO - Sync 1 DAGs
[2025-04-22T08:31:06.311+0000] {logging_mixin.py:190} INFO - [2025-04-22T08:31:06.310+0000] {dag.py:4180} INFO - Setting next_dagrun for lstm_stock_prediction_refactored to 2025-04-21 08:00:00+00:00, run_after=2025-04-28 08:00:00+00:00
[2025-04-22T08:31:06.327+0000] {processor.py:208} INFO - Processing /opt/airflow/dags/lstm_refactored_dag.py took 0.084 seconds
[2025-04-22T08:31:36.545+0000] {processor.py:186} INFO - Started process (PID=966) to work on /opt/airflow/dags/lstm_refactored_dag.py
[2025-04-22T08:31:36.545+0000] {processor.py:914} INFO - Processing file /opt/airflow/dags/lstm_refactored_dag.py for tasks to queue
[2025-04-22T08:31:36.548+0000] {logging_mixin.py:190} INFO - [2025-04-22T08:31:36.547+0000] {dagbag.py:588} INFO - Filling up the DagBag from /opt/airflow/dags/lstm_refactored_dag.py
[2025-04-22T08:31:36.565+0000] {processor.py:925} INFO - DAG(s) 'lstm_stock_prediction_refactored' retrieved from /opt/airflow/dags/lstm_refactored_dag.py
[2025-04-22T08:31:36.589+0000] {logging_mixin.py:190} INFO - [2025-04-22T08:31:36.588+0000] {dag.py:3239} INFO - Sync 1 DAGs
[2025-04-22T08:31:36.618+0000] {logging_mixin.py:190} INFO - [2025-04-22T08:31:36.617+0000] {dag.py:4180} INFO - Setting next_dagrun for lstm_stock_prediction_refactored to 2025-04-21 08:00:00+00:00, run_after=2025-04-28 08:00:00+00:00
[2025-04-22T08:31:36.641+0000] {processor.py:208} INFO - Processing /opt/airflow/dags/lstm_refactored_dag.py took 0.101 seconds
[2025-04-22T08:32:06.740+0000] {processor.py:186} INFO - Started process (PID=971) to work on /opt/airflow/dags/lstm_refactored_dag.py
[2025-04-22T08:32:06.741+0000] {processor.py:914} INFO - Processing file /opt/airflow/dags/lstm_refactored_dag.py for tasks to queue
[2025-04-22T08:32:06.743+0000] {logging_mixin.py:190} INFO - [2025-04-22T08:32:06.743+0000] {dagbag.py:588} INFO - Filling up the DagBag from /opt/airflow/dags/lstm_refactored_dag.py
[2025-04-22T08:32:06.759+0000] {processor.py:925} INFO - DAG(s) 'lstm_stock_prediction_refactored' retrieved from /opt/airflow/dags/lstm_refactored_dag.py
[2025-04-22T08:32:06.786+0000] {logging_mixin.py:190} INFO - [2025-04-22T08:32:06.786+0000] {dag.py:3239} INFO - Sync 1 DAGs
[2025-04-22T08:32:06.810+0000] {logging_mixin.py:190} INFO - [2025-04-22T08:32:06.810+0000] {dag.py:4180} INFO - Setting next_dagrun for lstm_stock_prediction_refactored to 2025-04-21 08:00:00+00:00, run_after=2025-04-28 08:00:00+00:00
[2025-04-22T08:32:06.825+0000] {processor.py:208} INFO - Processing /opt/airflow/dags/lstm_refactored_dag.py took 0.091 seconds
[2025-04-22T08:32:36.998+0000] {processor.py:186} INFO - Started process (PID=984) to work on /opt/airflow/dags/lstm_refactored_dag.py
[2025-04-22T08:32:36.999+0000] {processor.py:914} INFO - Processing file /opt/airflow/dags/lstm_refactored_dag.py for tasks to queue
[2025-04-22T08:32:37.002+0000] {logging_mixin.py:190} INFO - [2025-04-22T08:32:37.001+0000] {dagbag.py:588} INFO - Filling up the DagBag from /opt/airflow/dags/lstm_refactored_dag.py
[2025-04-22T08:32:37.018+0000] {processor.py:925} INFO - DAG(s) 'lstm_stock_prediction_refactored' retrieved from /opt/airflow/dags/lstm_refactored_dag.py
[2025-04-22T08:32:37.042+0000] {logging_mixin.py:190} INFO - [2025-04-22T08:32:37.042+0000] {dag.py:3239} INFO - Sync 1 DAGs
[2025-04-22T08:32:37.065+0000] {logging_mixin.py:190} INFO - [2025-04-22T08:32:37.065+0000] {dag.py:4180} INFO - Setting next_dagrun for lstm_stock_prediction_refactored to 2025-04-21 08:00:00+00:00, run_after=2025-04-28 08:00:00+00:00
[2025-04-22T08:32:37.082+0000] {processor.py:208} INFO - Processing /opt/airflow/dags/lstm_refactored_dag.py took 0.089 seconds
[2025-04-22T08:33:07.190+0000] {processor.py:186} INFO - Started process (PID=989) to work on /opt/airflow/dags/lstm_refactored_dag.py
[2025-04-22T08:33:07.191+0000] {processor.py:914} INFO - Processing file /opt/airflow/dags/lstm_refactored_dag.py for tasks to queue
[2025-04-22T08:33:07.194+0000] {logging_mixin.py:190} INFO - [2025-04-22T08:33:07.193+0000] {dagbag.py:588} INFO - Filling up the DagBag from /opt/airflow/dags/lstm_refactored_dag.py
[2025-04-22T08:33:07.208+0000] {processor.py:925} INFO - DAG(s) 'lstm_stock_prediction_refactored' retrieved from /opt/airflow/dags/lstm_refactored_dag.py
[2025-04-22T08:33:07.238+0000] {logging_mixin.py:190} INFO - [2025-04-22T08:33:07.238+0000] {dag.py:3239} INFO - Sync 1 DAGs
[2025-04-22T08:33:07.261+0000] {logging_mixin.py:190} INFO - [2025-04-22T08:33:07.260+0000] {dag.py:4180} INFO - Setting next_dagrun for lstm_stock_prediction_refactored to 2025-04-21 08:00:00+00:00, run_after=2025-04-28 08:00:00+00:00
[2025-04-22T08:33:07.276+0000] {processor.py:208} INFO - Processing /opt/airflow/dags/lstm_refactored_dag.py took 0.091 seconds
[2025-04-22T08:33:37.446+0000] {processor.py:186} INFO - Started process (PID=1002) to work on /opt/airflow/dags/lstm_refactored_dag.py
[2025-04-22T08:33:37.447+0000] {processor.py:914} INFO - Processing file /opt/airflow/dags/lstm_refactored_dag.py for tasks to queue
[2025-04-22T08:33:37.449+0000] {logging_mixin.py:190} INFO - [2025-04-22T08:33:37.449+0000] {dagbag.py:588} INFO - Filling up the DagBag from /opt/airflow/dags/lstm_refactored_dag.py
[2025-04-22T08:33:37.465+0000] {processor.py:925} INFO - DAG(s) 'lstm_stock_prediction_refactored' retrieved from /opt/airflow/dags/lstm_refactored_dag.py
[2025-04-22T08:33:37.490+0000] {logging_mixin.py:190} INFO - [2025-04-22T08:33:37.490+0000] {dag.py:3239} INFO - Sync 1 DAGs
[2025-04-22T08:33:37.514+0000] {logging_mixin.py:190} INFO - [2025-04-22T08:33:37.513+0000] {dag.py:4180} INFO - Setting next_dagrun for lstm_stock_prediction_refactored to 2025-04-21 08:00:00+00:00, run_after=2025-04-28 08:00:00+00:00
[2025-04-22T08:33:37.537+0000] {processor.py:208} INFO - Processing /opt/airflow/dags/lstm_refactored_dag.py took 0.096 seconds
[2025-04-22T08:34:07.648+0000] {processor.py:186} INFO - Started process (PID=1007) to work on /opt/airflow/dags/lstm_refactored_dag.py
[2025-04-22T08:34:07.649+0000] {processor.py:914} INFO - Processing file /opt/airflow/dags/lstm_refactored_dag.py for tasks to queue
[2025-04-22T08:34:07.651+0000] {logging_mixin.py:190} INFO - [2025-04-22T08:34:07.651+0000] {dagbag.py:588} INFO - Filling up the DagBag from /opt/airflow/dags/lstm_refactored_dag.py
[2025-04-22T08:34:07.667+0000] {processor.py:925} INFO - DAG(s) 'lstm_stock_prediction_refactored' retrieved from /opt/airflow/dags/lstm_refactored_dag.py
[2025-04-22T08:34:07.690+0000] {logging_mixin.py:190} INFO - [2025-04-22T08:34:07.690+0000] {dag.py:3239} INFO - Sync 1 DAGs
[2025-04-22T08:34:07.712+0000] {logging_mixin.py:190} INFO - [2025-04-22T08:34:07.712+0000] {dag.py:4180} INFO - Setting next_dagrun for lstm_stock_prediction_refactored to 2025-04-21 08:00:00+00:00, run_after=2025-04-28 08:00:00+00:00
[2025-04-22T08:34:07.730+0000] {processor.py:208} INFO - Processing /opt/airflow/dags/lstm_refactored_dag.py took 0.087 seconds
[2025-04-22T08:34:38.110+0000] {processor.py:186} INFO - Started process (PID=1019) to work on /opt/airflow/dags/lstm_refactored_dag.py
[2025-04-22T08:34:38.112+0000] {processor.py:914} INFO - Processing file /opt/airflow/dags/lstm_refactored_dag.py for tasks to queue
[2025-04-22T08:34:38.114+0000] {logging_mixin.py:190} INFO - [2025-04-22T08:34:38.114+0000] {dagbag.py:588} INFO - Filling up the DagBag from /opt/airflow/dags/lstm_refactored_dag.py
[2025-04-22T08:34:38.133+0000] {processor.py:925} INFO - DAG(s) 'lstm_stock_prediction_refactored' retrieved from /opt/airflow/dags/lstm_refactored_dag.py
[2025-04-22T08:34:38.168+0000] {logging_mixin.py:190} INFO - [2025-04-22T08:34:38.168+0000] {dag.py:3239} INFO - Sync 1 DAGs
[2025-04-22T08:34:38.196+0000] {logging_mixin.py:190} INFO - [2025-04-22T08:34:38.196+0000] {dag.py:4180} INFO - Setting next_dagrun for lstm_stock_prediction_refactored to 2025-04-21 08:00:00+00:00, run_after=2025-04-28 08:00:00+00:00
[2025-04-22T08:34:38.214+0000] {processor.py:208} INFO - Processing /opt/airflow/dags/lstm_refactored_dag.py took 0.110 seconds
