[2025-04-23T07:00:39.839+0000] {local_task_job_runner.py:123} INFO - ::group::Pre task execution logs
[2025-04-23T07:00:39.855+0000] {taskinstance.py:2614} INFO - Dependencies all met for dep_context=non-requeueable deps ti=<TaskInstance: lstm_stock_prediction_refactored.optimize_hyperparams manual__2025-04-23T07:00:32.573742+00:00 [queued]>
[2025-04-23T07:00:39.865+0000] {taskinstance.py:2614} INFO - Dependencies all met for dep_context=requeueable deps ti=<TaskInstance: lstm_stock_prediction_refactored.optimize_hyperparams manual__2025-04-23T07:00:32.573742+00:00 [queued]>
[2025-04-23T07:00:39.866+0000] {taskinstance.py:2867} INFO - Starting attempt 1 of 2
[2025-04-23T07:00:39.876+0000] {taskinstance.py:2890} INFO - Executing <Task(BashOperator): optimize_hyperparams> on 2025-04-23 07:00:32.573742+00:00
[2025-04-23T07:00:39.881+0000] {standard_task_runner.py:72} INFO - Started process 342 to run task
[2025-04-23T07:00:39.883+0000] {standard_task_runner.py:104} INFO - Running: ['***', 'tasks', 'run', 'lstm_stock_prediction_refactored', 'optimize_hyperparams', 'manual__2025-04-23T07:00:32.573742+00:00', '--job-id', '100', '--raw', '--subdir', 'DAGS_FOLDER/lstm_refactored_dag.py', '--cfg-path', '/tmp/tmpm09odv__']
[2025-04-23T07:00:39.885+0000] {standard_task_runner.py:105} INFO - Job 100: Subtask optimize_hyperparams
[2025-04-23T07:00:39.919+0000] {task_command.py:467} INFO - Running <TaskInstance: lstm_stock_prediction_refactored.optimize_hyperparams manual__2025-04-23T07:00:32.573742+00:00 [running]> on host 7f98232cb4c4
[2025-04-23T07:00:39.980+0000] {taskinstance.py:3134} INFO - Exporting env vars: AIRFLOW_CTX_DAG_OWNER='***_team' AIRFLOW_CTX_DAG_ID='lstm_stock_prediction_refactored' AIRFLOW_CTX_TASK_ID='optimize_hyperparams' AIRFLOW_CTX_EXECUTION_DATE='2025-04-23T07:00:32.573742+00:00' AIRFLOW_CTX_TRY_NUMBER='1' AIRFLOW_CTX_DAG_RUN_ID='manual__2025-04-23T07:00:32.573742+00:00'
[2025-04-23T07:00:39.982+0000] {taskinstance.py:732} INFO - ::endgroup::
[2025-04-23T07:00:39.991+0000] {subprocess.py:78} INFO - Tmp dir root location: /tmp
[2025-04-23T07:00:39.992+0000] {subprocess.py:88} INFO - Running command: ['/usr/bin/bash', '-c', 'python /opt/***/src/models/optimize_hyperparams.py --config /opt/***/config/params.yaml']
[2025-04-23T07:00:39.999+0000] {subprocess.py:99} INFO - Output:
[2025-04-23T07:00:42.416+0000] {subprocess.py:106} INFO - mkdir -p failed for path /home/***/.cache/matplotlib: [Errno 13] Permission denied: '/home/***/.cache/matplotlib'
[2025-04-23T07:00:42.417+0000] {subprocess.py:106} INFO - Matplotlib created a temporary cache directory at /tmp/matplotlib-fr8dbpp1 because there was an issue with the default path (/home/***/.cache/matplotlib); it is highly recommended to set the MPLCONFIGDIR environment variable to a writable directory, in particular to speed up the import of Matplotlib and to better support multiprocessing.
[2025-04-23T07:00:45.398+0000] {subprocess.py:106} INFO - [I 2025-04-23 07:00:45,397] A new study created in memory with name: no-name-81de01a6-a177-4849-992a-b876ece6e628
[2025-04-23T07:00:48.587+0000] {subprocess.py:106} INFO - [I 2025-04-23 07:00:48,587] Trial 0 finished with value: 0.10237652063369751 and parameters: {'batch_size': 80, 'hidden_size': 64, 'num_layers': 2, 'dropout_rate': 0.1, 'learning_rate': 0.0006170548444111131, 'model_type': 'lstm'}. Best is trial 0 with value: 0.10237652063369751.
[2025-04-23T07:00:48.591+0000] {subprocess.py:106} INFO - Using device: cpu
[2025-04-23T07:00:48.592+0000] {subprocess.py:106} INFO - --- Loading Scaled Data from /opt/***/data/features/split_scaled_data.npz ---
[2025-04-23T07:00:48.593+0000] {subprocess.py:106} INFO - --- Finished Loading Scaled Data ---
[2025-04-23T07:00:48.594+0000] {subprocess.py:106} INFO - --- Loading Scalers from /opt/***/data/processed/scalers.pkl ---
[2025-04-23T07:00:48.595+0000] {subprocess.py:106} INFO - --- Finished Loading Scalers ---
[2025-04-23T07:00:48.595+0000] {subprocess.py:106} INFO - --- Starting Optuna Optimization (1 trials) ---
[2025-04-23T07:00:48.596+0000] {subprocess.py:106} INFO - Early stopping at epoch 11
[2025-04-23T07:00:48.596+0000] {subprocess.py:106} INFO - --- Finished Optuna Optimization ---
[2025-04-23T07:00:48.597+0000] {subprocess.py:106} INFO - Best trial value (loss): 0.10237652063369751
[2025-04-23T07:00:48.597+0000] {subprocess.py:106} INFO - Best parameters: {'batch_size': 80, 'hidden_size': 64, 'num_layers': 2, 'dropout_rate': 0.1, 'learning_rate': 0.0006170548444111131, 'model_type': 'lstm'}
[2025-04-23T07:00:48.598+0000] {subprocess.py:106} INFO - --- Saving Best Parameters to /opt/***/config/best_params.json ---
[2025-04-23T07:00:48.598+0000] {subprocess.py:106} INFO - --- Finished Saving Best Parameters ---
[2025-04-23T07:00:49.573+0000] {subprocess.py:110} INFO - Command exited with return code 0
[2025-04-23T07:00:49.592+0000] {taskinstance.py:341} INFO - ::group::Post task execution logs
[2025-04-23T07:00:49.593+0000] {taskinstance.py:353} INFO - Marking task as SUCCESS. dag_id=lstm_stock_prediction_refactored, task_id=optimize_hyperparams, run_id=manual__2025-04-23T07:00:32.573742+00:00, execution_date=20250423T070032, start_date=20250423T070039, end_date=20250423T070049
[2025-04-23T07:00:49.626+0000] {local_task_job_runner.py:266} INFO - Task exited with return code 0
[2025-04-23T07:00:49.642+0000] {taskinstance.py:3901} INFO - 1 downstream tasks scheduled from follow-on schedule check
[2025-04-23T07:00:49.644+0000] {local_task_job_runner.py:245} INFO - ::endgroup::
