[2025-04-11T06:32:13.457+0000] {local_task_job_runner.py:123} INFO - ::group::Pre task execution logs
[2025-04-11T06:32:13.470+0000] {taskinstance.py:2614} INFO - Dependencies all met for dep_context=non-requeueable deps ti=<TaskInstance: lstm_stock_prediction_refactored.process_data manual__2025-04-11T06:32:12.950083+00:00 [queued]>
[2025-04-11T06:32:13.475+0000] {taskinstance.py:2614} INFO - Dependencies all met for dep_context=requeueable deps ti=<TaskInstance: lstm_stock_prediction_refactored.process_data manual__2025-04-11T06:32:12.950083+00:00 [queued]>
[2025-04-11T06:32:13.476+0000] {taskinstance.py:2867} INFO - Starting attempt 1 of 2
[2025-04-11T06:32:13.486+0000] {taskinstance.py:2890} INFO - Executing <Task(BashOperator): process_data> on 2025-04-11 06:32:12.950083+00:00
[2025-04-11T06:32:13.490+0000] {standard_task_runner.py:72} INFO - Started process 1282 to run task
[2025-04-11T06:32:13.492+0000] {standard_task_runner.py:104} INFO - Running: ['***', 'tasks', 'run', 'lstm_stock_prediction_refactored', 'process_data', 'manual__2025-04-11T06:32:12.950083+00:00', '--job-id', '8', '--raw', '--subdir', 'DAGS_FOLDER/lstm_refactored_dag.py', '--cfg-path', '/tmp/tmptvwxpz8q']
[2025-04-11T06:32:13.493+0000] {standard_task_runner.py:105} INFO - Job 8: Subtask process_data
[2025-04-11T06:32:13.527+0000] {task_command.py:467} INFO - Running <TaskInstance: lstm_stock_prediction_refactored.process_data manual__2025-04-11T06:32:12.950083+00:00 [running]> on host 162c7a94827e
[2025-04-11T06:32:13.588+0000] {taskinstance.py:3134} INFO - Exporting env vars: AIRFLOW_CTX_DAG_OWNER='***_team' AIRFLOW_CTX_DAG_ID='lstm_stock_prediction_refactored' AIRFLOW_CTX_TASK_ID='process_data' AIRFLOW_CTX_EXECUTION_DATE='2025-04-11T06:32:12.950083+00:00' AIRFLOW_CTX_TRY_NUMBER='1' AIRFLOW_CTX_DAG_RUN_ID='manual__2025-04-11T06:32:12.950083+00:00'
[2025-04-11T06:32:13.589+0000] {taskinstance.py:732} INFO - ::endgroup::
[2025-04-11T06:32:13.604+0000] {subprocess.py:78} INFO - Tmp dir root location: /tmp
[2025-04-11T06:32:13.605+0000] {subprocess.py:88} INFO - Running command: ['/usr/bin/bash', '-c', 'python /opt/***/src/data/make_dataset.py --config /opt/***/config/params.yaml']
[2025-04-11T06:32:13.614+0000] {subprocess.py:99} INFO - Output:
[2025-04-11T06:32:14.458+0000] {subprocess.py:106} INFO - 2025-04-11 06:32:14,458 - __main__ - INFO - Starting data processing script with config: /opt/***/config/params.yaml
[2025-04-11T06:32:14.462+0000] {subprocess.py:106} INFO - 2025-04-11 06:32:14,462 - __main__ - INFO - Raw data directory: data/raw
[2025-04-11T06:32:14.464+0000] {subprocess.py:106} INFO - 2025-04-11 06:32:14,462 - __main__ - INFO - Processed data output path: data/processed/all_processed_data.npz
[2025-04-11T06:32:14.465+0000] {subprocess.py:106} INFO - 2025-04-11 06:32:14,462 - __main__ - INFO - --- Starting Data Loading ---
[2025-04-11T06:32:14.465+0000] {subprocess.py:106} INFO - 2025-04-11 06:32:14,462 - __main__ - INFO - Saving raw data to: data/raw
[2025-04-11T06:32:15.513+0000] {subprocess.py:106} INFO - 2025-04-11 06:32:15,513 - __main__ - INFO - Loaded and saved raw data for AAPL to data/raw/AAPL_raw.pkl
[2025-04-11T06:32:20.977+0000] {subprocess.py:106} INFO - 2025-04-11 06:32:20,977 - __main__ - INFO - Loaded and saved raw data for MA to data/raw/MA_raw.pkl
[2025-04-11T06:32:26.355+0000] {subprocess.py:106} INFO - 2025-04-11 06:32:26,354 - __main__ - INFO - Loaded and saved raw data for CSCO to data/raw/CSCO_raw.pkl
[2025-04-11T06:32:31.789+0000] {subprocess.py:106} INFO - 2025-04-11 06:32:31,789 - __main__ - INFO - Loaded and saved raw data for MSFT to data/raw/MSFT_raw.pkl
[2025-04-11T06:32:37.221+0000] {subprocess.py:106} INFO - 2025-04-11 06:32:37,221 - __main__ - INFO - Loaded and saved raw data for AMZN to data/raw/AMZN_raw.pkl
[2025-04-11T06:32:42.576+0000] {subprocess.py:106} INFO - 2025-04-11 06:32:42,576 - __main__ - INFO - Loaded and saved raw data for GOOG to data/raw/GOOG_raw.pkl
[2025-04-11T06:32:48.319+0000] {subprocess.py:106} INFO - 2025-04-11 06:32:48,319 - __main__ - INFO - Loaded and saved raw data for IBM to data/raw/IBM_raw.pkl
[2025-04-11T06:32:53.319+0000] {subprocess.py:106} INFO - 2025-04-11 06:32:53,319 - __main__ - INFO - --- Finished Data Loading ---
[2025-04-11T06:32:53.321+0000] {subprocess.py:106} INFO - 2025-04-11 06:32:53,320 - __main__ - INFO - --- Starting Feature Engineering (Indicators) ---
[2025-04-11T06:32:53.343+0000] {subprocess.py:106} INFO - /home/***/.local/lib/python3.11/site-packages/ta/trend.py:1030: FutureWarning: Series.__setitem__ treating keys as positions is deprecated. In a future version, integer keys will always be treated as labels (consistent with DataFrame behavior). To set a value by position, use `ser.iloc[pos] = value`
[2025-04-11T06:32:53.344+0000] {subprocess.py:106} INFO -   self._psar[i] = high2
[2025-04-11T06:32:53.434+0000] {subprocess.py:106} INFO - /home/***/.local/lib/python3.11/site-packages/ta/trend.py:1030: FutureWarning: Series.__setitem__ treating keys as positions is deprecated. In a future version, integer keys will always be treated as labels (consistent with DataFrame behavior). To set a value by position, use `ser.iloc[pos] = value`
[2025-04-11T06:32:53.435+0000] {subprocess.py:106} INFO -   self._psar[i] = high2
[2025-04-11T06:32:53.514+0000] {subprocess.py:106} INFO - /home/***/.local/lib/python3.11/site-packages/ta/trend.py:1030: FutureWarning: Series.__setitem__ treating keys as positions is deprecated. In a future version, integer keys will always be treated as labels (consistent with DataFrame behavior). To set a value by position, use `ser.iloc[pos] = value`
[2025-04-11T06:32:53.515+0000] {subprocess.py:106} INFO -   self._psar[i] = high2
[2025-04-11T06:32:53.600+0000] {subprocess.py:106} INFO - /home/***/.local/lib/python3.11/site-packages/ta/trend.py:1030: FutureWarning: Series.__setitem__ treating keys as positions is deprecated. In a future version, integer keys will always be treated as labels (consistent with DataFrame behavior). To set a value by position, use `ser.iloc[pos] = value`
[2025-04-11T06:32:53.608+0000] {subprocess.py:106} INFO -   self._psar[i] = high2
[2025-04-11T06:32:53.691+0000] {subprocess.py:106} INFO - /home/***/.local/lib/python3.11/site-packages/ta/trend.py:1030: FutureWarning: Series.__setitem__ treating keys as positions is deprecated. In a future version, integer keys will always be treated as labels (consistent with DataFrame behavior). To set a value by position, use `ser.iloc[pos] = value`
[2025-04-11T06:32:53.693+0000] {subprocess.py:106} INFO -   self._psar[i] = high2
[2025-04-11T06:32:53.774+0000] {subprocess.py:106} INFO - /home/***/.local/lib/python3.11/site-packages/ta/trend.py:1030: FutureWarning: Series.__setitem__ treating keys as positions is deprecated. In a future version, integer keys will always be treated as labels (consistent with DataFrame behavior). To set a value by position, use `ser.iloc[pos] = value`
[2025-04-11T06:32:53.775+0000] {subprocess.py:106} INFO -   self._psar[i] = high2
[2025-04-11T06:32:53.878+0000] {subprocess.py:106} INFO - /home/***/.local/lib/python3.11/site-packages/ta/trend.py:1030: FutureWarning: Series.__setitem__ treating keys as positions is deprecated. In a future version, integer keys will always be treated as labels (consistent with DataFrame behavior). To set a value by position, use `ser.iloc[pos] = value`
[2025-04-11T06:32:53.879+0000] {subprocess.py:106} INFO -   self._psar[i] = high2
[2025-04-11T06:32:53.934+0000] {subprocess.py:106} INFO - 2025-04-11 06:32:53,934 - __main__ - INFO - --- Finished Feature Engineering (Indicators) ---
[2025-04-11T06:32:53.935+0000] {subprocess.py:106} INFO - 2025-04-11 06:32:53,934 - __main__ - INFO - --- Starting Feature Filtering ---
[2025-04-11T06:32:53.941+0000] {subprocess.py:106} INFO - 2025-04-11 06:32:53,941 - __main__ - INFO - Features remaining after filtering: 16
[2025-04-11T06:32:53.941+0000] {subprocess.py:106} INFO - 2025-04-11 06:32:53,941 - __main__ - INFO - --- Finished Feature Filtering ---
[2025-04-11T06:32:53.942+0000] {subprocess.py:106} INFO - 2025-04-11 06:32:53,941 - __main__ - INFO - --- Starting Data Alignment & Processing ---
[2025-04-11T06:32:53.973+0000] {subprocess.py:106} INFO - /opt/***/src/data/make_dataset.py:126: FutureWarning: DataFrame.fillna with 'method' is deprecated and will raise in a future version. Use obj.ffill() or obj.bfill() instead.
[2025-04-11T06:32:53.973+0000] {subprocess.py:106} INFO -   df = aligned_data[ticker][feature_columns + ['Target']].fillna(method='ffill').fillna(method='bfill')
[2025-04-11T06:32:53.974+0000] {subprocess.py:106} INFO - /opt/***/src/data/make_dataset.py:126: FutureWarning: DataFrame.fillna with 'method' is deprecated and will raise in a future version. Use obj.ffill() or obj.bfill() instead.
[2025-04-11T06:32:53.975+0000] {subprocess.py:106} INFO -   df = aligned_data[ticker][feature_columns + ['Target']].fillna(method='ffill').fillna(method='bfill')
[2025-04-11T06:32:53.975+0000] {subprocess.py:106} INFO - /opt/***/src/data/make_dataset.py:126: FutureWarning: DataFrame.fillna with 'method' is deprecated and will raise in a future version. Use obj.ffill() or obj.bfill() instead.
[2025-04-11T06:32:53.976+0000] {subprocess.py:106} INFO -   df = aligned_data[ticker][feature_columns + ['Target']].fillna(method='ffill').fillna(method='bfill')
[2025-04-11T06:32:53.976+0000] {subprocess.py:106} INFO - /opt/***/src/data/make_dataset.py:126: FutureWarning: DataFrame.fillna with 'method' is deprecated and will raise in a future version. Use obj.ffill() or obj.bfill() instead.
[2025-04-11T06:32:53.977+0000] {subprocess.py:106} INFO -   df = aligned_data[ticker][feature_columns + ['Target']].fillna(method='ffill').fillna(method='bfill')
[2025-04-11T06:32:53.978+0000] {subprocess.py:106} INFO - /opt/***/src/data/make_dataset.py:126: FutureWarning: DataFrame.fillna with 'method' is deprecated and will raise in a future version. Use obj.ffill() or obj.bfill() instead.
[2025-04-11T06:32:53.978+0000] {subprocess.py:106} INFO -   df = aligned_data[ticker][feature_columns + ['Target']].fillna(method='ffill').fillna(method='bfill')
[2025-04-11T06:32:53.979+0000] {subprocess.py:106} INFO - /opt/***/src/data/make_dataset.py:126: FutureWarning: DataFrame.fillna with 'method' is deprecated and will raise in a future version. Use obj.ffill() or obj.bfill() instead.
[2025-04-11T06:32:53.979+0000] {subprocess.py:106} INFO -   df = aligned_data[ticker][feature_columns + ['Target']].fillna(method='ffill').fillna(method='bfill')
[2025-04-11T06:32:53.980+0000] {subprocess.py:106} INFO - /opt/***/src/data/make_dataset.py:126: FutureWarning: DataFrame.fillna with 'method' is deprecated and will raise in a future version. Use obj.ffill() or obj.bfill() instead.
[2025-04-11T06:32:53.980+0000] {subprocess.py:106} INFO -   df = aligned_data[ticker][feature_columns + ['Target']].fillna(method='ffill').fillna(method='bfill')
[2025-04-11T06:32:53.981+0000] {subprocess.py:106} INFO - 2025-04-11 06:32:53,981 - __main__ - INFO - Processed data shape: (752, 7, 16)
[2025-04-11T06:32:53.981+0000] {subprocess.py:106} INFO - 2025-04-11 06:32:53,981 - __main__ - INFO - Targets shape: (752, 7)
[2025-04-11T06:32:53.982+0000] {subprocess.py:106} INFO - 2025-04-11 06:32:53,981 - __main__ - INFO - Final tickers in order: ['AAPL', 'MA', 'CSCO', 'MSFT', 'AMZN', 'GOOG', 'IBM']
[2025-04-11T06:32:53.982+0000] {subprocess.py:106} INFO - 2025-04-11 06:32:53,981 - __main__ - INFO - --- Finished Data Alignment & Processing ---
[2025-04-11T06:32:53.982+0000] {subprocess.py:106} INFO - 2025-04-11 06:32:53,981 - __main__ - INFO - Attempting to save to absolute path: /tmp/***tmpdf3ds22w/data/processed/all_processed_data.npz
[2025-04-11T06:32:53.983+0000] {subprocess.py:106} INFO - 2025-04-11 06:32:53,982 - __main__ - INFO - Successfully saved processed data to data/processed/all_processed_data.npz
[2025-04-11T06:32:53.984+0000] {subprocess.py:106} INFO - 2025-04-11 06:32:53,982 - __main__ - INFO - Verified file exists at: /tmp/***tmpdf3ds22w/data/processed/all_processed_data.npz
[2025-04-11T06:32:53.984+0000] {subprocess.py:106} INFO - 2025-04-11 06:32:53,982 - __main__ - INFO - Data processing script finished.
[2025-04-11T06:32:53.985+0000] {subprocess.py:106} INFO - --- PRINT TEST: Starting Data Loading ---
[2025-04-11T06:32:53.985+0000] {subprocess.py:106} INFO - Filtering highly correlated features with threshold 0.9
[2025-04-11T06:32:53.986+0000] {subprocess.py:106} INFO - Identified 20 highly correlated features to remove: ['High', 'Low', 'Close', 'EMA_50', 'EMA_200', 'BB_High', 'BB_Low', 'OBV', 'SMA_50', 'VWAP', 'PSAR', 'Stochastic_D', 'CCI', 'Williams_R', 'Donchian_High', 'Donchian_Low', 'Keltner_High', 'Keltner_Low', 'DI_Positive', 'DI_Negative']
[2025-04-11T06:32:53.986+0000] {subprocess.py:106} INFO - Excluding 'Close' column from removal list.
[2025-04-11T06:32:53.986+0000] {subprocess.py:106} INFO - Final list of 19 features to remove: ['High', 'Low', 'EMA_50', 'EMA_200', 'BB_High', 'BB_Low', 'OBV', 'SMA_50', 'VWAP', 'PSAR', 'Stochastic_D', 'CCI', 'Williams_R', 'Donchian_High', 'Donchian_Low', 'Keltner_High', 'Keltner_Low', 'DI_Positive', 'DI_Negative']
[2025-04-11T06:32:54.064+0000] {subprocess.py:110} INFO - Command exited with return code 0
[2025-04-11T06:32:54.079+0000] {taskinstance.py:341} INFO - ::group::Post task execution logs
[2025-04-11T06:32:54.080+0000] {taskinstance.py:353} INFO - Marking task as SUCCESS. dag_id=lstm_stock_prediction_refactored, task_id=process_data, run_id=manual__2025-04-11T06:32:12.950083+00:00, execution_date=20250411T063212, start_date=20250411T063213, end_date=20250411T063254
[2025-04-11T06:32:54.105+0000] {local_task_job_runner.py:266} INFO - Task exited with return code 0
[2025-04-11T06:32:54.122+0000] {taskinstance.py:3901} INFO - 1 downstream tasks scheduled from follow-on schedule check
[2025-04-11T06:32:54.124+0000] {local_task_job_runner.py:245} INFO - ::endgroup::
