[2025-04-12T04:00:12.212+0000] {local_task_job_runner.py:123} INFO - ::group::Pre task execution logs
[2025-04-12T04:00:12.227+0000] {taskinstance.py:2614} INFO - Dependencies all met for dep_context=non-requeueable deps ti=<TaskInstance: lstm_stock_prediction_refactored.build_features manual__2025-04-12T04:00:09.694282+00:00 [queued]>
[2025-04-12T04:00:12.236+0000] {taskinstance.py:2614} INFO - Dependencies all met for dep_context=requeueable deps ti=<TaskInstance: lstm_stock_prediction_refactored.build_features manual__2025-04-12T04:00:09.694282+00:00 [queued]>
[2025-04-12T04:00:12.238+0000] {taskinstance.py:2867} INFO - Starting attempt 1 of 2
[2025-04-12T04:00:12.248+0000] {taskinstance.py:2890} INFO - Executing <Task(BashOperator): build_features> on 2025-04-12 04:00:09.694282+00:00
[2025-04-12T04:00:12.254+0000] {standard_task_runner.py:72} INFO - Started process 228 to run task
[2025-04-12T04:00:12.256+0000] {standard_task_runner.py:104} INFO - Running: ['***', 'tasks', 'run', 'lstm_stock_prediction_refactored', 'build_features', 'manual__2025-04-12T04:00:09.694282+00:00', '--job-id', '76', '--raw', '--subdir', 'DAGS_FOLDER/lstm_refactored_dag.py', '--cfg-path', '/tmp/tmp5wvj4rji']
[2025-04-12T04:00:12.259+0000] {standard_task_runner.py:105} INFO - Job 76: Subtask build_features
[2025-04-12T04:00:12.290+0000] {task_command.py:467} INFO - Running <TaskInstance: lstm_stock_prediction_refactored.build_features manual__2025-04-12T04:00:09.694282+00:00 [running]> on host 38686bf18545
[2025-04-12T04:00:12.350+0000] {taskinstance.py:3134} INFO - Exporting env vars: AIRFLOW_CTX_DAG_OWNER='***_team' AIRFLOW_CTX_DAG_ID='lstm_stock_prediction_refactored' AIRFLOW_CTX_TASK_ID='build_features' AIRFLOW_CTX_EXECUTION_DATE='2025-04-12T04:00:09.694282+00:00' AIRFLOW_CTX_TRY_NUMBER='1' AIRFLOW_CTX_DAG_RUN_ID='manual__2025-04-12T04:00:09.694282+00:00'
[2025-04-12T04:00:12.350+0000] {taskinstance.py:732} INFO - ::endgroup::
[2025-04-12T04:00:12.361+0000] {subprocess.py:78} INFO - Tmp dir root location: /tmp
[2025-04-12T04:00:12.362+0000] {subprocess.py:88} INFO - Running command: ['/usr/bin/bash', '-c', 'python /opt/***/src/features/build_features.py --config /opt/***/config/params.yaml']
[2025-04-12T04:00:12.367+0000] {subprocess.py:99} INFO - Output:
[2025-04-12T04:00:13.727+0000] {subprocess.py:106} INFO - --- Loading Processed Data from /opt/***/data/processed/all_processed_data.npz ---
[2025-04-12T04:00:13.728+0000] {subprocess.py:106} INFO - --- Finished Loading Processed Data ---
[2025-04-12T04:00:13.728+0000] {subprocess.py:106} INFO - --- Creating Sequences ---
[2025-04-12T04:00:13.729+0000] {subprocess.py:106} INFO - X sequences shape: (722, 30, 7, 16)
[2025-04-12T04:00:13.729+0000] {subprocess.py:106} INFO - y sequences shape: (722, 1, 7)
[2025-04-12T04:00:13.729+0000] {subprocess.py:106} INFO - --- Finished Creating Sequences ---
[2025-04-12T04:00:13.730+0000] {subprocess.py:106} INFO - --- Splitting Data ---
[2025-04-12T04:00:13.730+0000] {subprocess.py:106} INFO - Train shapes: X=(577, 30, 7, 16), y=(577, 1, 7)
[2025-04-12T04:00:13.730+0000] {subprocess.py:106} INFO - Test shapes: X=(145, 30, 7, 16), y=(145, 1, 7)
[2025-04-12T04:00:13.731+0000] {subprocess.py:106} INFO - --- Finished Splitting Data ---
[2025-04-12T04:00:13.731+0000] {subprocess.py:106} INFO - --- Scaling Data ---
[2025-04-12T04:00:13.731+0000] {subprocess.py:106} INFO - --- Finished Scaling Data ---
[2025-04-12T04:00:13.732+0000] {subprocess.py:106} INFO - --- Saving Scaled Data to /opt/***/data/features/split_scaled_data.npz ---
[2025-04-12T04:00:13.732+0000] {subprocess.py:106} INFO - --- Finished Saving Scaled Data ---
[2025-04-12T04:00:13.732+0000] {subprocess.py:106} INFO - --- Saving Scalers to /opt/***/data/processed/scalers.pkl ---
[2025-04-12T04:00:13.733+0000] {subprocess.py:106} INFO - --- Finished Saving Scalers ---
[2025-04-12T04:00:13.812+0000] {subprocess.py:110} INFO - Command exited with return code 0
[2025-04-12T04:00:13.829+0000] {taskinstance.py:341} INFO - ::group::Post task execution logs
[2025-04-12T04:00:13.831+0000] {taskinstance.py:353} INFO - Marking task as SUCCESS. dag_id=lstm_stock_prediction_refactored, task_id=build_features, run_id=manual__2025-04-12T04:00:09.694282+00:00, execution_date=20250412T040009, start_date=20250412T040012, end_date=20250412T040013
[2025-04-12T04:00:13.875+0000] {local_task_job_runner.py:266} INFO - Task exited with return code 0
[2025-04-12T04:00:13.894+0000] {taskinstance.py:3901} INFO - 1 downstream tasks scheduled from follow-on schedule check
[2025-04-12T04:00:13.896+0000] {local_task_job_runner.py:245} INFO - ::endgroup::
