[2025-04-23T07:04:08.308+0000] {local_task_job_runner.py:123} INFO - ::group::Pre task execution logs
[2025-04-23T07:04:08.326+0000] {taskinstance.py:2614} INFO - Dependencies all met for dep_context=non-requeueable deps ti=<TaskInstance: lstm_stock_prediction_refactored.optimize_hyperparams manual__2025-04-23T07:04:02.258514+00:00 [queued]>
[2025-04-23T07:04:08.333+0000] {taskinstance.py:2614} INFO - Dependencies all met for dep_context=requeueable deps ti=<TaskInstance: lstm_stock_prediction_refactored.optimize_hyperparams manual__2025-04-23T07:04:02.258514+00:00 [queued]>
[2025-04-23T07:04:08.334+0000] {taskinstance.py:2867} INFO - Starting attempt 1 of 2
[2025-04-23T07:04:08.344+0000] {taskinstance.py:2890} INFO - Executing <Task(BashOperator): optimize_hyperparams> on 2025-04-23 07:04:02.258514+00:00
[2025-04-23T07:04:08.348+0000] {standard_task_runner.py:72} INFO - Started process 675 to run task
[2025-04-23T07:04:08.350+0000] {standard_task_runner.py:104} INFO - Running: ['***', 'tasks', 'run', 'lstm_stock_prediction_refactored', 'optimize_hyperparams', 'manual__2025-04-23T07:04:02.258514+00:00', '--job-id', '105', '--raw', '--subdir', 'DAGS_FOLDER/lstm_refactored_dag.py', '--cfg-path', '/tmp/tmpye2y7mh7']
[2025-04-23T07:04:08.353+0000] {standard_task_runner.py:105} INFO - Job 105: Subtask optimize_hyperparams
[2025-04-23T07:04:08.384+0000] {task_command.py:467} INFO - Running <TaskInstance: lstm_stock_prediction_refactored.optimize_hyperparams manual__2025-04-23T07:04:02.258514+00:00 [running]> on host 7f98232cb4c4
[2025-04-23T07:04:08.445+0000] {taskinstance.py:3134} INFO - Exporting env vars: AIRFLOW_CTX_DAG_OWNER='***_team' AIRFLOW_CTX_DAG_ID='lstm_stock_prediction_refactored' AIRFLOW_CTX_TASK_ID='optimize_hyperparams' AIRFLOW_CTX_EXECUTION_DATE='2025-04-23T07:04:02.258514+00:00' AIRFLOW_CTX_TRY_NUMBER='1' AIRFLOW_CTX_DAG_RUN_ID='manual__2025-04-23T07:04:02.258514+00:00'
[2025-04-23T07:04:08.447+0000] {taskinstance.py:732} INFO - ::endgroup::
[2025-04-23T07:04:08.457+0000] {subprocess.py:78} INFO - Tmp dir root location: /tmp
[2025-04-23T07:04:08.458+0000] {subprocess.py:88} INFO - Running command: ['/usr/bin/bash', '-c', 'python /opt/***/src/models/optimize_hyperparams.py --config /opt/***/config/params.yaml']
[2025-04-23T07:04:08.465+0000] {subprocess.py:99} INFO - Output:
[2025-04-23T07:04:10.119+0000] {subprocess.py:106} INFO - mkdir -p failed for path /home/***/.cache/matplotlib: [Errno 13] Permission denied: '/home/***/.cache/matplotlib'
[2025-04-23T07:04:10.120+0000] {subprocess.py:106} INFO - Matplotlib created a temporary cache directory at /tmp/matplotlib-5jdqd0gj because there was an issue with the default path (/home/***/.cache/matplotlib); it is highly recommended to set the MPLCONFIGDIR environment variable to a writable directory, in particular to speed up the import of Matplotlib and to better support multiprocessing.
[2025-04-23T07:04:12.372+0000] {subprocess.py:106} INFO - [I 2025-04-23 07:04:12,372] A new study created in memory with name: no-name-681188d1-1858-4847-8cfb-8267013ba525
[2025-04-23T07:04:19.333+0000] {subprocess.py:106} INFO - [I 2025-04-23 07:04:19,332] Trial 0 finished with value: 0.04006997806330522 and parameters: {'batch_size': 64, 'hidden_size': 64, 'num_layers': 1, 'dropout_rate': 0.30000000000000004, 'learning_rate': 0.002284295231540831, 'model_type': 'lstm_cross_attention'}. Best is trial 0 with value: 0.04006997806330522.
[2025-04-23T07:04:19.337+0000] {subprocess.py:106} INFO - Using device: cpu
[2025-04-23T07:04:19.337+0000] {subprocess.py:106} INFO - --- Loading Scaled Data from /opt/***/data/features/split_scaled_data.npz ---
[2025-04-23T07:04:19.338+0000] {subprocess.py:106} INFO - --- Finished Loading Scaled Data ---
[2025-04-23T07:04:19.339+0000] {subprocess.py:106} INFO - --- Loading Scalers from /opt/***/data/processed/scalers.pkl ---
[2025-04-23T07:04:19.340+0000] {subprocess.py:106} INFO - --- Finished Loading Scalers ---
[2025-04-23T07:04:19.340+0000] {subprocess.py:106} INFO - --- Starting Optuna Optimization (1 trials) ---
[2025-04-23T07:04:19.341+0000] {subprocess.py:106} INFO - --- Finished Optuna Optimization ---
[2025-04-23T07:04:19.341+0000] {subprocess.py:106} INFO - Best trial value (loss): 0.04006997806330522
[2025-04-23T07:04:19.342+0000] {subprocess.py:106} INFO - Best parameters: {'batch_size': 64, 'hidden_size': 64, 'num_layers': 1, 'dropout_rate': 0.30000000000000004, 'learning_rate': 0.002284295231540831, 'model_type': 'lstm_cross_attention'}
[2025-04-23T07:04:19.342+0000] {subprocess.py:106} INFO - --- Saving Best Parameters to /opt/***/config/best_params.json ---
[2025-04-23T07:04:19.343+0000] {subprocess.py:106} INFO - --- Finished Saving Best Parameters ---
[2025-04-23T07:04:20.318+0000] {subprocess.py:110} INFO - Command exited with return code 0
[2025-04-23T07:04:20.335+0000] {taskinstance.py:341} INFO - ::group::Post task execution logs
[2025-04-23T07:04:20.336+0000] {taskinstance.py:353} INFO - Marking task as SUCCESS. dag_id=lstm_stock_prediction_refactored, task_id=optimize_hyperparams, run_id=manual__2025-04-23T07:04:02.258514+00:00, execution_date=20250423T070402, start_date=20250423T070408, end_date=20250423T070420
[2025-04-23T07:04:20.379+0000] {local_task_job_runner.py:266} INFO - Task exited with return code 0
[2025-04-23T07:04:20.397+0000] {taskinstance.py:3901} INFO - 1 downstream tasks scheduled from follow-on schedule check
[2025-04-23T07:04:20.400+0000] {local_task_job_runner.py:245} INFO - ::endgroup::
