[2025-04-20T03:14:43.143+0000] {local_task_job_runner.py:123} INFO - ::group::Pre task execution logs
[2025-04-20T03:14:43.207+0000] {taskinstance.py:2614} INFO - Dependencies all met for dep_context=non-requeueable deps ti=<TaskInstance: lstm_stock_prediction_refactored.build_features manual__2025-04-20T03:13:45.671446+00:00 [queued]>
[2025-04-20T03:14:43.242+0000] {taskinstance.py:2614} INFO - Dependencies all met for dep_context=requeueable deps ti=<TaskInstance: lstm_stock_prediction_refactored.build_features manual__2025-04-20T03:13:45.671446+00:00 [queued]>
[2025-04-20T03:14:43.246+0000] {taskinstance.py:2867} INFO - Starting attempt 1 of 2
[2025-04-20T03:14:43.286+0000] {taskinstance.py:2890} INFO - Executing <Task(BashOperator): build_features> on 2025-04-20 03:13:45.671446+00:00
[2025-04-20T03:14:43.299+0000] {standard_task_runner.py:72} INFO - Started process 325 to run task
[2025-04-20T03:14:43.305+0000] {standard_task_runner.py:104} INFO - Running: ['***', 'tasks', 'run', 'lstm_stock_prediction_refactored', 'build_features', 'manual__2025-04-20T03:13:45.671446+00:00', '--job-id', '34', '--raw', '--subdir', 'DAGS_FOLDER/lstm_refactored_dag.py', '--cfg-path', '/tmp/tmpx0f3ak1m']
[2025-04-20T03:14:43.311+0000] {standard_task_runner.py:105} INFO - Job 34: Subtask build_features
[2025-04-20T03:14:43.405+0000] {task_command.py:467} INFO - Running <TaskInstance: lstm_stock_prediction_refactored.build_features manual__2025-04-20T03:13:45.671446+00:00 [running]> on host 3d47c2da8b29
[2025-04-20T03:14:43.648+0000] {taskinstance.py:3134} INFO - Exporting env vars: AIRFLOW_CTX_DAG_OWNER='***_team' AIRFLOW_CTX_DAG_ID='lstm_stock_prediction_refactored' AIRFLOW_CTX_TASK_ID='build_features' AIRFLOW_CTX_EXECUTION_DATE='2025-04-20T03:13:45.671446+00:00' AIRFLOW_CTX_TRY_NUMBER='1' AIRFLOW_CTX_DAG_RUN_ID='manual__2025-04-20T03:13:45.671446+00:00'
[2025-04-20T03:14:43.652+0000] {taskinstance.py:732} INFO - ::endgroup::
[2025-04-20T03:14:43.821+0000] {subprocess.py:78} INFO - Tmp dir root location: /tmp
[2025-04-20T03:14:43.830+0000] {subprocess.py:88} INFO - Running command: ['/usr/bin/bash', '-c', 'python /opt/***/src/features/build_features.py --config /opt/***/config/params.yaml']
[2025-04-20T03:14:43.857+0000] {subprocess.py:99} INFO - Output:
[2025-04-20T03:14:49.545+0000] {subprocess.py:106} INFO - --- Loading Processed Data from /opt/***/data/processed/all_processed_data.npz ---
[2025-04-20T03:14:49.547+0000] {subprocess.py:106} INFO - --- Finished Loading Processed Data ---
[2025-04-20T03:14:49.549+0000] {subprocess.py:106} INFO - --- Creating Sequences ---
[2025-04-20T03:14:49.551+0000] {subprocess.py:106} INFO - X sequences shape: (723, 30, 7, 17)
[2025-04-20T03:14:49.553+0000] {subprocess.py:106} INFO - y sequences shape: (723, 1, 7)
[2025-04-20T03:14:49.555+0000] {subprocess.py:106} INFO - --- Finished Creating Sequences ---
[2025-04-20T03:14:49.557+0000] {subprocess.py:106} INFO - --- Splitting Data ---
[2025-04-20T03:14:49.559+0000] {subprocess.py:106} INFO - Train shapes: X=(578, 30, 7, 17), y=(578, 1, 7)
[2025-04-20T03:14:49.561+0000] {subprocess.py:106} INFO - Test shapes: X=(145, 30, 7, 17), y=(145, 1, 7)
[2025-04-20T03:14:49.563+0000] {subprocess.py:106} INFO - --- Finished Splitting Data ---
[2025-04-20T03:14:49.565+0000] {subprocess.py:106} INFO - --- Scaling Data ---
[2025-04-20T03:14:49.567+0000] {subprocess.py:106} INFO - --- Finished Scaling Data ---
[2025-04-20T03:14:49.570+0000] {subprocess.py:106} INFO - --- Saving Scaled Data to /opt/***/data/features/split_scaled_data.npz ---
[2025-04-20T03:14:49.572+0000] {subprocess.py:106} INFO - --- Finished Saving Scaled Data ---
[2025-04-20T03:14:49.574+0000] {subprocess.py:106} INFO - --- Saving Scalers to /opt/***/data/processed/scalers.pkl ---
[2025-04-20T03:14:49.576+0000] {subprocess.py:106} INFO - --- Finished Saving Scalers ---
[2025-04-20T03:14:49.851+0000] {subprocess.py:110} INFO - Command exited with return code 0
[2025-04-20T03:14:49.905+0000] {taskinstance.py:341} INFO - ::group::Post task execution logs
[2025-04-20T03:14:49.907+0000] {taskinstance.py:353} INFO - Marking task as SUCCESS. dag_id=lstm_stock_prediction_refactored, task_id=build_features, run_id=manual__2025-04-20T03:13:45.671446+00:00, execution_date=20250420T031345, start_date=20250420T031443, end_date=20250420T031449
[2025-04-20T03:14:49.995+0000] {local_task_job_runner.py:266} INFO - Task exited with return code 0
[2025-04-20T03:14:50.050+0000] {taskinstance.py:3901} INFO - 1 downstream tasks scheduled from follow-on schedule check
[2025-04-20T03:14:50.056+0000] {local_task_job_runner.py:245} INFO - ::endgroup::
