[2025-04-22T08:25:37.405+0000] {local_task_job_runner.py:123} INFO - ::group::Pre task execution logs
[2025-04-22T08:25:37.462+0000] {taskinstance.py:2614} INFO - Dependencies all met for dep_context=non-requeueable deps ti=<TaskInstance: lstm_stock_prediction_refactored.process_data manual__2025-04-22T08:25:35.628879+00:00 [queued]>
[2025-04-22T08:25:37.477+0000] {taskinstance.py:2614} INFO - Dependencies all met for dep_context=requeueable deps ti=<TaskInstance: lstm_stock_prediction_refactored.process_data manual__2025-04-22T08:25:35.628879+00:00 [queued]>
[2025-04-22T08:25:37.479+0000] {taskinstance.py:2867} INFO - Starting attempt 1 of 2
[2025-04-22T08:25:37.501+0000] {taskinstance.py:2890} INFO - Executing <Task(BashOperator): process_data> on 2025-04-22 08:25:35.628879+00:00
[2025-04-22T08:25:37.515+0000] {standard_task_runner.py:72} INFO - Started process 468 to run task
[2025-04-22T08:25:37.536+0000] {standard_task_runner.py:104} INFO - Running: ['***', 'tasks', 'run', 'lstm_stock_prediction_refactored', 'process_data', 'manual__2025-04-22T08:25:35.628879+00:00', '--job-id', '19', '--raw', '--subdir', 'DAGS_FOLDER/lstm_refactored_dag.py', '--cfg-path', '/tmp/tmpje4zfgc1']
[2025-04-22T08:25:37.545+0000] {standard_task_runner.py:105} INFO - Job 19: Subtask process_data
[2025-04-22T08:25:37.782+0000] {task_command.py:467} INFO - Running <TaskInstance: lstm_stock_prediction_refactored.process_data manual__2025-04-22T08:25:35.628879+00:00 [running]> on host a528bcf7a8c9
[2025-04-22T08:25:38.037+0000] {taskinstance.py:3134} INFO - Exporting env vars: AIRFLOW_CTX_DAG_OWNER='***_team' AIRFLOW_CTX_DAG_ID='lstm_stock_prediction_refactored' AIRFLOW_CTX_TASK_ID='process_data' AIRFLOW_CTX_EXECUTION_DATE='2025-04-22T08:25:35.628879+00:00' AIRFLOW_CTX_TRY_NUMBER='1' AIRFLOW_CTX_DAG_RUN_ID='manual__2025-04-22T08:25:35.628879+00:00'
[2025-04-22T08:25:38.041+0000] {taskinstance.py:732} INFO - ::endgroup::
[2025-04-22T08:25:38.122+0000] {subprocess.py:78} INFO - Tmp dir root location: /tmp
[2025-04-22T08:25:38.127+0000] {subprocess.py:88} INFO - Running command: ['/usr/bin/bash', '-c', 'python /opt/***/src/data/make_dataset.py --config /opt/***/config/params.yaml']
[2025-04-22T08:25:38.159+0000] {subprocess.py:99} INFO - Output:
[2025-04-22T08:25:40.325+0000] {subprocess.py:106} INFO - 2025-04-22 08:25:40,325 - __main__ - INFO - Starting data processing script with config: /opt/***/config/params.yaml
[2025-04-22T08:25:40.331+0000] {subprocess.py:106} INFO - 2025-04-22 08:25:40,331 - __main__ - INFO - Raw data directory: /opt/***/data/raw
[2025-04-22T08:25:40.332+0000] {subprocess.py:106} INFO - 2025-04-22 08:25:40,331 - __main__ - INFO - Processed data output path: /opt/***/data/processed/all_processed_data.npz
[2025-04-22T08:25:40.333+0000] {subprocess.py:106} INFO - 2025-04-22 08:25:40,331 - __main__ - INFO - --- Starting Data Loading ---
[2025-04-22T08:25:40.334+0000] {subprocess.py:106} INFO - 2025-04-22 08:25:40,332 - __main__ - INFO - Attempting to use RELATIVE output dir: /opt/***/data/raw
[2025-04-22T08:25:40.334+0000] {subprocess.py:106} INFO - 2025-04-22 08:25:40,333 - __main__ - INFO - Attempting to use ABSOLUTE output dir: /opt/***/data/raw
[2025-04-22T08:25:40.335+0000] {subprocess.py:106} INFO - 2025-04-22 08:25:40,333 - __main__ - INFO - Current Working Directory inside container: /tmp/***tmpg0qcaz4_
[2025-04-22T08:25:40.336+0000] {subprocess.py:106} INFO - 2025-04-22 08:25:40,333 - __main__ - INFO - Attempting to create directory: /opt/***/data/raw
[2025-04-22T08:25:40.336+0000] {subprocess.py:106} INFO - 2025-04-22 08:25:40,334 - __main__ - INFO - Successfully called mkdir for: /opt/***/data/raw (might not indicate success if permissions are wrong)
[2025-04-22T08:25:40.337+0000] {subprocess.py:106} INFO - 2025-04-22 08:25:40,334 - __main__ - INFO - Saving raw data to: /opt/***/data/raw
[2025-04-22T08:25:40.338+0000] {subprocess.py:106} INFO - 2025-04-22 08:25:40,335 - __main__ - INFO - Skipping download for AAPL, file exists: /opt/***/data/raw/AAPL_raw.pkl
[2025-04-22T08:25:40.338+0000] {subprocess.py:106} INFO - 2025-04-22 08:25:40,336 - __main__ - INFO - Skipping download for MA, file exists: /opt/***/data/raw/MA_raw.pkl
[2025-04-22T08:25:40.339+0000] {subprocess.py:106} INFO - 2025-04-22 08:25:40,337 - __main__ - INFO - Skipping download for CSCO, file exists: /opt/***/data/raw/CSCO_raw.pkl
[2025-04-22T08:25:40.339+0000] {subprocess.py:106} INFO - 2025-04-22 08:25:40,337 - __main__ - INFO - Skipping download for MSFT, file exists: /opt/***/data/raw/MSFT_raw.pkl
[2025-04-22T08:25:40.340+0000] {subprocess.py:106} INFO - 2025-04-22 08:25:40,338 - __main__ - INFO - Skipping download for AMZN, file exists: /opt/***/data/raw/AMZN_raw.pkl
[2025-04-22T08:25:40.341+0000] {subprocess.py:106} INFO - 2025-04-22 08:25:40,339 - __main__ - INFO - Skipping download for GOOG, file exists: /opt/***/data/raw/GOOG_raw.pkl
[2025-04-22T08:25:40.341+0000] {subprocess.py:106} INFO - 2025-04-22 08:25:40,340 - __main__ - INFO - Skipping download for IBM, file exists: /opt/***/data/raw/IBM_raw.pkl
[2025-04-22T08:25:40.342+0000] {subprocess.py:106} INFO - 2025-04-22 08:25:40,340 - __main__ - INFO - --- Finished Data Loading ---
[2025-04-22T08:25:40.385+0000] {subprocess.py:106} INFO - 2025-04-22 08:25:40,385 - __main__ - INFO - --- Starting Feature Engineering (Indicators) ---
[2025-04-22T08:25:40.449+0000] {subprocess.py:106} INFO - /home/***/.local/lib/python3.11/site-packages/ta/trend.py:1030: FutureWarning: Series.__setitem__ treating keys as positions is deprecated. In a future version, integer keys will always be treated as labels (consistent with DataFrame behavior). To set a value by position, use `ser.iloc[pos] = value`
[2025-04-22T08:25:40.450+0000] {subprocess.py:106} INFO -   self._psar[i] = high2
[2025-04-22T08:25:40.613+0000] {subprocess.py:106} INFO - /home/***/.local/lib/python3.11/site-packages/ta/trend.py:1030: FutureWarning: Series.__setitem__ treating keys as positions is deprecated. In a future version, integer keys will always be treated as labels (consistent with DataFrame behavior). To set a value by position, use `ser.iloc[pos] = value`
[2025-04-22T08:25:40.614+0000] {subprocess.py:106} INFO -   self._psar[i] = high2
[2025-04-22T08:25:40.789+0000] {subprocess.py:106} INFO - /home/***/.local/lib/python3.11/site-packages/ta/trend.py:1030: FutureWarning: Series.__setitem__ treating keys as positions is deprecated. In a future version, integer keys will always be treated as labels (consistent with DataFrame behavior). To set a value by position, use `ser.iloc[pos] = value`
[2025-04-22T08:25:40.790+0000] {subprocess.py:106} INFO -   self._psar[i] = high2
[2025-04-22T08:25:40.935+0000] {subprocess.py:106} INFO - /home/***/.local/lib/python3.11/site-packages/ta/trend.py:1030: FutureWarning: Series.__setitem__ treating keys as positions is deprecated. In a future version, integer keys will always be treated as labels (consistent with DataFrame behavior). To set a value by position, use `ser.iloc[pos] = value`
[2025-04-22T08:25:40.936+0000] {subprocess.py:106} INFO -   self._psar[i] = high2
[2025-04-22T08:25:41.117+0000] {subprocess.py:106} INFO - /home/***/.local/lib/python3.11/site-packages/ta/trend.py:1030: FutureWarning: Series.__setitem__ treating keys as positions is deprecated. In a future version, integer keys will always be treated as labels (consistent with DataFrame behavior). To set a value by position, use `ser.iloc[pos] = value`
[2025-04-22T08:25:41.118+0000] {subprocess.py:106} INFO -   self._psar[i] = high2
[2025-04-22T08:25:41.285+0000] {subprocess.py:106} INFO - /home/***/.local/lib/python3.11/site-packages/ta/trend.py:1030: FutureWarning: Series.__setitem__ treating keys as positions is deprecated. In a future version, integer keys will always be treated as labels (consistent with DataFrame behavior). To set a value by position, use `ser.iloc[pos] = value`
[2025-04-22T08:25:41.286+0000] {subprocess.py:106} INFO -   self._psar[i] = high2
[2025-04-22T08:25:41.446+0000] {subprocess.py:106} INFO - /home/***/.local/lib/python3.11/site-packages/ta/trend.py:1030: FutureWarning: Series.__setitem__ treating keys as positions is deprecated. In a future version, integer keys will always be treated as labels (consistent with DataFrame behavior). To set a value by position, use `ser.iloc[pos] = value`
[2025-04-22T08:25:41.447+0000] {subprocess.py:106} INFO -   self._psar[i] = high2
[2025-04-22T08:25:41.560+0000] {subprocess.py:106} INFO - 2025-04-22 08:25:41,560 - __main__ - INFO - --- Finished Feature Engineering (Indicators) ---
[2025-04-22T08:25:41.562+0000] {subprocess.py:106} INFO - 2025-04-22 08:25:41,560 - __main__ - INFO - --- Starting Feature Filtering ---
[2025-04-22T08:25:41.571+0000] {subprocess.py:106} INFO - 2025-04-22 08:25:41,571 - __main__ - INFO - Features remaining after filtering: 16
[2025-04-22T08:25:41.572+0000] {subprocess.py:106} INFO - 2025-04-22 08:25:41,571 - __main__ - INFO - --- Finished Feature Filtering ---
[2025-04-22T08:25:41.573+0000] {subprocess.py:106} INFO - 2025-04-22 08:25:41,571 - __main__ - INFO - --- Starting Data Alignment & Processing ---
[2025-04-22T08:25:41.627+0000] {subprocess.py:106} INFO - /opt/***/src/data/make_dataset.py:144: FutureWarning: DataFrame.fillna with 'method' is deprecated and will raise in a future version. Use obj.ffill() or obj.bfill() instead.
[2025-04-22T08:25:41.627+0000] {subprocess.py:106} INFO -   df = aligned_data[ticker][feature_columns + ['Target']].fillna(method='ffill').fillna(method='bfill')
[2025-04-22T08:25:41.629+0000] {subprocess.py:106} INFO - /opt/***/src/data/make_dataset.py:144: FutureWarning: DataFrame.fillna with 'method' is deprecated and will raise in a future version. Use obj.ffill() or obj.bfill() instead.
[2025-04-22T08:25:41.630+0000] {subprocess.py:106} INFO -   df = aligned_data[ticker][feature_columns + ['Target']].fillna(method='ffill').fillna(method='bfill')
[2025-04-22T08:25:41.632+0000] {subprocess.py:106} INFO - /opt/***/src/data/make_dataset.py:144: FutureWarning: DataFrame.fillna with 'method' is deprecated and will raise in a future version. Use obj.ffill() or obj.bfill() instead.
[2025-04-22T08:25:41.633+0000] {subprocess.py:106} INFO -   df = aligned_data[ticker][feature_columns + ['Target']].fillna(method='ffill').fillna(method='bfill')
[2025-04-22T08:25:41.634+0000] {subprocess.py:106} INFO - /opt/***/src/data/make_dataset.py:144: FutureWarning: DataFrame.fillna with 'method' is deprecated and will raise in a future version. Use obj.ffill() or obj.bfill() instead.
[2025-04-22T08:25:41.635+0000] {subprocess.py:106} INFO -   df = aligned_data[ticker][feature_columns + ['Target']].fillna(method='ffill').fillna(method='bfill')
[2025-04-22T08:25:41.636+0000] {subprocess.py:106} INFO - /opt/***/src/data/make_dataset.py:144: FutureWarning: DataFrame.fillna with 'method' is deprecated and will raise in a future version. Use obj.ffill() or obj.bfill() instead.
[2025-04-22T08:25:41.637+0000] {subprocess.py:106} INFO -   df = aligned_data[ticker][feature_columns + ['Target']].fillna(method='ffill').fillna(method='bfill')
[2025-04-22T08:25:41.638+0000] {subprocess.py:106} INFO - /opt/***/src/data/make_dataset.py:144: FutureWarning: DataFrame.fillna with 'method' is deprecated and will raise in a future version. Use obj.ffill() or obj.bfill() instead.
[2025-04-22T08:25:41.639+0000] {subprocess.py:106} INFO -   df = aligned_data[ticker][feature_columns + ['Target']].fillna(method='ffill').fillna(method='bfill')
[2025-04-22T08:25:41.640+0000] {subprocess.py:106} INFO - /opt/***/src/data/make_dataset.py:144: FutureWarning: DataFrame.fillna with 'method' is deprecated and will raise in a future version. Use obj.ffill() or obj.bfill() instead.
[2025-04-22T08:25:41.641+0000] {subprocess.py:106} INFO -   df = aligned_data[ticker][feature_columns + ['Target']].fillna(method='ffill').fillna(method='bfill')
[2025-04-22T08:25:41.643+0000] {subprocess.py:106} INFO - 2025-04-22 08:25:41,643 - __main__ - INFO - Processed data shape: (751, 7, 16)
[2025-04-22T08:25:41.644+0000] {subprocess.py:106} INFO - 2025-04-22 08:25:41,643 - __main__ - INFO - Targets shape: (751, 7)
[2025-04-22T08:25:41.645+0000] {subprocess.py:106} INFO - 2025-04-22 08:25:41,643 - __main__ - INFO - Final tickers in order: ['AAPL', 'MA', 'CSCO', 'MSFT', 'AMZN', 'GOOG', 'IBM']
[2025-04-22T08:25:41.645+0000] {subprocess.py:106} INFO - 2025-04-22 08:25:41,643 - __main__ - INFO - --- Finished Data Alignment & Processing ---
[2025-04-22T08:25:41.646+0000] {subprocess.py:106} INFO - 2025-04-22 08:25:41,646 - __main__ - INFO - Attempting to save to absolute path: /opt/***/data/processed/all_processed_data.npz
[2025-04-22T08:25:41.655+0000] {subprocess.py:106} INFO - 2025-04-22 08:25:41,655 - __main__ - INFO - Successfully saved processed data to /opt/***/data/processed/all_processed_data.npz
[2025-04-22T08:25:41.656+0000] {subprocess.py:106} INFO - 2025-04-22 08:25:41,656 - __main__ - INFO - Verified file exists at: /opt/***/data/processed/all_processed_data.npz
[2025-04-22T08:25:41.657+0000] {subprocess.py:106} INFO - 2025-04-22 08:25:41,657 - __main__ - INFO - Data processing script finished.
[2025-04-22T08:25:41.657+0000] {subprocess.py:106} INFO - --- PRINT TEST: Starting Data Loading ---
[2025-04-22T08:25:41.658+0000] {subprocess.py:106} INFO - Filtering highly correlated features with threshold 0.9
[2025-04-22T08:25:41.658+0000] {subprocess.py:106} INFO - Identified 20 highly correlated features to remove: ['High', 'Low', 'Close', 'EMA_50', 'EMA_200', 'BB_High', 'BB_Low', 'OBV', 'SMA_50', 'VWAP', 'PSAR', 'Stochastic_D', 'CCI', 'Williams_R', 'Donchian_High', 'Donchian_Low', 'Keltner_High', 'Keltner_Low', 'DI_Positive', 'DI_Negative']
[2025-04-22T08:25:41.659+0000] {subprocess.py:106} INFO - Excluding 'Close' column from removal list.
[2025-04-22T08:25:41.659+0000] {subprocess.py:106} INFO - Final list of 19 features to remove: ['High', 'Low', 'EMA_50', 'EMA_200', 'BB_High', 'BB_Low', 'OBV', 'SMA_50', 'VWAP', 'PSAR', 'Stochastic_D', 'CCI', 'Williams_R', 'Donchian_High', 'Donchian_Low', 'Keltner_High', 'Keltner_Low', 'DI_Positive', 'DI_Negative']
[2025-04-22T08:25:41.791+0000] {subprocess.py:110} INFO - Command exited with return code 0
[2025-04-22T08:25:41.824+0000] {taskinstance.py:341} INFO - ::group::Post task execution logs
[2025-04-22T08:25:41.826+0000] {taskinstance.py:353} INFO - Marking task as SUCCESS. dag_id=lstm_stock_prediction_refactored, task_id=process_data, run_id=manual__2025-04-22T08:25:35.628879+00:00, execution_date=20250422T082535, start_date=20250422T082537, end_date=20250422T082541
[2025-04-22T08:25:41.879+0000] {local_task_job_runner.py:266} INFO - Task exited with return code 0
[2025-04-22T08:25:41.918+0000] {taskinstance.py:3901} INFO - 1 downstream tasks scheduled from follow-on schedule check
[2025-04-22T08:25:41.920+0000] {local_task_job_runner.py:245} INFO - ::endgroup::
