[2025-04-10T10:32:42.125+0000] {local_task_job_runner.py:123} INFO - ::group::Pre task execution logs
[2025-04-10T10:32:42.141+0000] {taskinstance.py:2614} INFO - Dependencies all met for dep_context=non-requeueable deps ti=<TaskInstance: lstm_stock_prediction_refactored.process_data scheduled__2025-03-31T08:00:00+00:00 [queued]>
[2025-04-10T10:32:42.146+0000] {taskinstance.py:2614} INFO - Dependencies all met for dep_context=requeueable deps ti=<TaskInstance: lstm_stock_prediction_refactored.process_data scheduled__2025-03-31T08:00:00+00:00 [queued]>
[2025-04-10T10:32:42.147+0000] {taskinstance.py:2867} INFO - Starting attempt 1 of 2
[2025-04-10T10:32:42.155+0000] {taskinstance.py:2890} INFO - Executing <Task(BashOperator): process_data> on 2025-03-31 08:00:00+00:00
[2025-04-10T10:32:42.159+0000] {standard_task_runner.py:72} INFO - Started process 1777 to run task
[2025-04-10T10:32:42.161+0000] {standard_task_runner.py:104} INFO - Running: ['***', 'tasks', 'run', 'lstm_stock_prediction_refactored', 'process_data', 'scheduled__2025-03-31T08:00:00+00:00', '--job-id', '48', '--raw', '--subdir', 'DAGS_FOLDER/lstm_refactored_dag.py', '--cfg-path', '/tmp/tmpguavqnph']
[2025-04-10T10:32:42.163+0000] {standard_task_runner.py:105} INFO - Job 48: Subtask process_data
[2025-04-10T10:32:42.195+0000] {task_command.py:467} INFO - Running <TaskInstance: lstm_stock_prediction_refactored.process_data scheduled__2025-03-31T08:00:00+00:00 [running]> on host f4de05ccd019
[2025-04-10T10:32:42.250+0000] {taskinstance.py:3134} INFO - Exporting env vars: AIRFLOW_CTX_DAG_OWNER='***_team' AIRFLOW_CTX_DAG_ID='lstm_stock_prediction_refactored' AIRFLOW_CTX_TASK_ID='process_data' AIRFLOW_CTX_EXECUTION_DATE='2025-03-31T08:00:00+00:00' AIRFLOW_CTX_TRY_NUMBER='1' AIRFLOW_CTX_DAG_RUN_ID='scheduled__2025-03-31T08:00:00+00:00'
[2025-04-10T10:32:42.251+0000] {taskinstance.py:732} INFO - ::endgroup::
[2025-04-10T10:32:42.262+0000] {subprocess.py:78} INFO - Tmp dir root location: /tmp
[2025-04-10T10:32:42.263+0000] {subprocess.py:88} INFO - Running command: ['/usr/bin/bash', '-c', 'python /opt/***/src/data/make_dataset.py --config /opt/***/config/params.yaml']
[2025-04-10T10:32:42.269+0000] {subprocess.py:99} INFO - Output:
[2025-04-10T10:32:42.914+0000] {subprocess.py:106} INFO - 2025-04-10 10:32:42,914 - __main__ - INFO - Starting data processing script with config: /opt/***/config/params.yaml
[2025-04-10T10:32:42.918+0000] {subprocess.py:106} INFO - 2025-04-10 10:32:42,918 - __main__ - INFO - Raw data directory: data/raw
[2025-04-10T10:32:42.919+0000] {subprocess.py:106} INFO - 2025-04-10 10:32:42,918 - __main__ - INFO - Processed data output path: data/processed/all_processed_data.npz
[2025-04-10T10:32:42.919+0000] {subprocess.py:106} INFO - 2025-04-10 10:32:42,918 - __main__ - INFO - --- Starting Data Loading ---
[2025-04-10T10:32:42.920+0000] {subprocess.py:106} INFO - 2025-04-10 10:32:42,918 - __main__ - INFO - Saving raw data to: data/raw
[2025-04-10T10:32:43.584+0000] {subprocess.py:106} INFO - 2025-04-10 10:32:43,584 - __main__ - INFO - Loaded and saved raw data for AAPL to data/raw/AAPL_raw.pkl
[2025-04-10T10:32:48.883+0000] {subprocess.py:106} INFO - 2025-04-10 10:32:48,882 - __main__ - INFO - Loaded and saved raw data for MA to data/raw/MA_raw.pkl
[2025-04-10T10:32:54.163+0000] {subprocess.py:106} INFO - 2025-04-10 10:32:54,163 - __main__ - INFO - Loaded and saved raw data for CSCO to data/raw/CSCO_raw.pkl
[2025-04-10T10:32:59.401+0000] {subprocess.py:106} INFO - 2025-04-10 10:32:59,401 - __main__ - INFO - Loaded and saved raw data for MSFT to data/raw/MSFT_raw.pkl
[2025-04-10T10:33:04.627+0000] {subprocess.py:106} INFO - 2025-04-10 10:33:04,627 - __main__ - INFO - Loaded and saved raw data for AMZN to data/raw/AMZN_raw.pkl
[2025-04-10T10:33:09.835+0000] {subprocess.py:106} INFO - 2025-04-10 10:33:09,834 - __main__ - INFO - Loaded and saved raw data for GOOG to data/raw/GOOG_raw.pkl
[2025-04-10T10:33:15.140+0000] {subprocess.py:106} INFO - 2025-04-10 10:33:15,140 - __main__ - INFO - Loaded and saved raw data for IBM to data/raw/IBM_raw.pkl
[2025-04-10T10:33:20.141+0000] {subprocess.py:106} INFO - 2025-04-10 10:33:20,141 - __main__ - INFO - --- Finished Data Loading ---
[2025-04-10T10:33:20.157+0000] {subprocess.py:106} INFO - 2025-04-10 10:33:20,142 - __main__ - INFO - --- Starting Feature Engineering (Indicators) ---
[2025-04-10T10:33:20.163+0000] {subprocess.py:106} INFO - /home/***/.local/lib/python3.11/site-packages/ta/trend.py:1030: FutureWarning: Series.__setitem__ treating keys as positions is deprecated. In a future version, integer keys will always be treated as labels (consistent with DataFrame behavior). To set a value by position, use `ser.iloc[pos] = value`
[2025-04-10T10:33:20.163+0000] {subprocess.py:106} INFO -   self._psar[i] = high2
[2025-04-10T10:33:20.261+0000] {subprocess.py:106} INFO - /home/***/.local/lib/python3.11/site-packages/ta/trend.py:1030: FutureWarning: Series.__setitem__ treating keys as positions is deprecated. In a future version, integer keys will always be treated as labels (consistent with DataFrame behavior). To set a value by position, use `ser.iloc[pos] = value`
[2025-04-10T10:33:20.262+0000] {subprocess.py:106} INFO -   self._psar[i] = high2
[2025-04-10T10:33:20.348+0000] {subprocess.py:106} INFO - /home/***/.local/lib/python3.11/site-packages/ta/trend.py:1030: FutureWarning: Series.__setitem__ treating keys as positions is deprecated. In a future version, integer keys will always be treated as labels (consistent with DataFrame behavior). To set a value by position, use `ser.iloc[pos] = value`
[2025-04-10T10:33:20.348+0000] {subprocess.py:106} INFO -   self._psar[i] = high2
[2025-04-10T10:33:20.424+0000] {subprocess.py:106} INFO - /home/***/.local/lib/python3.11/site-packages/ta/trend.py:1030: FutureWarning: Series.__setitem__ treating keys as positions is deprecated. In a future version, integer keys will always be treated as labels (consistent with DataFrame behavior). To set a value by position, use `ser.iloc[pos] = value`
[2025-04-10T10:33:20.425+0000] {subprocess.py:106} INFO -   self._psar[i] = high2
[2025-04-10T10:33:20.514+0000] {subprocess.py:106} INFO - /home/***/.local/lib/python3.11/site-packages/ta/trend.py:1030: FutureWarning: Series.__setitem__ treating keys as positions is deprecated. In a future version, integer keys will always be treated as labels (consistent with DataFrame behavior). To set a value by position, use `ser.iloc[pos] = value`
[2025-04-10T10:33:20.515+0000] {subprocess.py:106} INFO -   self._psar[i] = high2
[2025-04-10T10:33:20.591+0000] {subprocess.py:106} INFO - /home/***/.local/lib/python3.11/site-packages/ta/trend.py:1030: FutureWarning: Series.__setitem__ treating keys as positions is deprecated. In a future version, integer keys will always be treated as labels (consistent with DataFrame behavior). To set a value by position, use `ser.iloc[pos] = value`
[2025-04-10T10:33:20.592+0000] {subprocess.py:106} INFO -   self._psar[i] = high2
[2025-04-10T10:33:20.686+0000] {subprocess.py:106} INFO - /home/***/.local/lib/python3.11/site-packages/ta/trend.py:1030: FutureWarning: Series.__setitem__ treating keys as positions is deprecated. In a future version, integer keys will always be treated as labels (consistent with DataFrame behavior). To set a value by position, use `ser.iloc[pos] = value`
[2025-04-10T10:33:20.687+0000] {subprocess.py:106} INFO -   self._psar[i] = high2
[2025-04-10T10:33:20.737+0000] {subprocess.py:106} INFO - 2025-04-10 10:33:20,737 - __main__ - INFO - --- Finished Feature Engineering (Indicators) ---
[2025-04-10T10:33:20.737+0000] {subprocess.py:106} INFO - 2025-04-10 10:33:20,737 - __main__ - INFO - --- Starting Feature Filtering ---
[2025-04-10T10:33:20.743+0000] {subprocess.py:106} INFO - 2025-04-10 10:33:20,743 - __main__ - INFO - Features remaining after filtering: 16
[2025-04-10T10:33:20.743+0000] {subprocess.py:106} INFO - 2025-04-10 10:33:20,743 - __main__ - INFO - --- Finished Feature Filtering ---
[2025-04-10T10:33:20.744+0000] {subprocess.py:106} INFO - 2025-04-10 10:33:20,743 - __main__ - INFO - --- Starting Data Alignment & Processing ---
[2025-04-10T10:33:20.783+0000] {subprocess.py:106} INFO - /opt/***/src/data/make_dataset.py:136: FutureWarning: DataFrame.fillna with 'method' is deprecated and will raise in a future version. Use obj.ffill() or obj.bfill() instead.
[2025-04-10T10:33:20.784+0000] {subprocess.py:106} INFO -   df = aligned_data[ticker][feature_columns + ['Target']].fillna(method='ffill').fillna(method='bfill')
[2025-04-10T10:33:20.785+0000] {subprocess.py:106} INFO - /opt/***/src/data/make_dataset.py:136: FutureWarning: DataFrame.fillna with 'method' is deprecated and will raise in a future version. Use obj.ffill() or obj.bfill() instead.
[2025-04-10T10:33:20.785+0000] {subprocess.py:106} INFO -   df = aligned_data[ticker][feature_columns + ['Target']].fillna(method='ffill').fillna(method='bfill')
[2025-04-10T10:33:20.786+0000] {subprocess.py:106} INFO - /opt/***/src/data/make_dataset.py:136: FutureWarning: DataFrame.fillna with 'method' is deprecated and will raise in a future version. Use obj.ffill() or obj.bfill() instead.
[2025-04-10T10:33:20.786+0000] {subprocess.py:106} INFO -   df = aligned_data[ticker][feature_columns + ['Target']].fillna(method='ffill').fillna(method='bfill')
[2025-04-10T10:33:20.787+0000] {subprocess.py:106} INFO - /opt/***/src/data/make_dataset.py:136: FutureWarning: DataFrame.fillna with 'method' is deprecated and will raise in a future version. Use obj.ffill() or obj.bfill() instead.
[2025-04-10T10:33:20.788+0000] {subprocess.py:106} INFO -   df = aligned_data[ticker][feature_columns + ['Target']].fillna(method='ffill').fillna(method='bfill')
[2025-04-10T10:33:20.789+0000] {subprocess.py:106} INFO - /opt/***/src/data/make_dataset.py:136: FutureWarning: DataFrame.fillna with 'method' is deprecated and will raise in a future version. Use obj.ffill() or obj.bfill() instead.
[2025-04-10T10:33:20.790+0000] {subprocess.py:106} INFO -   df = aligned_data[ticker][feature_columns + ['Target']].fillna(method='ffill').fillna(method='bfill')
[2025-04-10T10:33:20.790+0000] {subprocess.py:106} INFO - /opt/***/src/data/make_dataset.py:136: FutureWarning: DataFrame.fillna with 'method' is deprecated and will raise in a future version. Use obj.ffill() or obj.bfill() instead.
[2025-04-10T10:33:20.791+0000] {subprocess.py:106} INFO -   df = aligned_data[ticker][feature_columns + ['Target']].fillna(method='ffill').fillna(method='bfill')
[2025-04-10T10:33:20.792+0000] {subprocess.py:106} INFO - /opt/***/src/data/make_dataset.py:136: FutureWarning: DataFrame.fillna with 'method' is deprecated and will raise in a future version. Use obj.ffill() or obj.bfill() instead.
[2025-04-10T10:33:20.793+0000] {subprocess.py:106} INFO -   df = aligned_data[ticker][feature_columns + ['Target']].fillna(method='ffill').fillna(method='bfill')
[2025-04-10T10:33:20.794+0000] {subprocess.py:106} INFO - 2025-04-10 10:33:20,794 - __main__ - INFO - Processed data shape: (751, 7, 16)
[2025-04-10T10:33:20.795+0000] {subprocess.py:106} INFO - 2025-04-10 10:33:20,794 - __main__ - INFO - Targets shape: (751, 7)
[2025-04-10T10:33:20.795+0000] {subprocess.py:106} INFO - 2025-04-10 10:33:20,794 - __main__ - INFO - Final tickers in order: ['AAPL', 'MA', 'CSCO', 'MSFT', 'AMZN', 'GOOG', 'IBM']
[2025-04-10T10:33:20.795+0000] {subprocess.py:106} INFO - 2025-04-10 10:33:20,794 - __main__ - INFO - --- Finished Data Alignment & Processing ---
[2025-04-10T10:33:20.796+0000] {subprocess.py:106} INFO - 2025-04-10 10:33:20,794 - __main__ - INFO - --- Saving Processed Data to data/processed/all_processed_data.npz ---
[2025-04-10T10:33:20.797+0000] {subprocess.py:106} INFO - 2025-04-10 10:33:20,795 - __main__ - INFO - Successfully saved processed data to data/processed/all_processed_data.npz
[2025-04-10T10:33:20.797+0000] {subprocess.py:106} INFO - 2025-04-10 10:33:20,795 - __main__ - INFO - --- Finished Saving Processed Data ---
[2025-04-10T10:33:20.798+0000] {subprocess.py:106} INFO - 2025-04-10 10:33:20,795 - __main__ - INFO - Data processing script finished.
[2025-04-10T10:33:20.798+0000] {subprocess.py:106} INFO - --- PRINT TEST: Starting Data Loading ---
[2025-04-10T10:33:20.798+0000] {subprocess.py:106} INFO - Filtering highly correlated features with threshold 0.9
[2025-04-10T10:33:20.799+0000] {subprocess.py:106} INFO - Identified 20 highly correlated features to remove: ['High', 'Low', 'Close', 'EMA_50', 'EMA_200', 'BB_High', 'BB_Low', 'OBV', 'SMA_50', 'VWAP', 'PSAR', 'Stochastic_D', 'CCI', 'Williams_R', 'Donchian_High', 'Donchian_Low', 'Keltner_High', 'Keltner_Low', 'DI_Positive', 'DI_Negative']
[2025-04-10T10:33:20.799+0000] {subprocess.py:106} INFO - Excluding 'Close' column from removal list.
[2025-04-10T10:33:20.800+0000] {subprocess.py:106} INFO - Final list of 19 features to remove: ['High', 'Low', 'EMA_50', 'EMA_200', 'BB_High', 'BB_Low', 'OBV', 'SMA_50', 'VWAP', 'PSAR', 'Stochastic_D', 'CCI', 'Williams_R', 'Donchian_High', 'Donchian_Low', 'Keltner_High', 'Keltner_Low', 'DI_Positive', 'DI_Negative']
[2025-04-10T10:33:20.861+0000] {subprocess.py:110} INFO - Command exited with return code 0
[2025-04-10T10:33:20.877+0000] {taskinstance.py:341} INFO - ::group::Post task execution logs
[2025-04-10T10:33:20.878+0000] {taskinstance.py:353} INFO - Marking task as SUCCESS. dag_id=lstm_stock_prediction_refactored, task_id=process_data, run_id=scheduled__2025-03-31T08:00:00+00:00, execution_date=20250331T080000, start_date=20250410T103242, end_date=20250410T103320
[2025-04-10T10:33:20.926+0000] {local_task_job_runner.py:266} INFO - Task exited with return code 0
[2025-04-10T10:33:20.943+0000] {taskinstance.py:3901} INFO - 1 downstream tasks scheduled from follow-on schedule check
[2025-04-10T10:33:20.944+0000] {local_task_job_runner.py:245} INFO - ::endgroup::
[2025-04-11T05:43:41.457+0000] {local_task_job_runner.py:123} INFO - ::group::Pre task execution logs
[2025-04-11T05:43:41.486+0000] {taskinstance.py:2614} INFO - Dependencies all met for dep_context=non-requeueable deps ti=<TaskInstance: lstm_stock_prediction_refactored.process_data scheduled__2025-03-31T08:00:00+00:00 [queued]>
[2025-04-11T05:43:41.502+0000] {taskinstance.py:2614} INFO - Dependencies all met for dep_context=requeueable deps ti=<TaskInstance: lstm_stock_prediction_refactored.process_data scheduled__2025-03-31T08:00:00+00:00 [queued]>
[2025-04-11T05:43:41.505+0000] {taskinstance.py:2867} INFO - Starting attempt 1 of 2
[2025-04-11T05:43:41.523+0000] {taskinstance.py:2890} INFO - Executing <Task(BashOperator): process_data> on 2025-03-31 08:00:00+00:00
[2025-04-11T05:43:41.531+0000] {standard_task_runner.py:72} INFO - Started process 211 to run task
[2025-04-11T05:43:41.534+0000] {standard_task_runner.py:104} INFO - Running: ['***', 'tasks', 'run', 'lstm_stock_prediction_refactored', 'process_data', 'scheduled__2025-03-31T08:00:00+00:00', '--job-id', '3', '--raw', '--subdir', 'DAGS_FOLDER/lstm_refactored_dag.py', '--cfg-path', '/tmp/tmpgr8a98i8']
[2025-04-11T05:43:41.537+0000] {standard_task_runner.py:105} INFO - Job 3: Subtask process_data
[2025-04-11T05:43:41.601+0000] {task_command.py:467} INFO - Running <TaskInstance: lstm_stock_prediction_refactored.process_data scheduled__2025-03-31T08:00:00+00:00 [running]> on host 162c7a94827e
[2025-04-11T05:43:41.732+0000] {taskinstance.py:3134} INFO - Exporting env vars: AIRFLOW_CTX_DAG_OWNER='***_team' AIRFLOW_CTX_DAG_ID='lstm_stock_prediction_refactored' AIRFLOW_CTX_TASK_ID='process_data' AIRFLOW_CTX_EXECUTION_DATE='2025-03-31T08:00:00+00:00' AIRFLOW_CTX_TRY_NUMBER='1' AIRFLOW_CTX_DAG_RUN_ID='scheduled__2025-03-31T08:00:00+00:00'
[2025-04-11T05:43:41.733+0000] {taskinstance.py:732} INFO - ::endgroup::
[2025-04-11T05:43:41.752+0000] {subprocess.py:78} INFO - Tmp dir root location: /tmp
[2025-04-11T05:43:41.755+0000] {subprocess.py:88} INFO - Running command: ['/usr/bin/bash', '-c', 'python /opt/***/src/data/make_dataset.py --config /opt/***/config/params.yaml']
[2025-04-11T05:43:41.773+0000] {subprocess.py:99} INFO - Output:
[2025-04-11T05:43:43.323+0000] {subprocess.py:106} INFO - 2025-04-11 05:43:43,323 - __main__ - INFO - Starting data processing script with config: /opt/***/config/params.yaml
[2025-04-11T05:43:43.335+0000] {subprocess.py:106} INFO - 2025-04-11 05:43:43,335 - __main__ - INFO - Raw data directory: data/raw
[2025-04-11T05:43:43.336+0000] {subprocess.py:106} INFO - 2025-04-11 05:43:43,335 - __main__ - INFO - Processed data output path: data/processed/all_processed_data.npz
[2025-04-11T05:43:43.337+0000] {subprocess.py:106} INFO - 2025-04-11 05:43:43,335 - __main__ - INFO - --- Starting Data Loading ---
[2025-04-11T05:43:43.337+0000] {subprocess.py:106} INFO - 2025-04-11 05:43:43,335 - __main__ - INFO - Saving raw data to: data/raw
[2025-04-11T05:43:45.964+0000] {subprocess.py:106} INFO - 2025-04-11 05:43:45,964 - __main__ - INFO - Loaded and saved raw data for AAPL to data/raw/AAPL_raw.pkl
[2025-04-11T05:43:51.910+0000] {subprocess.py:106} INFO - 2025-04-11 05:43:51,910 - __main__ - INFO - Loaded and saved raw data for MA to data/raw/MA_raw.pkl
[2025-04-11T05:43:57.870+0000] {subprocess.py:106} INFO - 2025-04-11 05:43:57,870 - __main__ - INFO - Loaded and saved raw data for CSCO to data/raw/CSCO_raw.pkl
[2025-04-11T05:44:03.847+0000] {subprocess.py:106} INFO - 2025-04-11 05:44:03,846 - __main__ - INFO - Loaded and saved raw data for MSFT to data/raw/MSFT_raw.pkl
[2025-04-11T05:44:09.739+0000] {subprocess.py:106} INFO - 2025-04-11 05:44:09,739 - __main__ - INFO - Loaded and saved raw data for AMZN to data/raw/AMZN_raw.pkl
[2025-04-11T05:44:15.644+0000] {subprocess.py:106} INFO - 2025-04-11 05:44:15,644 - __main__ - INFO - Loaded and saved raw data for GOOG to data/raw/GOOG_raw.pkl
[2025-04-11T05:44:21.743+0000] {subprocess.py:106} INFO - 2025-04-11 05:44:21,743 - __main__ - INFO - Loaded and saved raw data for IBM to data/raw/IBM_raw.pkl
[2025-04-11T05:44:26.744+0000] {subprocess.py:106} INFO - 2025-04-11 05:44:26,744 - __main__ - INFO - --- Finished Data Loading ---
[2025-04-11T05:44:26.747+0000] {subprocess.py:106} INFO - 2025-04-11 05:44:26,747 - __main__ - INFO - --- Starting Feature Engineering (Indicators) ---
[2025-04-11T05:44:26.829+0000] {subprocess.py:106} INFO - /home/***/.local/lib/python3.11/site-packages/ta/trend.py:1030: FutureWarning: Series.__setitem__ treating keys as positions is deprecated. In a future version, integer keys will always be treated as labels (consistent with DataFrame behavior). To set a value by position, use `ser.iloc[pos] = value`
[2025-04-11T05:44:26.831+0000] {subprocess.py:106} INFO -   self._psar[i] = high2
[2025-04-11T05:44:27.223+0000] {subprocess.py:106} INFO - /home/***/.local/lib/python3.11/site-packages/ta/trend.py:1030: FutureWarning: Series.__setitem__ treating keys as positions is deprecated. In a future version, integer keys will always be treated as labels (consistent with DataFrame behavior). To set a value by position, use `ser.iloc[pos] = value`
[2025-04-11T05:44:27.224+0000] {subprocess.py:106} INFO -   self._psar[i] = high2
[2025-04-11T05:44:27.527+0000] {subprocess.py:106} INFO - /home/***/.local/lib/python3.11/site-packages/ta/trend.py:1030: FutureWarning: Series.__setitem__ treating keys as positions is deprecated. In a future version, integer keys will always be treated as labels (consistent with DataFrame behavior). To set a value by position, use `ser.iloc[pos] = value`
[2025-04-11T05:44:27.529+0000] {subprocess.py:106} INFO -   self._psar[i] = high2
[2025-04-11T05:44:27.825+0000] {subprocess.py:106} INFO - /home/***/.local/lib/python3.11/site-packages/ta/trend.py:1030: FutureWarning: Series.__setitem__ treating keys as positions is deprecated. In a future version, integer keys will always be treated as labels (consistent with DataFrame behavior). To set a value by position, use `ser.iloc[pos] = value`
[2025-04-11T05:44:27.827+0000] {subprocess.py:106} INFO -   self._psar[i] = high2
[2025-04-11T05:44:28.057+0000] {subprocess.py:106} INFO - /home/***/.local/lib/python3.11/site-packages/ta/trend.py:1030: FutureWarning: Series.__setitem__ treating keys as positions is deprecated. In a future version, integer keys will always be treated as labels (consistent with DataFrame behavior). To set a value by position, use `ser.iloc[pos] = value`
[2025-04-11T05:44:28.058+0000] {subprocess.py:106} INFO -   self._psar[i] = high2
[2025-04-11T05:44:28.253+0000] {subprocess.py:106} INFO - /home/***/.local/lib/python3.11/site-packages/ta/trend.py:1030: FutureWarning: Series.__setitem__ treating keys as positions is deprecated. In a future version, integer keys will always be treated as labels (consistent with DataFrame behavior). To set a value by position, use `ser.iloc[pos] = value`
[2025-04-11T05:44:28.264+0000] {subprocess.py:106} INFO -   self._psar[i] = high2
[2025-04-11T05:44:28.532+0000] {subprocess.py:106} INFO - /home/***/.local/lib/python3.11/site-packages/ta/trend.py:1030: FutureWarning: Series.__setitem__ treating keys as positions is deprecated. In a future version, integer keys will always be treated as labels (consistent with DataFrame behavior). To set a value by position, use `ser.iloc[pos] = value`
[2025-04-11T05:44:28.533+0000] {subprocess.py:106} INFO -   self._psar[i] = high2
[2025-04-11T05:44:28.659+0000] {subprocess.py:106} INFO - 2025-04-11 05:44:28,658 - __main__ - INFO - --- Finished Feature Engineering (Indicators) ---
[2025-04-11T05:44:28.660+0000] {subprocess.py:106} INFO - 2025-04-11 05:44:28,659 - __main__ - INFO - --- Starting Feature Filtering ---
[2025-04-11T05:44:28.676+0000] {subprocess.py:106} INFO - 2025-04-11 05:44:28,675 - __main__ - INFO - Features remaining after filtering: 16
[2025-04-11T05:44:28.677+0000] {subprocess.py:106} INFO - 2025-04-11 05:44:28,676 - __main__ - INFO - --- Finished Feature Filtering ---
[2025-04-11T05:44:28.678+0000] {subprocess.py:106} INFO - 2025-04-11 05:44:28,676 - __main__ - INFO - --- Starting Data Alignment & Processing ---
[2025-04-11T05:44:28.761+0000] {subprocess.py:106} INFO - /opt/***/src/data/make_dataset.py:133: FutureWarning: DataFrame.fillna with 'method' is deprecated and will raise in a future version. Use obj.ffill() or obj.bfill() instead.
[2025-04-11T05:44:28.762+0000] {subprocess.py:106} INFO -   df = aligned_data[ticker][feature_columns + ['Target']].fillna(method='ffill').fillna(method='bfill')
[2025-04-11T05:44:28.766+0000] {subprocess.py:106} INFO - /opt/***/src/data/make_dataset.py:133: FutureWarning: DataFrame.fillna with 'method' is deprecated and will raise in a future version. Use obj.ffill() or obj.bfill() instead.
[2025-04-11T05:44:28.767+0000] {subprocess.py:106} INFO -   df = aligned_data[ticker][feature_columns + ['Target']].fillna(method='ffill').fillna(method='bfill')
[2025-04-11T05:44:28.769+0000] {subprocess.py:106} INFO - /opt/***/src/data/make_dataset.py:133: FutureWarning: DataFrame.fillna with 'method' is deprecated and will raise in a future version. Use obj.ffill() or obj.bfill() instead.
[2025-04-11T05:44:28.769+0000] {subprocess.py:106} INFO -   df = aligned_data[ticker][feature_columns + ['Target']].fillna(method='ffill').fillna(method='bfill')
[2025-04-11T05:44:28.775+0000] {subprocess.py:106} INFO - /opt/***/src/data/make_dataset.py:133: FutureWarning: DataFrame.fillna with 'method' is deprecated and will raise in a future version. Use obj.ffill() or obj.bfill() instead.
[2025-04-11T05:44:28.776+0000] {subprocess.py:106} INFO -   df = aligned_data[ticker][feature_columns + ['Target']].fillna(method='ffill').fillna(method='bfill')
[2025-04-11T05:44:28.789+0000] {subprocess.py:106} INFO - /opt/***/src/data/make_dataset.py:133: FutureWarning: DataFrame.fillna with 'method' is deprecated and will raise in a future version. Use obj.ffill() or obj.bfill() instead.
[2025-04-11T05:44:28.790+0000] {subprocess.py:106} INFO -   df = aligned_data[ticker][feature_columns + ['Target']].fillna(method='ffill').fillna(method='bfill')
[2025-04-11T05:44:28.803+0000] {subprocess.py:106} INFO - /opt/***/src/data/make_dataset.py:133: FutureWarning: DataFrame.fillna with 'method' is deprecated and will raise in a future version. Use obj.ffill() or obj.bfill() instead.
[2025-04-11T05:44:28.804+0000] {subprocess.py:106} INFO -   df = aligned_data[ticker][feature_columns + ['Target']].fillna(method='ffill').fillna(method='bfill')
[2025-04-11T05:44:28.806+0000] {subprocess.py:106} INFO - /opt/***/src/data/make_dataset.py:133: FutureWarning: DataFrame.fillna with 'method' is deprecated and will raise in a future version. Use obj.ffill() or obj.bfill() instead.
[2025-04-11T05:44:28.807+0000] {subprocess.py:106} INFO -   df = aligned_data[ticker][feature_columns + ['Target']].fillna(method='ffill').fillna(method='bfill')
[2025-04-11T05:44:28.808+0000] {subprocess.py:106} INFO - 2025-04-11 05:44:28,808 - __main__ - INFO - Processed data shape: (752, 7, 16)
[2025-04-11T05:44:28.809+0000] {subprocess.py:106} INFO - 2025-04-11 05:44:28,808 - __main__ - INFO - Targets shape: (752, 7)
[2025-04-11T05:44:28.809+0000] {subprocess.py:106} INFO - 2025-04-11 05:44:28,808 - __main__ - INFO - Final tickers in order: ['AAPL', 'MA', 'CSCO', 'MSFT', 'AMZN', 'GOOG', 'IBM']
[2025-04-11T05:44:28.810+0000] {subprocess.py:106} INFO - 2025-04-11 05:44:28,808 - __main__ - INFO - --- Finished Data Alignment & Processing ---
[2025-04-11T05:44:28.811+0000] {subprocess.py:106} INFO - 2025-04-11 05:44:28,808 - __main__ - INFO - Attempting to save to absolute path: /tmp/***tmpe_r5e9iz/data/processed/all_processed_data.npz
[2025-04-11T05:44:28.821+0000] {subprocess.py:106} INFO - 2025-04-11 05:44:28,820 - __main__ - INFO - Successfully saved processed data to data/processed/all_processed_data.npz
[2025-04-11T05:44:28.822+0000] {subprocess.py:106} INFO - 2025-04-11 05:44:28,821 - __main__ - INFO - Verified file exists at: /tmp/***tmpe_r5e9iz/data/processed/all_processed_data.npz
[2025-04-11T05:44:28.824+0000] {subprocess.py:106} INFO - 2025-04-11 05:44:28,821 - __main__ - INFO - Data processing script finished.
[2025-04-11T05:44:28.825+0000] {subprocess.py:106} INFO - --- PRINT TEST: Starting Data Loading ---
[2025-04-11T05:44:28.826+0000] {subprocess.py:106} INFO - Filtering highly correlated features with threshold 0.9
[2025-04-11T05:44:28.827+0000] {subprocess.py:106} INFO - Identified 20 highly correlated features to remove: ['High', 'Low', 'Close', 'EMA_50', 'EMA_200', 'BB_High', 'BB_Low', 'OBV', 'SMA_50', 'VWAP', 'PSAR', 'Stochastic_D', 'CCI', 'Williams_R', 'Donchian_High', 'Donchian_Low', 'Keltner_High', 'Keltner_Low', 'DI_Positive', 'DI_Negative']
[2025-04-11T05:44:28.828+0000] {subprocess.py:106} INFO - Excluding 'Close' column from removal list.
[2025-04-11T05:44:28.829+0000] {subprocess.py:106} INFO - Final list of 19 features to remove: ['High', 'Low', 'EMA_50', 'EMA_200', 'BB_High', 'BB_Low', 'OBV', 'SMA_50', 'VWAP', 'PSAR', 'Stochastic_D', 'CCI', 'Williams_R', 'Donchian_High', 'Donchian_Low', 'Keltner_High', 'Keltner_Low', 'DI_Positive', 'DI_Negative']
[2025-04-11T05:44:29.088+0000] {subprocess.py:110} INFO - Command exited with return code 0
[2025-04-11T05:44:29.121+0000] {taskinstance.py:341} INFO - ::group::Post task execution logs
[2025-04-11T05:44:29.123+0000] {taskinstance.py:353} INFO - Marking task as SUCCESS. dag_id=lstm_stock_prediction_refactored, task_id=process_data, run_id=scheduled__2025-03-31T08:00:00+00:00, execution_date=20250331T080000, start_date=20250411T054341, end_date=20250411T054429
[2025-04-11T05:44:29.184+0000] {local_task_job_runner.py:266} INFO - Task exited with return code 0
[2025-04-11T05:44:29.225+0000] {taskinstance.py:3901} INFO - 1 downstream tasks scheduled from follow-on schedule check
[2025-04-11T05:44:29.229+0000] {local_task_job_runner.py:245} INFO - ::endgroup::
