[2025-04-11T08:47:22.656+0000] {local_task_job_runner.py:123} INFO - ::group::Pre task execution logs
[2025-04-11T08:47:22.673+0000] {taskinstance.py:2614} INFO - Dependencies all met for dep_context=non-requeueable deps ti=<TaskInstance: lstm_stock_prediction_refactored.optimize_hyperparams manual__2025-04-11T08:47:17.882347+00:00 [queued]>
[2025-04-11T08:47:22.680+0000] {taskinstance.py:2614} INFO - Dependencies all met for dep_context=requeueable deps ti=<TaskInstance: lstm_stock_prediction_refactored.optimize_hyperparams manual__2025-04-11T08:47:17.882347+00:00 [queued]>
[2025-04-11T08:47:22.681+0000] {taskinstance.py:2867} INFO - Starting attempt 1 of 2
[2025-04-11T08:47:22.693+0000] {taskinstance.py:2890} INFO - Executing <Task(BashOperator): optimize_hyperparams> on 2025-04-11 08:47:17.882347+00:00
[2025-04-11T08:47:22.697+0000] {standard_task_runner.py:72} INFO - Started process 447 to run task
[2025-04-11T08:47:22.700+0000] {standard_task_runner.py:104} INFO - Running: ['***', 'tasks', 'run', 'lstm_stock_prediction_refactored', 'optimize_hyperparams', 'manual__2025-04-11T08:47:17.882347+00:00', '--job-id', '38', '--raw', '--subdir', 'DAGS_FOLDER/lstm_refactored_dag.py', '--cfg-path', '/tmp/tmpag96n0m_']
[2025-04-11T08:47:22.703+0000] {standard_task_runner.py:105} INFO - Job 38: Subtask optimize_hyperparams
[2025-04-11T08:47:22.740+0000] {task_command.py:467} INFO - Running <TaskInstance: lstm_stock_prediction_refactored.optimize_hyperparams manual__2025-04-11T08:47:17.882347+00:00 [running]> on host 7ae89ba79527
[2025-04-11T08:47:22.827+0000] {taskinstance.py:3134} INFO - Exporting env vars: AIRFLOW_CTX_DAG_OWNER='***_team' AIRFLOW_CTX_DAG_ID='lstm_stock_prediction_refactored' AIRFLOW_CTX_TASK_ID='optimize_hyperparams' AIRFLOW_CTX_EXECUTION_DATE='2025-04-11T08:47:17.882347+00:00' AIRFLOW_CTX_TRY_NUMBER='1' AIRFLOW_CTX_DAG_RUN_ID='manual__2025-04-11T08:47:17.882347+00:00'
[2025-04-11T08:47:22.829+0000] {taskinstance.py:732} INFO - ::endgroup::
[2025-04-11T08:47:22.845+0000] {subprocess.py:78} INFO - Tmp dir root location: /tmp
[2025-04-11T08:47:22.846+0000] {subprocess.py:88} INFO - Running command: ['/usr/bin/bash', '-c', 'python /opt/***/src/models/optimize_hyperparams.py --config /opt/***/config/params.yaml']
[2025-04-11T08:47:22.857+0000] {subprocess.py:99} INFO - Output:
[2025-04-11T08:47:24.459+0000] {subprocess.py:106} INFO - mkdir -p failed for path /home/***/.cache/matplotlib: [Errno 13] Permission denied: '/home/***/.cache/matplotlib'
[2025-04-11T08:47:24.460+0000] {subprocess.py:106} INFO - Matplotlib created a temporary cache directory at /tmp/matplotlib-cgmgwmyi because there was an issue with the default path (/home/***/.cache/matplotlib); it is highly recommended to set the MPLCONFIGDIR environment variable to a writable directory, in particular to speed up the import of Matplotlib and to better support multiprocessing.
[2025-04-11T08:47:26.722+0000] {subprocess.py:106} INFO - [I 2025-04-11 08:47:26,722] A new study created in memory with name: no-name-242dc3fd-19eb-4a4a-ade4-41fd386a3f11
[2025-04-11T08:47:37.772+0000] {subprocess.py:106} INFO - [I 2025-04-11 08:47:37,772] Trial 0 finished with value: 0.020161908771842717 and parameters: {'batch_size': 16, 'hidden_size': 64, 'num_layers': 1, 'dropout_rate': 0.1, 'learning_rate': 0.0002713809659915794, 'model_type': 'lstm_cross_attention'}. Best is trial 0 with value: 0.020161908771842717.
[2025-04-11T08:47:37.777+0000] {subprocess.py:106} INFO - Using device: cpu
[2025-04-11T08:47:37.778+0000] {subprocess.py:106} INFO - --- Loading Scaled Data from /opt/***/data/features/split_scaled_data.npz ---
[2025-04-11T08:47:37.778+0000] {subprocess.py:106} INFO - --- Finished Loading Scaled Data ---
[2025-04-11T08:47:37.779+0000] {subprocess.py:106} INFO - --- Loading Scalers from /opt/***/data/processed/scalers.pkl ---
[2025-04-11T08:47:37.780+0000] {subprocess.py:106} INFO - --- Finished Loading Scalers ---
[2025-04-11T08:47:37.780+0000] {subprocess.py:106} INFO - --- Starting Optuna Optimization (1 trials) ---
[2025-04-11T08:47:37.780+0000] {subprocess.py:106} INFO - --- Finished Optuna Optimization ---
[2025-04-11T08:47:37.781+0000] {subprocess.py:106} INFO - Best trial value (loss): 0.020161908771842717
[2025-04-11T08:47:37.781+0000] {subprocess.py:106} INFO - Best parameters: {'batch_size': 16, 'hidden_size': 64, 'num_layers': 1, 'dropout_rate': 0.1, 'learning_rate': 0.0002713809659915794, 'model_type': 'lstm_cross_attention'}
[2025-04-11T08:47:37.782+0000] {subprocess.py:106} INFO - --- Saving Best Parameters to /opt/***/config/best_params.json ---
[2025-04-11T08:47:37.782+0000] {subprocess.py:106} INFO - --- Finished Saving Best Parameters ---
[2025-04-11T08:47:38.535+0000] {subprocess.py:110} INFO - Command exited with return code 0
[2025-04-11T08:47:38.563+0000] {taskinstance.py:341} INFO - ::group::Post task execution logs
[2025-04-11T08:47:38.570+0000] {taskinstance.py:353} INFO - Marking task as SUCCESS. dag_id=lstm_stock_prediction_refactored, task_id=optimize_hyperparams, run_id=manual__2025-04-11T08:47:17.882347+00:00, execution_date=20250411T084717, start_date=20250411T084722, end_date=20250411T084738
[2025-04-11T08:47:38.627+0000] {local_task_job_runner.py:266} INFO - Task exited with return code 0
[2025-04-11T08:47:38.640+0000] {taskinstance.py:3901} INFO - 1 downstream tasks scheduled from follow-on schedule check
[2025-04-11T08:47:38.641+0000] {local_task_job_runner.py:245} INFO - ::endgroup::
