[2025-04-22T08:25:42.606+0000] {local_task_job_runner.py:123} INFO - ::group::Pre task execution logs
[2025-04-22T08:25:42.631+0000] {taskinstance.py:2614} INFO - Dependencies all met for dep_context=non-requeueable deps ti=<TaskInstance: lstm_stock_prediction_refactored.build_features manual__2025-04-22T08:25:35.628879+00:00 [queued]>
[2025-04-22T08:25:42.643+0000] {taskinstance.py:2614} INFO - Dependencies all met for dep_context=requeueable deps ti=<TaskInstance: lstm_stock_prediction_refactored.build_features manual__2025-04-22T08:25:35.628879+00:00 [queued]>
[2025-04-22T08:25:42.645+0000] {taskinstance.py:2867} INFO - Starting attempt 1 of 2
[2025-04-22T08:25:42.660+0000] {taskinstance.py:2890} INFO - Executing <Task(BashOperator): build_features> on 2025-04-22 08:25:35.628879+00:00
[2025-04-22T08:25:42.670+0000] {standard_task_runner.py:72} INFO - Started process 485 to run task
[2025-04-22T08:25:42.673+0000] {standard_task_runner.py:104} INFO - Running: ['***', 'tasks', 'run', 'lstm_stock_prediction_refactored', 'build_features', 'manual__2025-04-22T08:25:35.628879+00:00', '--job-id', '21', '--raw', '--subdir', 'DAGS_FOLDER/lstm_refactored_dag.py', '--cfg-path', '/tmp/tmprrkvc3ee']
[2025-04-22T08:25:42.676+0000] {standard_task_runner.py:105} INFO - Job 21: Subtask build_features
[2025-04-22T08:25:42.722+0000] {task_command.py:467} INFO - Running <TaskInstance: lstm_stock_prediction_refactored.build_features manual__2025-04-22T08:25:35.628879+00:00 [running]> on host a528bcf7a8c9
[2025-04-22T08:25:42.812+0000] {taskinstance.py:3134} INFO - Exporting env vars: AIRFLOW_CTX_DAG_OWNER='***_team' AIRFLOW_CTX_DAG_ID='lstm_stock_prediction_refactored' AIRFLOW_CTX_TASK_ID='build_features' AIRFLOW_CTX_EXECUTION_DATE='2025-04-22T08:25:35.628879+00:00' AIRFLOW_CTX_TRY_NUMBER='1' AIRFLOW_CTX_DAG_RUN_ID='manual__2025-04-22T08:25:35.628879+00:00'
[2025-04-22T08:25:42.814+0000] {taskinstance.py:732} INFO - ::endgroup::
[2025-04-22T08:25:42.828+0000] {subprocess.py:78} INFO - Tmp dir root location: /tmp
[2025-04-22T08:25:42.830+0000] {subprocess.py:88} INFO - Running command: ['/usr/bin/bash', '-c', 'python /opt/***/src/features/build_features.py --config /opt/***/config/params.yaml']
[2025-04-22T08:25:42.849+0000] {subprocess.py:99} INFO - Output:
[2025-04-22T08:25:45.830+0000] {subprocess.py:106} INFO - --- Loading Processed Data from /opt/***/data/processed/all_processed_data.npz ---
[2025-04-22T08:25:45.831+0000] {subprocess.py:106} INFO - --- Finished Loading Processed Data ---
[2025-04-22T08:25:45.831+0000] {subprocess.py:106} INFO - --- Creating Sequences ---
[2025-04-22T08:25:45.832+0000] {subprocess.py:106} INFO - X sequences shape: (721, 30, 7, 16)
[2025-04-22T08:25:45.833+0000] {subprocess.py:106} INFO - y sequences shape: (721, 1, 7)
[2025-04-22T08:25:45.833+0000] {subprocess.py:106} INFO - --- Finished Creating Sequences ---
[2025-04-22T08:25:45.834+0000] {subprocess.py:106} INFO - --- Splitting Data ---
[2025-04-22T08:25:45.834+0000] {subprocess.py:106} INFO - Train shapes: X=(576, 30, 7, 16), y=(576, 1, 7)
[2025-04-22T08:25:45.835+0000] {subprocess.py:106} INFO - Test shapes: X=(145, 30, 7, 16), y=(145, 1, 7)
[2025-04-22T08:25:45.836+0000] {subprocess.py:106} INFO - --- Finished Splitting Data ---
[2025-04-22T08:25:45.837+0000] {subprocess.py:106} INFO - --- Scaling Data ---
[2025-04-22T08:25:45.838+0000] {subprocess.py:106} INFO - --- Finished Scaling Data ---
[2025-04-22T08:25:45.839+0000] {subprocess.py:106} INFO - --- Saving Scaled Data to /opt/***/data/features/split_scaled_data.npz ---
[2025-04-22T08:25:45.839+0000] {subprocess.py:106} INFO - --- Finished Saving Scaled Data ---
[2025-04-22T08:25:45.840+0000] {subprocess.py:106} INFO - --- Saving Scalers to /opt/***/data/processed/scalers.pkl ---
[2025-04-22T08:25:45.841+0000] {subprocess.py:106} INFO - --- Finished Saving Scalers ---
[2025-04-22T08:25:46.034+0000] {subprocess.py:110} INFO - Command exited with return code 0
[2025-04-22T08:25:46.060+0000] {taskinstance.py:341} INFO - ::group::Post task execution logs
[2025-04-22T08:25:46.061+0000] {taskinstance.py:353} INFO - Marking task as SUCCESS. dag_id=lstm_stock_prediction_refactored, task_id=build_features, run_id=manual__2025-04-22T08:25:35.628879+00:00, execution_date=20250422T082535, start_date=20250422T082542, end_date=20250422T082546
[2025-04-22T08:25:46.097+0000] {local_task_job_runner.py:266} INFO - Task exited with return code 0
[2025-04-22T08:25:46.121+0000] {taskinstance.py:3901} INFO - 1 downstream tasks scheduled from follow-on schedule check
[2025-04-22T08:25:46.124+0000] {local_task_job_runner.py:245} INFO - ::endgroup::
