[2025-04-11T09:18:12.478+0000] {local_task_job_runner.py:123} INFO - ::group::Pre task execution logs
[2025-04-11T09:18:12.507+0000] {taskinstance.py:2614} INFO - Dependencies all met for dep_context=non-requeueable deps ti=<TaskInstance: lstm_stock_prediction_refactored.optimize_hyperparams manual__2025-04-11T09:18:05.830082+00:00 [queued]>
[2025-04-11T09:18:12.514+0000] {taskinstance.py:2614} INFO - Dependencies all met for dep_context=requeueable deps ti=<TaskInstance: lstm_stock_prediction_refactored.optimize_hyperparams manual__2025-04-11T09:18:05.830082+00:00 [queued]>
[2025-04-11T09:18:12.516+0000] {taskinstance.py:2867} INFO - Starting attempt 1 of 2
[2025-04-11T09:18:12.544+0000] {taskinstance.py:2890} INFO - Executing <Task(BashOperator): optimize_hyperparams> on 2025-04-11 09:18:05.830082+00:00
[2025-04-11T09:18:12.552+0000] {standard_task_runner.py:72} INFO - Started process 469 to run task
[2025-04-11T09:18:12.555+0000] {standard_task_runner.py:104} INFO - Running: ['***', 'tasks', 'run', 'lstm_stock_prediction_refactored', 'optimize_hyperparams', 'manual__2025-04-11T09:18:05.830082+00:00', '--job-id', '51', '--raw', '--subdir', 'DAGS_FOLDER/lstm_refactored_dag.py', '--cfg-path', '/tmp/tmpncemimrq']
[2025-04-11T09:18:12.559+0000] {standard_task_runner.py:105} INFO - Job 51: Subtask optimize_hyperparams
[2025-04-11T09:18:12.638+0000] {task_command.py:467} INFO - Running <TaskInstance: lstm_stock_prediction_refactored.optimize_hyperparams manual__2025-04-11T09:18:05.830082+00:00 [running]> on host 0eccea126813
[2025-04-11T09:18:12.749+0000] {taskinstance.py:3134} INFO - Exporting env vars: AIRFLOW_CTX_DAG_OWNER='***_team' AIRFLOW_CTX_DAG_ID='lstm_stock_prediction_refactored' AIRFLOW_CTX_TASK_ID='optimize_hyperparams' AIRFLOW_CTX_EXECUTION_DATE='2025-04-11T09:18:05.830082+00:00' AIRFLOW_CTX_TRY_NUMBER='1' AIRFLOW_CTX_DAG_RUN_ID='manual__2025-04-11T09:18:05.830082+00:00'
[2025-04-11T09:18:12.751+0000] {taskinstance.py:732} INFO - ::endgroup::
[2025-04-11T09:18:12.764+0000] {subprocess.py:78} INFO - Tmp dir root location: /tmp
[2025-04-11T09:18:12.765+0000] {subprocess.py:88} INFO - Running command: ['/usr/bin/bash', '-c', 'python /opt/***/src/models/optimize_hyperparams.py --config /opt/***/config/params.yaml']
[2025-04-11T09:18:12.776+0000] {subprocess.py:99} INFO - Output:
[2025-04-11T09:18:14.868+0000] {subprocess.py:106} INFO - mkdir -p failed for path /home/***/.cache/matplotlib: [Errno 13] Permission denied: '/home/***/.cache/matplotlib'
[2025-04-11T09:18:14.869+0000] {subprocess.py:106} INFO - Matplotlib created a temporary cache directory at /tmp/matplotlib-vmjqxl22 because there was an issue with the default path (/home/***/.cache/matplotlib); it is highly recommended to set the MPLCONFIGDIR environment variable to a writable directory, in particular to speed up the import of Matplotlib and to better support multiprocessing.
[2025-04-11T09:18:17.778+0000] {subprocess.py:106} INFO - [I 2025-04-11 09:18:17,777] A new study created in memory with name: no-name-07c39512-11ed-4ff5-a14f-3b3b0e243189
[2025-04-11T09:18:28.531+0000] {subprocess.py:106} INFO - [I 2025-04-11 09:18:28,531] Trial 0 finished with value: 0.3275456577539444 and parameters: {'batch_size': 96, 'hidden_size': 32, 'num_layers': 3, 'dropout_rate': 0.1, 'learning_rate': 0.00019134697085994008, 'model_type': 'lstm_cross_attention'}. Best is trial 0 with value: 0.3275456577539444.
[2025-04-11T09:18:28.537+0000] {subprocess.py:106} INFO - Using device: cpu
[2025-04-11T09:18:28.539+0000] {subprocess.py:106} INFO - --- Loading Scaled Data from /opt/***/data/features/split_scaled_data.npz ---
[2025-04-11T09:18:28.541+0000] {subprocess.py:106} INFO - --- Finished Loading Scaled Data ---
[2025-04-11T09:18:28.542+0000] {subprocess.py:106} INFO - --- Loading Scalers from /opt/***/data/processed/scalers.pkl ---
[2025-04-11T09:18:28.543+0000] {subprocess.py:106} INFO - --- Finished Loading Scalers ---
[2025-04-11T09:18:28.544+0000] {subprocess.py:106} INFO - --- Starting Optuna Optimization (1 trials) ---
[2025-04-11T09:18:28.545+0000] {subprocess.py:106} INFO - Early stopping at epoch 15
[2025-04-11T09:18:28.546+0000] {subprocess.py:106} INFO - --- Finished Optuna Optimization ---
[2025-04-11T09:18:28.547+0000] {subprocess.py:106} INFO - Best trial value (loss): 0.3275456577539444
[2025-04-11T09:18:28.548+0000] {subprocess.py:106} INFO - Best parameters: {'batch_size': 96, 'hidden_size': 32, 'num_layers': 3, 'dropout_rate': 0.1, 'learning_rate': 0.00019134697085994008, 'model_type': 'lstm_cross_attention'}
[2025-04-11T09:18:28.549+0000] {subprocess.py:106} INFO - --- Saving Best Parameters to /opt/***/config/best_params.json ---
[2025-04-11T09:18:28.551+0000] {subprocess.py:106} INFO - --- Finished Saving Best Parameters ---
[2025-04-11T09:18:29.788+0000] {subprocess.py:110} INFO - Command exited with return code 0
[2025-04-11T09:18:29.816+0000] {taskinstance.py:341} INFO - ::group::Post task execution logs
[2025-04-11T09:18:29.817+0000] {taskinstance.py:353} INFO - Marking task as SUCCESS. dag_id=lstm_stock_prediction_refactored, task_id=optimize_hyperparams, run_id=manual__2025-04-11T09:18:05.830082+00:00, execution_date=20250411T091805, start_date=20250411T091812, end_date=20250411T091829
[2025-04-11T09:18:29.870+0000] {local_task_job_runner.py:266} INFO - Task exited with return code 0
[2025-04-11T09:18:29.884+0000] {taskinstance.py:3901} INFO - 1 downstream tasks scheduled from follow-on schedule check
[2025-04-11T09:18:29.888+0000] {local_task_job_runner.py:245} INFO - ::endgroup::
