[2025-04-12T04:12:56.034+0000] {local_task_job_runner.py:123} INFO - ::group::Pre task execution logs
[2025-04-12T04:12:56.046+0000] {taskinstance.py:2614} INFO - Dependencies all met for dep_context=non-requeueable deps ti=<TaskInstance: lstm_stock_prediction_refactored.process_data manual__2025-04-12T04:12:55.063385+00:00 [queued]>
[2025-04-12T04:12:56.051+0000] {taskinstance.py:2614} INFO - Dependencies all met for dep_context=requeueable deps ti=<TaskInstance: lstm_stock_prediction_refactored.process_data manual__2025-04-12T04:12:55.063385+00:00 [queued]>
[2025-04-12T04:12:56.052+0000] {taskinstance.py:2867} INFO - Starting attempt 1 of 2
[2025-04-12T04:12:56.063+0000] {taskinstance.py:2890} INFO - Executing <Task(BashOperator): process_data> on 2025-04-12 04:12:55.063385+00:00
[2025-04-12T04:12:56.068+0000] {standard_task_runner.py:72} INFO - Started process 642 to run task
[2025-04-12T04:12:56.071+0000] {standard_task_runner.py:104} INFO - Running: ['***', 'tasks', 'run', 'lstm_stock_prediction_refactored', 'process_data', 'manual__2025-04-12T04:12:55.063385+00:00', '--job-id', '79', '--raw', '--subdir', 'DAGS_FOLDER/lstm_refactored_dag.py', '--cfg-path', '/tmp/tmpw2yusawk']
[2025-04-12T04:12:56.074+0000] {standard_task_runner.py:105} INFO - Job 79: Subtask process_data
[2025-04-12T04:12:56.122+0000] {task_command.py:467} INFO - Running <TaskInstance: lstm_stock_prediction_refactored.process_data manual__2025-04-12T04:12:55.063385+00:00 [running]> on host 38686bf18545
[2025-04-12T04:12:56.191+0000] {taskinstance.py:3134} INFO - Exporting env vars: AIRFLOW_CTX_DAG_OWNER='***_team' AIRFLOW_CTX_DAG_ID='lstm_stock_prediction_refactored' AIRFLOW_CTX_TASK_ID='process_data' AIRFLOW_CTX_EXECUTION_DATE='2025-04-12T04:12:55.063385+00:00' AIRFLOW_CTX_TRY_NUMBER='1' AIRFLOW_CTX_DAG_RUN_ID='manual__2025-04-12T04:12:55.063385+00:00'
[2025-04-12T04:12:56.192+0000] {taskinstance.py:732} INFO - ::endgroup::
[2025-04-12T04:12:56.208+0000] {subprocess.py:78} INFO - Tmp dir root location: /tmp
[2025-04-12T04:12:56.210+0000] {subprocess.py:88} INFO - Running command: ['/usr/bin/bash', '-c', 'python /opt/***/src/data/make_dataset.py --config /opt/***/config/params.yaml']
[2025-04-12T04:12:56.219+0000] {subprocess.py:99} INFO - Output:
[2025-04-12T04:12:57.178+0000] {subprocess.py:106} INFO - 2025-04-12 04:12:57,178 - __main__ - INFO - Starting data processing script with config: /opt/***/config/params.yaml
[2025-04-12T04:12:57.183+0000] {subprocess.py:106} INFO - 2025-04-12 04:12:57,183 - __main__ - INFO - Raw data directory: /opt/***/data/raw
[2025-04-12T04:12:57.184+0000] {subprocess.py:106} INFO - 2025-04-12 04:12:57,183 - __main__ - INFO - Processed data output path: /opt/***/data/processed/all_processed_data.npz
[2025-04-12T04:12:57.185+0000] {subprocess.py:106} INFO - 2025-04-12 04:12:57,183 - __main__ - INFO - --- Starting Data Loading ---
[2025-04-12T04:12:57.185+0000] {subprocess.py:106} INFO - 2025-04-12 04:12:57,184 - __main__ - INFO - Attempting to use RELATIVE output dir: /opt/***/data/raw
[2025-04-12T04:12:57.186+0000] {subprocess.py:106} INFO - 2025-04-12 04:12:57,184 - __main__ - INFO - Attempting to use ABSOLUTE output dir: /opt/***/data/raw
[2025-04-12T04:12:57.186+0000] {subprocess.py:106} INFO - 2025-04-12 04:12:57,184 - __main__ - INFO - Current Working Directory inside container: /tmp/***tmpkfgadq2q
[2025-04-12T04:12:57.187+0000] {subprocess.py:106} INFO - 2025-04-12 04:12:57,184 - __main__ - INFO - Attempting to create directory: /opt/***/data/raw
[2025-04-12T04:12:57.187+0000] {subprocess.py:106} INFO - 2025-04-12 04:12:57,185 - __main__ - INFO - Successfully called mkdir for: /opt/***/data/raw (might not indicate success if permissions are wrong)
[2025-04-12T04:12:57.189+0000] {subprocess.py:106} INFO - 2025-04-12 04:12:57,185 - __main__ - INFO - Saving raw data to: /opt/***/data/raw
[2025-04-12T04:12:57.191+0000] {subprocess.py:106} INFO - 2025-04-12 04:12:57,186 - __main__ - INFO - Skipping download for AAPL, file exists: /opt/***/data/raw/AAPL_raw.pkl
[2025-04-12T04:12:57.191+0000] {subprocess.py:106} INFO - 2025-04-12 04:12:57,187 - __main__ - INFO - Skipping download for MA, file exists: /opt/***/data/raw/MA_raw.pkl
[2025-04-12T04:12:57.193+0000] {subprocess.py:106} INFO - 2025-04-12 04:12:57,190 - __main__ - INFO - Skipping download for CSCO, file exists: /opt/***/data/raw/CSCO_raw.pkl
[2025-04-12T04:12:57.193+0000] {subprocess.py:106} INFO - 2025-04-12 04:12:57,191 - __main__ - INFO - Skipping download for MSFT, file exists: /opt/***/data/raw/MSFT_raw.pkl
[2025-04-12T04:12:57.194+0000] {subprocess.py:106} INFO - 2025-04-12 04:12:57,192 - __main__ - INFO - Skipping download for AMZN, file exists: /opt/***/data/raw/AMZN_raw.pkl
[2025-04-12T04:12:57.194+0000] {subprocess.py:106} INFO - 2025-04-12 04:12:57,193 - __main__ - INFO - Skipping download for GOOG, file exists: /opt/***/data/raw/GOOG_raw.pkl
[2025-04-12T04:12:57.195+0000] {subprocess.py:106} INFO - 2025-04-12 04:12:57,194 - __main__ - INFO - Skipping download for IBM, file exists: /opt/***/data/raw/IBM_raw.pkl
[2025-04-12T04:12:57.196+0000] {subprocess.py:106} INFO - 2025-04-12 04:12:57,194 - __main__ - INFO - --- Finished Data Loading ---
[2025-04-12T04:12:57.227+0000] {subprocess.py:106} INFO - 2025-04-12 04:12:57,227 - __main__ - INFO - --- Starting Feature Engineering (Indicators) ---
[2025-04-12T04:12:57.266+0000] {subprocess.py:106} INFO - /home/***/.local/lib/python3.11/site-packages/ta/trend.py:1030: FutureWarning: Series.__setitem__ treating keys as positions is deprecated. In a future version, integer keys will always be treated as labels (consistent with DataFrame behavior). To set a value by position, use `ser.iloc[pos] = value`
[2025-04-12T04:12:57.267+0000] {subprocess.py:106} INFO -   self._psar[i] = high2
[2025-04-12T04:12:57.376+0000] {subprocess.py:106} INFO - /home/***/.local/lib/python3.11/site-packages/ta/trend.py:1030: FutureWarning: Series.__setitem__ treating keys as positions is deprecated. In a future version, integer keys will always be treated as labels (consistent with DataFrame behavior). To set a value by position, use `ser.iloc[pos] = value`
[2025-04-12T04:12:57.377+0000] {subprocess.py:106} INFO -   self._psar[i] = high2
[2025-04-12T04:12:57.470+0000] {subprocess.py:106} INFO - /home/***/.local/lib/python3.11/site-packages/ta/trend.py:1030: FutureWarning: Series.__setitem__ treating keys as positions is deprecated. In a future version, integer keys will always be treated as labels (consistent with DataFrame behavior). To set a value by position, use `ser.iloc[pos] = value`
[2025-04-12T04:12:57.472+0000] {subprocess.py:106} INFO -   self._psar[i] = high2
[2025-04-12T04:12:57.560+0000] {subprocess.py:106} INFO - /home/***/.local/lib/python3.11/site-packages/ta/trend.py:1030: FutureWarning: Series.__setitem__ treating keys as positions is deprecated. In a future version, integer keys will always be treated as labels (consistent with DataFrame behavior). To set a value by position, use `ser.iloc[pos] = value`
[2025-04-12T04:12:57.561+0000] {subprocess.py:106} INFO -   self._psar[i] = high2
[2025-04-12T04:12:57.657+0000] {subprocess.py:106} INFO - /home/***/.local/lib/python3.11/site-packages/ta/trend.py:1030: FutureWarning: Series.__setitem__ treating keys as positions is deprecated. In a future version, integer keys will always be treated as labels (consistent with DataFrame behavior). To set a value by position, use `ser.iloc[pos] = value`
[2025-04-12T04:12:57.658+0000] {subprocess.py:106} INFO -   self._psar[i] = high2
[2025-04-12T04:12:57.755+0000] {subprocess.py:106} INFO - /home/***/.local/lib/python3.11/site-packages/ta/trend.py:1030: FutureWarning: Series.__setitem__ treating keys as positions is deprecated. In a future version, integer keys will always be treated as labels (consistent with DataFrame behavior). To set a value by position, use `ser.iloc[pos] = value`
[2025-04-12T04:12:57.756+0000] {subprocess.py:106} INFO -   self._psar[i] = high2
[2025-04-12T04:12:57.866+0000] {subprocess.py:106} INFO - /home/***/.local/lib/python3.11/site-packages/ta/trend.py:1030: FutureWarning: Series.__setitem__ treating keys as positions is deprecated. In a future version, integer keys will always be treated as labels (consistent with DataFrame behavior). To set a value by position, use `ser.iloc[pos] = value`
[2025-04-12T04:12:57.868+0000] {subprocess.py:106} INFO -   self._psar[i] = high2
[2025-04-12T04:12:57.945+0000] {subprocess.py:106} INFO - 2025-04-12 04:12:57,945 - __main__ - INFO - --- Finished Feature Engineering (Indicators) ---
[2025-04-12T04:12:57.946+0000] {subprocess.py:106} INFO - 2025-04-12 04:12:57,945 - __main__ - INFO - --- Starting Feature Filtering ---
[2025-04-12T04:12:57.958+0000] {subprocess.py:106} INFO - 2025-04-12 04:12:57,958 - __main__ - INFO - Features remaining after filtering: 16
[2025-04-12T04:12:57.959+0000] {subprocess.py:106} INFO - 2025-04-12 04:12:57,958 - __main__ - INFO - --- Finished Feature Filtering ---
[2025-04-12T04:12:57.960+0000] {subprocess.py:106} INFO - 2025-04-12 04:12:57,958 - __main__ - INFO - --- Starting Data Alignment & Processing ---
[2025-04-12T04:12:57.997+0000] {subprocess.py:106} INFO - /opt/***/src/data/make_dataset.py:144: FutureWarning: DataFrame.fillna with 'method' is deprecated and will raise in a future version. Use obj.ffill() or obj.bfill() instead.
[2025-04-12T04:12:57.999+0000] {subprocess.py:106} INFO -   df = aligned_data[ticker][feature_columns + ['Target']].fillna(method='ffill').fillna(method='bfill')
[2025-04-12T04:12:57.999+0000] {subprocess.py:106} INFO - /opt/***/src/data/make_dataset.py:144: FutureWarning: DataFrame.fillna with 'method' is deprecated and will raise in a future version. Use obj.ffill() or obj.bfill() instead.
[2025-04-12T04:12:58.000+0000] {subprocess.py:106} INFO -   df = aligned_data[ticker][feature_columns + ['Target']].fillna(method='ffill').fillna(method='bfill')
[2025-04-12T04:12:58.001+0000] {subprocess.py:106} INFO - /opt/***/src/data/make_dataset.py:144: FutureWarning: DataFrame.fillna with 'method' is deprecated and will raise in a future version. Use obj.ffill() or obj.bfill() instead.
[2025-04-12T04:12:58.001+0000] {subprocess.py:106} INFO -   df = aligned_data[ticker][feature_columns + ['Target']].fillna(method='ffill').fillna(method='bfill')
[2025-04-12T04:12:58.003+0000] {subprocess.py:106} INFO - /opt/***/src/data/make_dataset.py:144: FutureWarning: DataFrame.fillna with 'method' is deprecated and will raise in a future version. Use obj.ffill() or obj.bfill() instead.
[2025-04-12T04:12:58.004+0000] {subprocess.py:106} INFO -   df = aligned_data[ticker][feature_columns + ['Target']].fillna(method='ffill').fillna(method='bfill')
[2025-04-12T04:12:58.006+0000] {subprocess.py:106} INFO - /opt/***/src/data/make_dataset.py:144: FutureWarning: DataFrame.fillna with 'method' is deprecated and will raise in a future version. Use obj.ffill() or obj.bfill() instead.
[2025-04-12T04:12:58.006+0000] {subprocess.py:106} INFO -   df = aligned_data[ticker][feature_columns + ['Target']].fillna(method='ffill').fillna(method='bfill')
[2025-04-12T04:12:58.007+0000] {subprocess.py:106} INFO - /opt/***/src/data/make_dataset.py:144: FutureWarning: DataFrame.fillna with 'method' is deprecated and will raise in a future version. Use obj.ffill() or obj.bfill() instead.
[2025-04-12T04:12:58.008+0000] {subprocess.py:106} INFO -   df = aligned_data[ticker][feature_columns + ['Target']].fillna(method='ffill').fillna(method='bfill')
[2025-04-12T04:12:58.010+0000] {subprocess.py:106} INFO - /opt/***/src/data/make_dataset.py:144: FutureWarning: DataFrame.fillna with 'method' is deprecated and will raise in a future version. Use obj.ffill() or obj.bfill() instead.
[2025-04-12T04:12:58.010+0000] {subprocess.py:106} INFO -   df = aligned_data[ticker][feature_columns + ['Target']].fillna(method='ffill').fillna(method='bfill')
[2025-04-12T04:12:58.012+0000] {subprocess.py:106} INFO - 2025-04-12 04:12:58,012 - __main__ - INFO - Processed data shape: (752, 7, 16)
[2025-04-12T04:12:58.013+0000] {subprocess.py:106} INFO - 2025-04-12 04:12:58,012 - __main__ - INFO - Targets shape: (752, 7)
[2025-04-12T04:12:58.014+0000] {subprocess.py:106} INFO - 2025-04-12 04:12:58,012 - __main__ - INFO - Final tickers in order: ['AAPL', 'MA', 'CSCO', 'MSFT', 'AMZN', 'GOOG', 'IBM']
[2025-04-12T04:12:58.014+0000] {subprocess.py:106} INFO - 2025-04-12 04:12:58,013 - __main__ - INFO - --- Finished Data Alignment & Processing ---
[2025-04-12T04:12:58.015+0000] {subprocess.py:106} INFO - 2025-04-12 04:12:58,015 - __main__ - INFO - Attempting to save to absolute path: /opt/***/data/processed/all_processed_data.npz
[2025-04-12T04:12:58.020+0000] {subprocess.py:106} INFO - 2025-04-12 04:12:58,020 - __main__ - INFO - Successfully saved processed data to /opt/***/data/processed/all_processed_data.npz
[2025-04-12T04:12:58.023+0000] {subprocess.py:106} INFO - 2025-04-12 04:12:58,022 - __main__ - INFO - Verified file exists at: /opt/***/data/processed/all_processed_data.npz
[2025-04-12T04:12:58.024+0000] {subprocess.py:106} INFO - 2025-04-12 04:12:58,023 - __main__ - INFO - Data processing script finished.
[2025-04-12T04:12:58.024+0000] {subprocess.py:106} INFO - --- PRINT TEST: Starting Data Loading ---
[2025-04-12T04:12:58.025+0000] {subprocess.py:106} INFO - Filtering highly correlated features with threshold 0.9
[2025-04-12T04:12:58.026+0000] {subprocess.py:106} INFO - Identified 20 highly correlated features to remove: ['High', 'Low', 'Close', 'EMA_50', 'EMA_200', 'BB_High', 'BB_Low', 'OBV', 'SMA_50', 'VWAP', 'PSAR', 'Stochastic_D', 'CCI', 'Williams_R', 'Donchian_High', 'Donchian_Low', 'Keltner_High', 'Keltner_Low', 'DI_Positive', 'DI_Negative']
[2025-04-12T04:12:58.026+0000] {subprocess.py:106} INFO - Excluding 'Close' column from removal list.
[2025-04-12T04:12:58.027+0000] {subprocess.py:106} INFO - Final list of 19 features to remove: ['High', 'Low', 'EMA_50', 'EMA_200', 'BB_High', 'BB_Low', 'OBV', 'SMA_50', 'VWAP', 'PSAR', 'Stochastic_D', 'CCI', 'Williams_R', 'Donchian_High', 'Donchian_Low', 'Keltner_High', 'Keltner_Low', 'DI_Positive', 'DI_Negative']
[2025-04-12T04:12:58.140+0000] {subprocess.py:110} INFO - Command exited with return code 0
[2025-04-12T04:12:58.165+0000] {taskinstance.py:341} INFO - ::group::Post task execution logs
[2025-04-12T04:12:58.166+0000] {taskinstance.py:353} INFO - Marking task as SUCCESS. dag_id=lstm_stock_prediction_refactored, task_id=process_data, run_id=manual__2025-04-12T04:12:55.063385+00:00, execution_date=20250412T041255, start_date=20250412T041256, end_date=20250412T041258
[2025-04-12T04:12:58.214+0000] {local_task_job_runner.py:266} INFO - Task exited with return code 0
[2025-04-12T04:12:58.249+0000] {taskinstance.py:3901} INFO - 1 downstream tasks scheduled from follow-on schedule check
[2025-04-12T04:12:58.253+0000] {local_task_job_runner.py:245} INFO - ::endgroup::
