[2025-04-22T08:27:13.096+0000] {local_task_job_runner.py:123} INFO - ::group::Pre task execution logs
[2025-04-22T08:27:13.145+0000] {taskinstance.py:2614} INFO - Dependencies all met for dep_context=non-requeueable deps ti=<TaskInstance: lstm_stock_prediction_refactored.generate_predictions manual__2025-04-22T08:25:31.917598+00:00 [queued]>
[2025-04-22T08:27:13.161+0000] {taskinstance.py:2614} INFO - Dependencies all met for dep_context=requeueable deps ti=<TaskInstance: lstm_stock_prediction_refactored.generate_predictions manual__2025-04-22T08:25:31.917598+00:00 [queued]>
[2025-04-22T08:27:13.163+0000] {taskinstance.py:2867} INFO - Starting attempt 1 of 2
[2025-04-22T08:27:13.188+0000] {taskinstance.py:2890} INFO - Executing <Task(BashOperator): generate_predictions> on 2025-04-22 08:25:31.917598+00:00
[2025-04-22T08:27:13.195+0000] {standard_task_runner.py:72} INFO - Started process 749 to run task
[2025-04-22T08:27:13.199+0000] {standard_task_runner.py:104} INFO - Running: ['***', 'tasks', 'run', 'lstm_stock_prediction_refactored', 'generate_predictions', 'manual__2025-04-22T08:25:31.917598+00:00', '--job-id', '26', '--raw', '--subdir', 'DAGS_FOLDER/lstm_refactored_dag.py', '--cfg-path', '/tmp/tmp5sq6qijl']
[2025-04-22T08:27:13.202+0000] {standard_task_runner.py:105} INFO - Job 26: Subtask generate_predictions
[2025-04-22T08:27:13.300+0000] {task_command.py:467} INFO - Running <TaskInstance: lstm_stock_prediction_refactored.generate_predictions manual__2025-04-22T08:25:31.917598+00:00 [running]> on host a528bcf7a8c9
[2025-04-22T08:27:13.459+0000] {taskinstance.py:3134} INFO - Exporting env vars: AIRFLOW_CTX_DAG_OWNER='***_team' AIRFLOW_CTX_DAG_ID='lstm_stock_prediction_refactored' AIRFLOW_CTX_TASK_ID='generate_predictions' AIRFLOW_CTX_EXECUTION_DATE='2025-04-22T08:25:31.917598+00:00' AIRFLOW_CTX_TRY_NUMBER='1' AIRFLOW_CTX_DAG_RUN_ID='manual__2025-04-22T08:25:31.917598+00:00'
[2025-04-22T08:27:13.462+0000] {taskinstance.py:732} INFO - ::endgroup::
[2025-04-22T08:27:13.510+0000] {subprocess.py:78} INFO - Tmp dir root location: /tmp
[2025-04-22T08:27:13.513+0000] {subprocess.py:88} INFO - Running command: ['/usr/bin/bash', '-c', 'python /opt/***/src/models/predict_model.py --config /opt/***/config/params.yaml']
[2025-04-22T08:27:13.527+0000] {subprocess.py:99} INFO - Output:
[2025-04-22T08:27:21.916+0000] {subprocess.py:106} INFO - Downloading artifacts:   0%|          | 0/6 [00:00<?, ?it/s]Downloading artifacts:  17%|█▋        | 1/6 [00:00<00:00, 70.77it/s]Downloading artifacts:  33%|███▎      | 2/6 [00:00<00:00, 95.03it/s]Downloading artifacts:  50%|█████     | 3/6 [00:00<00:00, 81.76it/s]Downloading artifacts:  67%|██████▋   | 4/6 [00:00<00:00, 74.78it/s]Downloading artifacts:  83%|████████▎ | 5/6 [00:00<00:00, 81.44it/s]Downloading artifacts: 100%|██████████| 6/6 [00:00<00:00, 89.31it/s]Downloading artifacts: 100%|██████████| 6/6 [00:00<00:00, 89.03it/s]
[2025-04-22T08:27:22.003+0000] {subprocess.py:106} INFO - Saved latest predictions to /opt/***/data/predictions/latest_predictions.json
[2025-04-22T08:27:22.004+0000] {subprocess.py:106} INFO - Saved historical predictions to /opt/***/data/predictions/historical/2025-04-22.json
[2025-04-22T08:27:22.896+0000] {subprocess.py:110} INFO - Command exited with return code 0
[2025-04-22T08:27:22.922+0000] {taskinstance.py:341} INFO - ::group::Post task execution logs
[2025-04-22T08:27:22.923+0000] {taskinstance.py:353} INFO - Marking task as SUCCESS. dag_id=lstm_stock_prediction_refactored, task_id=generate_predictions, run_id=manual__2025-04-22T08:25:31.917598+00:00, execution_date=20250422T082531, start_date=20250422T082713, end_date=20250422T082722
[2025-04-22T08:27:23.024+0000] {local_task_job_runner.py:266} INFO - Task exited with return code 0
[2025-04-22T08:27:23.039+0000] {taskinstance.py:3901} INFO - 0 downstream tasks scheduled from follow-on schedule check
[2025-04-22T08:27:23.052+0000] {local_task_job_runner.py:245} INFO - ::endgroup::
