[2025-04-20T03:14:50.769+0000] {local_task_job_runner.py:123} INFO - ::group::Pre task execution logs
[2025-04-20T03:14:50.814+0000] {taskinstance.py:2614} INFO - Dependencies all met for dep_context=non-requeueable deps ti=<TaskInstance: lstm_stock_prediction_refactored.optimize_hyperparams manual__2025-04-20T03:13:45.671446+00:00 [queued]>
[2025-04-20T03:14:50.836+0000] {taskinstance.py:2614} INFO - Dependencies all met for dep_context=requeueable deps ti=<TaskInstance: lstm_stock_prediction_refactored.optimize_hyperparams manual__2025-04-20T03:13:45.671446+00:00 [queued]>
[2025-04-20T03:14:50.838+0000] {taskinstance.py:2867} INFO - Starting attempt 1 of 2
[2025-04-20T03:14:50.865+0000] {taskinstance.py:2890} INFO - Executing <Task(BashOperator): optimize_hyperparams> on 2025-04-20 03:13:45.671446+00:00
[2025-04-20T03:14:50.878+0000] {standard_task_runner.py:72} INFO - Started process 352 to run task
[2025-04-20T03:14:50.884+0000] {standard_task_runner.py:104} INFO - Running: ['***', 'tasks', 'run', 'lstm_stock_prediction_refactored', 'optimize_hyperparams', 'manual__2025-04-20T03:13:45.671446+00:00', '--job-id', '35', '--raw', '--subdir', 'DAGS_FOLDER/lstm_refactored_dag.py', '--cfg-path', '/tmp/tmpd0gxb1uz']
[2025-04-20T03:14:50.889+0000] {standard_task_runner.py:105} INFO - Job 35: Subtask optimize_hyperparams
[2025-04-20T03:14:50.985+0000] {task_command.py:467} INFO - Running <TaskInstance: lstm_stock_prediction_refactored.optimize_hyperparams manual__2025-04-20T03:13:45.671446+00:00 [running]> on host 3d47c2da8b29
[2025-04-20T03:14:51.191+0000] {taskinstance.py:3134} INFO - Exporting env vars: AIRFLOW_CTX_DAG_OWNER='***_team' AIRFLOW_CTX_DAG_ID='lstm_stock_prediction_refactored' AIRFLOW_CTX_TASK_ID='optimize_hyperparams' AIRFLOW_CTX_EXECUTION_DATE='2025-04-20T03:13:45.671446+00:00' AIRFLOW_CTX_TRY_NUMBER='1' AIRFLOW_CTX_DAG_RUN_ID='manual__2025-04-20T03:13:45.671446+00:00'
[2025-04-20T03:14:51.193+0000] {taskinstance.py:732} INFO - ::endgroup::
[2025-04-20T03:14:51.226+0000] {subprocess.py:78} INFO - Tmp dir root location: /tmp
[2025-04-20T03:14:51.231+0000] {subprocess.py:88} INFO - Running command: ['/usr/bin/bash', '-c', 'python /opt/***/src/models/optimize_hyperparams.py --config /opt/***/config/params.yaml']
[2025-04-20T03:14:51.254+0000] {subprocess.py:99} INFO - Output:
[2025-04-20T03:15:04.479+0000] {subprocess.py:106} INFO - mkdir -p failed for path /home/***/.cache/matplotlib: [Errno 13] Permission denied: '/home/***/.cache/matplotlib'
[2025-04-20T03:15:04.484+0000] {subprocess.py:106} INFO - Matplotlib created a temporary cache directory at /tmp/matplotlib-pcn8sf7s because there was an issue with the default path (/home/***/.cache/matplotlib); it is highly recommended to set the MPLCONFIGDIR environment variable to a writable directory, in particular to speed up the import of Matplotlib and to better support multiprocessing.
[2025-04-20T03:15:19.377+0000] {subprocess.py:106} INFO - [I 2025-04-20 03:15:19,377] A new study created in memory with name: no-name-dbcb2626-c45b-42e2-95be-46383abd1c45
[2025-04-20T03:16:15.121+0000] {subprocess.py:106} INFO - [I 2025-04-20 03:16:15,111] Trial 0 finished with value: 0.03806840442121029 and parameters: {'batch_size': 48, 'hidden_size': 224, 'num_layers': 1, 'dropout_rate': 0.5, 'learning_rate': 0.002579368936780867, 'model_type': 'lstm_cross_attention'}. Best is trial 0 with value: 0.03806840442121029.
[2025-04-20T03:16:15.158+0000] {subprocess.py:106} INFO - Using device: cpu
[2025-04-20T03:16:15.163+0000] {subprocess.py:106} INFO - --- Loading Scaled Data from /opt/***/data/features/split_scaled_data.npz ---
[2025-04-20T03:16:15.169+0000] {subprocess.py:106} INFO - --- Finished Loading Scaled Data ---
[2025-04-20T03:16:15.172+0000] {subprocess.py:106} INFO - --- Loading Scalers from /opt/***/data/processed/scalers.pkl ---
[2025-04-20T03:16:15.175+0000] {subprocess.py:106} INFO - --- Finished Loading Scalers ---
[2025-04-20T03:16:15.178+0000] {subprocess.py:106} INFO - --- Starting Optuna Optimization (1 trials) ---
[2025-04-20T03:16:15.180+0000] {subprocess.py:106} INFO - Early stopping at epoch 15
[2025-04-20T03:16:15.183+0000] {subprocess.py:106} INFO - --- Finished Optuna Optimization ---
[2025-04-20T03:16:15.186+0000] {subprocess.py:106} INFO - Best trial value (loss): 0.03806840442121029
[2025-04-20T03:16:15.189+0000] {subprocess.py:106} INFO - Best parameters: {'batch_size': 48, 'hidden_size': 224, 'num_layers': 1, 'dropout_rate': 0.5, 'learning_rate': 0.002579368936780867, 'model_type': 'lstm_cross_attention'}
[2025-04-20T03:16:15.194+0000] {subprocess.py:106} INFO - --- Saving Best Parameters to /opt/***/config/best_params.json ---
[2025-04-20T03:16:15.197+0000] {subprocess.py:106} INFO - --- Finished Saving Best Parameters ---
[2025-04-20T03:16:21.771+0000] {subprocess.py:110} INFO - Command exited with return code 0
[2025-04-20T03:16:22.106+0000] {taskinstance.py:341} INFO - ::group::Post task execution logs
[2025-04-20T03:16:22.113+0000] {taskinstance.py:353} INFO - Marking task as SUCCESS. dag_id=lstm_stock_prediction_refactored, task_id=optimize_hyperparams, run_id=manual__2025-04-20T03:13:45.671446+00:00, execution_date=20250420T031345, start_date=20250420T031450, end_date=20250420T031622
[2025-04-20T03:16:22.277+0000] {local_task_job_runner.py:266} INFO - Task exited with return code 0
[2025-04-20T03:16:22.441+0000] {taskinstance.py:3901} INFO - 1 downstream tasks scheduled from follow-on schedule check
[2025-04-20T03:16:22.447+0000] {local_task_job_runner.py:245} INFO - ::endgroup::
